<privateer xmlns:ns0="http://www.w3.org/2000/svg" xmlns:ns1="http://www.w3.org/1999/xlink">
  <glycan type="o-glycan" root="/A/4(THR)" chain="A">
    <svg_graphics>
<ns0:svg version="1.1" width="178" height="66" viewBox="2675 980 255 95 " preserveAspectRatio="xMinYMinXMaxYMax meet">

  <ns0:style>
    .my_blue   { fill:#0090bc; }
    .my_red    { fill:#ed1c24; }
    .my_yellow { fill:#ffd400; }
  </ns0:style>
  <ns0:defs>
      <ns0:filter id="displace">
        <ns0:feTurbulence baseFrequency=".05" numOctaves="3" result="myturbulence" />
        <ns0:feDisplacementMap in="SourceGraphic" in2="myturbulence" scale="10" />
      </ns0:filter>

      <ns0:pattern id="half_yellow" x="0" y="0" width="50" height="50" patternUnits="userSpaceOnUse">
        <ns0:rect width="50" height="50" x="0" y="0" style="stroke:none; fill:#ffd400;" />
        <ns0:polygon points="0 0, 0 50, 50 50" rx="0" ry="0" style="stroke:#000000; stroke-width:1.5; fill:#ffffff;" />
      </ns0:pattern>
      <ns0:pattern id="half_blue" x="0" y="0" width="50" height="50" patternUnits="userSpaceOnUse">
        <ns0:rect width="50" height="50" x="0" y="0" style="stroke:none; fill:#0090bc;" />
        <ns0:polygon points="0 0, 0 50, 50 50" rx="0" ry="0" style="stroke:#000000; stroke-width:1.5; fill:#ffffff;" />
      </ns0:pattern>
      <ns0:pattern id="half_green" x="0" y="0" width="50" height="50" patternUnits="userSpaceOnUse">
        <ns0:rect width="50" height="50" x="0" y="0" style="stroke:none; fill:#00a651;" />
        <ns0:polygon points="0 0, 0 50, 50 50" rx="0" ry="0" style="stroke:#000000; stroke-width:1.5; fill:#ffffff;" />
      </ns0:pattern>
      <ns0:pattern id="yellow_left" x="0" y="0" width="50" height="50" patternUnits="userSpaceOnUse">
        <ns0:polygon points="25 0, 50 25, 25 50, 0 25" style="stroke:none; fill:#ffd400;" />
        <ns0:polygon points="25 0, 25 50, 0 25" rx="0" ry="0" style="stroke:#000000; stroke-width:1.5; fill:#ffffff;" />
      </ns0:pattern>
      <ns0:pattern id="blue_up" x="0" y="0" width="50" height="50" patternUnits="userSpaceOnUse">
        <ns0:polygon points="25 0, 50 25, 25 50, 0 25" style="stroke:none; fill:#0090bc;" />
        <ns0:polygon points="0 25, 50 25, 25 50" rx="0" ry="0" style="stroke:#000000; stroke-width:1.5; fill:#ffffff;" />
      </ns0:pattern>
      <ns0:pattern id="green_right" x="0" y="0" width="50" height="50" patternUnits="userSpaceOnUse">
        <ns0:polygon points="25 0, 50 25, 25 50, 0 25" style="stroke:none; fill:#00a651;" />
        <ns0:polygon points="0 25, 25 50, 25 0" rx="0" ry="0" style="stroke:#000000; stroke-width:1.5; fill:#ffffff;" />
      </ns0:pattern>
      <ns0:pattern id="tan_down" x="0" y="0" width="50" height="50" patternUnits="userSpaceOnUse">
        <ns0:polygon points="25 0, 50 25, 25 50, 0 25" style="stroke:none; fill:#966432;" />
        <ns0:polygon points="0 25, 50 25, 25 0" rx="0" ry="0" style="stroke:#000000; stroke-width:1.5; fill:#ffffff;" />
      </ns0:pattern>
<ns0:circle r="25" cx="25" cy="25" id="glc" style=" stroke:#000000; fill:#0090bc;stroke-width:2.8;" />
<ns0:circle r="25" cx="25" cy="25" id="gal" style=" stroke:#000000; fill:#ffd400;stroke-width:2.8;" />
<ns0:circle r="25" cx="25" cy="25" id="man" style=" stroke:#000000; fill:#00a651;stroke-width:2.8;" />
<ns0:polygon points="0 50, 25 0, 50 50" rx="0" ry="0" id="fuc" style=" stroke:#000000; fill:#ed1c24;stroke-width:2.8;" />
<ns0:polygon points="39.5,50 24.5,37.5 9.5,50 14.5,32.5 0,20 19.5,20 24.5,0 29.5,20 50,20 34.5,32.5" rx="0" ry="0" id="xyl" style=" stroke:#000000; fill:#ff7f00;stroke-width:2.8;" />
<ns0:rect width="50" height="50" id="glcnac" style=" stroke:#000000; fill:#0090bc;stroke-width:2.8;" />
<ns0:rect width="50" height="50" id="galnac" style=" stroke:#000000; fill:#ffd400;stroke-width:2.8;" />
<ns0:rect width="50" height="50" id="mannac" style=" stroke:#000000; fill:#00a651;stroke-width:2.8;" />
<ns0:rect width="50" height="50" id="glcn" style=" stroke:#000000; fill: url(#half_blue);stroke-width:2.8;" />
<ns0:rect width="50" height="50" id="galn" style=" stroke:#000000; fill: url(#half_yellow);stroke-width:2.8;" />
<ns0:rect width="50" height="50" id="mann" style=" stroke:#000000; fill: url(#half_green);stroke-width:2.8;" />
<ns0:polygon points="25 0, 50 25, 25 50, 0 25" rx="0" ry="0" id="neu5ac" style=" stroke:#000000; fill:#a54399;stroke-width:2.8;" />
<ns0:polygon points="25 0, 50 25, 25 50, 0 25" rx="0" ry="0" id="neu5gc" style=" stroke:#000000; fill:#8fcce9;stroke-width:2.8;" />
<ns0:polygon points="25 0, 50 25, 25 50, 0 25" rx="0" ry="0" id="kdn" style=" stroke:#000000; fill:#00a651;stroke-width:2.8;" />
<ns0:polygon points="25 0, 50 25, 25 50, 0 25" rx="0" ry="0" id="glca" style=" stroke:#000000; fill: url(#blue_up);stroke-width:2.8;" />
<ns0:polygon points="25 0, 50 25, 25 50, 0 25" rx="0" ry="0" id="idoa" style=" stroke:#000000; fill: url(#tan_down);stroke-width:2.8;" />
<ns0:polygon points="25 0, 50 25, 25 50, 0 25" rx="0" ry="0" id="gala" style=" stroke:#000000; fill: url(#yellow_left);stroke-width:2.8;" />
<ns0:polygon points="25 0, 50 25, 25 50, 0 25" rx="0" ry="0" id="mana" style=" stroke:#000000; fill: url(#green_right);stroke-width:2.8;" />
<ns0:line x1="0" y1="0" x2="110" y2="0" style="stroke:#000000; stroke-width:2; stroke-linecap:round; stroke-dasharray:9,6;" id="alpha" />
<ns0:line x1="0" y1="0" x2="110" y2="0" style="stroke:#000000; stroke-width:2; stroke-linecap:round;" id="beta" />
<ns0:polygon points="25 0, 50 11, 50 38, 25 50, 0 38, 0 11" rx="0" ry="0" id="unk" style=" stroke:#000000; fill:#ffffff;stroke-width:4.0; " />
  </ns0:defs>

<ns0:a id="anchor" ns1:href="mmdb:///A/4" target="_top">  <ns0:use ns1:href="#alpha" x="2800" y="1015" id="" transform="rotate(180 2800 1015)"><ns0:title>alpha link. Phi: 71.2715; Psi: 125.371;</ns0:title></ns0:use>
</ns0:a>
<ns0:a id="anchor" ns1:href="mmdb:///A/4" target="_top">  <ns0:g id="glycan_root" transform="translate(2768 990)">
    <ns0:rect width="160" height="50" rx="10" ry="10" style="stroke:#000000; fill:#ffffff; stroke-width:2.0;" />
    <ns0:line x1="30" y1="0" x2="30" y2="50" style="stroke:#000000; fill:#ffffff; stroke-width:2.0;" />
    <ns0:text x="7" y="32" class="my_blue" font-weight="bold" font-family="Helvetica" font-size="24">O</ns0:text>
    <ns0:text x="92" y="32" fill="black" text-anchor="middle" font-weight="bold" font-family="Helvetica" font-size="24">THR<ns0:tspan baseline-shift="sub" font-weight="normal" font-size="20">A/4</ns0:tspan></ns0:text>
</ns0:g>
</ns0:a>
<ns0:a id="anchor" ns1:href="mmdb:///A/10" target="_top">  <ns0:use ns1:href="#galnac" x="2685" y="990" id=""><ns0:title><ns0:tspan>A2G 10 in 4c1 conformation. </ns0:tspan><ns0:tspan>Mean B-factor: 0.00. </ns0:tspan><ns0:tspan>Detected type: alpha-D-aldopyranose. </ns0:tspan><ns0:tspan>No issues have been detected.</ns0:tspan></ns0:title></ns0:use>
</ns0:a>
</ns0:svg>    </svg_graphics>
    <sugar id="/A/10(A2G)">
      <link>
        <anomericity>alpha</anomericity>
        <connected_to>0</connected_to>
        <phi>71.2715</phi>
        <psi>125.371</psi>
      </link>
      <detected_type>alpha-D-aldopyranose</detected_type>
      <cremer-pople_Q>0.600089</cremer-pople_Q>
      <cremer-pople_Phi>16.8609</cremer-pople_Phi>
      <cremer-pople_Theta>0</cremer-pople_Theta>
      <mean_bfactor>0</mean_bfactor>
      <conformation>4c1</conformation>
      <anomer>alpha</anomer>
      <hand>D</hand>
      <stacked_against>
      </stacked_against>
      <validation>
        <conformation>yes</conformation>
        <anomer>yes</anomer>
        <hand>yes</hand>
        <puckering>yes</puckering>
      </validation>
    </sugar>
  </glycan>
  <glycan type="o-glycan" root="/A/5(THR)" chain="A">
    <svg_graphics>
<ns0:svg version="1.1" width="178" height="66" viewBox="2675 980 255 95 " preserveAspectRatio="xMinYMinXMaxYMax meet">

  <ns0:style>
    .my_blue   { fill:#0090bc; }
    .my_red    { fill:#ed1c24; }
    .my_yellow { fill:#ffd400; }
  </ns0:style>
  <ns0:defs>
      <ns0:filter id="displace">
        <ns0:feTurbulence baseFrequency=".05" numOctaves="3" result="myturbulence" />
        <ns0:feDisplacementMap in="SourceGraphic" in2="myturbulence" scale="10" />
      </ns0:filter>

      <ns0:pattern id="half_yellow" x="0" y="0" width="50" height="50" patternUnits="userSpaceOnUse">
        <ns0:rect width="50" height="50" x="0" y="0" style="stroke:none; fill:#ffd400;" />
        <ns0:polygon points="0 0, 0 50, 50 50" rx="0" ry="0" style="stroke:#000000; stroke-width:1.5; fill:#ffffff;" />
      </ns0:pattern>
      <ns0:pattern id="half_blue" x="0" y="0" width="50" height="50" patternUnits="userSpaceOnUse">
        <ns0:rect width="50" height="50" x="0" y="0" style="stroke:none; fill:#0090bc;" />
        <ns0:polygon points="0 0, 0 50, 50 50" rx="0" ry="0" style="stroke:#000000; stroke-width:1.5; fill:#ffffff;" />
      </ns0:pattern>
      <ns0:pattern id="half_green" x="0" y="0" width="50" height="50" patternUnits="userSpaceOnUse">
        <ns0:rect width="50" height="50" x="0" y="0" style="stroke:none; fill:#00a651;" />
        <ns0:polygon points="0 0, 0 50, 50 50" rx="0" ry="0" style="stroke:#000000; stroke-width:1.5; fill:#ffffff;" />
      </ns0:pattern>
      <ns0:pattern id="yellow_left" x="0" y="0" width="50" height="50" patternUnits="userSpaceOnUse">
        <ns0:polygon points="25 0, 50 25, 25 50, 0 25" style="stroke:none; fill:#ffd400;" />
        <ns0:polygon points="25 0, 25 50, 0 25" rx="0" ry="0" style="stroke:#000000; stroke-width:1.5; fill:#ffffff;" />
      </ns0:pattern>
      <ns0:pattern id="blue_up" x="0" y="0" width="50" height="50" patternUnits="userSpaceOnUse">
        <ns0:polygon points="25 0, 50 25, 25 50, 0 25" style="stroke:none; fill:#0090bc;" />
        <ns0:polygon points="0 25, 50 25, 25 50" rx="0" ry="0" style="stroke:#000000; stroke-width:1.5; fill:#ffffff;" />
      </ns0:pattern>
      <ns0:pattern id="green_right" x="0" y="0" width="50" height="50" patternUnits="userSpaceOnUse">
        <ns0:polygon points="25 0, 50 25, 25 50, 0 25" style="stroke:none; fill:#00a651;" />
        <ns0:polygon points="0 25, 25 50, 25 0" rx="0" ry="0" style="stroke:#000000; stroke-width:1.5; fill:#ffffff;" />
      </ns0:pattern>
      <ns0:pattern id="tan_down" x="0" y="0" width="50" height="50" patternUnits="userSpaceOnUse">
        <ns0:polygon points="25 0, 50 25, 25 50, 0 25" style="stroke:none; fill:#966432;" />
        <ns0:polygon points="0 25, 50 25, 25 0" rx="0" ry="0" style="stroke:#000000; stroke-width:1.5; fill:#ffffff;" />
      </ns0:pattern>
<ns0:circle r="25" cx="25" cy="25" id="glc" style=" stroke:#000000; fill:#0090bc;stroke-width:2.8;" />
<ns0:circle r="25" cx="25" cy="25" id="gal" style=" stroke:#000000; fill:#ffd400;stroke-width:2.8;" />
<ns0:circle r="25" cx="25" cy="25" id="man" style=" stroke:#000000; fill:#00a651;stroke-width:2.8;" />
<ns0:polygon points="0 50, 25 0, 50 50" rx="0" ry="0" id="fuc" style=" stroke:#000000; fill:#ed1c24;stroke-width:2.8;" />
<ns0:polygon points="39.5,50 24.5,37.5 9.5,50 14.5,32.5 0,20 19.5,20 24.5,0 29.5,20 50,20 34.5,32.5" rx="0" ry="0" id="xyl" style=" stroke:#000000; fill:#ff7f00;stroke-width:2.8;" />
<ns0:rect width="50" height="50" id="glcnac" style=" stroke:#000000; fill:#0090bc;stroke-width:2.8;" />
<ns0:rect width="50" height="50" id="galnac" style=" stroke:#000000; fill:#ffd400;stroke-width:2.8;" />
<ns0:rect width="50" height="50" id="mannac" style=" stroke:#000000; fill:#00a651;stroke-width:2.8;" />
<ns0:rect width="50" height="50" id="glcn" style=" stroke:#000000; fill: url(#half_blue);stroke-width:2.8;" />
<ns0:rect width="50" height="50" id="galn" style=" stroke:#000000; fill: url(#half_yellow);stroke-width:2.8;" />
<ns0:rect width="50" height="50" id="mann" style=" stroke:#000000; fill: url(#half_green);stroke-width:2.8;" />
<ns0:polygon points="25 0, 50 25, 25 50, 0 25" rx="0" ry="0" id="neu5ac" style=" stroke:#000000; fill:#a54399;stroke-width:2.8;" />
<ns0:polygon points="25 0, 50 25, 25 50, 0 25" rx="0" ry="0" id="neu5gc" style=" stroke:#000000; fill:#8fcce9;stroke-width:2.8;" />
<ns0:polygon points="25 0, 50 25, 25 50, 0 25" rx="0" ry="0" id="kdn" style=" stroke:#000000; fill:#00a651;stroke-width:2.8;" />
<ns0:polygon points="25 0, 50 25, 25 50, 0 25" rx="0" ry="0" id="glca" style=" stroke:#000000; fill: url(#blue_up);stroke-width:2.8;" />
<ns0:polygon points="25 0, 50 25, 25 50, 0 25" rx="0" ry="0" id="idoa" style=" stroke:#000000; fill: url(#tan_down);stroke-width:2.8;" />
<ns0:polygon points="25 0, 50 25, 25 50, 0 25" rx="0" ry="0" id="gala" style=" stroke:#000000; fill: url(#yellow_left);stroke-width:2.8;" />
<ns0:polygon points="25 0, 50 25, 25 50, 0 25" rx="0" ry="0" id="mana" style=" stroke:#000000; fill: url(#green_right);stroke-width:2.8;" />
<ns0:line x1="0" y1="0" x2="110" y2="0" style="stroke:#000000; stroke-width:2; stroke-linecap:round; stroke-dasharray:9,6;" id="alpha" />
<ns0:line x1="0" y1="0" x2="110" y2="0" style="stroke:#000000; stroke-width:2; stroke-linecap:round;" id="beta" />
<ns0:polygon points="25 0, 50 11, 50 38, 25 50, 0 38, 0 11" rx="0" ry="0" id="unk" style=" stroke:#000000; fill:#ffffff;stroke-width:4.0; " />
  </ns0:defs>

<ns0:a id="anchor" ns1:href="mmdb:///A/5" target="_top">  <ns0:use ns1:href="#alpha" x="2800" y="1015" id="" transform="rotate(180 2800 1015)"><ns0:title>alpha link. Phi: 78.8864; Psi: 128.212;</ns0:title></ns0:use>
</ns0:a>
<ns0:a id="anchor" ns1:href="mmdb:///A/5" target="_top">  <ns0:g id="glycan_root" transform="translate(2768 990)">
    <ns0:rect width="160" height="50" rx="10" ry="10" style="stroke:#000000; fill:#ffffff; stroke-width:2.0;" />
    <ns0:line x1="30" y1="0" x2="30" y2="50" style="stroke:#000000; fill:#ffffff; stroke-width:2.0;" />
    <ns0:text x="7" y="32" class="my_blue" font-weight="bold" font-family="Helvetica" font-size="24">O</ns0:text>
    <ns0:text x="92" y="32" fill="black" text-anchor="middle" font-weight="bold" font-family="Helvetica" font-size="24">THR<ns0:tspan baseline-shift="sub" font-weight="normal" font-size="20">A/5</ns0:tspan></ns0:text>
</ns0:g>
</ns0:a>
<ns0:a id="anchor" ns1:href="mmdb:///A/11" target="_top">  <ns0:use ns1:href="#galnac" x="2685" y="990" id=""><ns0:title><ns0:tspan>A2G 11 in 4c1 conformation. </ns0:tspan><ns0:tspan>Mean B-factor: 0.00. </ns0:tspan><ns0:tspan>Detected type: alpha-D-aldopyranose. </ns0:tspan><ns0:tspan>No issues have been detected.</ns0:tspan></ns0:title></ns0:use>
</ns0:a>
</ns0:svg>    </svg_graphics>
    <sugar id="/A/11(A2G)">
      <link>
        <anomericity>alpha</anomericity>
        <connected_to>0</connected_to>
        <phi>78.8864</phi>
        <psi>128.212</psi>
      </link>
      <detected_type>alpha-D-aldopyranose</detected_type>
      <cremer-pople_Q>0.599962</cremer-pople_Q>
      <cremer-pople_Phi>16.0762</cremer-pople_Phi>
      <cremer-pople_Theta>0</cremer-pople_Theta>
      <mean_bfactor>0</mean_bfactor>
      <conformation>4c1</conformation>
      <anomer>alpha</anomer>
      <hand>D</hand>
      <stacked_against>
      </stacked_against>
      <validation>
        <conformation>yes</conformation>
        <anomer>yes</anomer>
        <hand>yes</hand>
        <puckering>yes</puckering>
      </validation>
    </sugar>
  </glycan>
</privateer>