<privateer xmlns:ns0="http://www.w3.org/2000/svg" xmlns:ns1="http://www.w3.org/1999/xlink">
  <glycan type="n-glycan" root="/A/234(ASN)" chain="A">
    <svg_graphics>
<ns0:svg version="1.1" width="346" height="105" viewBox="2435 980 495 150 " preserveAspectRatio="xMinYMinXMaxYMax meet">

  <ns0:style>
    .my_blue   { fill:#0090bc; }
    .my_red    { fill:#ed1c24; }
    .my_yellow { fill:#ffd400; }
  </ns0:style>
  <ns0:defs>
      <ns0:filter id="displace">
        <ns0:feTurbulence baseFrequency=".05" numOctaves="3" result="myturbulence" />
        <ns0:feDisplacementMap in="SourceGraphic" in2="myturbulence" scale="10" />
      </ns0:filter>

      <ns0:pattern id="half_yellow" x="0" y="0" width="50" height="50" patternUnits="userSpaceOnUse">
        <ns0:rect width="50" height="50" x="0" y="0" style="stroke:none; fill:#ffd400;" />
        <ns0:polygon points="0 0, 0 50, 50 50" rx="0" ry="0" style="stroke:#000000; stroke-width:1.5; fill:#ffffff;" />
      </ns0:pattern>
      <ns0:pattern id="half_blue" x="0" y="0" width="50" height="50" patternUnits="userSpaceOnUse">
        <ns0:rect width="50" height="50" x="0" y="0" style="stroke:none; fill:#0090bc;" />
        <ns0:polygon points="0 0, 0 50, 50 50" rx="0" ry="0" style="stroke:#000000; stroke-width:1.5; fill:#ffffff;" />
      </ns0:pattern>
      <ns0:pattern id="half_green" x="0" y="0" width="50" height="50" patternUnits="userSpaceOnUse">
        <ns0:rect width="50" height="50" x="0" y="0" style="stroke:none; fill:#00a651;" />
        <ns0:polygon points="0 0, 0 50, 50 50" rx="0" ry="0" style="stroke:#000000; stroke-width:1.5; fill:#ffffff;" />
      </ns0:pattern>
      <ns0:pattern id="yellow_left" x="0" y="0" width="50" height="50" patternUnits="userSpaceOnUse">
        <ns0:polygon points="25 0, 50 25, 25 50, 0 25" style="stroke:none; fill:#ffd400;" />
        <ns0:polygon points="25 0, 25 50, 0 25" rx="0" ry="0" style="stroke:#000000; stroke-width:1.5; fill:#ffffff;" />
      </ns0:pattern>
      <ns0:pattern id="blue_up" x="0" y="0" width="50" height="50" patternUnits="userSpaceOnUse">
        <ns0:polygon points="25 0, 50 25, 25 50, 0 25" style="stroke:none; fill:#0090bc;" />
        <ns0:polygon points="0 25, 50 25, 25 50" rx="0" ry="0" style="stroke:#000000; stroke-width:1.5; fill:#ffffff;" />
      </ns0:pattern>
      <ns0:pattern id="green_right" x="0" y="0" width="50" height="50" patternUnits="userSpaceOnUse">
        <ns0:polygon points="25 0, 50 25, 25 50, 0 25" style="stroke:none; fill:#00a651;" />
        <ns0:polygon points="0 25, 25 50, 25 0" rx="0" ry="0" style="stroke:#000000; stroke-width:1.5; fill:#ffffff;" />
      </ns0:pattern>
      <ns0:pattern id="tan_down" x="0" y="0" width="50" height="50" patternUnits="userSpaceOnUse">
        <ns0:polygon points="25 0, 50 25, 25 50, 0 25" style="stroke:none; fill:#966432;" />
        <ns0:polygon points="0 25, 50 25, 25 0" rx="0" ry="0" style="stroke:#000000; stroke-width:1.5; fill:#ffffff;" />
      </ns0:pattern>
<ns0:circle r="25" cx="25" cy="25" id="glc" style=" stroke:#000000; fill:#0090bc;stroke-width:2.8;" />
<ns0:circle r="25" cx="25" cy="25" id="gal" style=" stroke:#000000; fill:#ffd400;stroke-width:2.8;" />
<ns0:circle r="25" cx="25" cy="25" id="man" style=" stroke:#000000; fill:#00a651;stroke-width:2.8;" />
<ns0:polygon points="0 50, 25 0, 50 50" rx="0" ry="0" id="fuc" style=" stroke:#000000; fill:#ed1c24;stroke-width:2.8;" />
<ns0:polygon points="39.5,50 24.5,37.5 9.5,50 14.5,32.5 0,20 19.5,20 24.5,0 29.5,20 50,20 34.5,32.5" rx="0" ry="0" id="xyl" style=" stroke:#000000; fill:#ff7f00;stroke-width:2.8;" />
<ns0:rect width="50" height="50" id="glcnac" style=" stroke:#000000; fill:#0090bc;stroke-width:2.8;" />
<ns0:rect width="50" height="50" id="galnac" style=" stroke:#000000; fill:#ffd400;stroke-width:2.8;" />
<ns0:rect width="50" height="50" id="mannac" style=" stroke:#000000; fill:#00a651;stroke-width:2.8;" />
<ns0:rect width="50" height="50" id="glcn" style=" stroke:#000000; fill: url(#half_blue);stroke-width:2.8;" />
<ns0:rect width="50" height="50" id="galn" style=" stroke:#000000; fill: url(#half_yellow);stroke-width:2.8;" />
<ns0:rect width="50" height="50" id="mann" style=" stroke:#000000; fill: url(#half_green);stroke-width:2.8;" />
<ns0:polygon points="25 0, 50 25, 25 50, 0 25" rx="0" ry="0" id="neu5ac" style=" stroke:#000000; fill:#a54399;stroke-width:2.8;" />
<ns0:polygon points="25 0, 50 25, 25 50, 0 25" rx="0" ry="0" id="neu5gc" style=" stroke:#000000; fill:#8fcce9;stroke-width:2.8;" />
<ns0:polygon points="25 0, 50 25, 25 50, 0 25" rx="0" ry="0" id="kdn" style=" stroke:#000000; fill:#00a651;stroke-width:2.8;" />
<ns0:polygon points="25 0, 50 25, 25 50, 0 25" rx="0" ry="0" id="glca" style=" stroke:#000000; fill: url(#blue_up);stroke-width:2.8;" />
<ns0:polygon points="25 0, 50 25, 25 50, 0 25" rx="0" ry="0" id="idoa" style=" stroke:#000000; fill: url(#tan_down);stroke-width:2.8;" />
<ns0:polygon points="25 0, 50 25, 25 50, 0 25" rx="0" ry="0" id="gala" style=" stroke:#000000; fill: url(#yellow_left);stroke-width:2.8;" />
<ns0:polygon points="25 0, 50 25, 25 50, 0 25" rx="0" ry="0" id="mana" style=" stroke:#000000; fill: url(#green_right);stroke-width:2.8;" />
<ns0:line x1="0" y1="0" x2="110" y2="0" style="stroke:#000000; stroke-width:2; stroke-linecap:round; stroke-dasharray:9,6;" id="alpha" />
<ns0:line x1="0" y1="0" x2="110" y2="0" style="stroke:#000000; stroke-width:2; stroke-linecap:round;" id="beta" />
<ns0:polygon points="25 0, 50 11, 50 38, 25 50, 0 38, 0 11" rx="0" ry="0" id="unk" style=" stroke:#000000; fill:#ffffff;stroke-width:4.0; " />
  </ns0:defs>

<ns0:a id="anchor" ns1:href="mmdb:///A/3" target="_top">  <ns0:use ns1:href="#alpha" x="2550" y="1015" id="" transform="rotate(-225 2550 1015)"><ns0:title>[ alpha 1-3 ] with phi: 68.095; psi: 115.357;</ns0:title></ns0:use>
</ns0:a>
<ns0:a id="anchor" ns1:href="mmdb:///A/3" target="_top">  <ns0:use ns1:href="#beta" x="2550" y="1005" id="" transform="rotate(90 2550 1005)"><ns0:title>[ beta 1-2 ] with phi: -85.679; psi: 132.846;</ns0:title></ns0:use>
</ns0:a>
<ns0:a id="anchor" ns1:href="mmdb:///A/2" target="_top">  <ns0:use ns1:href="#beta" x="2640" y="1015" id="" transform="rotate(180 2640 1015)"><ns0:title>[ beta 1-4 ] with phi: -78.474; psi: -108.28;</ns0:title></ns0:use>
</ns0:a>
<ns0:a id="anchor" ns1:href="mmdb:///A/1" target="_top">  <ns0:use ns1:href="#beta" x="2720" y="1015" id="" transform="rotate(180 2720 1015)"><ns0:title>[ beta 1-4 ] with phi: -66.3829; psi: -119.838;</ns0:title></ns0:use>
</ns0:a>
<ns0:a id="anchor" ns1:href="mmdb:///A/1" target="_top">  <ns0:use ns1:href="#alpha" x="2710" y="1015" id="" transform="rotate(-225 2710 1015)"><ns0:title>[ alpha 1-3 ] with phi: -57.6174; psi: 147.197;</ns0:title></ns0:use>
</ns0:a>
<ns0:a id="anchor" ns1:href="mmdb:///A/234" target="_top">  <ns0:use ns1:href="#beta" x="2800" y="1015" id="" transform="rotate(180 2800 1015)"><ns0:title>beta link. Phi: -90.7583; Psi: 175.431;</ns0:title></ns0:use>
</ns0:a>
<ns0:a id="anchor" ns1:href="mmdb:///A/234" target="_top">  <ns0:g id="glycan_root" transform="translate(2768 990)">
    <ns0:rect width="160" height="50" rx="10" ry="10" style="stroke:#000000; fill:#ffffff; stroke-width:2.0;" />
    <ns0:line x1="30" y1="0" x2="30" y2="50" style="stroke:#000000; fill:#ffffff; stroke-width:2.0;" />
    <ns0:text x="7" y="32" class="my_blue" font-weight="bold" font-family="Helvetica" font-size="24">N</ns0:text>
    <ns0:text x="92" y="32" fill="black" text-anchor="middle" font-weight="bold" font-family="Helvetica" font-size="24">ASN<ns0:tspan baseline-shift="sub" font-weight="normal" font-size="20">A/234</ns0:tspan></ns0:text>
</ns0:g>
</ns0:a>
<ns0:a id="anchor" ns1:href="mmdb:///A/1" target="_top">  <ns0:use ns1:href="#glcnac" x="2685" y="990" id=""><ns0:title><ns0:tspan>NAG 1 in 4c1 conformation. </ns0:tspan><ns0:tspan>Mean B-factor: 26.80. </ns0:tspan><ns0:tspan>Detected type: beta-D-aldopyranose. </ns0:tspan><ns0:tspan>No issues have been detected.</ns0:tspan></ns0:title></ns0:use>
</ns0:a>
<ns0:a id="anchor" ns1:href="mmdb:///A/6" target="_top">  <ns0:use ns1:href="#fuc" x="2605" y="1070" id=""><ns0:title><ns0:tspan>FUC 6 in 1c4 conformation. </ns0:tspan><ns0:tspan>Mean B-factor: 29.66. </ns0:tspan><ns0:tspan>Detected type: alpha-L-aldopyranose. </ns0:tspan><ns0:tspan>No issues have been detected.</ns0:tspan></ns0:title></ns0:use>
</ns0:a>
<ns0:a id="anchor" ns1:href="mmdb:///A/2" target="_top">  <ns0:use ns1:href="#glcnac" x="2605" y="990" id=""><ns0:title><ns0:tspan>NAG 2 in 4c1 conformation. </ns0:tspan><ns0:tspan>Mean B-factor: 26.74. </ns0:tspan><ns0:tspan>Detected type: beta-D-aldopyranose. </ns0:tspan><ns0:tspan>No issues have been detected.</ns0:tspan></ns0:title></ns0:use>
</ns0:a>
<ns0:a id="anchor" ns1:href="mmdb:///A/3" target="_top">  <ns0:use ns1:href="#man" x="2525" y="990" id=""><ns0:title><ns0:tspan>BMA 3 in 4c1 conformation. </ns0:tspan><ns0:tspan>Mean B-factor: 40.59. </ns0:tspan><ns0:tspan>Detected type: beta-D-aldopyranose. </ns0:tspan><ns0:tspan>No issues have been detected.</ns0:tspan></ns0:title></ns0:use>
</ns0:a>
<ns0:a id="anchor" ns1:href="mmdb:///A/4" target="_top">  <ns0:use ns1:href="#xyl" x="2525" y="1070" id=""><ns0:title><ns0:tspan>XYP 4 in 4c1 conformation. </ns0:tspan><ns0:tspan>Mean B-factor: 30.15. </ns0:tspan><ns0:tspan>Detected type: beta-N-aldopyranose. </ns0:tspan><ns0:tspan>No issues have been detected.</ns0:tspan></ns0:title></ns0:use>
</ns0:a>
<ns0:a id="anchor" ns1:href="mmdb:///A/5" target="_top">  <ns0:use ns1:href="#man" x="2445" y="1070" id=""><ns0:title><ns0:tspan>MAN 5 in 4c1 conformation. </ns0:tspan><ns0:tspan>Mean B-factor: 53.34. </ns0:tspan><ns0:tspan>Detected type: alpha-D-aldopyranose. </ns0:tspan><ns0:tspan>No issues have been detected.</ns0:tspan></ns0:title></ns0:use>
</ns0:a>
</ns0:svg>    </svg_graphics>
    <sugar id="/A/1(NAG)">
      <link>
        <anomericity>beta</anomericity>
        <connected_to>0</connected_to>
        <phi>-90.7583</phi>
        <psi>175.431</psi>
      </link>
      <detected_type>beta-D-aldopyranose</detected_type>
      <cremer-pople_Q>0.562657</cremer-pople_Q>
      <cremer-pople_Phi>98.2536</cremer-pople_Phi>
      <cremer-pople_Theta>26.8036</cremer-pople_Theta>
      <mean_bfactor>26.8036</mean_bfactor>
      <conformation>4c1</conformation>
      <anomer>beta</anomer>
      <hand>D</hand>
      <stacked_against>
      </stacked_against>
      <validation>
        <conformation>yes</conformation>
        <anomer>yes</anomer>
        <hand>yes</hand>
        <puckering>yes</puckering>
      </validation>
    <sugar id="/A/6(FUC)">
      <link>
        <anomericity>alpha</anomericity>
        <connected_to>3</connected_to>
        <phi>-57.6174</phi>
        <psi>147.197</psi>
      </link>
      <detected_type>alpha-L-aldopyranose</detected_type>
      <cremer-pople_Q>0.503238</cremer-pople_Q>
      <cremer-pople_Phi>30.8604</cremer-pople_Phi>
      <cremer-pople_Theta>29.66</cremer-pople_Theta>
      <mean_bfactor>29.66</mean_bfactor>
      <conformation>1c4</conformation>
      <anomer>alpha</anomer>
      <hand>L</hand>
      <stacked_against>
      </stacked_against>
      <validation>
        <conformation>yes</conformation>
        <anomer>yes</anomer>
        <hand>yes</hand>
        <puckering>yes</puckering>
      </validation>
    </sugar>
    <sugar id="/A/2(NAG)">
      <link>
        <anomericity>beta</anomericity>
        <connected_to>4</connected_to>
        <phi>-66.3829</phi>
        <psi>-119.838</psi>
      </link>
      <detected_type>beta-D-aldopyranose</detected_type>
      <cremer-pople_Q>0.518866</cremer-pople_Q>
      <cremer-pople_Phi>4.56003</cremer-pople_Phi>
      <cremer-pople_Theta>26.7371</cremer-pople_Theta>
      <mean_bfactor>26.7371</mean_bfactor>
      <conformation>4c1</conformation>
      <anomer>beta</anomer>
      <hand>D</hand>
      <stacked_against>
      </stacked_against>
      <validation>
        <conformation>yes</conformation>
        <anomer>yes</anomer>
        <hand>yes</hand>
        <puckering>yes</puckering>
      </validation>
    <sugar id="/A/3(BMA)">
      <link>
        <anomericity>beta</anomericity>
        <connected_to>4</connected_to>
        <phi>-78.474</phi>
        <psi>-108.28</psi>
      </link>
      <detected_type>beta-D-aldopyranose</detected_type>
      <cremer-pople_Q>0.577744</cremer-pople_Q>
      <cremer-pople_Phi>58.7323</cremer-pople_Phi>
      <cremer-pople_Theta>40.5873</cremer-pople_Theta>
      <mean_bfactor>40.5873</mean_bfactor>
      <conformation>4c1</conformation>
      <anomer>beta</anomer>
      <hand>D</hand>
      <stacked_against>
      </stacked_against>
      <validation>
        <conformation>yes</conformation>
        <anomer>yes</anomer>
        <hand>yes</hand>
        <puckering>yes</puckering>
      </validation>
    <sugar id="/A/4(XYP)">
      <link>
        <anomericity>beta</anomericity>
        <connected_to>2</connected_to>
        <phi>-85.679</phi>
        <psi>132.846</psi>
      </link>
      <detected_type>beta-N-aldopyranose</detected_type>
      <cremer-pople_Q>0.602816</cremer-pople_Q>
      <cremer-pople_Phi>17.4486</cremer-pople_Phi>
      <cremer-pople_Theta>30.1467</cremer-pople_Theta>
      <mean_bfactor>30.1467</mean_bfactor>
      <conformation>4c1</conformation>
      <anomer>beta</anomer>
      <hand>N</hand>
      <stacked_against>
      </stacked_against>
      <validation>
        <conformation>yes</conformation>
        <anomer>yes</anomer>
        <hand>yes</hand>
        <puckering>yes</puckering>
      </validation>
    </sugar>
    <sugar id="/A/5(MAN)">
      <link>
        <anomericity>alpha</anomericity>
        <connected_to>3</connected_to>
        <phi>68.095</phi>
        <psi>115.357</psi>
      </link>
      <detected_type>alpha-D-aldopyranose</detected_type>
      <cremer-pople_Q>0.572538</cremer-pople_Q>
      <cremer-pople_Phi>127.689</cremer-pople_Phi>
      <cremer-pople_Theta>53.3355</cremer-pople_Theta>
      <mean_bfactor>53.3355</mean_bfactor>
      <conformation>4c1</conformation>
      <anomer>alpha</anomer>
      <hand>D</hand>
      <stacked_against>
      </stacked_against>
      <validation>
        <conformation>yes</conformation>
        <anomer>yes</anomer>
        <hand>yes</hand>
        <puckering>yes</puckering>
      </validation>
    </sugar>
    </sugar>
    </sugar>
    </sugar>
  </glycan>
  <glycan type="n-glycan" root="/A/332(ASN)" chain="A">
    <svg_graphics>
<ns0:svg version="1.1" width="234" height="105" viewBox="2595 980 335 150 " preserveAspectRatio="xMinYMinXMaxYMax meet">

  <ns0:style>
    .my_blue   { fill:#0090bc; }
    .my_red    { fill:#ed1c24; }
    .my_yellow { fill:#ffd400; }
  </ns0:style>
  <ns0:defs>
      <ns0:filter id="displace">
        <ns0:feTurbulence baseFrequency=".05" numOctaves="3" result="myturbulence" />
        <ns0:feDisplacementMap in="SourceGraphic" in2="myturbulence" scale="10" />
      </ns0:filter>

      <ns0:pattern id="half_yellow" x="0" y="0" width="50" height="50" patternUnits="userSpaceOnUse">
        <ns0:rect width="50" height="50" x="0" y="0" style="stroke:none; fill:#ffd400;" />
        <ns0:polygon points="0 0, 0 50, 50 50" rx="0" ry="0" style="stroke:#000000; stroke-width:1.5; fill:#ffffff;" />
      </ns0:pattern>
      <ns0:pattern id="half_blue" x="0" y="0" width="50" height="50" patternUnits="userSpaceOnUse">
        <ns0:rect width="50" height="50" x="0" y="0" style="stroke:none; fill:#0090bc;" />
        <ns0:polygon points="0 0, 0 50, 50 50" rx="0" ry="0" style="stroke:#000000; stroke-width:1.5; fill:#ffffff;" />
      </ns0:pattern>
      <ns0:pattern id="half_green" x="0" y="0" width="50" height="50" patternUnits="userSpaceOnUse">
        <ns0:rect width="50" height="50" x="0" y="0" style="stroke:none; fill:#00a651;" />
        <ns0:polygon points="0 0, 0 50, 50 50" rx="0" ry="0" style="stroke:#000000; stroke-width:1.5; fill:#ffffff;" />
      </ns0:pattern>
      <ns0:pattern id="yellow_left" x="0" y="0" width="50" height="50" patternUnits="userSpaceOnUse">
        <ns0:polygon points="25 0, 50 25, 25 50, 0 25" style="stroke:none; fill:#ffd400;" />
        <ns0:polygon points="25 0, 25 50, 0 25" rx="0" ry="0" style="stroke:#000000; stroke-width:1.5; fill:#ffffff;" />
      </ns0:pattern>
      <ns0:pattern id="blue_up" x="0" y="0" width="50" height="50" patternUnits="userSpaceOnUse">
        <ns0:polygon points="25 0, 50 25, 25 50, 0 25" style="stroke:none; fill:#0090bc;" />
        <ns0:polygon points="0 25, 50 25, 25 50" rx="0" ry="0" style="stroke:#000000; stroke-width:1.5; fill:#ffffff;" />
      </ns0:pattern>
      <ns0:pattern id="green_right" x="0" y="0" width="50" height="50" patternUnits="userSpaceOnUse">
        <ns0:polygon points="25 0, 50 25, 25 50, 0 25" style="stroke:none; fill:#00a651;" />
        <ns0:polygon points="0 25, 25 50, 25 0" rx="0" ry="0" style="stroke:#000000; stroke-width:1.5; fill:#ffffff;" />
      </ns0:pattern>
      <ns0:pattern id="tan_down" x="0" y="0" width="50" height="50" patternUnits="userSpaceOnUse">
        <ns0:polygon points="25 0, 50 25, 25 50, 0 25" style="stroke:none; fill:#966432;" />
        <ns0:polygon points="0 25, 50 25, 25 0" rx="0" ry="0" style="stroke:#000000; stroke-width:1.5; fill:#ffffff;" />
      </ns0:pattern>
<ns0:circle r="25" cx="25" cy="25" id="glc" style=" stroke:#000000; fill:#0090bc;stroke-width:2.8;" />
<ns0:circle r="25" cx="25" cy="25" id="gal" style=" stroke:#000000; fill:#ffd400;stroke-width:2.8;" />
<ns0:circle r="25" cx="25" cy="25" id="man" style=" stroke:#000000; fill:#00a651;stroke-width:2.8;" />
<ns0:polygon points="0 50, 25 0, 50 50" rx="0" ry="0" id="fuc" style=" stroke:#000000; fill:#ed1c24;stroke-width:2.8;" />
<ns0:polygon points="39.5,50 24.5,37.5 9.5,50 14.5,32.5 0,20 19.5,20 24.5,0 29.5,20 50,20 34.5,32.5" rx="0" ry="0" id="xyl" style=" stroke:#000000; fill:#ff7f00;stroke-width:2.8;" />
<ns0:rect width="50" height="50" id="glcnac" style=" stroke:#000000; fill:#0090bc;stroke-width:2.8;" />
<ns0:rect width="50" height="50" id="galnac" style=" stroke:#000000; fill:#ffd400;stroke-width:2.8;" />
<ns0:rect width="50" height="50" id="mannac" style=" stroke:#000000; fill:#00a651;stroke-width:2.8;" />
<ns0:rect width="50" height="50" id="glcn" style=" stroke:#000000; fill: url(#half_blue);stroke-width:2.8;" />
<ns0:rect width="50" height="50" id="galn" style=" stroke:#000000; fill: url(#half_yellow);stroke-width:2.8;" />
<ns0:rect width="50" height="50" id="mann" style=" stroke:#000000; fill: url(#half_green);stroke-width:2.8;" />
<ns0:polygon points="25 0, 50 25, 25 50, 0 25" rx="0" ry="0" id="neu5ac" style=" stroke:#000000; fill:#a54399;stroke-width:2.8;" />
<ns0:polygon points="25 0, 50 25, 25 50, 0 25" rx="0" ry="0" id="neu5gc" style=" stroke:#000000; fill:#8fcce9;stroke-width:2.8;" />
<ns0:polygon points="25 0, 50 25, 25 50, 0 25" rx="0" ry="0" id="kdn" style=" stroke:#000000; fill:#00a651;stroke-width:2.8;" />
<ns0:polygon points="25 0, 50 25, 25 50, 0 25" rx="0" ry="0" id="glca" style=" stroke:#000000; fill: url(#blue_up);stroke-width:2.8;" />
<ns0:polygon points="25 0, 50 25, 25 50, 0 25" rx="0" ry="0" id="idoa" style=" stroke:#000000; fill: url(#tan_down);stroke-width:2.8;" />
<ns0:polygon points="25 0, 50 25, 25 50, 0 25" rx="0" ry="0" id="gala" style=" stroke:#000000; fill: url(#yellow_left);stroke-width:2.8;" />
<ns0:polygon points="25 0, 50 25, 25 50, 0 25" rx="0" ry="0" id="mana" style=" stroke:#000000; fill: url(#green_right);stroke-width:2.8;" />
<ns0:line x1="0" y1="0" x2="110" y2="0" style="stroke:#000000; stroke-width:2; stroke-linecap:round; stroke-dasharray:9,6;" id="alpha" />
<ns0:line x1="0" y1="0" x2="110" y2="0" style="stroke:#000000; stroke-width:2; stroke-linecap:round;" id="beta" />
<ns0:polygon points="25 0, 50 11, 50 38, 25 50, 0 38, 0 11" rx="0" ry="0" id="unk" style=" stroke:#000000; fill:#ffffff;stroke-width:4.0; " />
  </ns0:defs>

<ns0:a id="anchor" ns1:href="mmdb:///A/1" target="_top">  <ns0:use ns1:href="#beta" x="2720" y="1015" id="" transform="rotate(180 2720 1015)"><ns0:title>[ beta 1-4 ] with phi: -36.1651; psi: -126.009;</ns0:title></ns0:use>
</ns0:a>
<ns0:a id="anchor" ns1:href="mmdb:///A/1" target="_top">  <ns0:use ns1:href="#alpha" x="2710" y="1015" id="" transform="rotate(-225 2710 1015)"><ns0:title>[ alpha 1-3 ] with phi: -43.2495; psi: 126.902;</ns0:title></ns0:use>
</ns0:a>
<ns0:a id="anchor" ns1:href="mmdb:///A/332" target="_top">  <ns0:use ns1:href="#beta" x="2800" y="1015" id="" transform="rotate(180 2800 1015)"><ns0:title>beta link. Phi: -98.3532; Psi: 174.211;</ns0:title></ns0:use>
</ns0:a>
<ns0:a id="anchor" ns1:href="mmdb:///A/332" target="_top">  <ns0:g id="glycan_root" transform="translate(2768 990)">
    <ns0:rect width="160" height="50" rx="10" ry="10" style="stroke:#000000; fill:#ffffff; stroke-width:2.0;" />
    <ns0:line x1="30" y1="0" x2="30" y2="50" style="stroke:#000000; fill:#ffffff; stroke-width:2.0;" />
    <ns0:text x="7" y="32" class="my_blue" font-weight="bold" font-family="Helvetica" font-size="24">N</ns0:text>
    <ns0:text x="92" y="32" fill="black" text-anchor="middle" font-weight="bold" font-family="Helvetica" font-size="24">ASN<ns0:tspan baseline-shift="sub" font-weight="normal" font-size="20">A/332</ns0:tspan></ns0:text>
</ns0:g>
</ns0:a>
<ns0:a id="anchor" ns1:href="mmdb:///A/1" target="_top">  <ns0:use ns1:href="#glcnac" x="2685" y="990" id=""><ns0:title><ns0:tspan>NAG 1 in 4c1 conformation. </ns0:tspan><ns0:tspan>Mean B-factor: 34.71. </ns0:tspan><ns0:tspan>Detected type: beta-D-aldopyranose. </ns0:tspan><ns0:tspan>No issues have been detected.</ns0:tspan></ns0:title></ns0:use>
</ns0:a>
<ns0:a id="anchor" ns1:href="mmdb:///A/2" target="_top">  <ns0:use ns1:href="#fuc" x="2605" y="1070" id=""><ns0:title><ns0:tspan>FUC 2 in 1c4 conformation. </ns0:tspan><ns0:tspan>Mean B-factor: 64.61. </ns0:tspan><ns0:tspan>Detected type: alpha-L-aldopyranose. </ns0:tspan><ns0:tspan>No issues have been detected.</ns0:tspan></ns0:title></ns0:use>
</ns0:a>
<ns0:a id="anchor" ns1:href="mmdb:///A/3" target="_top">  <ns0:use ns1:href="#glcnac" x="2605" y="990" id=""><ns0:title><ns0:tspan>NAG 3 in 4c1 conformation. </ns0:tspan><ns0:tspan>Mean B-factor: 53.66. </ns0:tspan><ns0:tspan>Detected type: beta-D-aldopyranose. </ns0:tspan><ns0:tspan>No issues have been detected.</ns0:tspan></ns0:title></ns0:use>
</ns0:a>
</ns0:svg>    </svg_graphics>
    <sugar id="/A/1(NAG)">
      <link>
        <anomericity>beta</anomericity>
        <connected_to>0</connected_to>
        <phi>-98.3532</phi>
        <psi>174.211</psi>
      </link>
      <detected_type>beta-D-aldopyranose</detected_type>
      <cremer-pople_Q>0.579832</cremer-pople_Q>
      <cremer-pople_Phi>18.218</cremer-pople_Phi>
      <cremer-pople_Theta>34.705</cremer-pople_Theta>
      <mean_bfactor>34.705</mean_bfactor>
      <conformation>4c1</conformation>
      <anomer>beta</anomer>
      <hand>D</hand>
      <stacked_against>
      </stacked_against>
      <validation>
        <conformation>yes</conformation>
        <anomer>yes</anomer>
        <hand>yes</hand>
        <puckering>yes</puckering>
      </validation>
    <sugar id="/A/2(FUC)">
      <link>
        <anomericity>alpha</anomericity>
        <connected_to>3</connected_to>
        <phi>-43.2495</phi>
        <psi>126.902</psi>
      </link>
      <detected_type>alpha-L-aldopyranose</detected_type>
      <cremer-pople_Q>0.627667</cremer-pople_Q>
      <cremer-pople_Phi>267.544</cremer-pople_Phi>
      <cremer-pople_Theta>64.606</cremer-pople_Theta>
      <mean_bfactor>64.606</mean_bfactor>
      <conformation>1c4</conformation>
      <anomer>alpha</anomer>
      <hand>L</hand>
      <stacked_against>
      </stacked_against>
      <validation>
        <conformation>yes</conformation>
        <anomer>yes</anomer>
        <hand>yes</hand>
        <puckering>yes</puckering>
      </validation>
    </sugar>
    <sugar id="/A/3(NAG)">
      <link>
        <anomericity>beta</anomericity>
        <connected_to>4</connected_to>
        <phi>-36.1651</phi>
        <psi>-126.009</psi>
      </link>
      <detected_type>beta-D-aldopyranose</detected_type>
      <cremer-pople_Q>0.432428</cremer-pople_Q>
      <cremer-pople_Phi>224.799</cremer-pople_Phi>
      <cremer-pople_Theta>53.6636</cremer-pople_Theta>
      <mean_bfactor>53.6636</mean_bfactor>
      <conformation>4c1</conformation>
      <anomer>beta</anomer>
      <hand>D</hand>
      <stacked_against>
      </stacked_against>
      <validation>
        <conformation>yes</conformation>
        <anomer>yes</anomer>
        <hand>yes</hand>
        <puckering>yes</puckering>
      </validation>
    </sugar>
    </sugar>
  </glycan>
</privateer>