<privateer xmlns:ns0="http://www.w3.org/2000/svg" xmlns:ns1="http://www.w3.org/1999/xlink">
  <glycan type="n-glycan" root="/A/62(ASN)" chain="A">
    <svg_graphics>
<ns0:svg version="1.1" width="290" height="66" viewBox="2515 980 415 95 " preserveAspectRatio="xMinYMinXMaxYMax meet">

  <ns0:style>
    .my_blue   { fill:#0090bc; }
    .my_red    { fill:#ed1c24; }
    .my_yellow { fill:#ffd400; }
  </ns0:style>
  <ns0:defs>
      <ns0:filter id="displace">
        <ns0:feTurbulence baseFrequency=".05" numOctaves="3" result="myturbulence" />
        <ns0:feDisplacementMap in="SourceGraphic" in2="myturbulence" scale="10" />
      </ns0:filter>

      <ns0:pattern id="half_yellow" x="0" y="0" width="50" height="50" patternUnits="userSpaceOnUse">
        <ns0:rect width="50" height="50" x="0" y="0" style="stroke:none; fill:#ffd400;" />
        <ns0:polygon points="0 0, 0 50, 50 50" rx="0" ry="0" style="stroke:#000000; stroke-width:1.5; fill:#ffffff;" />
      </ns0:pattern>
      <ns0:pattern id="half_blue" x="0" y="0" width="50" height="50" patternUnits="userSpaceOnUse">
        <ns0:rect width="50" height="50" x="0" y="0" style="stroke:none; fill:#0090bc;" />
        <ns0:polygon points="0 0, 0 50, 50 50" rx="0" ry="0" style="stroke:#000000; stroke-width:1.5; fill:#ffffff;" />
      </ns0:pattern>
      <ns0:pattern id="half_green" x="0" y="0" width="50" height="50" patternUnits="userSpaceOnUse">
        <ns0:rect width="50" height="50" x="0" y="0" style="stroke:none; fill:#00a651;" />
        <ns0:polygon points="0 0, 0 50, 50 50" rx="0" ry="0" style="stroke:#000000; stroke-width:1.5; fill:#ffffff;" />
      </ns0:pattern>
      <ns0:pattern id="yellow_left" x="0" y="0" width="50" height="50" patternUnits="userSpaceOnUse">
        <ns0:polygon points="25 0, 50 25, 25 50, 0 25" style="stroke:none; fill:#ffd400;" />
        <ns0:polygon points="25 0, 25 50, 0 25" rx="0" ry="0" style="stroke:#000000; stroke-width:1.5; fill:#ffffff;" />
      </ns0:pattern>
      <ns0:pattern id="blue_up" x="0" y="0" width="50" height="50" patternUnits="userSpaceOnUse">
        <ns0:polygon points="25 0, 50 25, 25 50, 0 25" style="stroke:none; fill:#0090bc;" />
        <ns0:polygon points="0 25, 50 25, 25 50" rx="0" ry="0" style="stroke:#000000; stroke-width:1.5; fill:#ffffff;" />
      </ns0:pattern>
      <ns0:pattern id="green_right" x="0" y="0" width="50" height="50" patternUnits="userSpaceOnUse">
        <ns0:polygon points="25 0, 50 25, 25 50, 0 25" style="stroke:none; fill:#00a651;" />
        <ns0:polygon points="0 25, 25 50, 25 0" rx="0" ry="0" style="stroke:#000000; stroke-width:1.5; fill:#ffffff;" />
      </ns0:pattern>
      <ns0:pattern id="tan_down" x="0" y="0" width="50" height="50" patternUnits="userSpaceOnUse">
        <ns0:polygon points="25 0, 50 25, 25 50, 0 25" style="stroke:none; fill:#966432;" />
        <ns0:polygon points="0 25, 50 25, 25 0" rx="0" ry="0" style="stroke:#000000; stroke-width:1.5; fill:#ffffff;" />
      </ns0:pattern>
<ns0:circle r="25" cx="25" cy="25" id="glc" style=" stroke:#000000; fill:#0090bc;stroke-width:2.8;" />
<ns0:circle r="25" cx="25" cy="25" id="gal" style=" stroke:#000000; fill:#ffd400;stroke-width:2.8;" />
<ns0:circle r="25" cx="25" cy="25" id="man" style=" stroke:#000000; fill:#00a651;stroke-width:2.8;" />
<ns0:polygon points="0 50, 25 0, 50 50" rx="0" ry="0" id="fuc" style=" stroke:#000000; fill:#ed1c24;stroke-width:2.8;" />
<ns0:polygon points="39.5,50 24.5,37.5 9.5,50 14.5,32.5 0,20 19.5,20 24.5,0 29.5,20 50,20 34.5,32.5" rx="0" ry="0" id="xyl" style=" stroke:#000000; fill:#ff7f00;stroke-width:2.8;" />
<ns0:rect width="50" height="50" id="glcnac" style=" stroke:#000000; fill:#0090bc;stroke-width:2.8;" />
<ns0:rect width="50" height="50" id="galnac" style=" stroke:#000000; fill:#ffd400;stroke-width:2.8;" />
<ns0:rect width="50" height="50" id="mannac" style=" stroke:#000000; fill:#00a651;stroke-width:2.8;" />
<ns0:rect width="50" height="50" id="glcn" style=" stroke:#000000; fill: url(#half_blue);stroke-width:2.8;" />
<ns0:rect width="50" height="50" id="galn" style=" stroke:#000000; fill: url(#half_yellow);stroke-width:2.8;" />
<ns0:rect width="50" height="50" id="mann" style=" stroke:#000000; fill: url(#half_green);stroke-width:2.8;" />
<ns0:polygon points="25 0, 50 25, 25 50, 0 25" rx="0" ry="0" id="neu5ac" style=" stroke:#000000; fill:#a54399;stroke-width:2.8;" />
<ns0:polygon points="25 0, 50 25, 25 50, 0 25" rx="0" ry="0" id="neu5gc" style=" stroke:#000000; fill:#8fcce9;stroke-width:2.8;" />
<ns0:polygon points="25 0, 50 25, 25 50, 0 25" rx="0" ry="0" id="kdn" style=" stroke:#000000; fill:#00a651;stroke-width:2.8;" />
<ns0:polygon points="25 0, 50 25, 25 50, 0 25" rx="0" ry="0" id="glca" style=" stroke:#000000; fill: url(#blue_up);stroke-width:2.8;" />
<ns0:polygon points="25 0, 50 25, 25 50, 0 25" rx="0" ry="0" id="idoa" style=" stroke:#000000; fill: url(#tan_down);stroke-width:2.8;" />
<ns0:polygon points="25 0, 50 25, 25 50, 0 25" rx="0" ry="0" id="gala" style=" stroke:#000000; fill: url(#yellow_left);stroke-width:2.8;" />
<ns0:polygon points="25 0, 50 25, 25 50, 0 25" rx="0" ry="0" id="mana" style=" stroke:#000000; fill: url(#green_right);stroke-width:2.8;" />
<ns0:line x1="0" y1="0" x2="110" y2="0" style="stroke:#000000; stroke-width:2; stroke-linecap:round; stroke-dasharray:9,6;" id="alpha" />
<ns0:line x1="0" y1="0" x2="110" y2="0" style="stroke:#000000; stroke-width:2; stroke-linecap:round;" id="beta" />
<ns0:polygon points="25 0, 50 11, 50 38, 25 50, 0 38, 0 11" rx="0" ry="0" id="unk" style=" stroke:#000000; fill:#ffffff;stroke-width:4.0; " />
  </ns0:defs>

<ns0:a id="anchor" ns1:href="mmdb:///A/1002" target="_top">  <ns0:use ns1:href="#beta" x="2640" y="1015" id="" transform="rotate(180 2640 1015)"><ns0:title>[ beta 1-4 ] with phi: -90.1893; psi: -135.053;</ns0:title></ns0:use>
</ns0:a>
<ns0:a id="anchor" ns1:href="mmdb:///A/1001" target="_top">  <ns0:use ns1:href="#beta" x="2720" y="1015" id="" transform="rotate(180 2720 1015)"><ns0:title>[ beta 1-4 ] with phi: -70.8389; psi: -140.416;</ns0:title></ns0:use>
</ns0:a>
<ns0:a id="anchor" ns1:href="mmdb:///A/62" target="_top">  <ns0:use ns1:href="#beta" x="2800" y="1015" id="" transform="rotate(180 2800 1015)"><ns0:title>beta link. Phi: -81.7187; Psi: 178.468;</ns0:title></ns0:use>
</ns0:a>
<ns0:a id="anchor" ns1:href="mmdb:///A/62" target="_top">  <ns0:g id="glycan_root" transform="translate(2768 990)">
    <ns0:rect width="160" height="50" rx="10" ry="10" style="stroke:#000000; fill:#ffffff; stroke-width:2.0;" />
    <ns0:line x1="30" y1="0" x2="30" y2="50" style="stroke:#000000; fill:#ffffff; stroke-width:2.0;" />
    <ns0:text x="7" y="32" class="my_blue" font-weight="bold" font-family="Helvetica" font-size="24">N</ns0:text>
    <ns0:text x="92" y="32" fill="black" text-anchor="middle" font-weight="bold" font-family="Helvetica" font-size="24">ASN<ns0:tspan baseline-shift="sub" font-weight="normal" font-size="20">A/62</ns0:tspan></ns0:text>
</ns0:g>
</ns0:a>
<ns0:a id="anchor" ns1:href="mmdb:///A/1001" target="_top">  <ns0:use ns1:href="#glcnac" x="2685" y="990" id=""><ns0:title><ns0:tspan>NAG 1001 in 4c1 conformation. </ns0:tspan><ns0:tspan>Mean B-factor: 35.65. </ns0:tspan><ns0:tspan>Detected type: beta-D-aldopyranose. </ns0:tspan><ns0:tspan>No issues have been detected.</ns0:tspan></ns0:title></ns0:use>
</ns0:a>
<ns0:a id="anchor" ns1:href="mmdb:///A/1002" target="_top">  <ns0:use ns1:href="#glcnac" x="2605" y="990" id=""><ns0:title><ns0:tspan>NAG 1002 in 4c1 conformation. </ns0:tspan><ns0:tspan>Mean B-factor: 44.71. </ns0:tspan><ns0:tspan>Detected type: beta-D-aldopyranose. </ns0:tspan><ns0:tspan>No issues have been detected.</ns0:tspan></ns0:title></ns0:use>
</ns0:a>
<ns0:a id="anchor" ns1:href="mmdb:///A/1003" target="_top">  <ns0:use ns1:href="#man" x="2525" y="990" id=""><ns0:title><ns0:tspan>BMA 1003 in 4c1 conformation. </ns0:tspan><ns0:tspan>Mean B-factor: 60.40. </ns0:tspan><ns0:tspan>Detected type: beta-D-aldopyranose. </ns0:tspan><ns0:tspan>No issues have been detected.</ns0:tspan></ns0:title></ns0:use>
</ns0:a>
</ns0:svg>    </svg_graphics>
    <sugar id="/A/1001(NAG)">
      <link>
        <anomericity>beta</anomericity>
        <connected_to>0</connected_to>
        <phi>-81.7187</phi>
        <psi>178.468</psi>
      </link>
      <detected_type>beta-D-aldopyranose</detected_type>
      <cremer-pople_Q>0.562976</cremer-pople_Q>
      <cremer-pople_Phi>4.43315</cremer-pople_Phi>
      <cremer-pople_Theta>35.6493</cremer-pople_Theta>
      <mean_bfactor>35.6493</mean_bfactor>
      <conformation>4c1</conformation>
      <anomer>beta</anomer>
      <hand>D</hand>
      <stacked_against>
      </stacked_against>
      <validation>
        <conformation>yes</conformation>
        <anomer>yes</anomer>
        <hand>yes</hand>
        <puckering>yes</puckering>
      </validation>
    <sugar id="/A/1002(NAG)">
      <link>
        <anomericity>beta</anomericity>
        <connected_to>4</connected_to>
        <phi>-70.8389</phi>
        <psi>-140.416</psi>
      </link>
      <detected_type>beta-D-aldopyranose</detected_type>
      <cremer-pople_Q>0.56429</cremer-pople_Q>
      <cremer-pople_Phi>4.96847</cremer-pople_Phi>
      <cremer-pople_Theta>44.7079</cremer-pople_Theta>
      <mean_bfactor>44.7079</mean_bfactor>
      <conformation>4c1</conformation>
      <anomer>beta</anomer>
      <hand>D</hand>
      <stacked_against>
      </stacked_against>
      <validation>
        <conformation>yes</conformation>
        <anomer>yes</anomer>
        <hand>yes</hand>
        <puckering>yes</puckering>
      </validation>
    <sugar id="/A/1003(BMA)">
      <link>
        <anomericity>beta</anomericity>
        <connected_to>4</connected_to>
        <phi>-90.1893</phi>
        <psi>-135.053</psi>
      </link>
      <detected_type>beta-D-aldopyranose</detected_type>
      <cremer-pople_Q>0.565163</cremer-pople_Q>
      <cremer-pople_Phi>278.297</cremer-pople_Phi>
      <cremer-pople_Theta>60.4018</cremer-pople_Theta>
      <mean_bfactor>60.4018</mean_bfactor>
      <conformation>4c1</conformation>
      <anomer>beta</anomer>
      <hand>D</hand>
      <stacked_against>
      </stacked_against>
      <validation>
        <conformation>yes</conformation>
        <anomer>yes</anomer>
        <hand>yes</hand>
        <puckering>yes</puckering>
      </validation>
    </sugar>
    </sugar>
    </sugar>
  </glycan>
  <glycan type="n-glycan" root="/A/212(ASN)" chain="A">
    <svg_graphics>
<ns0:svg version="1.1" width="178" height="66" viewBox="2675 980 255 95 " preserveAspectRatio="xMinYMinXMaxYMax meet">

  <ns0:style>
    .my_blue   { fill:#0090bc; }
    .my_red    { fill:#ed1c24; }
    .my_yellow { fill:#ffd400; }
  </ns0:style>
  <ns0:defs>
      <ns0:filter id="displace">
        <ns0:feTurbulence baseFrequency=".05" numOctaves="3" result="myturbulence" />
        <ns0:feDisplacementMap in="SourceGraphic" in2="myturbulence" scale="10" />
      </ns0:filter>

      <ns0:pattern id="half_yellow" x="0" y="0" width="50" height="50" patternUnits="userSpaceOnUse">
        <ns0:rect width="50" height="50" x="0" y="0" style="stroke:none; fill:#ffd400;" />
        <ns0:polygon points="0 0, 0 50, 50 50" rx="0" ry="0" style="stroke:#000000; stroke-width:1.5; fill:#ffffff;" />
      </ns0:pattern>
      <ns0:pattern id="half_blue" x="0" y="0" width="50" height="50" patternUnits="userSpaceOnUse">
        <ns0:rect width="50" height="50" x="0" y="0" style="stroke:none; fill:#0090bc;" />
        <ns0:polygon points="0 0, 0 50, 50 50" rx="0" ry="0" style="stroke:#000000; stroke-width:1.5; fill:#ffffff;" />
      </ns0:pattern>
      <ns0:pattern id="half_green" x="0" y="0" width="50" height="50" patternUnits="userSpaceOnUse">
        <ns0:rect width="50" height="50" x="0" y="0" style="stroke:none; fill:#00a651;" />
        <ns0:polygon points="0 0, 0 50, 50 50" rx="0" ry="0" style="stroke:#000000; stroke-width:1.5; fill:#ffffff;" />
      </ns0:pattern>
      <ns0:pattern id="yellow_left" x="0" y="0" width="50" height="50" patternUnits="userSpaceOnUse">
        <ns0:polygon points="25 0, 50 25, 25 50, 0 25" style="stroke:none; fill:#ffd400;" />
        <ns0:polygon points="25 0, 25 50, 0 25" rx="0" ry="0" style="stroke:#000000; stroke-width:1.5; fill:#ffffff;" />
      </ns0:pattern>
      <ns0:pattern id="blue_up" x="0" y="0" width="50" height="50" patternUnits="userSpaceOnUse">
        <ns0:polygon points="25 0, 50 25, 25 50, 0 25" style="stroke:none; fill:#0090bc;" />
        <ns0:polygon points="0 25, 50 25, 25 50" rx="0" ry="0" style="stroke:#000000; stroke-width:1.5; fill:#ffffff;" />
      </ns0:pattern>
      <ns0:pattern id="green_right" x="0" y="0" width="50" height="50" patternUnits="userSpaceOnUse">
        <ns0:polygon points="25 0, 50 25, 25 50, 0 25" style="stroke:none; fill:#00a651;" />
        <ns0:polygon points="0 25, 25 50, 25 0" rx="0" ry="0" style="stroke:#000000; stroke-width:1.5; fill:#ffffff;" />
      </ns0:pattern>
      <ns0:pattern id="tan_down" x="0" y="0" width="50" height="50" patternUnits="userSpaceOnUse">
        <ns0:polygon points="25 0, 50 25, 25 50, 0 25" style="stroke:none; fill:#966432;" />
        <ns0:polygon points="0 25, 50 25, 25 0" rx="0" ry="0" style="stroke:#000000; stroke-width:1.5; fill:#ffffff;" />
      </ns0:pattern>
<ns0:circle r="25" cx="25" cy="25" id="glc" style=" stroke:#000000; fill:#0090bc;stroke-width:2.8;" />
<ns0:circle r="25" cx="25" cy="25" id="gal" style=" stroke:#000000; fill:#ffd400;stroke-width:2.8;" />
<ns0:circle r="25" cx="25" cy="25" id="man" style=" stroke:#000000; fill:#00a651;stroke-width:2.8;" />
<ns0:polygon points="0 50, 25 0, 50 50" rx="0" ry="0" id="fuc" style=" stroke:#000000; fill:#ed1c24;stroke-width:2.8;" />
<ns0:polygon points="39.5,50 24.5,37.5 9.5,50 14.5,32.5 0,20 19.5,20 24.5,0 29.5,20 50,20 34.5,32.5" rx="0" ry="0" id="xyl" style=" stroke:#000000; fill:#ff7f00;stroke-width:2.8;" />
<ns0:rect width="50" height="50" id="glcnac" style=" stroke:#000000; fill:#0090bc;stroke-width:2.8;" />
<ns0:rect width="50" height="50" id="galnac" style=" stroke:#000000; fill:#ffd400;stroke-width:2.8;" />
<ns0:rect width="50" height="50" id="mannac" style=" stroke:#000000; fill:#00a651;stroke-width:2.8;" />
<ns0:rect width="50" height="50" id="glcn" style=" stroke:#000000; fill: url(#half_blue);stroke-width:2.8;" />
<ns0:rect width="50" height="50" id="galn" style=" stroke:#000000; fill: url(#half_yellow);stroke-width:2.8;" />
<ns0:rect width="50" height="50" id="mann" style=" stroke:#000000; fill: url(#half_green);stroke-width:2.8;" />
<ns0:polygon points="25 0, 50 25, 25 50, 0 25" rx="0" ry="0" id="neu5ac" style=" stroke:#000000; fill:#a54399;stroke-width:2.8;" />
<ns0:polygon points="25 0, 50 25, 25 50, 0 25" rx="0" ry="0" id="neu5gc" style=" stroke:#000000; fill:#8fcce9;stroke-width:2.8;" />
<ns0:polygon points="25 0, 50 25, 25 50, 0 25" rx="0" ry="0" id="kdn" style=" stroke:#000000; fill:#00a651;stroke-width:2.8;" />
<ns0:polygon points="25 0, 50 25, 25 50, 0 25" rx="0" ry="0" id="glca" style=" stroke:#000000; fill: url(#blue_up);stroke-width:2.8;" />
<ns0:polygon points="25 0, 50 25, 25 50, 0 25" rx="0" ry="0" id="idoa" style=" stroke:#000000; fill: url(#tan_down);stroke-width:2.8;" />
<ns0:polygon points="25 0, 50 25, 25 50, 0 25" rx="0" ry="0" id="gala" style=" stroke:#000000; fill: url(#yellow_left);stroke-width:2.8;" />
<ns0:polygon points="25 0, 50 25, 25 50, 0 25" rx="0" ry="0" id="mana" style=" stroke:#000000; fill: url(#green_right);stroke-width:2.8;" />
<ns0:line x1="0" y1="0" x2="110" y2="0" style="stroke:#000000; stroke-width:2; stroke-linecap:round; stroke-dasharray:9,6;" id="alpha" />
<ns0:line x1="0" y1="0" x2="110" y2="0" style="stroke:#000000; stroke-width:2; stroke-linecap:round;" id="beta" />
<ns0:polygon points="25 0, 50 11, 50 38, 25 50, 0 38, 0 11" rx="0" ry="0" id="unk" style=" stroke:#000000; fill:#ffffff;stroke-width:4.0; " />
  </ns0:defs>

<ns0:a id="anchor" ns1:href="mmdb:///A/212" target="_top">  <ns0:use ns1:href="#beta" x="2800" y="1015" id="" transform="rotate(180 2800 1015)"><ns0:title>beta link. Phi: -77.6875; Psi: 181.265;</ns0:title></ns0:use>
</ns0:a>
<ns0:a id="anchor" ns1:href="mmdb:///A/212" target="_top">  <ns0:g id="glycan_root" transform="translate(2768 990)">
    <ns0:rect width="160" height="50" rx="10" ry="10" style="stroke:#000000; fill:#ffffff; stroke-width:2.0;" />
    <ns0:line x1="30" y1="0" x2="30" y2="50" style="stroke:#000000; fill:#ffffff; stroke-width:2.0;" />
    <ns0:text x="7" y="32" class="my_blue" font-weight="bold" font-family="Helvetica" font-size="24">N</ns0:text>
    <ns0:text x="92" y="32" fill="black" text-anchor="middle" font-weight="bold" font-family="Helvetica" font-size="24">ASN<ns0:tspan baseline-shift="sub" font-weight="normal" font-size="20">A/212</ns0:tspan></ns0:text>
</ns0:g>
</ns0:a>
<ns0:a id="anchor" ns1:href="mmdb:///A/1901" target="_top">  <ns0:use ns1:href="#glcnac" x="2685" y="990" id=""><ns0:title><ns0:tspan>NAG 1901 in 4c1 conformation. </ns0:tspan><ns0:tspan>Mean B-factor: 47.26. </ns0:tspan><ns0:tspan>Detected type: beta-D-aldopyranose. </ns0:tspan><ns0:tspan>No issues have been detected.</ns0:tspan></ns0:title></ns0:use>
</ns0:a>
</ns0:svg>    </svg_graphics>
    <sugar id="/A/1901(NAG)">
      <link>
        <anomericity>beta</anomericity>
        <connected_to>0</connected_to>
        <phi>-77.6875</phi>
        <psi>181.265</psi>
      </link>
      <detected_type>beta-D-aldopyranose</detected_type>
      <cremer-pople_Q>0.569256</cremer-pople_Q>
      <cremer-pople_Phi>2.1075</cremer-pople_Phi>
      <cremer-pople_Theta>47.26</cremer-pople_Theta>
      <mean_bfactor>47.26</mean_bfactor>
      <conformation>4c1</conformation>
      <anomer>beta</anomer>
      <hand>D</hand>
      <stacked_against>
      </stacked_against>
      <validation>
        <conformation>yes</conformation>
        <anomer>yes</anomer>
        <hand>yes</hand>
        <puckering>yes</puckering>
      </validation>
    </sugar>
  </glycan>
  <glycan type="n-glycan" root="/A/253(ASN)" chain="A">
    <svg_graphics>
<ns0:svg version="1.1" width="346" height="122" viewBox="2435 900 495 175 " preserveAspectRatio="xMinYMinXMaxYMax meet">

  <ns0:style>
    .my_blue   { fill:#0090bc; }
    .my_red    { fill:#ed1c24; }
    .my_yellow { fill:#ffd400; }
  </ns0:style>
  <ns0:defs>
      <ns0:filter id="displace">
        <ns0:feTurbulence baseFrequency=".05" numOctaves="3" result="myturbulence" />
        <ns0:feDisplacementMap in="SourceGraphic" in2="myturbulence" scale="10" />
      </ns0:filter>

      <ns0:pattern id="half_yellow" x="0" y="0" width="50" height="50" patternUnits="userSpaceOnUse">
        <ns0:rect width="50" height="50" x="0" y="0" style="stroke:none; fill:#ffd400;" />
        <ns0:polygon points="0 0, 0 50, 50 50" rx="0" ry="0" style="stroke:#000000; stroke-width:1.5; fill:#ffffff;" />
      </ns0:pattern>
      <ns0:pattern id="half_blue" x="0" y="0" width="50" height="50" patternUnits="userSpaceOnUse">
        <ns0:rect width="50" height="50" x="0" y="0" style="stroke:none; fill:#0090bc;" />
        <ns0:polygon points="0 0, 0 50, 50 50" rx="0" ry="0" style="stroke:#000000; stroke-width:1.5; fill:#ffffff;" />
      </ns0:pattern>
      <ns0:pattern id="half_green" x="0" y="0" width="50" height="50" patternUnits="userSpaceOnUse">
        <ns0:rect width="50" height="50" x="0" y="0" style="stroke:none; fill:#00a651;" />
        <ns0:polygon points="0 0, 0 50, 50 50" rx="0" ry="0" style="stroke:#000000; stroke-width:1.5; fill:#ffffff;" />
      </ns0:pattern>
      <ns0:pattern id="yellow_left" x="0" y="0" width="50" height="50" patternUnits="userSpaceOnUse">
        <ns0:polygon points="25 0, 50 25, 25 50, 0 25" style="stroke:none; fill:#ffd400;" />
        <ns0:polygon points="25 0, 25 50, 0 25" rx="0" ry="0" style="stroke:#000000; stroke-width:1.5; fill:#ffffff;" />
      </ns0:pattern>
      <ns0:pattern id="blue_up" x="0" y="0" width="50" height="50" patternUnits="userSpaceOnUse">
        <ns0:polygon points="25 0, 50 25, 25 50, 0 25" style="stroke:none; fill:#0090bc;" />
        <ns0:polygon points="0 25, 50 25, 25 50" rx="0" ry="0" style="stroke:#000000; stroke-width:1.5; fill:#ffffff;" />
      </ns0:pattern>
      <ns0:pattern id="green_right" x="0" y="0" width="50" height="50" patternUnits="userSpaceOnUse">
        <ns0:polygon points="25 0, 50 25, 25 50, 0 25" style="stroke:none; fill:#00a651;" />
        <ns0:polygon points="0 25, 25 50, 25 0" rx="0" ry="0" style="stroke:#000000; stroke-width:1.5; fill:#ffffff;" />
      </ns0:pattern>
      <ns0:pattern id="tan_down" x="0" y="0" width="50" height="50" patternUnits="userSpaceOnUse">
        <ns0:polygon points="25 0, 50 25, 25 50, 0 25" style="stroke:none; fill:#966432;" />
        <ns0:polygon points="0 25, 50 25, 25 0" rx="0" ry="0" style="stroke:#000000; stroke-width:1.5; fill:#ffffff;" />
      </ns0:pattern>
<ns0:circle r="25" cx="25" cy="25" id="glc" style=" stroke:#000000; fill:#0090bc;stroke-width:2.8;" />
<ns0:circle r="25" cx="25" cy="25" id="gal" style=" stroke:#000000; fill:#ffd400;stroke-width:2.8;" />
<ns0:circle r="25" cx="25" cy="25" id="man" style=" stroke:#000000; fill:#00a651;stroke-width:2.8;" />
<ns0:polygon points="0 50, 25 0, 50 50" rx="0" ry="0" id="fuc" style=" stroke:#000000; fill:#ed1c24;stroke-width:2.8;" />
<ns0:polygon points="39.5,50 24.5,37.5 9.5,50 14.5,32.5 0,20 19.5,20 24.5,0 29.5,20 50,20 34.5,32.5" rx="0" ry="0" id="xyl" style=" stroke:#000000; fill:#ff7f00;stroke-width:2.8;" />
<ns0:rect width="50" height="50" id="glcnac" style=" stroke:#000000; fill:#0090bc;stroke-width:2.8;" />
<ns0:rect width="50" height="50" id="galnac" style=" stroke:#000000; fill:#ffd400;stroke-width:2.8;" />
<ns0:rect width="50" height="50" id="mannac" style=" stroke:#000000; fill:#00a651;stroke-width:2.8;" />
<ns0:rect width="50" height="50" id="glcn" style=" stroke:#000000; fill: url(#half_blue);stroke-width:2.8;" />
<ns0:rect width="50" height="50" id="galn" style=" stroke:#000000; fill: url(#half_yellow);stroke-width:2.8;" />
<ns0:rect width="50" height="50" id="mann" style=" stroke:#000000; fill: url(#half_green);stroke-width:2.8;" />
<ns0:polygon points="25 0, 50 25, 25 50, 0 25" rx="0" ry="0" id="neu5ac" style=" stroke:#000000; fill:#a54399;stroke-width:2.8;" />
<ns0:polygon points="25 0, 50 25, 25 50, 0 25" rx="0" ry="0" id="neu5gc" style=" stroke:#000000; fill:#8fcce9;stroke-width:2.8;" />
<ns0:polygon points="25 0, 50 25, 25 50, 0 25" rx="0" ry="0" id="kdn" style=" stroke:#000000; fill:#00a651;stroke-width:2.8;" />
<ns0:polygon points="25 0, 50 25, 25 50, 0 25" rx="0" ry="0" id="glca" style=" stroke:#000000; fill: url(#blue_up);stroke-width:2.8;" />
<ns0:polygon points="25 0, 50 25, 25 50, 0 25" rx="0" ry="0" id="idoa" style=" stroke:#000000; fill: url(#tan_down);stroke-width:2.8;" />
<ns0:polygon points="25 0, 50 25, 25 50, 0 25" rx="0" ry="0" id="gala" style=" stroke:#000000; fill: url(#yellow_left);stroke-width:2.8;" />
<ns0:polygon points="25 0, 50 25, 25 50, 0 25" rx="0" ry="0" id="mana" style=" stroke:#000000; fill: url(#green_right);stroke-width:2.8;" />
<ns0:line x1="0" y1="0" x2="110" y2="0" style="stroke:#000000; stroke-width:2; stroke-linecap:round; stroke-dasharray:9,6;" id="alpha" />
<ns0:line x1="0" y1="0" x2="110" y2="0" style="stroke:#000000; stroke-width:2; stroke-linecap:round;" id="beta" />
<ns0:polygon points="25 0, 50 11, 50 38, 25 50, 0 38, 0 11" rx="0" ry="0" id="unk" style=" stroke:#000000; fill:#ffffff;stroke-width:4.0; " />
  </ns0:defs>

<ns0:a id="anchor" ns1:href="mmdb:///A/1103" target="_top">  <ns0:use ns1:href="#alpha" x="2550" y="1015" id="" transform="rotate(-135 2550 1015)"><ns0:title>[ alpha 1-6 ] with phi: 46.8669; psi: -172.287; omega: 0;</ns0:title></ns0:use>
</ns0:a>
<ns0:a id="anchor" ns1:href="mmdb:///A/1102" target="_top">  <ns0:use ns1:href="#beta" x="2640" y="1015" id="" transform="rotate(180 2640 1015)"><ns0:title>[ beta 1-4 ] with phi: -79.7228; psi: -147.133;</ns0:title></ns0:use>
</ns0:a>
<ns0:a id="anchor" ns1:href="mmdb:///A/1101" target="_top">  <ns0:use ns1:href="#beta" x="2720" y="1015" id="" transform="rotate(180 2720 1015)"><ns0:title>[ beta 1-4 ] with phi: -88.4405; psi: -113.394;</ns0:title></ns0:use>
</ns0:a>
<ns0:a id="anchor" ns1:href="mmdb:///A/253" target="_top">  <ns0:use ns1:href="#beta" x="2800" y="1015" id="" transform="rotate(180 2800 1015)"><ns0:title>beta link. Phi: -110.677; Psi: 183.813;</ns0:title></ns0:use>
</ns0:a>
<ns0:a id="anchor" ns1:href="mmdb:///A/253" target="_top">  <ns0:g id="glycan_root" transform="translate(2768 990)">
    <ns0:rect width="160" height="50" rx="10" ry="10" style="stroke:#000000; fill:#ffffff; stroke-width:2.0;" />
    <ns0:line x1="30" y1="0" x2="30" y2="50" style="stroke:#000000; fill:#ffffff; stroke-width:2.0;" />
    <ns0:text x="7" y="32" class="my_blue" font-weight="bold" font-family="Helvetica" font-size="24">N</ns0:text>
    <ns0:text x="92" y="32" fill="black" text-anchor="middle" font-weight="bold" font-family="Helvetica" font-size="24">ASN<ns0:tspan baseline-shift="sub" font-weight="normal" font-size="20">A/253</ns0:tspan></ns0:text>
</ns0:g>
</ns0:a>
<ns0:a id="anchor" ns1:href="mmdb:///A/1101" target="_top">  <ns0:use ns1:href="#glcnac" x="2685" y="990" id=""><ns0:title><ns0:tspan>NAG 1101 in 4c1 conformation. </ns0:tspan><ns0:tspan>Mean B-factor: 36.57. </ns0:tspan><ns0:tspan>Detected type: beta-D-aldopyranose. </ns0:tspan><ns0:tspan>No issues have been detected.</ns0:tspan></ns0:title></ns0:use>
</ns0:a>
<ns0:a id="anchor" ns1:href="mmdb:///A/1102" target="_top">  <ns0:use ns1:href="#glcnac" x="2605" y="990" id=""><ns0:title><ns0:tspan>NAG 1102 in 4c1 conformation. </ns0:tspan><ns0:tspan>Mean B-factor: 46.75. </ns0:tspan><ns0:tspan>Detected type: beta-D-aldopyranose. </ns0:tspan><ns0:tspan>No issues have been detected.</ns0:tspan></ns0:title></ns0:use>
</ns0:a>
<ns0:a id="anchor" ns1:href="mmdb:///A/1103" target="_top">  <ns0:use ns1:href="#man" x="2525" y="990" id=""><ns0:title><ns0:tspan>BMA 1103 in 4c1 conformation. </ns0:tspan><ns0:tspan>Mean B-factor: 53.93. </ns0:tspan><ns0:tspan>Detected type: beta-D-aldopyranose. </ns0:tspan><ns0:tspan>No issues have been detected.</ns0:tspan></ns0:title></ns0:use>
</ns0:a>
<ns0:a id="anchor" ns1:href="mmdb:///A/1106" target="_top">  <ns0:use ns1:href="#man" x="2445" y="910" id=""><ns0:title><ns0:tspan>MAN 1106 in 4c1 conformation. </ns0:tspan><ns0:tspan>Mean B-factor: 43.94. </ns0:tspan><ns0:tspan>Detected type: alpha-D-aldopyranose. </ns0:tspan><ns0:tspan>No issues have been detected.</ns0:tspan></ns0:title></ns0:use>
</ns0:a>
</ns0:svg>    </svg_graphics>
    <sugar id="/A/1101(NAG)">
      <link>
        <anomericity>beta</anomericity>
        <connected_to>0</connected_to>
        <phi>-110.677</phi>
        <psi>183.813</psi>
      </link>
      <detected_type>beta-D-aldopyranose</detected_type>
      <cremer-pople_Q>0.557026</cremer-pople_Q>
      <cremer-pople_Phi>258.024</cremer-pople_Phi>
      <cremer-pople_Theta>36.5657</cremer-pople_Theta>
      <mean_bfactor>36.5657</mean_bfactor>
      <conformation>4c1</conformation>
      <anomer>beta</anomer>
      <hand>D</hand>
      <stacked_against>
      </stacked_against>
      <validation>
        <conformation>yes</conformation>
        <anomer>yes</anomer>
        <hand>yes</hand>
        <puckering>yes</puckering>
      </validation>
    <sugar id="/A/1102(NAG)">
      <link>
        <anomericity>beta</anomericity>
        <connected_to>4</connected_to>
        <phi>-88.4405</phi>
        <psi>-113.394</psi>
      </link>
      <detected_type>beta-D-aldopyranose</detected_type>
      <cremer-pople_Q>0.560928</cremer-pople_Q>
      <cremer-pople_Phi>24.3735</cremer-pople_Phi>
      <cremer-pople_Theta>46.7536</cremer-pople_Theta>
      <mean_bfactor>46.7536</mean_bfactor>
      <conformation>4c1</conformation>
      <anomer>beta</anomer>
      <hand>D</hand>
      <stacked_against>
      </stacked_against>
      <validation>
        <conformation>yes</conformation>
        <anomer>yes</anomer>
        <hand>yes</hand>
        <puckering>yes</puckering>
      </validation>
    <sugar id="/A/1103(BMA)">
      <link>
        <anomericity>beta</anomericity>
        <connected_to>4</connected_to>
        <phi>-79.7228</phi>
        <psi>-147.133</psi>
      </link>
      <detected_type>beta-D-aldopyranose</detected_type>
      <cremer-pople_Q>0.56488</cremer-pople_Q>
      <cremer-pople_Phi>271.938</cremer-pople_Phi>
      <cremer-pople_Theta>53.9264</cremer-pople_Theta>
      <mean_bfactor>53.9264</mean_bfactor>
      <conformation>4c1</conformation>
      <anomer>beta</anomer>
      <hand>D</hand>
      <stacked_against>
      </stacked_against>
      <validation>
        <conformation>yes</conformation>
        <anomer>yes</anomer>
        <hand>yes</hand>
        <puckering>yes</puckering>
      </validation>
    <sugar id="/A/1106(MAN)">
      <link>
        <anomericity>alpha</anomericity>
        <connected_to>6</connected_to>
        <phi>46.8669</phi>
        <psi>-172.287</psi>
        <omega>0</omega>
      </link>
      <detected_type>alpha-D-aldopyranose</detected_type>
      <cremer-pople_Q>0.562795</cremer-pople_Q>
      <cremer-pople_Phi>294.713</cremer-pople_Phi>
      <cremer-pople_Theta>43.9373</cremer-pople_Theta>
      <mean_bfactor>43.9373</mean_bfactor>
      <conformation>4c1</conformation>
      <anomer>alpha</anomer>
      <hand>D</hand>
      <stacked_against>
      </stacked_against>
      <validation>
        <conformation>yes</conformation>
        <anomer>yes</anomer>
        <hand>yes</hand>
        <puckering>yes</puckering>
      </validation>
    </sugar>
    </sugar>
    </sugar>
    </sugar>
  </glycan>
  <glycan type="n-glycan" root="/A/316(ASN)" chain="A">
    <svg_graphics>
<ns0:svg version="1.1" width="290" height="66" viewBox="2515 980 415 95 " preserveAspectRatio="xMinYMinXMaxYMax meet">

  <ns0:style>
    .my_blue   { fill:#0090bc; }
    .my_red    { fill:#ed1c24; }
    .my_yellow { fill:#ffd400; }
  </ns0:style>
  <ns0:defs>
      <ns0:filter id="displace">
        <ns0:feTurbulence baseFrequency=".05" numOctaves="3" result="myturbulence" />
        <ns0:feDisplacementMap in="SourceGraphic" in2="myturbulence" scale="10" />
      </ns0:filter>

      <ns0:pattern id="half_yellow" x="0" y="0" width="50" height="50" patternUnits="userSpaceOnUse">
        <ns0:rect width="50" height="50" x="0" y="0" style="stroke:none; fill:#ffd400;" />
        <ns0:polygon points="0 0, 0 50, 50 50" rx="0" ry="0" style="stroke:#000000; stroke-width:1.5; fill:#ffffff;" />
      </ns0:pattern>
      <ns0:pattern id="half_blue" x="0" y="0" width="50" height="50" patternUnits="userSpaceOnUse">
        <ns0:rect width="50" height="50" x="0" y="0" style="stroke:none; fill:#0090bc;" />
        <ns0:polygon points="0 0, 0 50, 50 50" rx="0" ry="0" style="stroke:#000000; stroke-width:1.5; fill:#ffffff;" />
      </ns0:pattern>
      <ns0:pattern id="half_green" x="0" y="0" width="50" height="50" patternUnits="userSpaceOnUse">
        <ns0:rect width="50" height="50" x="0" y="0" style="stroke:none; fill:#00a651;" />
        <ns0:polygon points="0 0, 0 50, 50 50" rx="0" ry="0" style="stroke:#000000; stroke-width:1.5; fill:#ffffff;" />
      </ns0:pattern>
      <ns0:pattern id="yellow_left" x="0" y="0" width="50" height="50" patternUnits="userSpaceOnUse">
        <ns0:polygon points="25 0, 50 25, 25 50, 0 25" style="stroke:none; fill:#ffd400;" />
        <ns0:polygon points="25 0, 25 50, 0 25" rx="0" ry="0" style="stroke:#000000; stroke-width:1.5; fill:#ffffff;" />
      </ns0:pattern>
      <ns0:pattern id="blue_up" x="0" y="0" width="50" height="50" patternUnits="userSpaceOnUse">
        <ns0:polygon points="25 0, 50 25, 25 50, 0 25" style="stroke:none; fill:#0090bc;" />
        <ns0:polygon points="0 25, 50 25, 25 50" rx="0" ry="0" style="stroke:#000000; stroke-width:1.5; fill:#ffffff;" />
      </ns0:pattern>
      <ns0:pattern id="green_right" x="0" y="0" width="50" height="50" patternUnits="userSpaceOnUse">
        <ns0:polygon points="25 0, 50 25, 25 50, 0 25" style="stroke:none; fill:#00a651;" />
        <ns0:polygon points="0 25, 25 50, 25 0" rx="0" ry="0" style="stroke:#000000; stroke-width:1.5; fill:#ffffff;" />
      </ns0:pattern>
      <ns0:pattern id="tan_down" x="0" y="0" width="50" height="50" patternUnits="userSpaceOnUse">
        <ns0:polygon points="25 0, 50 25, 25 50, 0 25" style="stroke:none; fill:#966432;" />
        <ns0:polygon points="0 25, 50 25, 25 0" rx="0" ry="0" style="stroke:#000000; stroke-width:1.5; fill:#ffffff;" />
      </ns0:pattern>
<ns0:circle r="25" cx="25" cy="25" id="glc" style=" stroke:#000000; fill:#0090bc;stroke-width:2.8;" />
<ns0:circle r="25" cx="25" cy="25" id="gal" style=" stroke:#000000; fill:#ffd400;stroke-width:2.8;" />
<ns0:circle r="25" cx="25" cy="25" id="man" style=" stroke:#000000; fill:#00a651;stroke-width:2.8;" />
<ns0:polygon points="0 50, 25 0, 50 50" rx="0" ry="0" id="fuc" style=" stroke:#000000; fill:#ed1c24;stroke-width:2.8;" />
<ns0:polygon points="39.5,50 24.5,37.5 9.5,50 14.5,32.5 0,20 19.5,20 24.5,0 29.5,20 50,20 34.5,32.5" rx="0" ry="0" id="xyl" style=" stroke:#000000; fill:#ff7f00;stroke-width:2.8;" />
<ns0:rect width="50" height="50" id="glcnac" style=" stroke:#000000; fill:#0090bc;stroke-width:2.8;" />
<ns0:rect width="50" height="50" id="galnac" style=" stroke:#000000; fill:#ffd400;stroke-width:2.8;" />
<ns0:rect width="50" height="50" id="mannac" style=" stroke:#000000; fill:#00a651;stroke-width:2.8;" />
<ns0:rect width="50" height="50" id="glcn" style=" stroke:#000000; fill: url(#half_blue);stroke-width:2.8;" />
<ns0:rect width="50" height="50" id="galn" style=" stroke:#000000; fill: url(#half_yellow);stroke-width:2.8;" />
<ns0:rect width="50" height="50" id="mann" style=" stroke:#000000; fill: url(#half_green);stroke-width:2.8;" />
<ns0:polygon points="25 0, 50 25, 25 50, 0 25" rx="0" ry="0" id="neu5ac" style=" stroke:#000000; fill:#a54399;stroke-width:2.8;" />
<ns0:polygon points="25 0, 50 25, 25 50, 0 25" rx="0" ry="0" id="neu5gc" style=" stroke:#000000; fill:#8fcce9;stroke-width:2.8;" />
<ns0:polygon points="25 0, 50 25, 25 50, 0 25" rx="0" ry="0" id="kdn" style=" stroke:#000000; fill:#00a651;stroke-width:2.8;" />
<ns0:polygon points="25 0, 50 25, 25 50, 0 25" rx="0" ry="0" id="glca" style=" stroke:#000000; fill: url(#blue_up);stroke-width:2.8;" />
<ns0:polygon points="25 0, 50 25, 25 50, 0 25" rx="0" ry="0" id="idoa" style=" stroke:#000000; fill: url(#tan_down);stroke-width:2.8;" />
<ns0:polygon points="25 0, 50 25, 25 50, 0 25" rx="0" ry="0" id="gala" style=" stroke:#000000; fill: url(#yellow_left);stroke-width:2.8;" />
<ns0:polygon points="25 0, 50 25, 25 50, 0 25" rx="0" ry="0" id="mana" style=" stroke:#000000; fill: url(#green_right);stroke-width:2.8;" />
<ns0:line x1="0" y1="0" x2="110" y2="0" style="stroke:#000000; stroke-width:2; stroke-linecap:round; stroke-dasharray:9,6;" id="alpha" />
<ns0:line x1="0" y1="0" x2="110" y2="0" style="stroke:#000000; stroke-width:2; stroke-linecap:round;" id="beta" />
<ns0:polygon points="25 0, 50 11, 50 38, 25 50, 0 38, 0 11" rx="0" ry="0" id="unk" style=" stroke:#000000; fill:#ffffff;stroke-width:4.0; " />
  </ns0:defs>

<ns0:a id="anchor" ns1:href="mmdb:///A/1202" target="_top">  <ns0:use ns1:href="#beta" x="2640" y="1015" id="" transform="rotate(180 2640 1015)"><ns0:title>[ beta 1-4 ] with phi: -80.688; psi: -139.678;</ns0:title></ns0:use>
</ns0:a>
<ns0:a id="anchor" ns1:href="mmdb:///A/1201" target="_top">  <ns0:use ns1:href="#beta" x="2720" y="1015" id="" transform="rotate(180 2720 1015)"><ns0:title>[ beta 1-4 ] with phi: -72.0257; psi: -110.088;</ns0:title></ns0:use>
</ns0:a>
<ns0:a id="anchor" ns1:href="mmdb:///A/316" target="_top">  <ns0:use ns1:href="#beta" x="2800" y="1015" id="" transform="rotate(180 2800 1015)"><ns0:title>beta link. Phi: -109.528; Psi: 173.841;</ns0:title></ns0:use>
</ns0:a>
<ns0:a id="anchor" ns1:href="mmdb:///A/316" target="_top">  <ns0:g id="glycan_root" transform="translate(2768 990)">
    <ns0:rect width="160" height="50" rx="10" ry="10" style="stroke:#000000; fill:#ffffff; stroke-width:2.0;" />
    <ns0:line x1="30" y1="0" x2="30" y2="50" style="stroke:#000000; fill:#ffffff; stroke-width:2.0;" />
    <ns0:text x="7" y="32" class="my_blue" font-weight="bold" font-family="Helvetica" font-size="24">N</ns0:text>
    <ns0:text x="92" y="32" fill="black" text-anchor="middle" font-weight="bold" font-family="Helvetica" font-size="24">ASN<ns0:tspan baseline-shift="sub" font-weight="normal" font-size="20">A/316</ns0:tspan></ns0:text>
</ns0:g>
</ns0:a>
<ns0:a id="anchor" ns1:href="mmdb:///A/1201" target="_top">  <ns0:use ns1:href="#glcnac" x="2685" y="990" id=""><ns0:title><ns0:tspan>NAG 1201 in 4c1 conformation. </ns0:tspan><ns0:tspan>Mean B-factor: 33.84. </ns0:tspan><ns0:tspan>Detected type: beta-D-aldopyranose. </ns0:tspan><ns0:tspan>No issues have been detected.</ns0:tspan></ns0:title></ns0:use>
</ns0:a>
<ns0:a id="anchor" ns1:href="mmdb:///A/1202" target="_top">  <ns0:use ns1:href="#glcnac" x="2605" y="990" id=""><ns0:title><ns0:tspan>NAG 1202 in 4c1 conformation. </ns0:tspan><ns0:tspan>Mean B-factor: 33.79. </ns0:tspan><ns0:tspan>Detected type: beta-D-aldopyranose. </ns0:tspan><ns0:tspan>No issues have been detected.</ns0:tspan></ns0:title></ns0:use>
</ns0:a>
<ns0:a id="anchor" ns1:href="mmdb:///A/1203" target="_top">  <ns0:use ns1:href="#man" x="2525" y="990" id=""><ns0:title><ns0:tspan>BMA 1203 in 4c1 conformation. </ns0:tspan><ns0:tspan>Mean B-factor: 33.92. </ns0:tspan><ns0:tspan>Detected type: beta-D-aldopyranose. </ns0:tspan><ns0:tspan>No issues have been detected.</ns0:tspan></ns0:title></ns0:use>
</ns0:a>
</ns0:svg>    </svg_graphics>
    <sugar id="/A/1201(NAG)">
      <link>
        <anomericity>beta</anomericity>
        <connected_to>0</connected_to>
        <phi>-109.528</phi>
        <psi>173.841</psi>
      </link>
      <detected_type>beta-D-aldopyranose</detected_type>
      <cremer-pople_Q>0.562729</cremer-pople_Q>
      <cremer-pople_Phi>42.8763</cremer-pople_Phi>
      <cremer-pople_Theta>33.8357</cremer-pople_Theta>
      <mean_bfactor>33.8357</mean_bfactor>
      <conformation>4c1</conformation>
      <anomer>beta</anomer>
      <hand>D</hand>
      <stacked_against>
      </stacked_against>
      <validation>
        <conformation>yes</conformation>
        <anomer>yes</anomer>
        <hand>yes</hand>
        <puckering>yes</puckering>
      </validation>
    <sugar id="/A/1202(NAG)">
      <link>
        <anomericity>beta</anomericity>
        <connected_to>4</connected_to>
        <phi>-72.0257</phi>
        <psi>-110.088</psi>
      </link>
      <detected_type>beta-D-aldopyranose</detected_type>
      <cremer-pople_Q>0.541814</cremer-pople_Q>
      <cremer-pople_Phi>289.672</cremer-pople_Phi>
      <cremer-pople_Theta>33.79</cremer-pople_Theta>
      <mean_bfactor>33.79</mean_bfactor>
      <conformation>4c1</conformation>
      <anomer>beta</anomer>
      <hand>D</hand>
      <stacked_against>
      </stacked_against>
      <validation>
        <conformation>yes</conformation>
        <anomer>yes</anomer>
        <hand>yes</hand>
        <puckering>yes</puckering>
      </validation>
    <sugar id="/A/1203(BMA)">
      <link>
        <anomericity>beta</anomericity>
        <connected_to>4</connected_to>
        <phi>-80.688</phi>
        <psi>-139.678</psi>
      </link>
      <detected_type>beta-D-aldopyranose</detected_type>
      <cremer-pople_Q>0.575599</cremer-pople_Q>
      <cremer-pople_Phi>112.082</cremer-pople_Phi>
      <cremer-pople_Theta>33.9191</cremer-pople_Theta>
      <mean_bfactor>33.9191</mean_bfactor>
      <conformation>4c1</conformation>
      <anomer>beta</anomer>
      <hand>D</hand>
      <stacked_against>
      </stacked_against>
      <validation>
        <conformation>yes</conformation>
        <anomer>yes</anomer>
        <hand>yes</hand>
        <puckering>yes</puckering>
      </validation>
    </sugar>
    </sugar>
    </sugar>
  </glycan>
  <glycan type="n-glycan" root="/A/323(ASN)" chain="A">
    <svg_graphics>
<ns0:svg version="1.1" width="402" height="329" viewBox="2355 820 575 470 " preserveAspectRatio="xMinYMinXMaxYMax meet">

  <ns0:style>
    .my_blue   { fill:#0090bc; }
    .my_red    { fill:#ed1c24; }
    .my_yellow { fill:#ffd400; }
  </ns0:style>
  <ns0:defs>
      <ns0:filter id="displace">
        <ns0:feTurbulence baseFrequency=".05" numOctaves="3" result="myturbulence" />
        <ns0:feDisplacementMap in="SourceGraphic" in2="myturbulence" scale="10" />
      </ns0:filter>

      <ns0:pattern id="half_yellow" x="0" y="0" width="50" height="50" patternUnits="userSpaceOnUse">
        <ns0:rect width="50" height="50" x="0" y="0" style="stroke:none; fill:#ffd400;" />
        <ns0:polygon points="0 0, 0 50, 50 50" rx="0" ry="0" style="stroke:#000000; stroke-width:1.5; fill:#ffffff;" />
      </ns0:pattern>
      <ns0:pattern id="half_blue" x="0" y="0" width="50" height="50" patternUnits="userSpaceOnUse">
        <ns0:rect width="50" height="50" x="0" y="0" style="stroke:none; fill:#0090bc;" />
        <ns0:polygon points="0 0, 0 50, 50 50" rx="0" ry="0" style="stroke:#000000; stroke-width:1.5; fill:#ffffff;" />
      </ns0:pattern>
      <ns0:pattern id="half_green" x="0" y="0" width="50" height="50" patternUnits="userSpaceOnUse">
        <ns0:rect width="50" height="50" x="0" y="0" style="stroke:none; fill:#00a651;" />
        <ns0:polygon points="0 0, 0 50, 50 50" rx="0" ry="0" style="stroke:#000000; stroke-width:1.5; fill:#ffffff;" />
      </ns0:pattern>
      <ns0:pattern id="yellow_left" x="0" y="0" width="50" height="50" patternUnits="userSpaceOnUse">
        <ns0:polygon points="25 0, 50 25, 25 50, 0 25" style="stroke:none; fill:#ffd400;" />
        <ns0:polygon points="25 0, 25 50, 0 25" rx="0" ry="0" style="stroke:#000000; stroke-width:1.5; fill:#ffffff;" />
      </ns0:pattern>
      <ns0:pattern id="blue_up" x="0" y="0" width="50" height="50" patternUnits="userSpaceOnUse">
        <ns0:polygon points="25 0, 50 25, 25 50, 0 25" style="stroke:none; fill:#0090bc;" />
        <ns0:polygon points="0 25, 50 25, 25 50" rx="0" ry="0" style="stroke:#000000; stroke-width:1.5; fill:#ffffff;" />
      </ns0:pattern>
      <ns0:pattern id="green_right" x="0" y="0" width="50" height="50" patternUnits="userSpaceOnUse">
        <ns0:polygon points="25 0, 50 25, 25 50, 0 25" style="stroke:none; fill:#00a651;" />
        <ns0:polygon points="0 25, 25 50, 25 0" rx="0" ry="0" style="stroke:#000000; stroke-width:1.5; fill:#ffffff;" />
      </ns0:pattern>
      <ns0:pattern id="tan_down" x="0" y="0" width="50" height="50" patternUnits="userSpaceOnUse">
        <ns0:polygon points="25 0, 50 25, 25 50, 0 25" style="stroke:none; fill:#966432;" />
        <ns0:polygon points="0 25, 50 25, 25 0" rx="0" ry="0" style="stroke:#000000; stroke-width:1.5; fill:#ffffff;" />
      </ns0:pattern>
<ns0:circle r="25" cx="25" cy="25" id="glc" style=" stroke:#000000; fill:#0090bc;stroke-width:2.8;" />
<ns0:circle r="25" cx="25" cy="25" id="gal" style=" stroke:#000000; fill:#ffd400;stroke-width:2.8;" />
<ns0:circle r="25" cx="25" cy="25" id="man" style=" stroke:#000000; fill:#00a651;stroke-width:2.8;" />
<ns0:polygon points="0 50, 25 0, 50 50" rx="0" ry="0" id="fuc" style=" stroke:#000000; fill:#ed1c24;stroke-width:2.8;" />
<ns0:polygon points="39.5,50 24.5,37.5 9.5,50 14.5,32.5 0,20 19.5,20 24.5,0 29.5,20 50,20 34.5,32.5" rx="0" ry="0" id="xyl" style=" stroke:#000000; fill:#ff7f00;stroke-width:2.8;" />
<ns0:rect width="50" height="50" id="glcnac" style=" stroke:#000000; fill:#0090bc;stroke-width:2.8;" />
<ns0:rect width="50" height="50" id="galnac" style=" stroke:#000000; fill:#ffd400;stroke-width:2.8;" />
<ns0:rect width="50" height="50" id="mannac" style=" stroke:#000000; fill:#00a651;stroke-width:2.8;" />
<ns0:rect width="50" height="50" id="glcn" style=" stroke:#000000; fill: url(#half_blue);stroke-width:2.8;" />
<ns0:rect width="50" height="50" id="galn" style=" stroke:#000000; fill: url(#half_yellow);stroke-width:2.8;" />
<ns0:rect width="50" height="50" id="mann" style=" stroke:#000000; fill: url(#half_green);stroke-width:2.8;" />
<ns0:polygon points="25 0, 50 25, 25 50, 0 25" rx="0" ry="0" id="neu5ac" style=" stroke:#000000; fill:#a54399;stroke-width:2.8;" />
<ns0:polygon points="25 0, 50 25, 25 50, 0 25" rx="0" ry="0" id="neu5gc" style=" stroke:#000000; fill:#8fcce9;stroke-width:2.8;" />
<ns0:polygon points="25 0, 50 25, 25 50, 0 25" rx="0" ry="0" id="kdn" style=" stroke:#000000; fill:#00a651;stroke-width:2.8;" />
<ns0:polygon points="25 0, 50 25, 25 50, 0 25" rx="0" ry="0" id="glca" style=" stroke:#000000; fill: url(#blue_up);stroke-width:2.8;" />
<ns0:polygon points="25 0, 50 25, 25 50, 0 25" rx="0" ry="0" id="idoa" style=" stroke:#000000; fill: url(#tan_down);stroke-width:2.8;" />
<ns0:polygon points="25 0, 50 25, 25 50, 0 25" rx="0" ry="0" id="gala" style=" stroke:#000000; fill: url(#yellow_left);stroke-width:2.8;" />
<ns0:polygon points="25 0, 50 25, 25 50, 0 25" rx="0" ry="0" id="mana" style=" stroke:#000000; fill: url(#green_right);stroke-width:2.8;" />
<ns0:line x1="0" y1="0" x2="110" y2="0" style="stroke:#000000; stroke-width:2; stroke-linecap:round; stroke-dasharray:9,6;" id="alpha" />
<ns0:line x1="0" y1="0" x2="110" y2="0" style="stroke:#000000; stroke-width:2; stroke-linecap:round;" id="beta" />
<ns0:polygon points="25 0, 50 11, 50 38, 25 50, 0 38, 0 11" rx="0" ry="0" id="unk" style=" stroke:#000000; fill:#ffffff;stroke-width:4.0; " />
  </ns0:defs>

<ns0:a id="anchor" ns1:href="mmdb:///A/1310" target="_top">  <ns0:use ns1:href="#alpha" x="2390" y="845" id="" transform="rotate(90 2390 845)"><ns0:title>[ alpha 1-2 ] with phi: 84.721; psi: 163.685;</ns0:title></ns0:use>
</ns0:a>
<ns0:a id="anchor" ns1:href="mmdb:///A/1307" target="_top">  <ns0:use ns1:href="#alpha" x="2470" y="935" id="" transform="rotate(-135 2470 935)"><ns0:title>[ alpha 1-6 ] with phi: 72.8326; psi: -167.874; omega: 0;</ns0:title></ns0:use>
</ns0:a>
<ns0:a id="anchor" ns1:href="mmdb:///A/1308" target="_top">  <ns0:use ns1:href="#alpha" x="2390" y="1005" id="" transform="rotate(90 2390 1005)"><ns0:title>[ alpha 1-2 ] with phi: 85.139; psi: 134.482;</ns0:title></ns0:use>
</ns0:a>
<ns0:a id="anchor" ns1:href="mmdb:///A/1307" target="_top">  <ns0:use ns1:href="#alpha" x="2470" y="935" id="" transform="rotate(-225 2470 935)"><ns0:title>[ alpha 1-3 ] with phi: 75.1219; psi: 125.413;</ns0:title></ns0:use>
</ns0:a>
<ns0:a id="anchor" ns1:href="mmdb:///A/1303" target="_top">  <ns0:use ns1:href="#alpha" x="2550" y="1015" id="" transform="rotate(-135 2550 1015)"><ns0:title>[ alpha 1-6 ] with phi: 55.2826; psi: 176.218; omega: -0;</ns0:title></ns0:use>
</ns0:a>
<ns0:a id="anchor" ns1:href="mmdb:///A/1305" target="_top">  <ns0:use ns1:href="#alpha" x="2470" y="1165" id="" transform="rotate(90 2470 1165)"><ns0:title>[ alpha 1-2 ] with phi: 82.4742; psi: 133.13;</ns0:title></ns0:use>
</ns0:a>
<ns0:a id="anchor" ns1:href="mmdb:///A/1304" target="_top">  <ns0:use ns1:href="#alpha" x="2470" y="1085" id="" transform="rotate(90 2470 1085)"><ns0:title>[ alpha 1-2 ] with phi: 93.446; psi: 154.412;</ns0:title></ns0:use>
</ns0:a>
<ns0:a id="anchor" ns1:href="mmdb:///A/1303" target="_top">  <ns0:use ns1:href="#alpha" x="2550" y="1015" id="" transform="rotate(-225 2550 1015)"><ns0:title>[ alpha 1-3 ] with phi: 102.86; psi: 108.332;</ns0:title></ns0:use>
</ns0:a>
<ns0:a id="anchor" ns1:href="mmdb:///A/1302" target="_top">  <ns0:use ns1:href="#beta" x="2640" y="1015" id="" transform="rotate(180 2640 1015)"><ns0:title>[ beta 1-4 ] with phi: -60.8884; psi: -115.878;</ns0:title></ns0:use>
</ns0:a>
<ns0:a id="anchor" ns1:href="mmdb:///A/1301" target="_top">  <ns0:use ns1:href="#beta" x="2720" y="1015" id="" transform="rotate(180 2720 1015)"><ns0:title>[ beta 1-4 ] with phi: -85.4689; psi: -149.2;</ns0:title></ns0:use>
</ns0:a>
<ns0:a id="anchor" ns1:href="mmdb:///A/323" target="_top">  <ns0:use ns1:href="#beta" x="2800" y="1015" id="" transform="rotate(180 2800 1015)"><ns0:title>beta link. Phi: -122.935; Psi: 180.728;</ns0:title></ns0:use>
</ns0:a>
<ns0:a id="anchor" ns1:href="mmdb:///A/323" target="_top">  <ns0:g id="glycan_root" transform="translate(2768 990)">
    <ns0:rect width="160" height="50" rx="10" ry="10" style="stroke:#000000; fill:#ffffff; stroke-width:2.0;" />
    <ns0:line x1="30" y1="0" x2="30" y2="50" style="stroke:#000000; fill:#ffffff; stroke-width:2.0;" />
    <ns0:text x="7" y="32" class="my_blue" font-weight="bold" font-family="Helvetica" font-size="24">N</ns0:text>
    <ns0:text x="92" y="32" fill="black" text-anchor="middle" font-weight="bold" font-family="Helvetica" font-size="24">ASN<ns0:tspan baseline-shift="sub" font-weight="normal" font-size="20">A/323</ns0:tspan></ns0:text>
</ns0:g>
</ns0:a>
<ns0:a id="anchor" ns1:href="mmdb:///A/1301" target="_top">  <ns0:use ns1:href="#glcnac" x="2685" y="990" id=""><ns0:title><ns0:tspan>NAG 1301 in 4c1 conformation. </ns0:tspan><ns0:tspan>Mean B-factor: 42.44. </ns0:tspan><ns0:tspan>Detected type: beta-D-aldopyranose. </ns0:tspan><ns0:tspan>No issues have been detected.</ns0:tspan></ns0:title></ns0:use>
</ns0:a>
<ns0:a id="anchor" ns1:href="mmdb:///A/1302" target="_top">  <ns0:use ns1:href="#glcnac" x="2605" y="990" id=""><ns0:title><ns0:tspan>NAG 1302 in 4c1 conformation. </ns0:tspan><ns0:tspan>Mean B-factor: 40.22. </ns0:tspan><ns0:tspan>Detected type: beta-D-aldopyranose. </ns0:tspan><ns0:tspan>No issues have been detected.</ns0:tspan></ns0:title></ns0:use>
</ns0:a>
<ns0:a id="anchor" ns1:href="mmdb:///A/1303" target="_top">  <ns0:use ns1:href="#man" x="2525" y="990" id=""><ns0:title><ns0:tspan>BMA 1303 in 4c1 conformation. </ns0:tspan><ns0:tspan>Mean B-factor: 36.12. </ns0:tspan><ns0:tspan>Detected type: beta-D-aldopyranose. </ns0:tspan><ns0:tspan>No issues have been detected.</ns0:tspan></ns0:title></ns0:use>
</ns0:a>
<ns0:a id="anchor" ns1:href="mmdb:///A/1304" target="_top">  <ns0:use ns1:href="#man" x="2445" y="1070" id=""><ns0:title><ns0:tspan>MAN 1304 in 4c1 conformation. </ns0:tspan><ns0:tspan>Mean B-factor: 47.08. </ns0:tspan><ns0:tspan>Detected type: alpha-D-aldopyranose. </ns0:tspan><ns0:tspan>No issues have been detected.</ns0:tspan></ns0:title></ns0:use>
</ns0:a>
<ns0:a id="anchor" ns1:href="mmdb:///A/1305" target="_top">  <ns0:use ns1:href="#man" x="2445" y="1150" id=""><ns0:title><ns0:tspan>MAN 1305 in 4c1 conformation. </ns0:tspan><ns0:tspan>Mean B-factor: 65.00. </ns0:tspan><ns0:tspan>Detected type: alpha-D-aldopyranose. </ns0:tspan><ns0:tspan>No issues have been detected.</ns0:tspan></ns0:title></ns0:use>
</ns0:a>
<ns0:a id="anchor" ns1:href="mmdb:///A/1306" target="_top">  <ns0:use ns1:href="#man" x="2445" y="1230" id=""><ns0:title><ns0:tspan>MAN 1306 in 4c1 conformation. </ns0:tspan><ns0:tspan>Mean B-factor: 52.02. </ns0:tspan><ns0:tspan>Detected type: alpha-D-aldopyranose. </ns0:tspan><ns0:tspan>No issues have been detected.</ns0:tspan></ns0:title></ns0:use>
</ns0:a>
<ns0:a id="anchor" ns1:href="mmdb:///A/1307" target="_top">  <ns0:use ns1:href="#man" x="2445" y="910" id=""><ns0:title><ns0:tspan>MAN 1307 in 4c1 conformation. </ns0:tspan><ns0:tspan>Mean B-factor: 34.27. </ns0:tspan><ns0:tspan>Detected type: alpha-D-aldopyranose. </ns0:tspan><ns0:tspan>No issues have been detected.</ns0:tspan></ns0:title></ns0:use>
</ns0:a>
<ns0:a id="anchor" ns1:href="mmdb:///A/1308" target="_top">  <ns0:use ns1:href="#man" x="2365" y="990" id=""><ns0:title><ns0:tspan>MAN 1308 in 4c1 conformation. </ns0:tspan><ns0:tspan>Mean B-factor: 36.84. </ns0:tspan><ns0:tspan>Detected type: alpha-D-aldopyranose. </ns0:tspan><ns0:tspan>No issues have been detected.</ns0:tspan></ns0:title></ns0:use>
</ns0:a>
<ns0:a id="anchor" ns1:href="mmdb:///A/1309" target="_top">  <ns0:use ns1:href="#man" x="2365" y="1070" id=""><ns0:title><ns0:tspan>MAN 1309 in 4c1 conformation. </ns0:tspan><ns0:tspan>Mean B-factor: 50.95. </ns0:tspan><ns0:tspan>Detected type: alpha-D-aldopyranose. </ns0:tspan><ns0:tspan>No issues have been detected.</ns0:tspan></ns0:title></ns0:use>
</ns0:a>
<ns0:a id="anchor" ns1:href="mmdb:///A/1310" target="_top">  <ns0:use ns1:href="#man" x="2365" y="830" id=""><ns0:title><ns0:tspan>MAN 1310 in 4c1 conformation. </ns0:tspan><ns0:tspan>Mean B-factor: 41.83. </ns0:tspan><ns0:tspan>Detected type: alpha-D-aldopyranose. </ns0:tspan><ns0:tspan>No issues have been detected.</ns0:tspan></ns0:title></ns0:use>
</ns0:a>
<ns0:a id="anchor" ns1:href="mmdb:///A/1311" target="_top">  <ns0:use ns1:href="#man" x="2365" y="910" id=""><ns0:title><ns0:tspan>MAN 1311 in 4c1 conformation. </ns0:tspan><ns0:tspan>Mean B-factor: 38.45. </ns0:tspan><ns0:tspan>Detected type: alpha-D-aldopyranose. </ns0:tspan><ns0:tspan>No issues have been detected.</ns0:tspan></ns0:title></ns0:use>
</ns0:a>
</ns0:svg>    </svg_graphics>
    <sugar id="/A/1301(NAG)">
      <link>
        <anomericity>beta</anomericity>
        <connected_to>0</connected_to>
        <phi>-122.935</phi>
        <psi>180.728</psi>
      </link>
      <detected_type>beta-D-aldopyranose</detected_type>
      <cremer-pople_Q>0.556325</cremer-pople_Q>
      <cremer-pople_Phi>24.2468</cremer-pople_Phi>
      <cremer-pople_Theta>42.4436</cremer-pople_Theta>
      <mean_bfactor>42.4436</mean_bfactor>
      <conformation>4c1</conformation>
      <anomer>beta</anomer>
      <hand>D</hand>
      <stacked_against>
      </stacked_against>
      <validation>
        <conformation>yes</conformation>
        <anomer>yes</anomer>
        <hand>yes</hand>
        <puckering>yes</puckering>
      </validation>
    <sugar id="/A/1302(NAG)">
      <link>
        <anomericity>beta</anomericity>
        <connected_to>4</connected_to>
        <phi>-85.4689</phi>
        <psi>-149.2</psi>
      </link>
      <detected_type>beta-D-aldopyranose</detected_type>
      <cremer-pople_Q>0.530759</cremer-pople_Q>
      <cremer-pople_Phi>316.648</cremer-pople_Phi>
      <cremer-pople_Theta>40.22</cremer-pople_Theta>
      <mean_bfactor>40.22</mean_bfactor>
      <conformation>4c1</conformation>
      <anomer>beta</anomer>
      <hand>D</hand>
      <stacked_against>
      </stacked_against>
      <validation>
        <conformation>yes</conformation>
        <anomer>yes</anomer>
        <hand>yes</hand>
        <puckering>yes</puckering>
      </validation>
    <sugar id="/A/1303(BMA)">
      <link>
        <anomericity>beta</anomericity>
        <connected_to>4</connected_to>
        <phi>-60.8884</phi>
        <psi>-115.878</psi>
      </link>
      <detected_type>beta-D-aldopyranose</detected_type>
      <cremer-pople_Q>0.566918</cremer-pople_Q>
      <cremer-pople_Phi>11.9608</cremer-pople_Phi>
      <cremer-pople_Theta>36.1164</cremer-pople_Theta>
      <mean_bfactor>36.1164</mean_bfactor>
      <conformation>4c1</conformation>
      <anomer>beta</anomer>
      <hand>D</hand>
      <stacked_against>
      </stacked_against>
      <validation>
        <conformation>yes</conformation>
        <anomer>yes</anomer>
        <hand>yes</hand>
        <puckering>yes</puckering>
      </validation>
    <sugar id="/A/1304(MAN)">
      <link>
        <anomericity>alpha</anomericity>
        <connected_to>3</connected_to>
        <phi>102.86</phi>
        <psi>108.332</psi>
      </link>
      <detected_type>alpha-D-aldopyranose</detected_type>
      <cremer-pople_Q>0.564727</cremer-pople_Q>
      <cremer-pople_Phi>10.7096</cremer-pople_Phi>
      <cremer-pople_Theta>47.0836</cremer-pople_Theta>
      <mean_bfactor>47.0836</mean_bfactor>
      <conformation>4c1</conformation>
      <anomer>alpha</anomer>
      <hand>D</hand>
      <stacked_against>
      </stacked_against>
      <validation>
        <conformation>yes</conformation>
        <anomer>yes</anomer>
        <hand>yes</hand>
        <puckering>yes</puckering>
      </validation>
    <sugar id="/A/1305(MAN)">
      <link>
        <anomericity>alpha</anomericity>
        <connected_to>2</connected_to>
        <phi>93.446</phi>
        <psi>154.412</psi>
      </link>
      <detected_type>alpha-D-aldopyranose</detected_type>
      <cremer-pople_Q>0.570775</cremer-pople_Q>
      <cremer-pople_Phi>57.2577</cremer-pople_Phi>
      <cremer-pople_Theta>65.0027</cremer-pople_Theta>
      <mean_bfactor>65.0027</mean_bfactor>
      <conformation>4c1</conformation>
      <anomer>alpha</anomer>
      <hand>D</hand>
      <stacked_against>
      </stacked_against>
      <validation>
        <conformation>yes</conformation>
        <anomer>yes</anomer>
        <hand>yes</hand>
        <puckering>yes</puckering>
      </validation>
    <sugar id="/A/1306(MAN)">
      <link>
        <anomericity>alpha</anomericity>
        <connected_to>2</connected_to>
        <phi>82.4742</phi>
        <psi>133.13</psi>
      </link>
      <detected_type>alpha-D-aldopyranose</detected_type>
      <cremer-pople_Q>0.559642</cremer-pople_Q>
      <cremer-pople_Phi>0.254017</cremer-pople_Phi>
      <cremer-pople_Theta>52.0245</cremer-pople_Theta>
      <mean_bfactor>52.0245</mean_bfactor>
      <conformation>4c1</conformation>
      <anomer>alpha</anomer>
      <hand>D</hand>
      <stacked_against>
      </stacked_against>
      <validation>
        <conformation>yes</conformation>
        <anomer>yes</anomer>
        <hand>yes</hand>
        <puckering>yes</puckering>
      </validation>
    </sugar>
    </sugar>
    </sugar>
    <sugar id="/A/1307(MAN)">
      <link>
        <anomericity>alpha</anomericity>
        <connected_to>6</connected_to>
        <phi>55.2826</phi>
        <psi>176.218</psi>
        <omega>-0</omega>
      </link>
      <detected_type>alpha-D-aldopyranose</detected_type>
      <cremer-pople_Q>0.564586</cremer-pople_Q>
      <cremer-pople_Phi>354.78</cremer-pople_Phi>
      <cremer-pople_Theta>34.27</cremer-pople_Theta>
      <mean_bfactor>34.27</mean_bfactor>
      <conformation>4c1</conformation>
      <anomer>alpha</anomer>
      <hand>D</hand>
      <stacked_against>
      </stacked_against>
      <validation>
        <conformation>yes</conformation>
        <anomer>yes</anomer>
        <hand>yes</hand>
        <puckering>yes</puckering>
      </validation>
    <sugar id="/A/1308(MAN)">
      <link>
        <anomericity>alpha</anomericity>
        <connected_to>3</connected_to>
        <phi>75.1219</phi>
        <psi>125.413</psi>
      </link>
      <detected_type>alpha-D-aldopyranose</detected_type>
      <cremer-pople_Q>0.566755</cremer-pople_Q>
      <cremer-pople_Phi>274.794</cremer-pople_Phi>
      <cremer-pople_Theta>36.84</cremer-pople_Theta>
      <mean_bfactor>36.84</mean_bfactor>
      <conformation>4c1</conformation>
      <anomer>alpha</anomer>
      <hand>D</hand>
      <stacked_against>
      </stacked_against>
      <validation>
        <conformation>yes</conformation>
        <anomer>yes</anomer>
        <hand>yes</hand>
        <puckering>yes</puckering>
      </validation>
    <sugar id="/A/1309(MAN)">
      <link>
        <anomericity>alpha</anomericity>
        <connected_to>2</connected_to>
        <phi>85.139</phi>
        <psi>134.482</psi>
      </link>
      <detected_type>alpha-D-aldopyranose</detected_type>
      <cremer-pople_Q>0.564555</cremer-pople_Q>
      <cremer-pople_Phi>346.95</cremer-pople_Phi>
      <cremer-pople_Theta>50.95</cremer-pople_Theta>
      <mean_bfactor>50.95</mean_bfactor>
      <conformation>4c1</conformation>
      <anomer>alpha</anomer>
      <hand>D</hand>
      <stacked_against>
      </stacked_against>
      <validation>
        <conformation>yes</conformation>
        <anomer>yes</anomer>
        <hand>yes</hand>
        <puckering>yes</puckering>
      </validation>
    </sugar>
    </sugar>
    <sugar id="/A/1310(MAN)">
      <link>
        <anomericity>alpha</anomericity>
        <connected_to>6</connected_to>
        <phi>72.8326</phi>
        <psi>-167.874</psi>
        <omega>0</omega>
      </link>
      <detected_type>alpha-D-aldopyranose</detected_type>
      <cremer-pople_Q>0.566304</cremer-pople_Q>
      <cremer-pople_Phi>76.3326</cremer-pople_Phi>
      <cremer-pople_Theta>41.8273</cremer-pople_Theta>
      <mean_bfactor>41.8273</mean_bfactor>
      <conformation>4c1</conformation>
      <anomer>alpha</anomer>
      <hand>D</hand>
      <stacked_against>
      </stacked_against>
      <validation>
        <conformation>yes</conformation>
        <anomer>yes</anomer>
        <hand>yes</hand>
        <puckering>yes</puckering>
      </validation>
    <sugar id="/A/1311(MAN)">
      <link>
        <anomericity>alpha</anomericity>
        <connected_to>2</connected_to>
        <phi>84.721</phi>
        <psi>163.685</psi>
      </link>
      <detected_type>alpha-D-aldopyranose</detected_type>
      <cremer-pople_Q>0.567937</cremer-pople_Q>
      <cremer-pople_Phi>72.8467</cremer-pople_Phi>
      <cremer-pople_Theta>38.4491</cremer-pople_Theta>
      <mean_bfactor>38.4491</mean_bfactor>
      <conformation>4c1</conformation>
      <anomer>alpha</anomer>
      <hand>D</hand>
      <stacked_against>
      </stacked_against>
      <validation>
        <conformation>yes</conformation>
        <anomer>yes</anomer>
        <hand>yes</hand>
        <puckering>yes</puckering>
      </validation>
    </sugar>
    </sugar>
    </sugar>
    </sugar>
    </sugar>
    </sugar>
  </glycan>
  <glycan type="n-glycan" root="/A/443(ASN)" chain="A">
    <svg_graphics>
<ns0:svg version="1.1" width="234" height="66" viewBox="2595 980 335 95 " preserveAspectRatio="xMinYMinXMaxYMax meet">

  <ns0:style>
    .my_blue   { fill:#0090bc; }
    .my_red    { fill:#ed1c24; }
    .my_yellow { fill:#ffd400; }
  </ns0:style>
  <ns0:defs>
      <ns0:filter id="displace">
        <ns0:feTurbulence baseFrequency=".05" numOctaves="3" result="myturbulence" />
        <ns0:feDisplacementMap in="SourceGraphic" in2="myturbulence" scale="10" />
      </ns0:filter>

      <ns0:pattern id="half_yellow" x="0" y="0" width="50" height="50" patternUnits="userSpaceOnUse">
        <ns0:rect width="50" height="50" x="0" y="0" style="stroke:none; fill:#ffd400;" />
        <ns0:polygon points="0 0, 0 50, 50 50" rx="0" ry="0" style="stroke:#000000; stroke-width:1.5; fill:#ffffff;" />
      </ns0:pattern>
      <ns0:pattern id="half_blue" x="0" y="0" width="50" height="50" patternUnits="userSpaceOnUse">
        <ns0:rect width="50" height="50" x="0" y="0" style="stroke:none; fill:#0090bc;" />
        <ns0:polygon points="0 0, 0 50, 50 50" rx="0" ry="0" style="stroke:#000000; stroke-width:1.5; fill:#ffffff;" />
      </ns0:pattern>
      <ns0:pattern id="half_green" x="0" y="0" width="50" height="50" patternUnits="userSpaceOnUse">
        <ns0:rect width="50" height="50" x="0" y="0" style="stroke:none; fill:#00a651;" />
        <ns0:polygon points="0 0, 0 50, 50 50" rx="0" ry="0" style="stroke:#000000; stroke-width:1.5; fill:#ffffff;" />
      </ns0:pattern>
      <ns0:pattern id="yellow_left" x="0" y="0" width="50" height="50" patternUnits="userSpaceOnUse">
        <ns0:polygon points="25 0, 50 25, 25 50, 0 25" style="stroke:none; fill:#ffd400;" />
        <ns0:polygon points="25 0, 25 50, 0 25" rx="0" ry="0" style="stroke:#000000; stroke-width:1.5; fill:#ffffff;" />
      </ns0:pattern>
      <ns0:pattern id="blue_up" x="0" y="0" width="50" height="50" patternUnits="userSpaceOnUse">
        <ns0:polygon points="25 0, 50 25, 25 50, 0 25" style="stroke:none; fill:#0090bc;" />
        <ns0:polygon points="0 25, 50 25, 25 50" rx="0" ry="0" style="stroke:#000000; stroke-width:1.5; fill:#ffffff;" />
      </ns0:pattern>
      <ns0:pattern id="green_right" x="0" y="0" width="50" height="50" patternUnits="userSpaceOnUse">
        <ns0:polygon points="25 0, 50 25, 25 50, 0 25" style="stroke:none; fill:#00a651;" />
        <ns0:polygon points="0 25, 25 50, 25 0" rx="0" ry="0" style="stroke:#000000; stroke-width:1.5; fill:#ffffff;" />
      </ns0:pattern>
      <ns0:pattern id="tan_down" x="0" y="0" width="50" height="50" patternUnits="userSpaceOnUse">
        <ns0:polygon points="25 0, 50 25, 25 50, 0 25" style="stroke:none; fill:#966432;" />
        <ns0:polygon points="0 25, 50 25, 25 0" rx="0" ry="0" style="stroke:#000000; stroke-width:1.5; fill:#ffffff;" />
      </ns0:pattern>
<ns0:circle r="25" cx="25" cy="25" id="glc" style=" stroke:#000000; fill:#0090bc;stroke-width:2.8;" />
<ns0:circle r="25" cx="25" cy="25" id="gal" style=" stroke:#000000; fill:#ffd400;stroke-width:2.8;" />
<ns0:circle r="25" cx="25" cy="25" id="man" style=" stroke:#000000; fill:#00a651;stroke-width:2.8;" />
<ns0:polygon points="0 50, 25 0, 50 50" rx="0" ry="0" id="fuc" style=" stroke:#000000; fill:#ed1c24;stroke-width:2.8;" />
<ns0:polygon points="39.5,50 24.5,37.5 9.5,50 14.5,32.5 0,20 19.5,20 24.5,0 29.5,20 50,20 34.5,32.5" rx="0" ry="0" id="xyl" style=" stroke:#000000; fill:#ff7f00;stroke-width:2.8;" />
<ns0:rect width="50" height="50" id="glcnac" style=" stroke:#000000; fill:#0090bc;stroke-width:2.8;" />
<ns0:rect width="50" height="50" id="galnac" style=" stroke:#000000; fill:#ffd400;stroke-width:2.8;" />
<ns0:rect width="50" height="50" id="mannac" style=" stroke:#000000; fill:#00a651;stroke-width:2.8;" />
<ns0:rect width="50" height="50" id="glcn" style=" stroke:#000000; fill: url(#half_blue);stroke-width:2.8;" />
<ns0:rect width="50" height="50" id="galn" style=" stroke:#000000; fill: url(#half_yellow);stroke-width:2.8;" />
<ns0:rect width="50" height="50" id="mann" style=" stroke:#000000; fill: url(#half_green);stroke-width:2.8;" />
<ns0:polygon points="25 0, 50 25, 25 50, 0 25" rx="0" ry="0" id="neu5ac" style=" stroke:#000000; fill:#a54399;stroke-width:2.8;" />
<ns0:polygon points="25 0, 50 25, 25 50, 0 25" rx="0" ry="0" id="neu5gc" style=" stroke:#000000; fill:#8fcce9;stroke-width:2.8;" />
<ns0:polygon points="25 0, 50 25, 25 50, 0 25" rx="0" ry="0" id="kdn" style=" stroke:#000000; fill:#00a651;stroke-width:2.8;" />
<ns0:polygon points="25 0, 50 25, 25 50, 0 25" rx="0" ry="0" id="glca" style=" stroke:#000000; fill: url(#blue_up);stroke-width:2.8;" />
<ns0:polygon points="25 0, 50 25, 25 50, 0 25" rx="0" ry="0" id="idoa" style=" stroke:#000000; fill: url(#tan_down);stroke-width:2.8;" />
<ns0:polygon points="25 0, 50 25, 25 50, 0 25" rx="0" ry="0" id="gala" style=" stroke:#000000; fill: url(#yellow_left);stroke-width:2.8;" />
<ns0:polygon points="25 0, 50 25, 25 50, 0 25" rx="0" ry="0" id="mana" style=" stroke:#000000; fill: url(#green_right);stroke-width:2.8;" />
<ns0:line x1="0" y1="0" x2="110" y2="0" style="stroke:#000000; stroke-width:2; stroke-linecap:round; stroke-dasharray:9,6;" id="alpha" />
<ns0:line x1="0" y1="0" x2="110" y2="0" style="stroke:#000000; stroke-width:2; stroke-linecap:round;" id="beta" />
<ns0:polygon points="25 0, 50 11, 50 38, 25 50, 0 38, 0 11" rx="0" ry="0" id="unk" style=" stroke:#000000; fill:#ffffff;stroke-width:4.0; " />
  </ns0:defs>

<ns0:a id="anchor" ns1:href="mmdb:///A/1401" target="_top">  <ns0:use ns1:href="#beta" x="2720" y="1015" id="" transform="rotate(180 2720 1015)"><ns0:title>[ beta 1-4 ] with phi: -74.0461; psi: -108.856;</ns0:title></ns0:use>
</ns0:a>
<ns0:a id="anchor" ns1:href="mmdb:///A/443" target="_top">  <ns0:use ns1:href="#beta" x="2800" y="1015" id="" transform="rotate(180 2800 1015)"><ns0:title>beta link. Phi: 67.9257; Psi: 179.669;</ns0:title></ns0:use>
</ns0:a>
<ns0:a id="anchor" ns1:href="mmdb:///A/443" target="_top">  <ns0:g id="glycan_root" transform="translate(2768 990)">
    <ns0:rect width="160" height="50" rx="10" ry="10" style="stroke:#000000; fill:#ffffff; stroke-width:2.0;" />
    <ns0:line x1="30" y1="0" x2="30" y2="50" style="stroke:#000000; fill:#ffffff; stroke-width:2.0;" />
    <ns0:text x="7" y="32" class="my_blue" font-weight="bold" font-family="Helvetica" font-size="24">N</ns0:text>
    <ns0:text x="92" y="32" fill="black" text-anchor="middle" font-weight="bold" font-family="Helvetica" font-size="24">ASN<ns0:tspan baseline-shift="sub" font-weight="normal" font-size="20">A/443</ns0:tspan></ns0:text>
</ns0:g>
</ns0:a>
<ns0:a id="anchor" ns1:href="mmdb:///A/1401" target="_top">  <ns0:use ns1:href="#glcnac" x="2685" y="990" id=""><ns0:title><ns0:tspan>NAG 1401 in 4c1 conformation. </ns0:tspan><ns0:tspan>Mean B-factor: 50.79. </ns0:tspan><ns0:tspan>Detected type: beta-D-aldopyranose. </ns0:tspan><ns0:tspan>No issues have been detected.</ns0:tspan></ns0:title></ns0:use>
</ns0:a>
<ns0:a id="anchor" ns1:href="mmdb:///A/1402" target="_top">  <ns0:use ns1:href="#glcnac" x="2605" y="990" id=""><ns0:title><ns0:tspan>NAG 1402 in 4c1 conformation. </ns0:tspan><ns0:tspan>Mean B-factor: 46.95. </ns0:tspan><ns0:tspan>Detected type: beta-D-aldopyranose. </ns0:tspan><ns0:tspan>No issues have been detected.</ns0:tspan></ns0:title></ns0:use>
</ns0:a>
</ns0:svg>    </svg_graphics>
    <sugar id="/A/1401(NAG)">
      <link>
        <anomericity>beta</anomericity>
        <connected_to>0</connected_to>
        <phi>67.9257</phi>
        <psi>179.669</psi>
      </link>
      <detected_type>beta-D-aldopyranose</detected_type>
      <cremer-pople_Q>0.532784</cremer-pople_Q>
      <cremer-pople_Phi>0.409161</cremer-pople_Phi>
      <cremer-pople_Theta>50.7871</cremer-pople_Theta>
      <mean_bfactor>50.7871</mean_bfactor>
      <conformation>4c1</conformation>
      <anomer>beta</anomer>
      <hand>D</hand>
      <stacked_against>
        <residue id="/A/431(TRP)">
          <angle>2.82385</angle>
        </residue>
      </stacked_against>
      <validation>
        <conformation>yes</conformation>
        <anomer>yes</anomer>
        <hand>yes</hand>
        <puckering>yes</puckering>
      </validation>
    <sugar id="/A/1402(NAG)">
      <link>
        <anomericity>beta</anomericity>
        <connected_to>4</connected_to>
        <phi>-74.0461</phi>
        <psi>-108.856</psi>
      </link>
      <detected_type>beta-D-aldopyranose</detected_type>
      <cremer-pople_Q>0.526563</cremer-pople_Q>
      <cremer-pople_Phi>277.51</cremer-pople_Phi>
      <cremer-pople_Theta>46.9543</cremer-pople_Theta>
      <mean_bfactor>46.9543</mean_bfactor>
      <conformation>4c1</conformation>
      <anomer>beta</anomer>
      <hand>D</hand>
      <stacked_against>
      </stacked_against>
      <validation>
        <conformation>yes</conformation>
        <anomer>yes</anomer>
        <hand>yes</hand>
        <puckering>yes</puckering>
      </validation>
    </sugar>
    </sugar>
  </glycan>
  <glycan type="n-glycan" root="/A/524(ASN)" chain="A">
    <svg_graphics>
<ns0:svg version="1.1" width="402" height="178" viewBox="2355 820 575 255 " preserveAspectRatio="xMinYMinXMaxYMax meet">

  <ns0:style>
    .my_blue   { fill:#0090bc; }
    .my_red    { fill:#ed1c24; }
    .my_yellow { fill:#ffd400; }
  </ns0:style>
  <ns0:defs>
      <ns0:filter id="displace">
        <ns0:feTurbulence baseFrequency=".05" numOctaves="3" result="myturbulence" />
        <ns0:feDisplacementMap in="SourceGraphic" in2="myturbulence" scale="10" />
      </ns0:filter>

      <ns0:pattern id="half_yellow" x="0" y="0" width="50" height="50" patternUnits="userSpaceOnUse">
        <ns0:rect width="50" height="50" x="0" y="0" style="stroke:none; fill:#ffd400;" />
        <ns0:polygon points="0 0, 0 50, 50 50" rx="0" ry="0" style="stroke:#000000; stroke-width:1.5; fill:#ffffff;" />
      </ns0:pattern>
      <ns0:pattern id="half_blue" x="0" y="0" width="50" height="50" patternUnits="userSpaceOnUse">
        <ns0:rect width="50" height="50" x="0" y="0" style="stroke:none; fill:#0090bc;" />
        <ns0:polygon points="0 0, 0 50, 50 50" rx="0" ry="0" style="stroke:#000000; stroke-width:1.5; fill:#ffffff;" />
      </ns0:pattern>
      <ns0:pattern id="half_green" x="0" y="0" width="50" height="50" patternUnits="userSpaceOnUse">
        <ns0:rect width="50" height="50" x="0" y="0" style="stroke:none; fill:#00a651;" />
        <ns0:polygon points="0 0, 0 50, 50 50" rx="0" ry="0" style="stroke:#000000; stroke-width:1.5; fill:#ffffff;" />
      </ns0:pattern>
      <ns0:pattern id="yellow_left" x="0" y="0" width="50" height="50" patternUnits="userSpaceOnUse">
        <ns0:polygon points="25 0, 50 25, 25 50, 0 25" style="stroke:none; fill:#ffd400;" />
        <ns0:polygon points="25 0, 25 50, 0 25" rx="0" ry="0" style="stroke:#000000; stroke-width:1.5; fill:#ffffff;" />
      </ns0:pattern>
      <ns0:pattern id="blue_up" x="0" y="0" width="50" height="50" patternUnits="userSpaceOnUse">
        <ns0:polygon points="25 0, 50 25, 25 50, 0 25" style="stroke:none; fill:#0090bc;" />
        <ns0:polygon points="0 25, 50 25, 25 50" rx="0" ry="0" style="stroke:#000000; stroke-width:1.5; fill:#ffffff;" />
      </ns0:pattern>
      <ns0:pattern id="green_right" x="0" y="0" width="50" height="50" patternUnits="userSpaceOnUse">
        <ns0:polygon points="25 0, 50 25, 25 50, 0 25" style="stroke:none; fill:#00a651;" />
        <ns0:polygon points="0 25, 25 50, 25 0" rx="0" ry="0" style="stroke:#000000; stroke-width:1.5; fill:#ffffff;" />
      </ns0:pattern>
      <ns0:pattern id="tan_down" x="0" y="0" width="50" height="50" patternUnits="userSpaceOnUse">
        <ns0:polygon points="25 0, 50 25, 25 50, 0 25" style="stroke:none; fill:#966432;" />
        <ns0:polygon points="0 25, 50 25, 25 0" rx="0" ry="0" style="stroke:#000000; stroke-width:1.5; fill:#ffffff;" />
      </ns0:pattern>
<ns0:circle r="25" cx="25" cy="25" id="glc" style=" stroke:#000000; fill:#0090bc;stroke-width:2.8;" />
<ns0:circle r="25" cx="25" cy="25" id="gal" style=" stroke:#000000; fill:#ffd400;stroke-width:2.8;" />
<ns0:circle r="25" cx="25" cy="25" id="man" style=" stroke:#000000; fill:#00a651;stroke-width:2.8;" />
<ns0:polygon points="0 50, 25 0, 50 50" rx="0" ry="0" id="fuc" style=" stroke:#000000; fill:#ed1c24;stroke-width:2.8;" />
<ns0:polygon points="39.5,50 24.5,37.5 9.5,50 14.5,32.5 0,20 19.5,20 24.5,0 29.5,20 50,20 34.5,32.5" rx="0" ry="0" id="xyl" style=" stroke:#000000; fill:#ff7f00;stroke-width:2.8;" />
<ns0:rect width="50" height="50" id="glcnac" style=" stroke:#000000; fill:#0090bc;stroke-width:2.8;" />
<ns0:rect width="50" height="50" id="galnac" style=" stroke:#000000; fill:#ffd400;stroke-width:2.8;" />
<ns0:rect width="50" height="50" id="mannac" style=" stroke:#000000; fill:#00a651;stroke-width:2.8;" />
<ns0:rect width="50" height="50" id="glcn" style=" stroke:#000000; fill: url(#half_blue);stroke-width:2.8;" />
<ns0:rect width="50" height="50" id="galn" style=" stroke:#000000; fill: url(#half_yellow);stroke-width:2.8;" />
<ns0:rect width="50" height="50" id="mann" style=" stroke:#000000; fill: url(#half_green);stroke-width:2.8;" />
<ns0:polygon points="25 0, 50 25, 25 50, 0 25" rx="0" ry="0" id="neu5ac" style=" stroke:#000000; fill:#a54399;stroke-width:2.8;" />
<ns0:polygon points="25 0, 50 25, 25 50, 0 25" rx="0" ry="0" id="neu5gc" style=" stroke:#000000; fill:#8fcce9;stroke-width:2.8;" />
<ns0:polygon points="25 0, 50 25, 25 50, 0 25" rx="0" ry="0" id="kdn" style=" stroke:#000000; fill:#00a651;stroke-width:2.8;" />
<ns0:polygon points="25 0, 50 25, 25 50, 0 25" rx="0" ry="0" id="glca" style=" stroke:#000000; fill: url(#blue_up);stroke-width:2.8;" />
<ns0:polygon points="25 0, 50 25, 25 50, 0 25" rx="0" ry="0" id="idoa" style=" stroke:#000000; fill: url(#tan_down);stroke-width:2.8;" />
<ns0:polygon points="25 0, 50 25, 25 50, 0 25" rx="0" ry="0" id="gala" style=" stroke:#000000; fill: url(#yellow_left);stroke-width:2.8;" />
<ns0:polygon points="25 0, 50 25, 25 50, 0 25" rx="0" ry="0" id="mana" style=" stroke:#000000; fill: url(#green_right);stroke-width:2.8;" />
<ns0:line x1="0" y1="0" x2="110" y2="0" style="stroke:#000000; stroke-width:2; stroke-linecap:round; stroke-dasharray:9,6;" id="alpha" />
<ns0:line x1="0" y1="0" x2="110" y2="0" style="stroke:#000000; stroke-width:2; stroke-linecap:round;" id="beta" />
<ns0:polygon points="25 0, 50 11, 50 38, 25 50, 0 38, 0 11" rx="0" ry="0" id="unk" style=" stroke:#000000; fill:#ffffff;stroke-width:4.0; " />
  </ns0:defs>

<ns0:a id="anchor" ns1:href="mmdb:///A/1506" target="_top">  <ns0:use ns1:href="#alpha" x="2390" y="845" id="" transform="rotate(90 2390 845)"><ns0:title>[ alpha 1-2 ] with phi: 78.1025; psi: 170.728;</ns0:title></ns0:use>
</ns0:a>
<ns0:a id="anchor" ns1:href="mmdb:///A/1504" target="_top">  <ns0:use ns1:href="#alpha" x="2470" y="935" id="" transform="rotate(-135 2470 935)"><ns0:title>[ alpha 1-6 ] with phi: 65.5697; psi: 175.214; omega: 0;</ns0:title></ns0:use>
</ns0:a>
<ns0:a id="anchor" ns1:href="mmdb:///A/1503" target="_top">  <ns0:use ns1:href="#alpha" x="2550" y="1015" id="" transform="rotate(-135 2550 1015)"><ns0:title>[ alpha 1-6 ] with phi: 59.1882; psi: -176.383; omega: 0;</ns0:title></ns0:use>
</ns0:a>
<ns0:a id="anchor" ns1:href="mmdb:///A/1502" target="_top">  <ns0:use ns1:href="#beta" x="2640" y="1015" id="" transform="rotate(180 2640 1015)"><ns0:title>[ beta 1-4 ] with phi: -84.0625; psi: -115.702;</ns0:title></ns0:use>
</ns0:a>
<ns0:a id="anchor" ns1:href="mmdb:///A/1501" target="_top">  <ns0:use ns1:href="#beta" x="2720" y="1015" id="" transform="rotate(180 2720 1015)"><ns0:title>[ beta 1-4 ] with phi: -72.8938; psi: -142.782;</ns0:title></ns0:use>
</ns0:a>
<ns0:a id="anchor" ns1:href="mmdb:///A/524" target="_top">  <ns0:use ns1:href="#beta" x="2800" y="1015" id="" transform="rotate(180 2800 1015)"><ns0:title>beta link. Phi: -91.1529; Psi: 180.782;</ns0:title></ns0:use>
</ns0:a>
<ns0:a id="anchor" ns1:href="mmdb:///A/524" target="_top">  <ns0:g id="glycan_root" transform="translate(2768 990)">
    <ns0:rect width="160" height="50" rx="10" ry="10" style="stroke:#000000; fill:#ffffff; stroke-width:2.0;" />
    <ns0:line x1="30" y1="0" x2="30" y2="50" style="stroke:#000000; fill:#ffffff; stroke-width:2.0;" />
    <ns0:text x="7" y="32" class="my_blue" font-weight="bold" font-family="Helvetica" font-size="24">N</ns0:text>
    <ns0:text x="92" y="32" fill="black" text-anchor="middle" font-weight="bold" font-family="Helvetica" font-size="24">ASN<ns0:tspan baseline-shift="sub" font-weight="normal" font-size="20">A/524</ns0:tspan></ns0:text>
</ns0:g>
</ns0:a>
<ns0:a id="anchor" ns1:href="mmdb:///A/1501" target="_top">  <ns0:use ns1:href="#glcnac" x="2685" y="990" id=""><ns0:title><ns0:tspan>NAG 1501 in 4c1 conformation. </ns0:tspan><ns0:tspan>Mean B-factor: 38.65. </ns0:tspan><ns0:tspan>Detected type: beta-D-aldopyranose. </ns0:tspan><ns0:tspan>No issues have been detected.</ns0:tspan></ns0:title></ns0:use>
</ns0:a>
<ns0:a id="anchor" ns1:href="mmdb:///A/1502" target="_top">  <ns0:use ns1:href="#glcnac" x="2605" y="990" id=""><ns0:title><ns0:tspan>NAG 1502 in 4c1 conformation. </ns0:tspan><ns0:tspan>Mean B-factor: 40.58. </ns0:tspan><ns0:tspan>Detected type: beta-D-aldopyranose. </ns0:tspan><ns0:tspan>No issues have been detected.</ns0:tspan></ns0:title></ns0:use>
</ns0:a>
<ns0:a id="anchor" ns1:href="mmdb:///A/1503" target="_top">  <ns0:use ns1:href="#man" x="2525" y="990" id=""><ns0:title><ns0:tspan>BMA 1503 in 4c1 conformation. </ns0:tspan><ns0:tspan>Mean B-factor: 46.74. </ns0:tspan><ns0:tspan>Detected type: beta-D-aldopyranose. </ns0:tspan><ns0:tspan>No issues have been detected.</ns0:tspan></ns0:title></ns0:use>
</ns0:a>
<ns0:a id="anchor" ns1:href="mmdb:///A/1504" target="_top">  <ns0:use ns1:href="#man" x="2445" y="910" id=""><ns0:title><ns0:tspan>MAN 1504 in 4c1 conformation. </ns0:tspan><ns0:tspan>Mean B-factor: 56.36. </ns0:tspan><ns0:tspan>Detected type: alpha-D-aldopyranose. </ns0:tspan><ns0:tspan>No issues have been detected.</ns0:tspan></ns0:title></ns0:use>
</ns0:a>
<ns0:a id="anchor" ns1:href="mmdb:///A/1506" target="_top">  <ns0:use ns1:href="#man" x="2365" y="830" id=""><ns0:title><ns0:tspan>MAN 1506 in 4c1 conformation. </ns0:tspan><ns0:tspan>Mean B-factor: 51.51. </ns0:tspan><ns0:tspan>Detected type: alpha-D-aldopyranose. </ns0:tspan><ns0:tspan>No issues have been detected.</ns0:tspan></ns0:title></ns0:use>
</ns0:a>
<ns0:a id="anchor" ns1:href="mmdb:///A/1507" target="_top">  <ns0:use ns1:href="#man" x="2365" y="910" id=""><ns0:title><ns0:tspan>MAN 1507 in 4c1 conformation. </ns0:tspan><ns0:tspan>Mean B-factor: 48.75. </ns0:tspan><ns0:tspan>Detected type: alpha-D-aldopyranose. </ns0:tspan><ns0:tspan>No issues have been detected.</ns0:tspan></ns0:title></ns0:use>
</ns0:a>
</ns0:svg>    </svg_graphics>
    <sugar id="/A/1501(NAG)">
      <link>
        <anomericity>beta</anomericity>
        <connected_to>0</connected_to>
        <phi>-91.1529</phi>
        <psi>180.782</psi>
      </link>
      <detected_type>beta-D-aldopyranose</detected_type>
      <cremer-pople_Q>0.549797</cremer-pople_Q>
      <cremer-pople_Phi>310.583</cremer-pople_Phi>
      <cremer-pople_Theta>38.6471</cremer-pople_Theta>
      <mean_bfactor>38.6471</mean_bfactor>
      <conformation>4c1</conformation>
      <anomer>beta</anomer>
      <hand>D</hand>
      <stacked_against>
      </stacked_against>
      <validation>
        <conformation>yes</conformation>
        <anomer>yes</anomer>
        <hand>yes</hand>
        <puckering>yes</puckering>
      </validation>
    <sugar id="/A/1502(NAG)">
      <link>
        <anomericity>beta</anomericity>
        <connected_to>4</connected_to>
        <phi>-72.8938</phi>
        <psi>-142.782</psi>
      </link>
      <detected_type>beta-D-aldopyranose</detected_type>
      <cremer-pople_Q>0.569454</cremer-pople_Q>
      <cremer-pople_Phi>320.247</cremer-pople_Phi>
      <cremer-pople_Theta>40.5764</cremer-pople_Theta>
      <mean_bfactor>40.5764</mean_bfactor>
      <conformation>4c1</conformation>
      <anomer>beta</anomer>
      <hand>D</hand>
      <stacked_against>
      </stacked_against>
      <validation>
        <conformation>yes</conformation>
        <anomer>yes</anomer>
        <hand>yes</hand>
        <puckering>yes</puckering>
      </validation>
    <sugar id="/A/1503(BMA)">
      <link>
        <anomericity>beta</anomericity>
        <connected_to>4</connected_to>
        <phi>-84.0625</phi>
        <psi>-115.702</psi>
      </link>
      <detected_type>beta-D-aldopyranose</detected_type>
      <cremer-pople_Q>0.573136</cremer-pople_Q>
      <cremer-pople_Phi>321.634</cremer-pople_Phi>
      <cremer-pople_Theta>46.7391</cremer-pople_Theta>
      <mean_bfactor>46.7391</mean_bfactor>
      <conformation>4c1</conformation>
      <anomer>beta</anomer>
      <hand>D</hand>
      <stacked_against>
      </stacked_against>
      <validation>
        <conformation>yes</conformation>
        <anomer>yes</anomer>
        <hand>yes</hand>
        <puckering>yes</puckering>
      </validation>
    <sugar id="/A/1504(MAN)">
      <link>
        <anomericity>alpha</anomericity>
        <connected_to>6</connected_to>
        <phi>59.1882</phi>
        <psi>-176.383</psi>
        <omega>0</omega>
      </link>
      <detected_type>alpha-D-aldopyranose</detected_type>
      <cremer-pople_Q>0.566123</cremer-pople_Q>
      <cremer-pople_Phi>283.065</cremer-pople_Phi>
      <cremer-pople_Theta>56.3609</cremer-pople_Theta>
      <mean_bfactor>56.3609</mean_bfactor>
      <conformation>4c1</conformation>
      <anomer>alpha</anomer>
      <hand>D</hand>
      <stacked_against>
      </stacked_against>
      <validation>
        <conformation>yes</conformation>
        <anomer>yes</anomer>
        <hand>yes</hand>
        <puckering>yes</puckering>
      </validation>
    <sugar id="/A/1506(MAN)">
      <link>
        <anomericity>alpha</anomericity>
        <connected_to>6</connected_to>
        <phi>65.5697</phi>
        <psi>175.214</psi>
        <omega>0</omega>
      </link>
      <detected_type>alpha-D-aldopyranose</detected_type>
      <cremer-pople_Q>0.568584</cremer-pople_Q>
      <cremer-pople_Phi>63.7716</cremer-pople_Phi>
      <cremer-pople_Theta>51.5109</cremer-pople_Theta>
      <mean_bfactor>51.5109</mean_bfactor>
      <conformation>4c1</conformation>
      <anomer>alpha</anomer>
      <hand>D</hand>
      <stacked_against>
      </stacked_against>
      <validation>
        <conformation>yes</conformation>
        <anomer>yes</anomer>
        <hand>yes</hand>
        <puckering>yes</puckering>
      </validation>
    <sugar id="/A/1507(MAN)">
      <link>
        <anomericity>alpha</anomericity>
        <connected_to>2</connected_to>
        <phi>78.1025</phi>
        <psi>170.728</psi>
      </link>
      <detected_type>alpha-D-aldopyranose</detected_type>
      <cremer-pople_Q>0.565961</cremer-pople_Q>
      <cremer-pople_Phi>195.99</cremer-pople_Phi>
      <cremer-pople_Theta>48.7536</cremer-pople_Theta>
      <mean_bfactor>48.7536</mean_bfactor>
      <conformation>4c1</conformation>
      <anomer>alpha</anomer>
      <hand>D</hand>
      <stacked_against>
      </stacked_against>
      <validation>
        <conformation>yes</conformation>
        <anomer>yes</anomer>
        <hand>yes</hand>
        <puckering>yes</puckering>
      </validation>
    </sugar>
    </sugar>
    </sugar>
    </sugar>
    </sugar>
    </sugar>
  </glycan>
  <glycan type="n-glycan" root="/A/543(ASN)" chain="A">
    <svg_graphics>
<ns0:svg version="1.1" width="178" height="66" viewBox="2675 980 255 95 " preserveAspectRatio="xMinYMinXMaxYMax meet">

  <ns0:style>
    .my_blue   { fill:#0090bc; }
    .my_red    { fill:#ed1c24; }
    .my_yellow { fill:#ffd400; }
  </ns0:style>
  <ns0:defs>
      <ns0:filter id="displace">
        <ns0:feTurbulence baseFrequency=".05" numOctaves="3" result="myturbulence" />
        <ns0:feDisplacementMap in="SourceGraphic" in2="myturbulence" scale="10" />
      </ns0:filter>

      <ns0:pattern id="half_yellow" x="0" y="0" width="50" height="50" patternUnits="userSpaceOnUse">
        <ns0:rect width="50" height="50" x="0" y="0" style="stroke:none; fill:#ffd400;" />
        <ns0:polygon points="0 0, 0 50, 50 50" rx="0" ry="0" style="stroke:#000000; stroke-width:1.5; fill:#ffffff;" />
      </ns0:pattern>
      <ns0:pattern id="half_blue" x="0" y="0" width="50" height="50" patternUnits="userSpaceOnUse">
        <ns0:rect width="50" height="50" x="0" y="0" style="stroke:none; fill:#0090bc;" />
        <ns0:polygon points="0 0, 0 50, 50 50" rx="0" ry="0" style="stroke:#000000; stroke-width:1.5; fill:#ffffff;" />
      </ns0:pattern>
      <ns0:pattern id="half_green" x="0" y="0" width="50" height="50" patternUnits="userSpaceOnUse">
        <ns0:rect width="50" height="50" x="0" y="0" style="stroke:none; fill:#00a651;" />
        <ns0:polygon points="0 0, 0 50, 50 50" rx="0" ry="0" style="stroke:#000000; stroke-width:1.5; fill:#ffffff;" />
      </ns0:pattern>
      <ns0:pattern id="yellow_left" x="0" y="0" width="50" height="50" patternUnits="userSpaceOnUse">
        <ns0:polygon points="25 0, 50 25, 25 50, 0 25" style="stroke:none; fill:#ffd400;" />
        <ns0:polygon points="25 0, 25 50, 0 25" rx="0" ry="0" style="stroke:#000000; stroke-width:1.5; fill:#ffffff;" />
      </ns0:pattern>
      <ns0:pattern id="blue_up" x="0" y="0" width="50" height="50" patternUnits="userSpaceOnUse">
        <ns0:polygon points="25 0, 50 25, 25 50, 0 25" style="stroke:none; fill:#0090bc;" />
        <ns0:polygon points="0 25, 50 25, 25 50" rx="0" ry="0" style="stroke:#000000; stroke-width:1.5; fill:#ffffff;" />
      </ns0:pattern>
      <ns0:pattern id="green_right" x="0" y="0" width="50" height="50" patternUnits="userSpaceOnUse">
        <ns0:polygon points="25 0, 50 25, 25 50, 0 25" style="stroke:none; fill:#00a651;" />
        <ns0:polygon points="0 25, 25 50, 25 0" rx="0" ry="0" style="stroke:#000000; stroke-width:1.5; fill:#ffffff;" />
      </ns0:pattern>
      <ns0:pattern id="tan_down" x="0" y="0" width="50" height="50" patternUnits="userSpaceOnUse">
        <ns0:polygon points="25 0, 50 25, 25 50, 0 25" style="stroke:none; fill:#966432;" />
        <ns0:polygon points="0 25, 50 25, 25 0" rx="0" ry="0" style="stroke:#000000; stroke-width:1.5; fill:#ffffff;" />
      </ns0:pattern>
<ns0:circle r="25" cx="25" cy="25" id="glc" style=" stroke:#000000; fill:#0090bc;stroke-width:2.8;" />
<ns0:circle r="25" cx="25" cy="25" id="gal" style=" stroke:#000000; fill:#ffd400;stroke-width:2.8;" />
<ns0:circle r="25" cx="25" cy="25" id="man" style=" stroke:#000000; fill:#00a651;stroke-width:2.8;" />
<ns0:polygon points="0 50, 25 0, 50 50" rx="0" ry="0" id="fuc" style=" stroke:#000000; fill:#ed1c24;stroke-width:2.8;" />
<ns0:polygon points="39.5,50 24.5,37.5 9.5,50 14.5,32.5 0,20 19.5,20 24.5,0 29.5,20 50,20 34.5,32.5" rx="0" ry="0" id="xyl" style=" stroke:#000000; fill:#ff7f00;stroke-width:2.8;" />
<ns0:rect width="50" height="50" id="glcnac" style=" stroke:#000000; fill:#0090bc;stroke-width:2.8;" />
<ns0:rect width="50" height="50" id="galnac" style=" stroke:#000000; fill:#ffd400;stroke-width:2.8;" />
<ns0:rect width="50" height="50" id="mannac" style=" stroke:#000000; fill:#00a651;stroke-width:2.8;" />
<ns0:rect width="50" height="50" id="glcn" style=" stroke:#000000; fill: url(#half_blue);stroke-width:2.8;" />
<ns0:rect width="50" height="50" id="galn" style=" stroke:#000000; fill: url(#half_yellow);stroke-width:2.8;" />
<ns0:rect width="50" height="50" id="mann" style=" stroke:#000000; fill: url(#half_green);stroke-width:2.8;" />
<ns0:polygon points="25 0, 50 25, 25 50, 0 25" rx="0" ry="0" id="neu5ac" style=" stroke:#000000; fill:#a54399;stroke-width:2.8;" />
<ns0:polygon points="25 0, 50 25, 25 50, 0 25" rx="0" ry="0" id="neu5gc" style=" stroke:#000000; fill:#8fcce9;stroke-width:2.8;" />
<ns0:polygon points="25 0, 50 25, 25 50, 0 25" rx="0" ry="0" id="kdn" style=" stroke:#000000; fill:#00a651;stroke-width:2.8;" />
<ns0:polygon points="25 0, 50 25, 25 50, 0 25" rx="0" ry="0" id="glca" style=" stroke:#000000; fill: url(#blue_up);stroke-width:2.8;" />
<ns0:polygon points="25 0, 50 25, 25 50, 0 25" rx="0" ry="0" id="idoa" style=" stroke:#000000; fill: url(#tan_down);stroke-width:2.8;" />
<ns0:polygon points="25 0, 50 25, 25 50, 0 25" rx="0" ry="0" id="gala" style=" stroke:#000000; fill: url(#yellow_left);stroke-width:2.8;" />
<ns0:polygon points="25 0, 50 25, 25 50, 0 25" rx="0" ry="0" id="mana" style=" stroke:#000000; fill: url(#green_right);stroke-width:2.8;" />
<ns0:line x1="0" y1="0" x2="110" y2="0" style="stroke:#000000; stroke-width:2; stroke-linecap:round; stroke-dasharray:9,6;" id="alpha" />
<ns0:line x1="0" y1="0" x2="110" y2="0" style="stroke:#000000; stroke-width:2; stroke-linecap:round;" id="beta" />
<ns0:polygon points="25 0, 50 11, 50 38, 25 50, 0 38, 0 11" rx="0" ry="0" id="unk" style=" stroke:#000000; fill:#ffffff;stroke-width:4.0; " />
  </ns0:defs>

<ns0:a id="anchor" ns1:href="mmdb:///A/543" target="_top">  <ns0:use ns1:href="#beta" x="2800" y="1015" id="" transform="rotate(180 2800 1015)"><ns0:title>beta link. Phi: -128.722; Psi: 180.464;</ns0:title></ns0:use>
</ns0:a>
<ns0:a id="anchor" ns1:href="mmdb:///A/543" target="_top">  <ns0:g id="glycan_root" transform="translate(2768 990)">
    <ns0:rect width="160" height="50" rx="10" ry="10" style="stroke:#000000; fill:#ffffff; stroke-width:2.0;" />
    <ns0:line x1="30" y1="0" x2="30" y2="50" style="stroke:#000000; fill:#ffffff; stroke-width:2.0;" />
    <ns0:text x="7" y="32" class="my_blue" font-weight="bold" font-family="Helvetica" font-size="24">N</ns0:text>
    <ns0:text x="92" y="32" fill="black" text-anchor="middle" font-weight="bold" font-family="Helvetica" font-size="24">ASN<ns0:tspan baseline-shift="sub" font-weight="normal" font-size="20">A/543</ns0:tspan></ns0:text>
</ns0:g>
</ns0:a>
<ns0:a id="anchor" ns1:href="mmdb:///A/1601" target="_top">  <ns0:use ns1:href="#glcnac" x="2685" y="990" id=""><ns0:title><ns0:tspan>NAG 1601 in 4c1 conformation. </ns0:tspan><ns0:tspan>Mean B-factor: 45.83. </ns0:tspan><ns0:tspan>Detected type: beta-D-aldopyranose. </ns0:tspan><ns0:tspan>No issues have been detected.</ns0:tspan></ns0:title></ns0:use>
</ns0:a>
</ns0:svg>    </svg_graphics>
    <sugar id="/A/1601(NAG)">
      <link>
        <anomericity>beta</anomericity>
        <connected_to>0</connected_to>
        <phi>-128.722</phi>
        <psi>180.464</psi>
      </link>
      <detected_type>beta-D-aldopyranose</detected_type>
      <cremer-pople_Q>0.578869</cremer-pople_Q>
      <cremer-pople_Phi>27.9297</cremer-pople_Phi>
      <cremer-pople_Theta>45.8329</cremer-pople_Theta>
      <mean_bfactor>45.8329</mean_bfactor>
      <conformation>4c1</conformation>
      <anomer>beta</anomer>
      <hand>D</hand>
      <stacked_against>
      </stacked_against>
      <validation>
        <conformation>yes</conformation>
        <anomer>yes</anomer>
        <hand>yes</hand>
        <puckering>yes</puckering>
      </validation>
    </sugar>
  </glycan>
  <glycan type="n-glycan" root="/A/565(ASN)" chain="A">
    <svg_graphics>
<ns0:svg version="1.1" width="402" height="161" viewBox="2355 900 575 230 " preserveAspectRatio="xMinYMinXMaxYMax meet">

  <ns0:style>
    .my_blue   { fill:#0090bc; }
    .my_red    { fill:#ed1c24; }
    .my_yellow { fill:#ffd400; }
  </ns0:style>
  <ns0:defs>
      <ns0:filter id="displace">
        <ns0:feTurbulence baseFrequency=".05" numOctaves="3" result="myturbulence" />
        <ns0:feDisplacementMap in="SourceGraphic" in2="myturbulence" scale="10" />
      </ns0:filter>

      <ns0:pattern id="half_yellow" x="0" y="0" width="50" height="50" patternUnits="userSpaceOnUse">
        <ns0:rect width="50" height="50" x="0" y="0" style="stroke:none; fill:#ffd400;" />
        <ns0:polygon points="0 0, 0 50, 50 50" rx="0" ry="0" style="stroke:#000000; stroke-width:1.5; fill:#ffffff;" />
      </ns0:pattern>
      <ns0:pattern id="half_blue" x="0" y="0" width="50" height="50" patternUnits="userSpaceOnUse">
        <ns0:rect width="50" height="50" x="0" y="0" style="stroke:none; fill:#0090bc;" />
        <ns0:polygon points="0 0, 0 50, 50 50" rx="0" ry="0" style="stroke:#000000; stroke-width:1.5; fill:#ffffff;" />
      </ns0:pattern>
      <ns0:pattern id="half_green" x="0" y="0" width="50" height="50" patternUnits="userSpaceOnUse">
        <ns0:rect width="50" height="50" x="0" y="0" style="stroke:none; fill:#00a651;" />
        <ns0:polygon points="0 0, 0 50, 50 50" rx="0" ry="0" style="stroke:#000000; stroke-width:1.5; fill:#ffffff;" />
      </ns0:pattern>
      <ns0:pattern id="yellow_left" x="0" y="0" width="50" height="50" patternUnits="userSpaceOnUse">
        <ns0:polygon points="25 0, 50 25, 25 50, 0 25" style="stroke:none; fill:#ffd400;" />
        <ns0:polygon points="25 0, 25 50, 0 25" rx="0" ry="0" style="stroke:#000000; stroke-width:1.5; fill:#ffffff;" />
      </ns0:pattern>
      <ns0:pattern id="blue_up" x="0" y="0" width="50" height="50" patternUnits="userSpaceOnUse">
        <ns0:polygon points="25 0, 50 25, 25 50, 0 25" style="stroke:none; fill:#0090bc;" />
        <ns0:polygon points="0 25, 50 25, 25 50" rx="0" ry="0" style="stroke:#000000; stroke-width:1.5; fill:#ffffff;" />
      </ns0:pattern>
      <ns0:pattern id="green_right" x="0" y="0" width="50" height="50" patternUnits="userSpaceOnUse">
        <ns0:polygon points="25 0, 50 25, 25 50, 0 25" style="stroke:none; fill:#00a651;" />
        <ns0:polygon points="0 25, 25 50, 25 0" rx="0" ry="0" style="stroke:#000000; stroke-width:1.5; fill:#ffffff;" />
      </ns0:pattern>
      <ns0:pattern id="tan_down" x="0" y="0" width="50" height="50" patternUnits="userSpaceOnUse">
        <ns0:polygon points="25 0, 50 25, 25 50, 0 25" style="stroke:none; fill:#966432;" />
        <ns0:polygon points="0 25, 50 25, 25 0" rx="0" ry="0" style="stroke:#000000; stroke-width:1.5; fill:#ffffff;" />
      </ns0:pattern>
<ns0:circle r="25" cx="25" cy="25" id="glc" style=" stroke:#000000; fill:#0090bc;stroke-width:2.8;" />
<ns0:circle r="25" cx="25" cy="25" id="gal" style=" stroke:#000000; fill:#ffd400;stroke-width:2.8;" />
<ns0:circle r="25" cx="25" cy="25" id="man" style=" stroke:#000000; fill:#00a651;stroke-width:2.8;" />
<ns0:polygon points="0 50, 25 0, 50 50" rx="0" ry="0" id="fuc" style=" stroke:#000000; fill:#ed1c24;stroke-width:2.8;" />
<ns0:polygon points="39.5,50 24.5,37.5 9.5,50 14.5,32.5 0,20 19.5,20 24.5,0 29.5,20 50,20 34.5,32.5" rx="0" ry="0" id="xyl" style=" stroke:#000000; fill:#ff7f00;stroke-width:2.8;" />
<ns0:rect width="50" height="50" id="glcnac" style=" stroke:#000000; fill:#0090bc;stroke-width:2.8;" />
<ns0:rect width="50" height="50" id="galnac" style=" stroke:#000000; fill:#ffd400;stroke-width:2.8;" />
<ns0:rect width="50" height="50" id="mannac" style=" stroke:#000000; fill:#00a651;stroke-width:2.8;" />
<ns0:rect width="50" height="50" id="glcn" style=" stroke:#000000; fill: url(#half_blue);stroke-width:2.8;" />
<ns0:rect width="50" height="50" id="galn" style=" stroke:#000000; fill: url(#half_yellow);stroke-width:2.8;" />
<ns0:rect width="50" height="50" id="mann" style=" stroke:#000000; fill: url(#half_green);stroke-width:2.8;" />
<ns0:polygon points="25 0, 50 25, 25 50, 0 25" rx="0" ry="0" id="neu5ac" style=" stroke:#000000; fill:#a54399;stroke-width:2.8;" />
<ns0:polygon points="25 0, 50 25, 25 50, 0 25" rx="0" ry="0" id="neu5gc" style=" stroke:#000000; fill:#8fcce9;stroke-width:2.8;" />
<ns0:polygon points="25 0, 50 25, 25 50, 0 25" rx="0" ry="0" id="kdn" style=" stroke:#000000; fill:#00a651;stroke-width:2.8;" />
<ns0:polygon points="25 0, 50 25, 25 50, 0 25" rx="0" ry="0" id="glca" style=" stroke:#000000; fill: url(#blue_up);stroke-width:2.8;" />
<ns0:polygon points="25 0, 50 25, 25 50, 0 25" rx="0" ry="0" id="idoa" style=" stroke:#000000; fill: url(#tan_down);stroke-width:2.8;" />
<ns0:polygon points="25 0, 50 25, 25 50, 0 25" rx="0" ry="0" id="gala" style=" stroke:#000000; fill: url(#yellow_left);stroke-width:2.8;" />
<ns0:polygon points="25 0, 50 25, 25 50, 0 25" rx="0" ry="0" id="mana" style=" stroke:#000000; fill: url(#green_right);stroke-width:2.8;" />
<ns0:line x1="0" y1="0" x2="110" y2="0" style="stroke:#000000; stroke-width:2; stroke-linecap:round; stroke-dasharray:9,6;" id="alpha" />
<ns0:line x1="0" y1="0" x2="110" y2="0" style="stroke:#000000; stroke-width:2; stroke-linecap:round;" id="beta" />
<ns0:polygon points="25 0, 50 11, 50 38, 25 50, 0 38, 0 11" rx="0" ry="0" id="unk" style=" stroke:#000000; fill:#ffffff;stroke-width:4.0; " />
  </ns0:defs>

<ns0:a id="anchor" ns1:href="mmdb:///A/1705" target="_top">  <ns0:use ns1:href="#alpha" x="2390" y="1005" id="" transform="rotate(90 2390 1005)"><ns0:title>[ alpha 1-2 ] with phi: 73.0632; psi: 150.494;</ns0:title></ns0:use>
</ns0:a>
<ns0:a id="anchor" ns1:href="mmdb:///A/1704" target="_top">  <ns0:use ns1:href="#alpha" x="2470" y="935" id="" transform="rotate(-225 2470 935)"><ns0:title>[ alpha 1-3 ] with phi: 59.2266; psi: 91.7818;</ns0:title></ns0:use>
</ns0:a>
<ns0:a id="anchor" ns1:href="mmdb:///A/1703" target="_top">  <ns0:use ns1:href="#alpha" x="2550" y="1015" id="" transform="rotate(-135 2550 1015)"><ns0:title>[ alpha 1-6 ] with phi: 58.2114; psi: -178.846; omega: 0;</ns0:title></ns0:use>
</ns0:a>
<ns0:a id="anchor" ns1:href="mmdb:///A/1703" target="_top">  <ns0:use ns1:href="#alpha" x="2550" y="1015" id="" transform="rotate(-225 2550 1015)"><ns0:title>[ alpha 1-3 ] with phi: 89.8328; psi: 143.446;</ns0:title></ns0:use>
</ns0:a>
<ns0:a id="anchor" ns1:href="mmdb:///A/1702" target="_top">  <ns0:use ns1:href="#beta" x="2640" y="1015" id="" transform="rotate(180 2640 1015)"><ns0:title>[ beta 1-4 ] with phi: -82.1615; psi: -116.843;</ns0:title></ns0:use>
</ns0:a>
<ns0:a id="anchor" ns1:href="mmdb:///A/1701" target="_top">  <ns0:use ns1:href="#beta" x="2720" y="1015" id="" transform="rotate(180 2720 1015)"><ns0:title>[ beta 1-4 ] with phi: -79.5448; psi: -133.385;</ns0:title></ns0:use>
</ns0:a>
<ns0:a id="anchor" ns1:href="mmdb:///A/565" target="_top">  <ns0:use ns1:href="#beta" x="2800" y="1015" id="" transform="rotate(180 2800 1015)"><ns0:title>beta link. Phi: -110.185; Psi: 177.193;</ns0:title></ns0:use>
</ns0:a>
<ns0:a id="anchor" ns1:href="mmdb:///A/565" target="_top">  <ns0:g id="glycan_root" transform="translate(2768 990)">
    <ns0:rect width="160" height="50" rx="10" ry="10" style="stroke:#000000; fill:#ffffff; stroke-width:2.0;" />
    <ns0:line x1="30" y1="0" x2="30" y2="50" style="stroke:#000000; fill:#ffffff; stroke-width:2.0;" />
    <ns0:text x="7" y="32" class="my_blue" font-weight="bold" font-family="Helvetica" font-size="24">N</ns0:text>
    <ns0:text x="92" y="32" fill="black" text-anchor="middle" font-weight="bold" font-family="Helvetica" font-size="24">ASN<ns0:tspan baseline-shift="sub" font-weight="normal" font-size="20">A/565</ns0:tspan></ns0:text>
</ns0:g>
</ns0:a>
<ns0:a id="anchor" ns1:href="mmdb:///A/1701" target="_top">  <ns0:use ns1:href="#glcnac" x="2685" y="990" id=""><ns0:title><ns0:tspan>NAG 1701 in 4c1 conformation. </ns0:tspan><ns0:tspan>Mean B-factor: 30.56. </ns0:tspan><ns0:tspan>Detected type: beta-D-aldopyranose. </ns0:tspan><ns0:tspan>No issues have been detected.</ns0:tspan></ns0:title></ns0:use>
</ns0:a>
<ns0:a id="anchor" ns1:href="mmdb:///A/1702" target="_top">  <ns0:use ns1:href="#glcnac" x="2605" y="990" id=""><ns0:title><ns0:tspan>NAG 1702 in 4c1 conformation. </ns0:tspan><ns0:tspan>Mean B-factor: 42.10. </ns0:tspan><ns0:tspan>Detected type: beta-D-aldopyranose. </ns0:tspan><ns0:tspan>No issues have been detected.</ns0:tspan></ns0:title></ns0:use>
</ns0:a>
<ns0:a id="anchor" ns1:href="mmdb:///A/1703" target="_top">  <ns0:use ns1:href="#man" x="2525" y="990" id=""><ns0:title><ns0:tspan>BMA 1703 in 4c1 conformation. </ns0:tspan><ns0:tspan>Mean B-factor: 49.16. </ns0:tspan><ns0:tspan>Detected type: beta-D-aldopyranose. </ns0:tspan><ns0:tspan>No issues have been detected.</ns0:tspan></ns0:title></ns0:use>
</ns0:a>
<ns0:a id="anchor" ns1:href="mmdb:///A/1708" target="_top">  <ns0:use ns1:href="#man" x="2445" y="1070" id=""><ns0:title><ns0:tspan>MAN 1708 in 4c1 conformation. </ns0:tspan><ns0:tspan>Mean B-factor: 58.53. </ns0:tspan><ns0:tspan>Detected type: alpha-D-aldopyranose. </ns0:tspan><ns0:tspan>No issues have been detected.</ns0:tspan></ns0:title></ns0:use>
</ns0:a>
<ns0:a id="anchor" ns1:href="mmdb:///A/1704" target="_top">  <ns0:use ns1:href="#man" x="2445" y="910" id=""><ns0:title><ns0:tspan>MAN 1704 in 4c1 conformation. </ns0:tspan><ns0:tspan>Mean B-factor: 49.76. </ns0:tspan><ns0:tspan>Detected type: alpha-D-aldopyranose. </ns0:tspan><ns0:tspan>No issues have been detected.</ns0:tspan></ns0:title></ns0:use>
</ns0:a>
<ns0:a id="anchor" ns1:href="mmdb:///A/1705" target="_top">  <ns0:use ns1:href="#man" x="2365" y="990" id=""><ns0:title><ns0:tspan>MAN 1705 in 4c1 conformation. </ns0:tspan><ns0:tspan>Mean B-factor: 47.18. </ns0:tspan><ns0:tspan>Detected type: alpha-D-aldopyranose. </ns0:tspan><ns0:tspan>No issues have been detected.</ns0:tspan></ns0:title></ns0:use>
</ns0:a>
<ns0:a id="anchor" ns1:href="mmdb:///A/1706" target="_top">  <ns0:use ns1:href="#man" x="2365" y="1070" id=""><ns0:title><ns0:tspan>MAN 1706 in 4c1 conformation. </ns0:tspan><ns0:tspan>Mean B-factor: 46.60. </ns0:tspan><ns0:tspan>Detected type: alpha-D-aldopyranose. </ns0:tspan><ns0:tspan>No issues have been detected.</ns0:tspan></ns0:title></ns0:use>
</ns0:a>
</ns0:svg>    </svg_graphics>
    <sugar id="/A/1701(NAG)">
      <link>
        <anomericity>beta</anomericity>
        <connected_to>0</connected_to>
        <phi>-110.185</phi>
        <psi>177.193</psi>
      </link>
      <detected_type>beta-D-aldopyranose</detected_type>
      <cremer-pople_Q>0.561738</cremer-pople_Q>
      <cremer-pople_Phi>323.1</cremer-pople_Phi>
      <cremer-pople_Theta>30.5607</cremer-pople_Theta>
      <mean_bfactor>30.5607</mean_bfactor>
      <conformation>4c1</conformation>
      <anomer>beta</anomer>
      <hand>D</hand>
      <stacked_against>
      </stacked_against>
      <validation>
        <conformation>yes</conformation>
        <anomer>yes</anomer>
        <hand>yes</hand>
        <puckering>yes</puckering>
      </validation>
    <sugar id="/A/1702(NAG)">
      <link>
        <anomericity>beta</anomericity>
        <connected_to>4</connected_to>
        <phi>-79.5448</phi>
        <psi>-133.385</psi>
      </link>
      <detected_type>beta-D-aldopyranose</detected_type>
      <cremer-pople_Q>0.552893</cremer-pople_Q>
      <cremer-pople_Phi>284.053</cremer-pople_Phi>
      <cremer-pople_Theta>42.1</cremer-pople_Theta>
      <mean_bfactor>42.1</mean_bfactor>
      <conformation>4c1</conformation>
      <anomer>beta</anomer>
      <hand>D</hand>
      <stacked_against>
      </stacked_against>
      <validation>
        <conformation>yes</conformation>
        <anomer>yes</anomer>
        <hand>yes</hand>
        <puckering>yes</puckering>
      </validation>
    <sugar id="/A/1703(BMA)">
      <link>
        <anomericity>beta</anomericity>
        <connected_to>4</connected_to>
        <phi>-82.1615</phi>
        <psi>-116.843</psi>
      </link>
      <detected_type>beta-D-aldopyranose</detected_type>
      <cremer-pople_Q>0.575168</cremer-pople_Q>
      <cremer-pople_Phi>73.2478</cremer-pople_Phi>
      <cremer-pople_Theta>49.1555</cremer-pople_Theta>
      <mean_bfactor>49.1555</mean_bfactor>
      <conformation>4c1</conformation>
      <anomer>beta</anomer>
      <hand>D</hand>
      <stacked_against>
      </stacked_against>
      <validation>
        <conformation>yes</conformation>
        <anomer>yes</anomer>
        <hand>yes</hand>
        <puckering>yes</puckering>
      </validation>
    <sugar id="/A/1708(MAN)">
      <link>
        <anomericity>alpha</anomericity>
        <connected_to>3</connected_to>
        <phi>89.8328</phi>
        <psi>143.446</psi>
      </link>
      <detected_type>alpha-D-aldopyranose</detected_type>
      <cremer-pople_Q>0.566809</cremer-pople_Q>
      <cremer-pople_Phi>13.6562</cremer-pople_Phi>
      <cremer-pople_Theta>58.5291</cremer-pople_Theta>
      <mean_bfactor>58.5291</mean_bfactor>
      <conformation>4c1</conformation>
      <anomer>alpha</anomer>
      <hand>D</hand>
      <stacked_against>
      </stacked_against>
      <validation>
        <conformation>yes</conformation>
        <anomer>yes</anomer>
        <hand>yes</hand>
        <puckering>yes</puckering>
      </validation>
    </sugar>
    <sugar id="/A/1704(MAN)">
      <link>
        <anomericity>alpha</anomericity>
        <connected_to>6</connected_to>
        <phi>58.2114</phi>
        <psi>-178.846</psi>
        <omega>0</omega>
      </link>
      <detected_type>alpha-D-aldopyranose</detected_type>
      <cremer-pople_Q>0.556048</cremer-pople_Q>
      <cremer-pople_Phi>30.1242</cremer-pople_Phi>
      <cremer-pople_Theta>49.7582</cremer-pople_Theta>
      <mean_bfactor>49.7582</mean_bfactor>
      <conformation>4c1</conformation>
      <anomer>alpha</anomer>
      <hand>D</hand>
      <stacked_against>
      </stacked_against>
      <validation>
        <conformation>yes</conformation>
        <anomer>yes</anomer>
        <hand>yes</hand>
        <puckering>yes</puckering>
      </validation>
    <sugar id="/A/1705(MAN)">
      <link>
        <anomericity>alpha</anomericity>
        <connected_to>3</connected_to>
        <phi>59.2266</phi>
        <psi>91.7818</psi>
      </link>
      <detected_type>alpha-D-aldopyranose</detected_type>
      <cremer-pople_Q>0.558209</cremer-pople_Q>
      <cremer-pople_Phi>28.124</cremer-pople_Phi>
      <cremer-pople_Theta>47.1809</cremer-pople_Theta>
      <mean_bfactor>47.1809</mean_bfactor>
      <conformation>4c1</conformation>
      <anomer>alpha</anomer>
      <hand>D</hand>
      <stacked_against>
      </stacked_against>
      <validation>
        <conformation>yes</conformation>
        <anomer>yes</anomer>
        <hand>yes</hand>
        <puckering>yes</puckering>
      </validation>
    <sugar id="/A/1706(MAN)">
      <link>
        <anomericity>alpha</anomericity>
        <connected_to>2</connected_to>
        <phi>73.0632</phi>
        <psi>150.494</psi>
      </link>
      <detected_type>alpha-D-aldopyranose</detected_type>
      <cremer-pople_Q>0.559277</cremer-pople_Q>
      <cremer-pople_Phi>24.6631</cremer-pople_Phi>
      <cremer-pople_Theta>46.6045</cremer-pople_Theta>
      <mean_bfactor>46.6045</mean_bfactor>
      <conformation>4c1</conformation>
      <anomer>alpha</anomer>
      <hand>D</hand>
      <stacked_against>
      </stacked_against>
      <validation>
        <conformation>yes</conformation>
        <anomer>yes</anomer>
        <hand>yes</hand>
        <puckering>yes</puckering>
      </validation>
    </sugar>
    </sugar>
    </sugar>
    </sugar>
    </sugar>
    </sugar>
  </glycan>
  <glycan type="n-glycan" root="/A/713(ASN)" chain="A">
    <svg_graphics>
<ns0:svg version="1.1" width="234" height="66" viewBox="2595 980 335 95 " preserveAspectRatio="xMinYMinXMaxYMax meet">

  <ns0:style>
    .my_blue   { fill:#0090bc; }
    .my_red    { fill:#ed1c24; }
    .my_yellow { fill:#ffd400; }
  </ns0:style>
  <ns0:defs>
      <ns0:filter id="displace">
        <ns0:feTurbulence baseFrequency=".05" numOctaves="3" result="myturbulence" />
        <ns0:feDisplacementMap in="SourceGraphic" in2="myturbulence" scale="10" />
      </ns0:filter>

      <ns0:pattern id="half_yellow" x="0" y="0" width="50" height="50" patternUnits="userSpaceOnUse">
        <ns0:rect width="50" height="50" x="0" y="0" style="stroke:none; fill:#ffd400;" />
        <ns0:polygon points="0 0, 0 50, 50 50" rx="0" ry="0" style="stroke:#000000; stroke-width:1.5; fill:#ffffff;" />
      </ns0:pattern>
      <ns0:pattern id="half_blue" x="0" y="0" width="50" height="50" patternUnits="userSpaceOnUse">
        <ns0:rect width="50" height="50" x="0" y="0" style="stroke:none; fill:#0090bc;" />
        <ns0:polygon points="0 0, 0 50, 50 50" rx="0" ry="0" style="stroke:#000000; stroke-width:1.5; fill:#ffffff;" />
      </ns0:pattern>
      <ns0:pattern id="half_green" x="0" y="0" width="50" height="50" patternUnits="userSpaceOnUse">
        <ns0:rect width="50" height="50" x="0" y="0" style="stroke:none; fill:#00a651;" />
        <ns0:polygon points="0 0, 0 50, 50 50" rx="0" ry="0" style="stroke:#000000; stroke-width:1.5; fill:#ffffff;" />
      </ns0:pattern>
      <ns0:pattern id="yellow_left" x="0" y="0" width="50" height="50" patternUnits="userSpaceOnUse">
        <ns0:polygon points="25 0, 50 25, 25 50, 0 25" style="stroke:none; fill:#ffd400;" />
        <ns0:polygon points="25 0, 25 50, 0 25" rx="0" ry="0" style="stroke:#000000; stroke-width:1.5; fill:#ffffff;" />
      </ns0:pattern>
      <ns0:pattern id="blue_up" x="0" y="0" width="50" height="50" patternUnits="userSpaceOnUse">
        <ns0:polygon points="25 0, 50 25, 25 50, 0 25" style="stroke:none; fill:#0090bc;" />
        <ns0:polygon points="0 25, 50 25, 25 50" rx="0" ry="0" style="stroke:#000000; stroke-width:1.5; fill:#ffffff;" />
      </ns0:pattern>
      <ns0:pattern id="green_right" x="0" y="0" width="50" height="50" patternUnits="userSpaceOnUse">
        <ns0:polygon points="25 0, 50 25, 25 50, 0 25" style="stroke:none; fill:#00a651;" />
        <ns0:polygon points="0 25, 25 50, 25 0" rx="0" ry="0" style="stroke:#000000; stroke-width:1.5; fill:#ffffff;" />
      </ns0:pattern>
      <ns0:pattern id="tan_down" x="0" y="0" width="50" height="50" patternUnits="userSpaceOnUse">
        <ns0:polygon points="25 0, 50 25, 25 50, 0 25" style="stroke:none; fill:#966432;" />
        <ns0:polygon points="0 25, 50 25, 25 0" rx="0" ry="0" style="stroke:#000000; stroke-width:1.5; fill:#ffffff;" />
      </ns0:pattern>
<ns0:circle r="25" cx="25" cy="25" id="glc" style=" stroke:#000000; fill:#0090bc;stroke-width:2.8;" />
<ns0:circle r="25" cx="25" cy="25" id="gal" style=" stroke:#000000; fill:#ffd400;stroke-width:2.8;" />
<ns0:circle r="25" cx="25" cy="25" id="man" style=" stroke:#000000; fill:#00a651;stroke-width:2.8;" />
<ns0:polygon points="0 50, 25 0, 50 50" rx="0" ry="0" id="fuc" style=" stroke:#000000; fill:#ed1c24;stroke-width:2.8;" />
<ns0:polygon points="39.5,50 24.5,37.5 9.5,50 14.5,32.5 0,20 19.5,20 24.5,0 29.5,20 50,20 34.5,32.5" rx="0" ry="0" id="xyl" style=" stroke:#000000; fill:#ff7f00;stroke-width:2.8;" />
<ns0:rect width="50" height="50" id="glcnac" style=" stroke:#000000; fill:#0090bc;stroke-width:2.8;" />
<ns0:rect width="50" height="50" id="galnac" style=" stroke:#000000; fill:#ffd400;stroke-width:2.8;" />
<ns0:rect width="50" height="50" id="mannac" style=" stroke:#000000; fill:#00a651;stroke-width:2.8;" />
<ns0:rect width="50" height="50" id="glcn" style=" stroke:#000000; fill: url(#half_blue);stroke-width:2.8;" />
<ns0:rect width="50" height="50" id="galn" style=" stroke:#000000; fill: url(#half_yellow);stroke-width:2.8;" />
<ns0:rect width="50" height="50" id="mann" style=" stroke:#000000; fill: url(#half_green);stroke-width:2.8;" />
<ns0:polygon points="25 0, 50 25, 25 50, 0 25" rx="0" ry="0" id="neu5ac" style=" stroke:#000000; fill:#a54399;stroke-width:2.8;" />
<ns0:polygon points="25 0, 50 25, 25 50, 0 25" rx="0" ry="0" id="neu5gc" style=" stroke:#000000; fill:#8fcce9;stroke-width:2.8;" />
<ns0:polygon points="25 0, 50 25, 25 50, 0 25" rx="0" ry="0" id="kdn" style=" stroke:#000000; fill:#00a651;stroke-width:2.8;" />
<ns0:polygon points="25 0, 50 25, 25 50, 0 25" rx="0" ry="0" id="glca" style=" stroke:#000000; fill: url(#blue_up);stroke-width:2.8;" />
<ns0:polygon points="25 0, 50 25, 25 50, 0 25" rx="0" ry="0" id="idoa" style=" stroke:#000000; fill: url(#tan_down);stroke-width:2.8;" />
<ns0:polygon points="25 0, 50 25, 25 50, 0 25" rx="0" ry="0" id="gala" style=" stroke:#000000; fill: url(#yellow_left);stroke-width:2.8;" />
<ns0:polygon points="25 0, 50 25, 25 50, 0 25" rx="0" ry="0" id="mana" style=" stroke:#000000; fill: url(#green_right);stroke-width:2.8;" />
<ns0:line x1="0" y1="0" x2="110" y2="0" style="stroke:#000000; stroke-width:2; stroke-linecap:round; stroke-dasharray:9,6;" id="alpha" />
<ns0:line x1="0" y1="0" x2="110" y2="0" style="stroke:#000000; stroke-width:2; stroke-linecap:round;" id="beta" />
<ns0:polygon points="25 0, 50 11, 50 38, 25 50, 0 38, 0 11" rx="0" ry="0" id="unk" style=" stroke:#000000; fill:#ffffff;stroke-width:4.0; " />
  </ns0:defs>

<ns0:a id="anchor" ns1:href="mmdb:///A/1801" target="_top">  <ns0:use ns1:href="#beta" x="2720" y="1015" id="" transform="rotate(180 2720 1015)"><ns0:title>[ beta 1-4 ] with phi: -68.7344; psi: -110.383;</ns0:title></ns0:use>
</ns0:a>
<ns0:a id="anchor" ns1:href="mmdb:///A/713" target="_top">  <ns0:use ns1:href="#beta" x="2800" y="1015" id="" transform="rotate(180 2800 1015)"><ns0:title>beta link. Phi: -72.1573; Psi: 178.937;</ns0:title></ns0:use>
</ns0:a>
<ns0:a id="anchor" ns1:href="mmdb:///A/713" target="_top">  <ns0:g id="glycan_root" transform="translate(2768 990)">
    <ns0:rect width="160" height="50" rx="10" ry="10" style="stroke:#000000; fill:#ffffff; stroke-width:2.0;" />
    <ns0:line x1="30" y1="0" x2="30" y2="50" style="stroke:#000000; fill:#ffffff; stroke-width:2.0;" />
    <ns0:text x="7" y="32" class="my_blue" font-weight="bold" font-family="Helvetica" font-size="24">N</ns0:text>
    <ns0:text x="92" y="32" fill="black" text-anchor="middle" font-weight="bold" font-family="Helvetica" font-size="24">ASN<ns0:tspan baseline-shift="sub" font-weight="normal" font-size="20">A/713</ns0:tspan></ns0:text>
</ns0:g>
</ns0:a>
<ns0:a id="anchor" ns1:href="mmdb:///A/1801" target="_top">  <ns0:use ns1:href="#glcnac" x="2685" y="990" id=""><ns0:title><ns0:tspan>NAG 1801 in 4c1 conformation. </ns0:tspan><ns0:tspan>Mean B-factor: 47.86. </ns0:tspan><ns0:tspan>Detected type: beta-D-aldopyranose. </ns0:tspan><ns0:tspan>No issues have been detected.</ns0:tspan></ns0:title></ns0:use>
</ns0:a>
<ns0:a id="anchor" ns1:href="mmdb:///A/1802" target="_top">  <ns0:use ns1:href="#glcnac" x="2605" y="990" id=""><ns0:title><ns0:tspan>NAG 1802 in 4c1 conformation. </ns0:tspan><ns0:tspan>Mean B-factor: 31.23. </ns0:tspan><ns0:tspan>Detected type: beta-D-aldopyranose. </ns0:tspan><ns0:tspan>No issues have been detected.</ns0:tspan></ns0:title></ns0:use>
</ns0:a>
</ns0:svg>    </svg_graphics>
    <sugar id="/A/1801(NAG)">
      <link>
        <anomericity>beta</anomericity>
        <connected_to>0</connected_to>
        <phi>-72.1573</phi>
        <psi>178.937</psi>
      </link>
      <detected_type>beta-D-aldopyranose</detected_type>
      <cremer-pople_Q>0.541842</cremer-pople_Q>
      <cremer-pople_Phi>305.958</cremer-pople_Phi>
      <cremer-pople_Theta>47.8564</cremer-pople_Theta>
      <mean_bfactor>47.8564</mean_bfactor>
      <conformation>4c1</conformation>
      <anomer>beta</anomer>
      <hand>D</hand>
      <stacked_against>
      </stacked_against>
      <validation>
        <conformation>yes</conformation>
        <anomer>yes</anomer>
        <hand>yes</hand>
        <puckering>yes</puckering>
      </validation>
    <sugar id="/A/1802(NAG)">
      <link>
        <anomericity>beta</anomericity>
        <connected_to>4</connected_to>
        <phi>-68.7344</phi>
        <psi>-110.383</psi>
      </link>
      <detected_type>beta-D-aldopyranose</detected_type>
      <cremer-pople_Q>0.546641</cremer-pople_Q>
      <cremer-pople_Phi>296.206</cremer-pople_Phi>
      <cremer-pople_Theta>31.2321</cremer-pople_Theta>
      <mean_bfactor>31.2321</mean_bfactor>
      <conformation>4c1</conformation>
      <anomer>beta</anomer>
      <hand>D</hand>
      <stacked_against>
      </stacked_against>
      <validation>
        <conformation>yes</conformation>
        <anomer>yes</anomer>
        <hand>yes</hand>
        <puckering>yes</puckering>
      </validation>
    </sugar>
    </sugar>
  </glycan>
  <glycan type="n-glycan" root="/B/62(ASN)" chain="B">
    <svg_graphics>
<ns0:svg version="1.1" width="346" height="122" viewBox="2435 900 495 175 " preserveAspectRatio="xMinYMinXMaxYMax meet">

  <ns0:style>
    .my_blue   { fill:#0090bc; }
    .my_red    { fill:#ed1c24; }
    .my_yellow { fill:#ffd400; }
  </ns0:style>
  <ns0:defs>
      <ns0:filter id="displace">
        <ns0:feTurbulence baseFrequency=".05" numOctaves="3" result="myturbulence" />
        <ns0:feDisplacementMap in="SourceGraphic" in2="myturbulence" scale="10" />
      </ns0:filter>

      <ns0:pattern id="half_yellow" x="0" y="0" width="50" height="50" patternUnits="userSpaceOnUse">
        <ns0:rect width="50" height="50" x="0" y="0" style="stroke:none; fill:#ffd400;" />
        <ns0:polygon points="0 0, 0 50, 50 50" rx="0" ry="0" style="stroke:#000000; stroke-width:1.5; fill:#ffffff;" />
      </ns0:pattern>
      <ns0:pattern id="half_blue" x="0" y="0" width="50" height="50" patternUnits="userSpaceOnUse">
        <ns0:rect width="50" height="50" x="0" y="0" style="stroke:none; fill:#0090bc;" />
        <ns0:polygon points="0 0, 0 50, 50 50" rx="0" ry="0" style="stroke:#000000; stroke-width:1.5; fill:#ffffff;" />
      </ns0:pattern>
      <ns0:pattern id="half_green" x="0" y="0" width="50" height="50" patternUnits="userSpaceOnUse">
        <ns0:rect width="50" height="50" x="0" y="0" style="stroke:none; fill:#00a651;" />
        <ns0:polygon points="0 0, 0 50, 50 50" rx="0" ry="0" style="stroke:#000000; stroke-width:1.5; fill:#ffffff;" />
      </ns0:pattern>
      <ns0:pattern id="yellow_left" x="0" y="0" width="50" height="50" patternUnits="userSpaceOnUse">
        <ns0:polygon points="25 0, 50 25, 25 50, 0 25" style="stroke:none; fill:#ffd400;" />
        <ns0:polygon points="25 0, 25 50, 0 25" rx="0" ry="0" style="stroke:#000000; stroke-width:1.5; fill:#ffffff;" />
      </ns0:pattern>
      <ns0:pattern id="blue_up" x="0" y="0" width="50" height="50" patternUnits="userSpaceOnUse">
        <ns0:polygon points="25 0, 50 25, 25 50, 0 25" style="stroke:none; fill:#0090bc;" />
        <ns0:polygon points="0 25, 50 25, 25 50" rx="0" ry="0" style="stroke:#000000; stroke-width:1.5; fill:#ffffff;" />
      </ns0:pattern>
      <ns0:pattern id="green_right" x="0" y="0" width="50" height="50" patternUnits="userSpaceOnUse">
        <ns0:polygon points="25 0, 50 25, 25 50, 0 25" style="stroke:none; fill:#00a651;" />
        <ns0:polygon points="0 25, 25 50, 25 0" rx="0" ry="0" style="stroke:#000000; stroke-width:1.5; fill:#ffffff;" />
      </ns0:pattern>
      <ns0:pattern id="tan_down" x="0" y="0" width="50" height="50" patternUnits="userSpaceOnUse">
        <ns0:polygon points="25 0, 50 25, 25 50, 0 25" style="stroke:none; fill:#966432;" />
        <ns0:polygon points="0 25, 50 25, 25 0" rx="0" ry="0" style="stroke:#000000; stroke-width:1.5; fill:#ffffff;" />
      </ns0:pattern>
<ns0:circle r="25" cx="25" cy="25" id="glc" style=" stroke:#000000; fill:#0090bc;stroke-width:2.8;" />
<ns0:circle r="25" cx="25" cy="25" id="gal" style=" stroke:#000000; fill:#ffd400;stroke-width:2.8;" />
<ns0:circle r="25" cx="25" cy="25" id="man" style=" stroke:#000000; fill:#00a651;stroke-width:2.8;" />
<ns0:polygon points="0 50, 25 0, 50 50" rx="0" ry="0" id="fuc" style=" stroke:#000000; fill:#ed1c24;stroke-width:2.8;" />
<ns0:polygon points="39.5,50 24.5,37.5 9.5,50 14.5,32.5 0,20 19.5,20 24.5,0 29.5,20 50,20 34.5,32.5" rx="0" ry="0" id="xyl" style=" stroke:#000000; fill:#ff7f00;stroke-width:2.8;" />
<ns0:rect width="50" height="50" id="glcnac" style=" stroke:#000000; fill:#0090bc;stroke-width:2.8;" />
<ns0:rect width="50" height="50" id="galnac" style=" stroke:#000000; fill:#ffd400;stroke-width:2.8;" />
<ns0:rect width="50" height="50" id="mannac" style=" stroke:#000000; fill:#00a651;stroke-width:2.8;" />
<ns0:rect width="50" height="50" id="glcn" style=" stroke:#000000; fill: url(#half_blue);stroke-width:2.8;" />
<ns0:rect width="50" height="50" id="galn" style=" stroke:#000000; fill: url(#half_yellow);stroke-width:2.8;" />
<ns0:rect width="50" height="50" id="mann" style=" stroke:#000000; fill: url(#half_green);stroke-width:2.8;" />
<ns0:polygon points="25 0, 50 25, 25 50, 0 25" rx="0" ry="0" id="neu5ac" style=" stroke:#000000; fill:#a54399;stroke-width:2.8;" />
<ns0:polygon points="25 0, 50 25, 25 50, 0 25" rx="0" ry="0" id="neu5gc" style=" stroke:#000000; fill:#8fcce9;stroke-width:2.8;" />
<ns0:polygon points="25 0, 50 25, 25 50, 0 25" rx="0" ry="0" id="kdn" style=" stroke:#000000; fill:#00a651;stroke-width:2.8;" />
<ns0:polygon points="25 0, 50 25, 25 50, 0 25" rx="0" ry="0" id="glca" style=" stroke:#000000; fill: url(#blue_up);stroke-width:2.8;" />
<ns0:polygon points="25 0, 50 25, 25 50, 0 25" rx="0" ry="0" id="idoa" style=" stroke:#000000; fill: url(#tan_down);stroke-width:2.8;" />
<ns0:polygon points="25 0, 50 25, 25 50, 0 25" rx="0" ry="0" id="gala" style=" stroke:#000000; fill: url(#yellow_left);stroke-width:2.8;" />
<ns0:polygon points="25 0, 50 25, 25 50, 0 25" rx="0" ry="0" id="mana" style=" stroke:#000000; fill: url(#green_right);stroke-width:2.8;" />
<ns0:line x1="0" y1="0" x2="110" y2="0" style="stroke:#000000; stroke-width:2; stroke-linecap:round; stroke-dasharray:9,6;" id="alpha" />
<ns0:line x1="0" y1="0" x2="110" y2="0" style="stroke:#000000; stroke-width:2; stroke-linecap:round;" id="beta" />
<ns0:polygon points="25 0, 50 11, 50 38, 25 50, 0 38, 0 11" rx="0" ry="0" id="unk" style=" stroke:#000000; fill:#ffffff;stroke-width:4.0; " />
  </ns0:defs>

<ns0:a id="anchor" ns1:href="mmdb:///B/1003" target="_top">  <ns0:use ns1:href="#alpha" x="2550" y="1015" id="" transform="rotate(-135 2550 1015)"><ns0:title>[ alpha 1-6 ] with phi: 72.5555; psi: 179.943; omega: 0;</ns0:title></ns0:use>
</ns0:a>
<ns0:a id="anchor" ns1:href="mmdb:///B/1002" target="_top">  <ns0:use ns1:href="#beta" x="2640" y="1015" id="" transform="rotate(180 2640 1015)"><ns0:title>[ beta 1-4 ] with phi: -88.246; psi: -134.714;</ns0:title></ns0:use>
</ns0:a>
<ns0:a id="anchor" ns1:href="mmdb:///B/1001" target="_top">  <ns0:use ns1:href="#beta" x="2720" y="1015" id="" transform="rotate(180 2720 1015)"><ns0:title>[ beta 1-4 ] with phi: -67.166; psi: -141.021;</ns0:title></ns0:use>
</ns0:a>
<ns0:a id="anchor" ns1:href="mmdb:///B/62" target="_top">  <ns0:use ns1:href="#beta" x="2800" y="1015" id="" transform="rotate(180 2800 1015)"><ns0:title>beta link. Phi: -80.1025; Psi: 177.682;</ns0:title></ns0:use>
</ns0:a>
<ns0:a id="anchor" ns1:href="mmdb:///B/62" target="_top">  <ns0:g id="glycan_root" transform="translate(2768 990)">
    <ns0:rect width="160" height="50" rx="10" ry="10" style="stroke:#000000; fill:#ffffff; stroke-width:2.0;" />
    <ns0:line x1="30" y1="0" x2="30" y2="50" style="stroke:#000000; fill:#ffffff; stroke-width:2.0;" />
    <ns0:text x="7" y="32" class="my_blue" font-weight="bold" font-family="Helvetica" font-size="24">N</ns0:text>
    <ns0:text x="92" y="32" fill="black" text-anchor="middle" font-weight="bold" font-family="Helvetica" font-size="24">ASN<ns0:tspan baseline-shift="sub" font-weight="normal" font-size="20">B/62</ns0:tspan></ns0:text>
</ns0:g>
</ns0:a>
<ns0:a id="anchor" ns1:href="mmdb:///B/1001" target="_top">  <ns0:use ns1:href="#glcnac" x="2685" y="990" id=""><ns0:title><ns0:tspan>NAG 1001 in 4c1 conformation. </ns0:tspan><ns0:tspan>Mean B-factor: 30.12. </ns0:tspan><ns0:tspan>Detected type: beta-D-aldopyranose. </ns0:tspan><ns0:tspan>No issues have been detected.</ns0:tspan></ns0:title></ns0:use>
</ns0:a>
<ns0:a id="anchor" ns1:href="mmdb:///B/1002" target="_top">  <ns0:use ns1:href="#glcnac" x="2605" y="990" id=""><ns0:title><ns0:tspan>NAG 1002 in 4c1 conformation. </ns0:tspan><ns0:tspan>Mean B-factor: 34.02. </ns0:tspan><ns0:tspan>Detected type: beta-D-aldopyranose. </ns0:tspan><ns0:tspan>No issues have been detected.</ns0:tspan></ns0:title></ns0:use>
</ns0:a>
<ns0:a id="anchor" ns1:href="mmdb:///B/1003" target="_top">  <ns0:use ns1:href="#man" x="2525" y="990" id=""><ns0:title><ns0:tspan>BMA 1003 in 4c1 conformation. </ns0:tspan><ns0:tspan>Mean B-factor: 37.20. </ns0:tspan><ns0:tspan>Detected type: beta-D-aldopyranose. </ns0:tspan><ns0:tspan>No issues have been detected.</ns0:tspan></ns0:title></ns0:use>
</ns0:a>
<ns0:a id="anchor" ns1:href="mmdb:///B/1004" target="_top">  <ns0:use ns1:href="#man" x="2445" y="910" id=""><ns0:title><ns0:tspan>MAN 1004 in 4c1 conformation. </ns0:tspan><ns0:tspan>Mean B-factor: 36.65. </ns0:tspan><ns0:tspan>Detected type: alpha-D-aldopyranose. </ns0:tspan><ns0:tspan>No issues have been detected.</ns0:tspan></ns0:title></ns0:use>
</ns0:a>
</ns0:svg>    </svg_graphics>
    <sugar id="/B/1001(NAG)">
      <link>
        <anomericity>beta</anomericity>
        <connected_to>0</connected_to>
        <phi>-80.1025</phi>
        <psi>177.682</psi>
      </link>
      <detected_type>beta-D-aldopyranose</detected_type>
      <cremer-pople_Q>0.553697</cremer-pople_Q>
      <cremer-pople_Phi>318.745</cremer-pople_Phi>
      <cremer-pople_Theta>30.1207</cremer-pople_Theta>
      <mean_bfactor>30.1207</mean_bfactor>
      <conformation>4c1</conformation>
      <anomer>beta</anomer>
      <hand>D</hand>
      <stacked_against>
      </stacked_against>
      <validation>
        <conformation>yes</conformation>
        <anomer>yes</anomer>
        <hand>yes</hand>
        <puckering>yes</puckering>
      </validation>
    <sugar id="/B/1002(NAG)">
      <link>
        <anomericity>beta</anomericity>
        <connected_to>4</connected_to>
        <phi>-67.166</phi>
        <psi>-141.021</psi>
      </link>
      <detected_type>beta-D-aldopyranose</detected_type>
      <cremer-pople_Q>0.562543</cremer-pople_Q>
      <cremer-pople_Phi>318.547</cremer-pople_Phi>
      <cremer-pople_Theta>34.0157</cremer-pople_Theta>
      <mean_bfactor>34.0157</mean_bfactor>
      <conformation>4c1</conformation>
      <anomer>beta</anomer>
      <hand>D</hand>
      <stacked_against>
      </stacked_against>
      <validation>
        <conformation>yes</conformation>
        <anomer>yes</anomer>
        <hand>yes</hand>
        <puckering>yes</puckering>
      </validation>
    <sugar id="/B/1003(BMA)">
      <link>
        <anomericity>beta</anomericity>
        <connected_to>4</connected_to>
        <phi>-88.246</phi>
        <psi>-134.714</psi>
      </link>
      <detected_type>beta-D-aldopyranose</detected_type>
      <cremer-pople_Q>0.557828</cremer-pople_Q>
      <cremer-pople_Phi>328.094</cremer-pople_Phi>
      <cremer-pople_Theta>37.2045</cremer-pople_Theta>
      <mean_bfactor>37.2045</mean_bfactor>
      <conformation>4c1</conformation>
      <anomer>beta</anomer>
      <hand>D</hand>
      <stacked_against>
      </stacked_against>
      <validation>
        <conformation>yes</conformation>
        <anomer>yes</anomer>
        <hand>yes</hand>
        <puckering>yes</puckering>
      </validation>
    <sugar id="/B/1004(MAN)">
      <link>
        <anomericity>alpha</anomericity>
        <connected_to>6</connected_to>
        <phi>72.5555</phi>
        <psi>179.943</psi>
        <omega>0</omega>
      </link>
      <detected_type>alpha-D-aldopyranose</detected_type>
      <cremer-pople_Q>0.564739</cremer-pople_Q>
      <cremer-pople_Phi>223.708</cremer-pople_Phi>
      <cremer-pople_Theta>36.6509</cremer-pople_Theta>
      <mean_bfactor>36.6509</mean_bfactor>
      <conformation>4c1</conformation>
      <anomer>alpha</anomer>
      <hand>D</hand>
      <stacked_against>
      </stacked_against>
      <validation>
        <conformation>yes</conformation>
        <anomer>yes</anomer>
        <hand>yes</hand>
        <puckering>yes</puckering>
      </validation>
    </sugar>
    </sugar>
    </sugar>
    </sugar>
  </glycan>
  <glycan type="n-glycan" root="/B/253(ASN)" chain="B">
    <svg_graphics>
<ns0:svg version="1.1" width="346" height="217" viewBox="2435 900 495 310 " preserveAspectRatio="xMinYMinXMaxYMax meet">

  <ns0:style>
    .my_blue   { fill:#0090bc; }
    .my_red    { fill:#ed1c24; }
    .my_yellow { fill:#ffd400; }
  </ns0:style>
  <ns0:defs>
      <ns0:filter id="displace">
        <ns0:feTurbulence baseFrequency=".05" numOctaves="3" result="myturbulence" />
        <ns0:feDisplacementMap in="SourceGraphic" in2="myturbulence" scale="10" />
      </ns0:filter>

      <ns0:pattern id="half_yellow" x="0" y="0" width="50" height="50" patternUnits="userSpaceOnUse">
        <ns0:rect width="50" height="50" x="0" y="0" style="stroke:none; fill:#ffd400;" />
        <ns0:polygon points="0 0, 0 50, 50 50" rx="0" ry="0" style="stroke:#000000; stroke-width:1.5; fill:#ffffff;" />
      </ns0:pattern>
      <ns0:pattern id="half_blue" x="0" y="0" width="50" height="50" patternUnits="userSpaceOnUse">
        <ns0:rect width="50" height="50" x="0" y="0" style="stroke:none; fill:#0090bc;" />
        <ns0:polygon points="0 0, 0 50, 50 50" rx="0" ry="0" style="stroke:#000000; stroke-width:1.5; fill:#ffffff;" />
      </ns0:pattern>
      <ns0:pattern id="half_green" x="0" y="0" width="50" height="50" patternUnits="userSpaceOnUse">
        <ns0:rect width="50" height="50" x="0" y="0" style="stroke:none; fill:#00a651;" />
        <ns0:polygon points="0 0, 0 50, 50 50" rx="0" ry="0" style="stroke:#000000; stroke-width:1.5; fill:#ffffff;" />
      </ns0:pattern>
      <ns0:pattern id="yellow_left" x="0" y="0" width="50" height="50" patternUnits="userSpaceOnUse">
        <ns0:polygon points="25 0, 50 25, 25 50, 0 25" style="stroke:none; fill:#ffd400;" />
        <ns0:polygon points="25 0, 25 50, 0 25" rx="0" ry="0" style="stroke:#000000; stroke-width:1.5; fill:#ffffff;" />
      </ns0:pattern>
      <ns0:pattern id="blue_up" x="0" y="0" width="50" height="50" patternUnits="userSpaceOnUse">
        <ns0:polygon points="25 0, 50 25, 25 50, 0 25" style="stroke:none; fill:#0090bc;" />
        <ns0:polygon points="0 25, 50 25, 25 50" rx="0" ry="0" style="stroke:#000000; stroke-width:1.5; fill:#ffffff;" />
      </ns0:pattern>
      <ns0:pattern id="green_right" x="0" y="0" width="50" height="50" patternUnits="userSpaceOnUse">
        <ns0:polygon points="25 0, 50 25, 25 50, 0 25" style="stroke:none; fill:#00a651;" />
        <ns0:polygon points="0 25, 25 50, 25 0" rx="0" ry="0" style="stroke:#000000; stroke-width:1.5; fill:#ffffff;" />
      </ns0:pattern>
      <ns0:pattern id="tan_down" x="0" y="0" width="50" height="50" patternUnits="userSpaceOnUse">
        <ns0:polygon points="25 0, 50 25, 25 50, 0 25" style="stroke:none; fill:#966432;" />
        <ns0:polygon points="0 25, 50 25, 25 0" rx="0" ry="0" style="stroke:#000000; stroke-width:1.5; fill:#ffffff;" />
      </ns0:pattern>
<ns0:circle r="25" cx="25" cy="25" id="glc" style=" stroke:#000000; fill:#0090bc;stroke-width:2.8;" />
<ns0:circle r="25" cx="25" cy="25" id="gal" style=" stroke:#000000; fill:#ffd400;stroke-width:2.8;" />
<ns0:circle r="25" cx="25" cy="25" id="man" style=" stroke:#000000; fill:#00a651;stroke-width:2.8;" />
<ns0:polygon points="0 50, 25 0, 50 50" rx="0" ry="0" id="fuc" style=" stroke:#000000; fill:#ed1c24;stroke-width:2.8;" />
<ns0:polygon points="39.5,50 24.5,37.5 9.5,50 14.5,32.5 0,20 19.5,20 24.5,0 29.5,20 50,20 34.5,32.5" rx="0" ry="0" id="xyl" style=" stroke:#000000; fill:#ff7f00;stroke-width:2.8;" />
<ns0:rect width="50" height="50" id="glcnac" style=" stroke:#000000; fill:#0090bc;stroke-width:2.8;" />
<ns0:rect width="50" height="50" id="galnac" style=" stroke:#000000; fill:#ffd400;stroke-width:2.8;" />
<ns0:rect width="50" height="50" id="mannac" style=" stroke:#000000; fill:#00a651;stroke-width:2.8;" />
<ns0:rect width="50" height="50" id="glcn" style=" stroke:#000000; fill: url(#half_blue);stroke-width:2.8;" />
<ns0:rect width="50" height="50" id="galn" style=" stroke:#000000; fill: url(#half_yellow);stroke-width:2.8;" />
<ns0:rect width="50" height="50" id="mann" style=" stroke:#000000; fill: url(#half_green);stroke-width:2.8;" />
<ns0:polygon points="25 0, 50 25, 25 50, 0 25" rx="0" ry="0" id="neu5ac" style=" stroke:#000000; fill:#a54399;stroke-width:2.8;" />
<ns0:polygon points="25 0, 50 25, 25 50, 0 25" rx="0" ry="0" id="neu5gc" style=" stroke:#000000; fill:#8fcce9;stroke-width:2.8;" />
<ns0:polygon points="25 0, 50 25, 25 50, 0 25" rx="0" ry="0" id="kdn" style=" stroke:#000000; fill:#00a651;stroke-width:2.8;" />
<ns0:polygon points="25 0, 50 25, 25 50, 0 25" rx="0" ry="0" id="glca" style=" stroke:#000000; fill: url(#blue_up);stroke-width:2.8;" />
<ns0:polygon points="25 0, 50 25, 25 50, 0 25" rx="0" ry="0" id="idoa" style=" stroke:#000000; fill: url(#tan_down);stroke-width:2.8;" />
<ns0:polygon points="25 0, 50 25, 25 50, 0 25" rx="0" ry="0" id="gala" style=" stroke:#000000; fill: url(#yellow_left);stroke-width:2.8;" />
<ns0:polygon points="25 0, 50 25, 25 50, 0 25" rx="0" ry="0" id="mana" style=" stroke:#000000; fill: url(#green_right);stroke-width:2.8;" />
<ns0:line x1="0" y1="0" x2="110" y2="0" style="stroke:#000000; stroke-width:2; stroke-linecap:round; stroke-dasharray:9,6;" id="alpha" />
<ns0:line x1="0" y1="0" x2="110" y2="0" style="stroke:#000000; stroke-width:2; stroke-linecap:round;" id="beta" />
<ns0:polygon points="25 0, 50 11, 50 38, 25 50, 0 38, 0 11" rx="0" ry="0" id="unk" style=" stroke:#000000; fill:#ffffff;stroke-width:4.0; " />
  </ns0:defs>

<ns0:a id="anchor" ns1:href="mmdb:///B/1103" target="_top">  <ns0:use ns1:href="#alpha" x="2550" y="1015" id="" transform="rotate(-135 2550 1015)"><ns0:title>[ alpha 1-6 ] with phi: 79.0313; psi: -178.306; omega: 180;</ns0:title></ns0:use>
</ns0:a>
<ns0:a id="anchor" ns1:href="mmdb:///B/1104" target="_top">  <ns0:use ns1:href="#alpha" x="2470" y="1085" id="" transform="rotate(90 2470 1085)"><ns0:title>[ alpha 1-2 ] with phi: 75.584; psi: 167.516;</ns0:title></ns0:use>
</ns0:a>
<ns0:a id="anchor" ns1:href="mmdb:///B/1103" target="_top">  <ns0:use ns1:href="#alpha" x="2550" y="1015" id="" transform="rotate(-225 2550 1015)"><ns0:title>[ alpha 1-3 ] with phi: 80.2904; psi: 135.938;</ns0:title></ns0:use>
</ns0:a>
<ns0:a id="anchor" ns1:href="mmdb:///B/1102" target="_top">  <ns0:use ns1:href="#beta" x="2640" y="1015" id="" transform="rotate(180 2640 1015)"><ns0:title>[ beta 1-4 ] with phi: -82.0989; psi: -143.271;</ns0:title></ns0:use>
</ns0:a>
<ns0:a id="anchor" ns1:href="mmdb:///B/1101" target="_top">  <ns0:use ns1:href="#beta" x="2720" y="1015" id="" transform="rotate(180 2720 1015)"><ns0:title>[ beta 1-4 ] with phi: -84.0071; psi: -111.791;</ns0:title></ns0:use>
</ns0:a>
<ns0:a id="anchor" ns1:href="mmdb:///B/253" target="_top">  <ns0:use ns1:href="#beta" x="2800" y="1015" id="" transform="rotate(180 2800 1015)"><ns0:title>beta link. Phi: -109.618; Psi: 181.266;</ns0:title></ns0:use>
</ns0:a>
<ns0:a id="anchor" ns1:href="mmdb:///B/253" target="_top">  <ns0:g id="glycan_root" transform="translate(2768 990)">
    <ns0:rect width="160" height="50" rx="10" ry="10" style="stroke:#000000; fill:#ffffff; stroke-width:2.0;" />
    <ns0:line x1="30" y1="0" x2="30" y2="50" style="stroke:#000000; fill:#ffffff; stroke-width:2.0;" />
    <ns0:text x="7" y="32" class="my_blue" font-weight="bold" font-family="Helvetica" font-size="24">N</ns0:text>
    <ns0:text x="92" y="32" fill="black" text-anchor="middle" font-weight="bold" font-family="Helvetica" font-size="24">ASN<ns0:tspan baseline-shift="sub" font-weight="normal" font-size="20">B/253</ns0:tspan></ns0:text>
</ns0:g>
</ns0:a>
<ns0:a id="anchor" ns1:href="mmdb:///B/1101" target="_top">  <ns0:use ns1:href="#glcnac" x="2685" y="990" id=""><ns0:title><ns0:tspan>NAG 1101 in 4c1 conformation. </ns0:tspan><ns0:tspan>Mean B-factor: 30.02. </ns0:tspan><ns0:tspan>Detected type: beta-D-aldopyranose. </ns0:tspan><ns0:tspan>No issues have been detected.</ns0:tspan></ns0:title></ns0:use>
</ns0:a>
<ns0:a id="anchor" ns1:href="mmdb:///B/1102" target="_top">  <ns0:use ns1:href="#glcnac" x="2605" y="990" id=""><ns0:title><ns0:tspan>NAG 1102 in 4c1 conformation. </ns0:tspan><ns0:tspan>Mean B-factor: 39.85. </ns0:tspan><ns0:tspan>Detected type: beta-D-aldopyranose. </ns0:tspan><ns0:tspan>No issues have been detected.</ns0:tspan></ns0:title></ns0:use>
</ns0:a>
<ns0:a id="anchor" ns1:href="mmdb:///B/1103" target="_top">  <ns0:use ns1:href="#man" x="2525" y="990" id=""><ns0:title><ns0:tspan>BMA 1103 in 4c1 conformation. </ns0:tspan><ns0:tspan>Mean B-factor: 51.99. </ns0:tspan><ns0:tspan>Detected type: beta-D-aldopyranose. </ns0:tspan><ns0:tspan>No issues have been detected.</ns0:tspan></ns0:title></ns0:use>
</ns0:a>
<ns0:a id="anchor" ns1:href="mmdb:///B/1104" target="_top">  <ns0:use ns1:href="#man" x="2445" y="1070" id=""><ns0:title><ns0:tspan>MAN 1104 in 4c1 conformation. </ns0:tspan><ns0:tspan>Mean B-factor: 51.35. </ns0:tspan><ns0:tspan>Detected type: alpha-D-aldopyranose. </ns0:tspan><ns0:tspan>No issues have been detected.</ns0:tspan></ns0:title></ns0:use>
</ns0:a>
<ns0:a id="anchor" ns1:href="mmdb:///B/1105" target="_top">  <ns0:use ns1:href="#man" x="2445" y="1150" id=""><ns0:title><ns0:tspan>MAN 1105 in 4c1 conformation. </ns0:tspan><ns0:tspan>Mean B-factor: 52.70. </ns0:tspan><ns0:tspan>Detected type: alpha-D-aldopyranose. </ns0:tspan><ns0:tspan>No issues have been detected.</ns0:tspan></ns0:title></ns0:use>
</ns0:a>
<ns0:a id="anchor" ns1:href="mmdb:///B/1106" target="_top">  <ns0:use ns1:href="#man" x="2445" y="910" id=""><ns0:title><ns0:tspan>MAN 1106 in 4c1 conformation. </ns0:tspan><ns0:tspan>Mean B-factor: 48.01. </ns0:tspan><ns0:tspan>Detected type: alpha-D-aldopyranose. </ns0:tspan><ns0:tspan>No issues have been detected.</ns0:tspan></ns0:title></ns0:use>
</ns0:a>
</ns0:svg>    </svg_graphics>
    <sugar id="/B/1101(NAG)">
      <link>
        <anomericity>beta</anomericity>
        <connected_to>0</connected_to>
        <phi>-109.618</phi>
        <psi>181.266</psi>
      </link>
      <detected_type>beta-D-aldopyranose</detected_type>
      <cremer-pople_Q>0.560869</cremer-pople_Q>
      <cremer-pople_Phi>251.467</cremer-pople_Phi>
      <cremer-pople_Theta>30.0193</cremer-pople_Theta>
      <mean_bfactor>30.0193</mean_bfactor>
      <conformation>4c1</conformation>
      <anomer>beta</anomer>
      <hand>D</hand>
      <stacked_against>
      </stacked_against>
      <validation>
        <conformation>yes</conformation>
        <anomer>yes</anomer>
        <hand>yes</hand>
        <puckering>yes</puckering>
      </validation>
    <sugar id="/B/1102(NAG)">
      <link>
        <anomericity>beta</anomericity>
        <connected_to>4</connected_to>
        <phi>-84.0071</phi>
        <psi>-111.791</psi>
      </link>
      <detected_type>beta-D-aldopyranose</detected_type>
      <cremer-pople_Q>0.56692</cremer-pople_Q>
      <cremer-pople_Phi>5.88486</cremer-pople_Phi>
      <cremer-pople_Theta>39.8536</cremer-pople_Theta>
      <mean_bfactor>39.8536</mean_bfactor>
      <conformation>4c1</conformation>
      <anomer>beta</anomer>
      <hand>D</hand>
      <stacked_against>
      </stacked_against>
      <validation>
        <conformation>yes</conformation>
        <anomer>yes</anomer>
        <hand>yes</hand>
        <puckering>yes</puckering>
      </validation>
    <sugar id="/B/1103(BMA)">
      <link>
        <anomericity>beta</anomericity>
        <connected_to>4</connected_to>
        <phi>-82.0989</phi>
        <psi>-143.271</psi>
      </link>
      <detected_type>beta-D-aldopyranose</detected_type>
      <cremer-pople_Q>0.570854</cremer-pople_Q>
      <cremer-pople_Phi>333.824</cremer-pople_Phi>
      <cremer-pople_Theta>51.9918</cremer-pople_Theta>
      <mean_bfactor>51.9918</mean_bfactor>
      <conformation>4c1</conformation>
      <anomer>beta</anomer>
      <hand>D</hand>
      <stacked_against>
      </stacked_against>
      <validation>
        <conformation>yes</conformation>
        <anomer>yes</anomer>
        <hand>yes</hand>
        <puckering>yes</puckering>
      </validation>
    <sugar id="/B/1104(MAN)">
      <link>
        <anomericity>alpha</anomericity>
        <connected_to>3</connected_to>
        <phi>80.2904</phi>
        <psi>135.938</psi>
      </link>
      <detected_type>alpha-D-aldopyranose</detected_type>
      <cremer-pople_Q>0.573506</cremer-pople_Q>
      <cremer-pople_Phi>104.724</cremer-pople_Phi>
      <cremer-pople_Theta>51.3509</cremer-pople_Theta>
      <mean_bfactor>51.3509</mean_bfactor>
      <conformation>4c1</conformation>
      <anomer>alpha</anomer>
      <hand>D</hand>
      <stacked_against>
      </stacked_against>
      <validation>
        <conformation>yes</conformation>
        <anomer>yes</anomer>
        <hand>yes</hand>
        <puckering>yes</puckering>
      </validation>
    <sugar id="/B/1105(MAN)">
      <link>
        <anomericity>alpha</anomericity>
        <connected_to>2</connected_to>
        <phi>75.584</phi>
        <psi>167.516</psi>
      </link>
      <detected_type>alpha-D-aldopyranose</detected_type>
      <cremer-pople_Q>0.55562</cremer-pople_Q>
      <cremer-pople_Phi>299.778</cremer-pople_Phi>
      <cremer-pople_Theta>52.6982</cremer-pople_Theta>
      <mean_bfactor>52.6982</mean_bfactor>
      <conformation>4c1</conformation>
      <anomer>alpha</anomer>
      <hand>D</hand>
      <stacked_against>
      </stacked_against>
      <validation>
        <conformation>yes</conformation>
        <anomer>yes</anomer>
        <hand>yes</hand>
        <puckering>yes</puckering>
      </validation>
    </sugar>
    </sugar>
    <sugar id="/B/1106(MAN)">
      <link>
        <anomericity>alpha</anomericity>
        <connected_to>6</connected_to>
        <phi>79.0313</phi>
        <psi>-178.306</psi>
        <omega>180</omega>
      </link>
      <detected_type>alpha-D-aldopyranose</detected_type>
      <cremer-pople_Q>0.566409</cremer-pople_Q>
      <cremer-pople_Phi>38.7313</cremer-pople_Phi>
      <cremer-pople_Theta>48.0136</cremer-pople_Theta>
      <mean_bfactor>48.0136</mean_bfactor>
      <conformation>4c1</conformation>
      <anomer>alpha</anomer>
      <hand>D</hand>
      <stacked_against>
      </stacked_against>
      <validation>
        <conformation>yes</conformation>
        <anomer>yes</anomer>
        <hand>yes</hand>
        <puckering>yes</puckering>
      </validation>
    </sugar>
    </sugar>
    </sugar>
    </sugar>
  </glycan>
  <glycan type="n-glycan" root="/B/316(ASN)" chain="B">
    <svg_graphics>
<ns0:svg version="1.1" width="346" height="122" viewBox="2435 900 495 175 " preserveAspectRatio="xMinYMinXMaxYMax meet">

  <ns0:style>
    .my_blue   { fill:#0090bc; }
    .my_red    { fill:#ed1c24; }
    .my_yellow { fill:#ffd400; }
  </ns0:style>
  <ns0:defs>
      <ns0:filter id="displace">
        <ns0:feTurbulence baseFrequency=".05" numOctaves="3" result="myturbulence" />
        <ns0:feDisplacementMap in="SourceGraphic" in2="myturbulence" scale="10" />
      </ns0:filter>

      <ns0:pattern id="half_yellow" x="0" y="0" width="50" height="50" patternUnits="userSpaceOnUse">
        <ns0:rect width="50" height="50" x="0" y="0" style="stroke:none; fill:#ffd400;" />
        <ns0:polygon points="0 0, 0 50, 50 50" rx="0" ry="0" style="stroke:#000000; stroke-width:1.5; fill:#ffffff;" />
      </ns0:pattern>
      <ns0:pattern id="half_blue" x="0" y="0" width="50" height="50" patternUnits="userSpaceOnUse">
        <ns0:rect width="50" height="50" x="0" y="0" style="stroke:none; fill:#0090bc;" />
        <ns0:polygon points="0 0, 0 50, 50 50" rx="0" ry="0" style="stroke:#000000; stroke-width:1.5; fill:#ffffff;" />
      </ns0:pattern>
      <ns0:pattern id="half_green" x="0" y="0" width="50" height="50" patternUnits="userSpaceOnUse">
        <ns0:rect width="50" height="50" x="0" y="0" style="stroke:none; fill:#00a651;" />
        <ns0:polygon points="0 0, 0 50, 50 50" rx="0" ry="0" style="stroke:#000000; stroke-width:1.5; fill:#ffffff;" />
      </ns0:pattern>
      <ns0:pattern id="yellow_left" x="0" y="0" width="50" height="50" patternUnits="userSpaceOnUse">
        <ns0:polygon points="25 0, 50 25, 25 50, 0 25" style="stroke:none; fill:#ffd400;" />
        <ns0:polygon points="25 0, 25 50, 0 25" rx="0" ry="0" style="stroke:#000000; stroke-width:1.5; fill:#ffffff;" />
      </ns0:pattern>
      <ns0:pattern id="blue_up" x="0" y="0" width="50" height="50" patternUnits="userSpaceOnUse">
        <ns0:polygon points="25 0, 50 25, 25 50, 0 25" style="stroke:none; fill:#0090bc;" />
        <ns0:polygon points="0 25, 50 25, 25 50" rx="0" ry="0" style="stroke:#000000; stroke-width:1.5; fill:#ffffff;" />
      </ns0:pattern>
      <ns0:pattern id="green_right" x="0" y="0" width="50" height="50" patternUnits="userSpaceOnUse">
        <ns0:polygon points="25 0, 50 25, 25 50, 0 25" style="stroke:none; fill:#00a651;" />
        <ns0:polygon points="0 25, 25 50, 25 0" rx="0" ry="0" style="stroke:#000000; stroke-width:1.5; fill:#ffffff;" />
      </ns0:pattern>
      <ns0:pattern id="tan_down" x="0" y="0" width="50" height="50" patternUnits="userSpaceOnUse">
        <ns0:polygon points="25 0, 50 25, 25 50, 0 25" style="stroke:none; fill:#966432;" />
        <ns0:polygon points="0 25, 50 25, 25 0" rx="0" ry="0" style="stroke:#000000; stroke-width:1.5; fill:#ffffff;" />
      </ns0:pattern>
<ns0:circle r="25" cx="25" cy="25" id="glc" style=" stroke:#000000; fill:#0090bc;stroke-width:2.8;" />
<ns0:circle r="25" cx="25" cy="25" id="gal" style=" stroke:#000000; fill:#ffd400;stroke-width:2.8;" />
<ns0:circle r="25" cx="25" cy="25" id="man" style=" stroke:#000000; fill:#00a651;stroke-width:2.8;" />
<ns0:polygon points="0 50, 25 0, 50 50" rx="0" ry="0" id="fuc" style=" stroke:#000000; fill:#ed1c24;stroke-width:2.8;" />
<ns0:polygon points="39.5,50 24.5,37.5 9.5,50 14.5,32.5 0,20 19.5,20 24.5,0 29.5,20 50,20 34.5,32.5" rx="0" ry="0" id="xyl" style=" stroke:#000000; fill:#ff7f00;stroke-width:2.8;" />
<ns0:rect width="50" height="50" id="glcnac" style=" stroke:#000000; fill:#0090bc;stroke-width:2.8;" />
<ns0:rect width="50" height="50" id="galnac" style=" stroke:#000000; fill:#ffd400;stroke-width:2.8;" />
<ns0:rect width="50" height="50" id="mannac" style=" stroke:#000000; fill:#00a651;stroke-width:2.8;" />
<ns0:rect width="50" height="50" id="glcn" style=" stroke:#000000; fill: url(#half_blue);stroke-width:2.8;" />
<ns0:rect width="50" height="50" id="galn" style=" stroke:#000000; fill: url(#half_yellow);stroke-width:2.8;" />
<ns0:rect width="50" height="50" id="mann" style=" stroke:#000000; fill: url(#half_green);stroke-width:2.8;" />
<ns0:polygon points="25 0, 50 25, 25 50, 0 25" rx="0" ry="0" id="neu5ac" style=" stroke:#000000; fill:#a54399;stroke-width:2.8;" />
<ns0:polygon points="25 0, 50 25, 25 50, 0 25" rx="0" ry="0" id="neu5gc" style=" stroke:#000000; fill:#8fcce9;stroke-width:2.8;" />
<ns0:polygon points="25 0, 50 25, 25 50, 0 25" rx="0" ry="0" id="kdn" style=" stroke:#000000; fill:#00a651;stroke-width:2.8;" />
<ns0:polygon points="25 0, 50 25, 25 50, 0 25" rx="0" ry="0" id="glca" style=" stroke:#000000; fill: url(#blue_up);stroke-width:2.8;" />
<ns0:polygon points="25 0, 50 25, 25 50, 0 25" rx="0" ry="0" id="idoa" style=" stroke:#000000; fill: url(#tan_down);stroke-width:2.8;" />
<ns0:polygon points="25 0, 50 25, 25 50, 0 25" rx="0" ry="0" id="gala" style=" stroke:#000000; fill: url(#yellow_left);stroke-width:2.8;" />
<ns0:polygon points="25 0, 50 25, 25 50, 0 25" rx="0" ry="0" id="mana" style=" stroke:#000000; fill: url(#green_right);stroke-width:2.8;" />
<ns0:line x1="0" y1="0" x2="110" y2="0" style="stroke:#000000; stroke-width:2; stroke-linecap:round; stroke-dasharray:9,6;" id="alpha" />
<ns0:line x1="0" y1="0" x2="110" y2="0" style="stroke:#000000; stroke-width:2; stroke-linecap:round;" id="beta" />
<ns0:polygon points="25 0, 50 11, 50 38, 25 50, 0 38, 0 11" rx="0" ry="0" id="unk" style=" stroke:#000000; fill:#ffffff;stroke-width:4.0; " />
  </ns0:defs>

<ns0:a id="anchor" ns1:href="mmdb:///B/1203" target="_top">  <ns0:use ns1:href="#alpha" x="2550" y="1015" id="" transform="rotate(-135 2550 1015)"><ns0:title>[ alpha 1-6 ] with phi: 133.221; psi: -148.121; omega: 0;</ns0:title></ns0:use>
</ns0:a>
<ns0:a id="anchor" ns1:href="mmdb:///B/1202" target="_top">  <ns0:use ns1:href="#beta" x="2640" y="1015" id="" transform="rotate(180 2640 1015)"><ns0:title>[ beta 1-4 ] with phi: -76.5203; psi: -130.632;</ns0:title></ns0:use>
</ns0:a>
<ns0:a id="anchor" ns1:href="mmdb:///B/1201" target="_top">  <ns0:use ns1:href="#beta" x="2720" y="1015" id="" transform="rotate(180 2720 1015)"><ns0:title>[ beta 1-4 ] with phi: -69.3773; psi: -117.996;</ns0:title></ns0:use>
</ns0:a>
<ns0:a id="anchor" ns1:href="mmdb:///B/316" target="_top">  <ns0:use ns1:href="#beta" x="2800" y="1015" id="" transform="rotate(180 2800 1015)"><ns0:title>beta link. Phi: -110.002; Psi: 176.175;</ns0:title></ns0:use>
</ns0:a>
<ns0:a id="anchor" ns1:href="mmdb:///B/316" target="_top">  <ns0:g id="glycan_root" transform="translate(2768 990)">
    <ns0:rect width="160" height="50" rx="10" ry="10" style="stroke:#000000; fill:#ffffff; stroke-width:2.0;" />
    <ns0:line x1="30" y1="0" x2="30" y2="50" style="stroke:#000000; fill:#ffffff; stroke-width:2.0;" />
    <ns0:text x="7" y="32" class="my_blue" font-weight="bold" font-family="Helvetica" font-size="24">N</ns0:text>
    <ns0:text x="92" y="32" fill="black" text-anchor="middle" font-weight="bold" font-family="Helvetica" font-size="24">ASN<ns0:tspan baseline-shift="sub" font-weight="normal" font-size="20">B/316</ns0:tspan></ns0:text>
</ns0:g>
</ns0:a>
<ns0:a id="anchor" ns1:href="mmdb:///B/1201" target="_top">  <ns0:use ns1:href="#glcnac" x="2685" y="990" id=""><ns0:title><ns0:tspan>NAG 1201 in 4c1 conformation. </ns0:tspan><ns0:tspan>Mean B-factor: 26.95. </ns0:tspan><ns0:tspan>Detected type: beta-D-aldopyranose. </ns0:tspan><ns0:tspan>No issues have been detected.</ns0:tspan></ns0:title></ns0:use>
</ns0:a>
<ns0:a id="anchor" ns1:href="mmdb:///B/1202" target="_top">  <ns0:use ns1:href="#glcnac" x="2605" y="990" id=""><ns0:title><ns0:tspan>NAG 1202 in 4c1 conformation. </ns0:tspan><ns0:tspan>Mean B-factor: 31.88. </ns0:tspan><ns0:tspan>Detected type: beta-D-aldopyranose. </ns0:tspan><ns0:tspan>No issues have been detected.</ns0:tspan></ns0:title></ns0:use>
</ns0:a>
<ns0:a id="anchor" ns1:href="mmdb:///B/1203" target="_top">  <ns0:use ns1:href="#man" x="2525" y="990" id=""><ns0:title><ns0:tspan>BMA 1203 in 4c1 conformation. </ns0:tspan><ns0:tspan>Mean B-factor: 38.01. </ns0:tspan><ns0:tspan>Detected type: beta-D-aldopyranose. </ns0:tspan><ns0:tspan>No issues have been detected.</ns0:tspan></ns0:title></ns0:use>
</ns0:a>
<ns0:a id="anchor" ns1:href="mmdb:///B/1204" target="_top">  <ns0:use ns1:href="#man" x="2445" y="910" id=""><ns0:title><ns0:tspan>MAN 1204 in 4c1 conformation. </ns0:tspan><ns0:tspan>Mean B-factor: 44.00. </ns0:tspan><ns0:tspan>Detected type: alpha-D-aldopyranose. </ns0:tspan><ns0:tspan>No issues have been detected.</ns0:tspan></ns0:title></ns0:use>
</ns0:a>
</ns0:svg>    </svg_graphics>
    <sugar id="/B/1201(NAG)">
      <link>
        <anomericity>beta</anomericity>
        <connected_to>0</connected_to>
        <phi>-110.002</phi>
        <psi>176.175</psi>
      </link>
      <detected_type>beta-D-aldopyranose</detected_type>
      <cremer-pople_Q>0.561083</cremer-pople_Q>
      <cremer-pople_Phi>57.3921</cremer-pople_Phi>
      <cremer-pople_Theta>26.9457</cremer-pople_Theta>
      <mean_bfactor>26.9457</mean_bfactor>
      <conformation>4c1</conformation>
      <anomer>beta</anomer>
      <hand>D</hand>
      <stacked_against>
      </stacked_against>
      <validation>
        <conformation>yes</conformation>
        <anomer>yes</anomer>
        <hand>yes</hand>
        <puckering>yes</puckering>
      </validation>
    <sugar id="/B/1202(NAG)">
      <link>
        <anomericity>beta</anomericity>
        <connected_to>4</connected_to>
        <phi>-69.3773</phi>
        <psi>-117.996</psi>
      </link>
      <detected_type>beta-D-aldopyranose</detected_type>
      <cremer-pople_Q>0.54872</cremer-pople_Q>
      <cremer-pople_Phi>293.253</cremer-pople_Phi>
      <cremer-pople_Theta>31.8779</cremer-pople_Theta>
      <mean_bfactor>31.8779</mean_bfactor>
      <conformation>4c1</conformation>
      <anomer>beta</anomer>
      <hand>D</hand>
      <stacked_against>
      </stacked_against>
      <validation>
        <conformation>yes</conformation>
        <anomer>yes</anomer>
        <hand>yes</hand>
        <puckering>yes</puckering>
      </validation>
    <sugar id="/B/1203(BMA)">
      <link>
        <anomericity>beta</anomericity>
        <connected_to>4</connected_to>
        <phi>-76.5203</phi>
        <psi>-130.632</psi>
      </link>
      <detected_type>beta-D-aldopyranose</detected_type>
      <cremer-pople_Q>0.568268</cremer-pople_Q>
      <cremer-pople_Phi>325.424</cremer-pople_Phi>
      <cremer-pople_Theta>38.0091</cremer-pople_Theta>
      <mean_bfactor>38.0091</mean_bfactor>
      <conformation>4c1</conformation>
      <anomer>beta</anomer>
      <hand>D</hand>
      <stacked_against>
      </stacked_against>
      <validation>
        <conformation>yes</conformation>
        <anomer>yes</anomer>
        <hand>yes</hand>
        <puckering>yes</puckering>
      </validation>
    <sugar id="/B/1204(MAN)">
      <link>
        <anomericity>alpha</anomericity>
        <connected_to>6</connected_to>
        <phi>133.221</phi>
        <psi>-148.121</psi>
        <omega>0</omega>
      </link>
      <detected_type>alpha-D-aldopyranose</detected_type>
      <cremer-pople_Q>0.571625</cremer-pople_Q>
      <cremer-pople_Phi>36.5994</cremer-pople_Phi>
      <cremer-pople_Theta>43.9955</cremer-pople_Theta>
      <mean_bfactor>43.9955</mean_bfactor>
      <conformation>4c1</conformation>
      <anomer>alpha</anomer>
      <hand>D</hand>
      <stacked_against>
      </stacked_against>
      <validation>
        <conformation>yes</conformation>
        <anomer>yes</anomer>
        <hand>yes</hand>
        <puckering>yes</puckering>
      </validation>
    </sugar>
    </sugar>
    </sugar>
    </sugar>
  </glycan>
  <glycan type="n-glycan" root="/B/323(ASN)" chain="B">
    <svg_graphics>
<ns0:svg version="1.1" width="402" height="329" viewBox="2355 820 575 470 " preserveAspectRatio="xMinYMinXMaxYMax meet">

  <ns0:style>
    .my_blue   { fill:#0090bc; }
    .my_red    { fill:#ed1c24; }
    .my_yellow { fill:#ffd400; }
  </ns0:style>
  <ns0:defs>
      <ns0:filter id="displace">
        <ns0:feTurbulence baseFrequency=".05" numOctaves="3" result="myturbulence" />
        <ns0:feDisplacementMap in="SourceGraphic" in2="myturbulence" scale="10" />
      </ns0:filter>

      <ns0:pattern id="half_yellow" x="0" y="0" width="50" height="50" patternUnits="userSpaceOnUse">
        <ns0:rect width="50" height="50" x="0" y="0" style="stroke:none; fill:#ffd400;" />
        <ns0:polygon points="0 0, 0 50, 50 50" rx="0" ry="0" style="stroke:#000000; stroke-width:1.5; fill:#ffffff;" />
      </ns0:pattern>
      <ns0:pattern id="half_blue" x="0" y="0" width="50" height="50" patternUnits="userSpaceOnUse">
        <ns0:rect width="50" height="50" x="0" y="0" style="stroke:none; fill:#0090bc;" />
        <ns0:polygon points="0 0, 0 50, 50 50" rx="0" ry="0" style="stroke:#000000; stroke-width:1.5; fill:#ffffff;" />
      </ns0:pattern>
      <ns0:pattern id="half_green" x="0" y="0" width="50" height="50" patternUnits="userSpaceOnUse">
        <ns0:rect width="50" height="50" x="0" y="0" style="stroke:none; fill:#00a651;" />
        <ns0:polygon points="0 0, 0 50, 50 50" rx="0" ry="0" style="stroke:#000000; stroke-width:1.5; fill:#ffffff;" />
      </ns0:pattern>
      <ns0:pattern id="yellow_left" x="0" y="0" width="50" height="50" patternUnits="userSpaceOnUse">
        <ns0:polygon points="25 0, 50 25, 25 50, 0 25" style="stroke:none; fill:#ffd400;" />
        <ns0:polygon points="25 0, 25 50, 0 25" rx="0" ry="0" style="stroke:#000000; stroke-width:1.5; fill:#ffffff;" />
      </ns0:pattern>
      <ns0:pattern id="blue_up" x="0" y="0" width="50" height="50" patternUnits="userSpaceOnUse">
        <ns0:polygon points="25 0, 50 25, 25 50, 0 25" style="stroke:none; fill:#0090bc;" />
        <ns0:polygon points="0 25, 50 25, 25 50" rx="0" ry="0" style="stroke:#000000; stroke-width:1.5; fill:#ffffff;" />
      </ns0:pattern>
      <ns0:pattern id="green_right" x="0" y="0" width="50" height="50" patternUnits="userSpaceOnUse">
        <ns0:polygon points="25 0, 50 25, 25 50, 0 25" style="stroke:none; fill:#00a651;" />
        <ns0:polygon points="0 25, 25 50, 25 0" rx="0" ry="0" style="stroke:#000000; stroke-width:1.5; fill:#ffffff;" />
      </ns0:pattern>
      <ns0:pattern id="tan_down" x="0" y="0" width="50" height="50" patternUnits="userSpaceOnUse">
        <ns0:polygon points="25 0, 50 25, 25 50, 0 25" style="stroke:none; fill:#966432;" />
        <ns0:polygon points="0 25, 50 25, 25 0" rx="0" ry="0" style="stroke:#000000; stroke-width:1.5; fill:#ffffff;" />
      </ns0:pattern>
<ns0:circle r="25" cx="25" cy="25" id="glc" style=" stroke:#000000; fill:#0090bc;stroke-width:2.8;" />
<ns0:circle r="25" cx="25" cy="25" id="gal" style=" stroke:#000000; fill:#ffd400;stroke-width:2.8;" />
<ns0:circle r="25" cx="25" cy="25" id="man" style=" stroke:#000000; fill:#00a651;stroke-width:2.8;" />
<ns0:polygon points="0 50, 25 0, 50 50" rx="0" ry="0" id="fuc" style=" stroke:#000000; fill:#ed1c24;stroke-width:2.8;" />
<ns0:polygon points="39.5,50 24.5,37.5 9.5,50 14.5,32.5 0,20 19.5,20 24.5,0 29.5,20 50,20 34.5,32.5" rx="0" ry="0" id="xyl" style=" stroke:#000000; fill:#ff7f00;stroke-width:2.8;" />
<ns0:rect width="50" height="50" id="glcnac" style=" stroke:#000000; fill:#0090bc;stroke-width:2.8;" />
<ns0:rect width="50" height="50" id="galnac" style=" stroke:#000000; fill:#ffd400;stroke-width:2.8;" />
<ns0:rect width="50" height="50" id="mannac" style=" stroke:#000000; fill:#00a651;stroke-width:2.8;" />
<ns0:rect width="50" height="50" id="glcn" style=" stroke:#000000; fill: url(#half_blue);stroke-width:2.8;" />
<ns0:rect width="50" height="50" id="galn" style=" stroke:#000000; fill: url(#half_yellow);stroke-width:2.8;" />
<ns0:rect width="50" height="50" id="mann" style=" stroke:#000000; fill: url(#half_green);stroke-width:2.8;" />
<ns0:polygon points="25 0, 50 25, 25 50, 0 25" rx="0" ry="0" id="neu5ac" style=" stroke:#000000; fill:#a54399;stroke-width:2.8;" />
<ns0:polygon points="25 0, 50 25, 25 50, 0 25" rx="0" ry="0" id="neu5gc" style=" stroke:#000000; fill:#8fcce9;stroke-width:2.8;" />
<ns0:polygon points="25 0, 50 25, 25 50, 0 25" rx="0" ry="0" id="kdn" style=" stroke:#000000; fill:#00a651;stroke-width:2.8;" />
<ns0:polygon points="25 0, 50 25, 25 50, 0 25" rx="0" ry="0" id="glca" style=" stroke:#000000; fill: url(#blue_up);stroke-width:2.8;" />
<ns0:polygon points="25 0, 50 25, 25 50, 0 25" rx="0" ry="0" id="idoa" style=" stroke:#000000; fill: url(#tan_down);stroke-width:2.8;" />
<ns0:polygon points="25 0, 50 25, 25 50, 0 25" rx="0" ry="0" id="gala" style=" stroke:#000000; fill: url(#yellow_left);stroke-width:2.8;" />
<ns0:polygon points="25 0, 50 25, 25 50, 0 25" rx="0" ry="0" id="mana" style=" stroke:#000000; fill: url(#green_right);stroke-width:2.8;" />
<ns0:line x1="0" y1="0" x2="110" y2="0" style="stroke:#000000; stroke-width:2; stroke-linecap:round; stroke-dasharray:9,6;" id="alpha" />
<ns0:line x1="0" y1="0" x2="110" y2="0" style="stroke:#000000; stroke-width:2; stroke-linecap:round;" id="beta" />
<ns0:polygon points="25 0, 50 11, 50 38, 25 50, 0 38, 0 11" rx="0" ry="0" id="unk" style=" stroke:#000000; fill:#ffffff;stroke-width:4.0; " />
  </ns0:defs>

<ns0:a id="anchor" ns1:href="mmdb:///B/1310" target="_top">  <ns0:use ns1:href="#alpha" x="2390" y="845" id="" transform="rotate(90 2390 845)"><ns0:title>[ alpha 1-2 ] with phi: 84.8014; psi: 164.602;</ns0:title></ns0:use>
</ns0:a>
<ns0:a id="anchor" ns1:href="mmdb:///B/1307" target="_top">  <ns0:use ns1:href="#alpha" x="2470" y="935" id="" transform="rotate(-135 2470 935)"><ns0:title>[ alpha 1-6 ] with phi: 72.3532; psi: -168.824; omega: 0;</ns0:title></ns0:use>
</ns0:a>
<ns0:a id="anchor" ns1:href="mmdb:///B/1308" target="_top">  <ns0:use ns1:href="#alpha" x="2390" y="1005" id="" transform="rotate(90 2390 1005)"><ns0:title>[ alpha 1-2 ] with phi: 84.4207; psi: 136.052;</ns0:title></ns0:use>
</ns0:a>
<ns0:a id="anchor" ns1:href="mmdb:///B/1307" target="_top">  <ns0:use ns1:href="#alpha" x="2470" y="935" id="" transform="rotate(-225 2470 935)"><ns0:title>[ alpha 1-3 ] with phi: 76.2373; psi: 125.246;</ns0:title></ns0:use>
</ns0:a>
<ns0:a id="anchor" ns1:href="mmdb:///B/1303" target="_top">  <ns0:use ns1:href="#alpha" x="2550" y="1015" id="" transform="rotate(-135 2550 1015)"><ns0:title>[ alpha 1-6 ] with phi: 56.1685; psi: 174.854; omega: 0;</ns0:title></ns0:use>
</ns0:a>
<ns0:a id="anchor" ns1:href="mmdb:///B/1305" target="_top">  <ns0:use ns1:href="#alpha" x="2470" y="1165" id="" transform="rotate(90 2470 1165)"><ns0:title>[ alpha 1-2 ] with phi: 73.3506; psi: 142.229;</ns0:title></ns0:use>
</ns0:a>
<ns0:a id="anchor" ns1:href="mmdb:///B/1304" target="_top">  <ns0:use ns1:href="#alpha" x="2470" y="1085" id="" transform="rotate(90 2470 1085)"><ns0:title>[ alpha 1-2 ] with phi: 81.1792; psi: 150.801;</ns0:title></ns0:use>
</ns0:a>
<ns0:a id="anchor" ns1:href="mmdb:///B/1303" target="_top">  <ns0:use ns1:href="#alpha" x="2550" y="1015" id="" transform="rotate(-225 2550 1015)"><ns0:title>[ alpha 1-3 ] with phi: 103.941; psi: 107.774;</ns0:title></ns0:use>
</ns0:a>
<ns0:a id="anchor" ns1:href="mmdb:///B/1302" target="_top">  <ns0:use ns1:href="#beta" x="2640" y="1015" id="" transform="rotate(180 2640 1015)"><ns0:title>[ beta 1-4 ] with phi: -67.5346; psi: -112.755;</ns0:title></ns0:use>
</ns0:a>
<ns0:a id="anchor" ns1:href="mmdb:///B/1301" target="_top">  <ns0:use ns1:href="#beta" x="2720" y="1015" id="" transform="rotate(180 2720 1015)"><ns0:title>[ beta 1-4 ] with phi: -83.4388; psi: -149.88;</ns0:title></ns0:use>
</ns0:a>
<ns0:a id="anchor" ns1:href="mmdb:///B/323" target="_top">  <ns0:use ns1:href="#beta" x="2800" y="1015" id="" transform="rotate(180 2800 1015)"><ns0:title>beta link. Phi: -123.095; Psi: 178.847;</ns0:title></ns0:use>
</ns0:a>
<ns0:a id="anchor" ns1:href="mmdb:///B/323" target="_top">  <ns0:g id="glycan_root" transform="translate(2768 990)">
    <ns0:rect width="160" height="50" rx="10" ry="10" style="stroke:#000000; fill:#ffffff; stroke-width:2.0;" />
    <ns0:line x1="30" y1="0" x2="30" y2="50" style="stroke:#000000; fill:#ffffff; stroke-width:2.0;" />
    <ns0:text x="7" y="32" class="my_blue" font-weight="bold" font-family="Helvetica" font-size="24">N</ns0:text>
    <ns0:text x="92" y="32" fill="black" text-anchor="middle" font-weight="bold" font-family="Helvetica" font-size="24">ASN<ns0:tspan baseline-shift="sub" font-weight="normal" font-size="20">B/323</ns0:tspan></ns0:text>
</ns0:g>
</ns0:a>
<ns0:a id="anchor" ns1:href="mmdb:///B/1301" target="_top">  <ns0:use ns1:href="#glcnac" x="2685" y="990" id=""><ns0:title><ns0:tspan>NAG 1301 in 4c1 conformation. </ns0:tspan><ns0:tspan>Mean B-factor: 32.34. </ns0:tspan><ns0:tspan>Detected type: beta-D-aldopyranose. </ns0:tspan><ns0:tspan>No issues have been detected.</ns0:tspan></ns0:title></ns0:use>
</ns0:a>
<ns0:a id="anchor" ns1:href="mmdb:///B/1302" target="_top">  <ns0:use ns1:href="#glcnac" x="2605" y="990" id=""><ns0:title><ns0:tspan>NAG 1302 in 4c1 conformation. </ns0:tspan><ns0:tspan>Mean B-factor: 33.59. </ns0:tspan><ns0:tspan>Detected type: beta-D-aldopyranose. </ns0:tspan><ns0:tspan>No issues have been detected.</ns0:tspan></ns0:title></ns0:use>
</ns0:a>
<ns0:a id="anchor" ns1:href="mmdb:///B/1303" target="_top">  <ns0:use ns1:href="#man" x="2525" y="990" id=""><ns0:title><ns0:tspan>BMA 1303 in 4c1 conformation. </ns0:tspan><ns0:tspan>Mean B-factor: 35.41. </ns0:tspan><ns0:tspan>Detected type: beta-D-aldopyranose. </ns0:tspan><ns0:tspan>No issues have been detected.</ns0:tspan></ns0:title></ns0:use>
</ns0:a>
<ns0:a id="anchor" ns1:href="mmdb:///B/1304" target="_top">  <ns0:use ns1:href="#man" x="2445" y="1070" id=""><ns0:title><ns0:tspan>MAN 1304 in 4c1 conformation. </ns0:tspan><ns0:tspan>Mean B-factor: 49.23. </ns0:tspan><ns0:tspan>Detected type: alpha-D-aldopyranose. </ns0:tspan><ns0:tspan>No issues have been detected.</ns0:tspan></ns0:title></ns0:use>
</ns0:a>
<ns0:a id="anchor" ns1:href="mmdb:///B/1305" target="_top">  <ns0:use ns1:href="#man" x="2445" y="1150" id=""><ns0:title><ns0:tspan>MAN 1305 in 4c1 conformation. </ns0:tspan><ns0:tspan>Mean B-factor: 39.46. </ns0:tspan><ns0:tspan>Detected type: alpha-D-aldopyranose. </ns0:tspan><ns0:tspan>No issues have been detected.</ns0:tspan></ns0:title></ns0:use>
</ns0:a>
<ns0:a id="anchor" ns1:href="mmdb:///B/1306" target="_top">  <ns0:use ns1:href="#man" x="2445" y="1230" id=""><ns0:title><ns0:tspan>MAN 1306 in 4c1 conformation. </ns0:tspan><ns0:tspan>Mean B-factor: 35.53. </ns0:tspan><ns0:tspan>Detected type: alpha-D-aldopyranose. </ns0:tspan><ns0:tspan>No issues have been detected.</ns0:tspan></ns0:title></ns0:use>
</ns0:a>
<ns0:a id="anchor" ns1:href="mmdb:///B/1307" target="_top">  <ns0:use ns1:href="#man" x="2445" y="910" id=""><ns0:title><ns0:tspan>MAN 1307 in 4c1 conformation. </ns0:tspan><ns0:tspan>Mean B-factor: 30.27. </ns0:tspan><ns0:tspan>Detected type: alpha-D-aldopyranose. </ns0:tspan><ns0:tspan>No issues have been detected.</ns0:tspan></ns0:title></ns0:use>
</ns0:a>
<ns0:a id="anchor" ns1:href="mmdb:///B/1308" target="_top">  <ns0:use ns1:href="#man" x="2365" y="990" id=""><ns0:title><ns0:tspan>MAN 1308 in 4c1 conformation. </ns0:tspan><ns0:tspan>Mean B-factor: 34.71. </ns0:tspan><ns0:tspan>Detected type: alpha-D-aldopyranose. </ns0:tspan><ns0:tspan>No issues have been detected.</ns0:tspan></ns0:title></ns0:use>
</ns0:a>
<ns0:a id="anchor" ns1:href="mmdb:///B/1309" target="_top">  <ns0:use ns1:href="#man" x="2365" y="1070" id=""><ns0:title><ns0:tspan>MAN 1309 in 4c1 conformation. </ns0:tspan><ns0:tspan>Mean B-factor: 52.61. </ns0:tspan><ns0:tspan>Detected type: alpha-D-aldopyranose. </ns0:tspan><ns0:tspan>No issues have been detected.</ns0:tspan></ns0:title></ns0:use>
</ns0:a>
<ns0:a id="anchor" ns1:href="mmdb:///B/1310" target="_top">  <ns0:use ns1:href="#man" x="2365" y="830" id=""><ns0:title><ns0:tspan>MAN 1310 in 4c1 conformation. </ns0:tspan><ns0:tspan>Mean B-factor: 31.84. </ns0:tspan><ns0:tspan>Detected type: alpha-D-aldopyranose. </ns0:tspan><ns0:tspan>No issues have been detected.</ns0:tspan></ns0:title></ns0:use>
</ns0:a>
<ns0:a id="anchor" ns1:href="mmdb:///B/1311" target="_top">  <ns0:use ns1:href="#man" x="2365" y="910" id=""><ns0:title><ns0:tspan>MAN 1311 in 4c1 conformation. </ns0:tspan><ns0:tspan>Mean B-factor: 34.61. </ns0:tspan><ns0:tspan>Detected type: alpha-D-aldopyranose. </ns0:tspan><ns0:tspan>No issues have been detected.</ns0:tspan></ns0:title></ns0:use>
</ns0:a>
</ns0:svg>    </svg_graphics>
    <sugar id="/B/1301(NAG)">
      <link>
        <anomericity>beta</anomericity>
        <connected_to>0</connected_to>
        <phi>-123.095</phi>
        <psi>178.847</psi>
      </link>
      <detected_type>beta-D-aldopyranose</detected_type>
      <cremer-pople_Q>0.557321</cremer-pople_Q>
      <cremer-pople_Phi>20.0032</cremer-pople_Phi>
      <cremer-pople_Theta>32.3436</cremer-pople_Theta>
      <mean_bfactor>32.3436</mean_bfactor>
      <conformation>4c1</conformation>
      <anomer>beta</anomer>
      <hand>D</hand>
      <stacked_against>
      </stacked_against>
      <validation>
        <conformation>yes</conformation>
        <anomer>yes</anomer>
        <hand>yes</hand>
        <puckering>yes</puckering>
      </validation>
    <sugar id="/B/1302(NAG)">
      <link>
        <anomericity>beta</anomericity>
        <connected_to>4</connected_to>
        <phi>-83.4388</phi>
        <psi>-149.88</psi>
      </link>
      <detected_type>beta-D-aldopyranose</detected_type>
      <cremer-pople_Q>0.531109</cremer-pople_Q>
      <cremer-pople_Phi>312.71</cremer-pople_Phi>
      <cremer-pople_Theta>33.5914</cremer-pople_Theta>
      <mean_bfactor>33.5914</mean_bfactor>
      <conformation>4c1</conformation>
      <anomer>beta</anomer>
      <hand>D</hand>
      <stacked_against>
      </stacked_against>
      <validation>
        <conformation>yes</conformation>
        <anomer>yes</anomer>
        <hand>yes</hand>
        <puckering>yes</puckering>
      </validation>
    <sugar id="/B/1303(BMA)">
      <link>
        <anomericity>beta</anomericity>
        <connected_to>4</connected_to>
        <phi>-67.5346</phi>
        <psi>-112.755</psi>
      </link>
      <detected_type>beta-D-aldopyranose</detected_type>
      <cremer-pople_Q>0.571519</cremer-pople_Q>
      <cremer-pople_Phi>354.405</cremer-pople_Phi>
      <cremer-pople_Theta>35.4073</cremer-pople_Theta>
      <mean_bfactor>35.4073</mean_bfactor>
      <conformation>4c1</conformation>
      <anomer>beta</anomer>
      <hand>D</hand>
      <stacked_against>
      </stacked_against>
      <validation>
        <conformation>yes</conformation>
        <anomer>yes</anomer>
        <hand>yes</hand>
        <puckering>yes</puckering>
      </validation>
    <sugar id="/B/1304(MAN)">
      <link>
        <anomericity>alpha</anomericity>
        <connected_to>3</connected_to>
        <phi>103.941</phi>
        <psi>107.774</psi>
      </link>
      <detected_type>alpha-D-aldopyranose</detected_type>
      <cremer-pople_Q>0.564351</cremer-pople_Q>
      <cremer-pople_Phi>34.0217</cremer-pople_Phi>
      <cremer-pople_Theta>49.2318</cremer-pople_Theta>
      <mean_bfactor>49.2318</mean_bfactor>
      <conformation>4c1</conformation>
      <anomer>alpha</anomer>
      <hand>D</hand>
      <stacked_against>
      </stacked_against>
      <validation>
        <conformation>yes</conformation>
        <anomer>yes</anomer>
        <hand>yes</hand>
        <puckering>yes</puckering>
      </validation>
    <sugar id="/B/1305(MAN)">
      <link>
        <anomericity>alpha</anomericity>
        <connected_to>2</connected_to>
        <phi>81.1792</phi>
        <psi>150.801</psi>
      </link>
      <detected_type>alpha-D-aldopyranose</detected_type>
      <cremer-pople_Q>0.561041</cremer-pople_Q>
      <cremer-pople_Phi>74.4922</cremer-pople_Phi>
      <cremer-pople_Theta>39.4645</cremer-pople_Theta>
      <mean_bfactor>39.4645</mean_bfactor>
      <conformation>4c1</conformation>
      <anomer>alpha</anomer>
      <hand>D</hand>
      <stacked_against>
      </stacked_against>
      <validation>
        <conformation>yes</conformation>
        <anomer>yes</anomer>
        <hand>yes</hand>
        <puckering>yes</puckering>
      </validation>
    <sugar id="/B/1306(MAN)">
      <link>
        <anomericity>alpha</anomericity>
        <connected_to>2</connected_to>
        <phi>73.3506</phi>
        <psi>142.229</psi>
      </link>
      <detected_type>alpha-D-aldopyranose</detected_type>
      <cremer-pople_Q>0.567399</cremer-pople_Q>
      <cremer-pople_Phi>50.8669</cremer-pople_Phi>
      <cremer-pople_Theta>35.5264</cremer-pople_Theta>
      <mean_bfactor>35.5264</mean_bfactor>
      <conformation>4c1</conformation>
      <anomer>alpha</anomer>
      <hand>D</hand>
      <stacked_against>
      </stacked_against>
      <validation>
        <conformation>yes</conformation>
        <anomer>yes</anomer>
        <hand>yes</hand>
        <puckering>yes</puckering>
      </validation>
    </sugar>
    </sugar>
    </sugar>
    <sugar id="/B/1307(MAN)">
      <link>
        <anomericity>alpha</anomericity>
        <connected_to>6</connected_to>
        <phi>56.1685</phi>
        <psi>174.854</psi>
        <omega>0</omega>
      </link>
      <detected_type>alpha-D-aldopyranose</detected_type>
      <cremer-pople_Q>0.561246</cremer-pople_Q>
      <cremer-pople_Phi>342.783</cremer-pople_Phi>
      <cremer-pople_Theta>30.2718</cremer-pople_Theta>
      <mean_bfactor>30.2718</mean_bfactor>
      <conformation>4c1</conformation>
      <anomer>alpha</anomer>
      <hand>D</hand>
      <stacked_against>
      </stacked_against>
      <validation>
        <conformation>yes</conformation>
        <anomer>yes</anomer>
        <hand>yes</hand>
        <puckering>yes</puckering>
      </validation>
    <sugar id="/B/1308(MAN)">
      <link>
        <anomericity>alpha</anomericity>
        <connected_to>3</connected_to>
        <phi>76.2373</phi>
        <psi>125.246</psi>
      </link>
      <detected_type>alpha-D-aldopyranose</detected_type>
      <cremer-pople_Q>0.568949</cremer-pople_Q>
      <cremer-pople_Phi>278.89</cremer-pople_Phi>
      <cremer-pople_Theta>34.7073</cremer-pople_Theta>
      <mean_bfactor>34.7073</mean_bfactor>
      <conformation>4c1</conformation>
      <anomer>alpha</anomer>
      <hand>D</hand>
      <stacked_against>
      </stacked_against>
      <validation>
        <conformation>yes</conformation>
        <anomer>yes</anomer>
        <hand>yes</hand>
        <puckering>yes</puckering>
      </validation>
    <sugar id="/B/1309(MAN)">
      <link>
        <anomericity>alpha</anomericity>
        <connected_to>2</connected_to>
        <phi>84.4207</phi>
        <psi>136.052</psi>
      </link>
      <detected_type>alpha-D-aldopyranose</detected_type>
      <cremer-pople_Q>0.56459</cremer-pople_Q>
      <cremer-pople_Phi>337.755</cremer-pople_Phi>
      <cremer-pople_Theta>52.6073</cremer-pople_Theta>
      <mean_bfactor>52.6073</mean_bfactor>
      <conformation>4c1</conformation>
      <anomer>alpha</anomer>
      <hand>D</hand>
      <stacked_against>
      </stacked_against>
      <validation>
        <conformation>yes</conformation>
        <anomer>yes</anomer>
        <hand>yes</hand>
        <puckering>yes</puckering>
      </validation>
    </sugar>
    </sugar>
    <sugar id="/B/1310(MAN)">
      <link>
        <anomericity>alpha</anomericity>
        <connected_to>6</connected_to>
        <phi>72.3532</phi>
        <psi>-168.824</psi>
        <omega>0</omega>
      </link>
      <detected_type>alpha-D-aldopyranose</detected_type>
      <cremer-pople_Q>0.565829</cremer-pople_Q>
      <cremer-pople_Phi>76.8521</cremer-pople_Phi>
      <cremer-pople_Theta>31.8391</cremer-pople_Theta>
      <mean_bfactor>31.8391</mean_bfactor>
      <conformation>4c1</conformation>
      <anomer>alpha</anomer>
      <hand>D</hand>
      <stacked_against>
      </stacked_against>
      <validation>
        <conformation>yes</conformation>
        <anomer>yes</anomer>
        <hand>yes</hand>
        <puckering>yes</puckering>
      </validation>
    <sugar id="/B/1311(MAN)">
      <link>
        <anomericity>alpha</anomericity>
        <connected_to>2</connected_to>
        <phi>84.8014</phi>
        <psi>164.602</psi>
      </link>
      <detected_type>alpha-D-aldopyranose</detected_type>
      <cremer-pople_Q>0.567565</cremer-pople_Q>
      <cremer-pople_Phi>69.0107</cremer-pople_Phi>
      <cremer-pople_Theta>34.6145</cremer-pople_Theta>
      <mean_bfactor>34.6145</mean_bfactor>
      <conformation>4c1</conformation>
      <anomer>alpha</anomer>
      <hand>D</hand>
      <stacked_against>
      </stacked_against>
      <validation>
        <conformation>yes</conformation>
        <anomer>yes</anomer>
        <hand>yes</hand>
        <puckering>yes</puckering>
      </validation>
    </sugar>
    </sugar>
    </sugar>
    </sugar>
    </sugar>
    </sugar>
  </glycan>
  <glycan type="n-glycan" root="/B/443(ASN)" chain="B">
    <svg_graphics>
<ns0:svg version="1.1" width="234" height="66" viewBox="2595 980 335 95 " preserveAspectRatio="xMinYMinXMaxYMax meet">

  <ns0:style>
    .my_blue   { fill:#0090bc; }
    .my_red    { fill:#ed1c24; }
    .my_yellow { fill:#ffd400; }
  </ns0:style>
  <ns0:defs>
      <ns0:filter id="displace">
        <ns0:feTurbulence baseFrequency=".05" numOctaves="3" result="myturbulence" />
        <ns0:feDisplacementMap in="SourceGraphic" in2="myturbulence" scale="10" />
      </ns0:filter>

      <ns0:pattern id="half_yellow" x="0" y="0" width="50" height="50" patternUnits="userSpaceOnUse">
        <ns0:rect width="50" height="50" x="0" y="0" style="stroke:none; fill:#ffd400;" />
        <ns0:polygon points="0 0, 0 50, 50 50" rx="0" ry="0" style="stroke:#000000; stroke-width:1.5; fill:#ffffff;" />
      </ns0:pattern>
      <ns0:pattern id="half_blue" x="0" y="0" width="50" height="50" patternUnits="userSpaceOnUse">
        <ns0:rect width="50" height="50" x="0" y="0" style="stroke:none; fill:#0090bc;" />
        <ns0:polygon points="0 0, 0 50, 50 50" rx="0" ry="0" style="stroke:#000000; stroke-width:1.5; fill:#ffffff;" />
      </ns0:pattern>
      <ns0:pattern id="half_green" x="0" y="0" width="50" height="50" patternUnits="userSpaceOnUse">
        <ns0:rect width="50" height="50" x="0" y="0" style="stroke:none; fill:#00a651;" />
        <ns0:polygon points="0 0, 0 50, 50 50" rx="0" ry="0" style="stroke:#000000; stroke-width:1.5; fill:#ffffff;" />
      </ns0:pattern>
      <ns0:pattern id="yellow_left" x="0" y="0" width="50" height="50" patternUnits="userSpaceOnUse">
        <ns0:polygon points="25 0, 50 25, 25 50, 0 25" style="stroke:none; fill:#ffd400;" />
        <ns0:polygon points="25 0, 25 50, 0 25" rx="0" ry="0" style="stroke:#000000; stroke-width:1.5; fill:#ffffff;" />
      </ns0:pattern>
      <ns0:pattern id="blue_up" x="0" y="0" width="50" height="50" patternUnits="userSpaceOnUse">
        <ns0:polygon points="25 0, 50 25, 25 50, 0 25" style="stroke:none; fill:#0090bc;" />
        <ns0:polygon points="0 25, 50 25, 25 50" rx="0" ry="0" style="stroke:#000000; stroke-width:1.5; fill:#ffffff;" />
      </ns0:pattern>
      <ns0:pattern id="green_right" x="0" y="0" width="50" height="50" patternUnits="userSpaceOnUse">
        <ns0:polygon points="25 0, 50 25, 25 50, 0 25" style="stroke:none; fill:#00a651;" />
        <ns0:polygon points="0 25, 25 50, 25 0" rx="0" ry="0" style="stroke:#000000; stroke-width:1.5; fill:#ffffff;" />
      </ns0:pattern>
      <ns0:pattern id="tan_down" x="0" y="0" width="50" height="50" patternUnits="userSpaceOnUse">
        <ns0:polygon points="25 0, 50 25, 25 50, 0 25" style="stroke:none; fill:#966432;" />
        <ns0:polygon points="0 25, 50 25, 25 0" rx="0" ry="0" style="stroke:#000000; stroke-width:1.5; fill:#ffffff;" />
      </ns0:pattern>
<ns0:circle r="25" cx="25" cy="25" id="glc" style=" stroke:#000000; fill:#0090bc;stroke-width:2.8;" />
<ns0:circle r="25" cx="25" cy="25" id="gal" style=" stroke:#000000; fill:#ffd400;stroke-width:2.8;" />
<ns0:circle r="25" cx="25" cy="25" id="man" style=" stroke:#000000; fill:#00a651;stroke-width:2.8;" />
<ns0:polygon points="0 50, 25 0, 50 50" rx="0" ry="0" id="fuc" style=" stroke:#000000; fill:#ed1c24;stroke-width:2.8;" />
<ns0:polygon points="39.5,50 24.5,37.5 9.5,50 14.5,32.5 0,20 19.5,20 24.5,0 29.5,20 50,20 34.5,32.5" rx="0" ry="0" id="xyl" style=" stroke:#000000; fill:#ff7f00;stroke-width:2.8;" />
<ns0:rect width="50" height="50" id="glcnac" style=" stroke:#000000; fill:#0090bc;stroke-width:2.8;" />
<ns0:rect width="50" height="50" id="galnac" style=" stroke:#000000; fill:#ffd400;stroke-width:2.8;" />
<ns0:rect width="50" height="50" id="mannac" style=" stroke:#000000; fill:#00a651;stroke-width:2.8;" />
<ns0:rect width="50" height="50" id="glcn" style=" stroke:#000000; fill: url(#half_blue);stroke-width:2.8;" />
<ns0:rect width="50" height="50" id="galn" style=" stroke:#000000; fill: url(#half_yellow);stroke-width:2.8;" />
<ns0:rect width="50" height="50" id="mann" style=" stroke:#000000; fill: url(#half_green);stroke-width:2.8;" />
<ns0:polygon points="25 0, 50 25, 25 50, 0 25" rx="0" ry="0" id="neu5ac" style=" stroke:#000000; fill:#a54399;stroke-width:2.8;" />
<ns0:polygon points="25 0, 50 25, 25 50, 0 25" rx="0" ry="0" id="neu5gc" style=" stroke:#000000; fill:#8fcce9;stroke-width:2.8;" />
<ns0:polygon points="25 0, 50 25, 25 50, 0 25" rx="0" ry="0" id="kdn" style=" stroke:#000000; fill:#00a651;stroke-width:2.8;" />
<ns0:polygon points="25 0, 50 25, 25 50, 0 25" rx="0" ry="0" id="glca" style=" stroke:#000000; fill: url(#blue_up);stroke-width:2.8;" />
<ns0:polygon points="25 0, 50 25, 25 50, 0 25" rx="0" ry="0" id="idoa" style=" stroke:#000000; fill: url(#tan_down);stroke-width:2.8;" />
<ns0:polygon points="25 0, 50 25, 25 50, 0 25" rx="0" ry="0" id="gala" style=" stroke:#000000; fill: url(#yellow_left);stroke-width:2.8;" />
<ns0:polygon points="25 0, 50 25, 25 50, 0 25" rx="0" ry="0" id="mana" style=" stroke:#000000; fill: url(#green_right);stroke-width:2.8;" />
<ns0:line x1="0" y1="0" x2="110" y2="0" style="stroke:#000000; stroke-width:2; stroke-linecap:round; stroke-dasharray:9,6;" id="alpha" />
<ns0:line x1="0" y1="0" x2="110" y2="0" style="stroke:#000000; stroke-width:2; stroke-linecap:round;" id="beta" />
<ns0:polygon points="25 0, 50 11, 50 38, 25 50, 0 38, 0 11" rx="0" ry="0" id="unk" style=" stroke:#000000; fill:#ffffff;stroke-width:4.0; " />
  </ns0:defs>

<ns0:a id="anchor" ns1:href="mmdb:///B/1401" target="_top">  <ns0:use ns1:href="#beta" x="2720" y="1015" id="" transform="rotate(180 2720 1015)"><ns0:title>[ beta 1-4 ] with phi: -86.4902; psi: -110.872;</ns0:title></ns0:use>
</ns0:a>
<ns0:a id="anchor" ns1:href="mmdb:///B/443" target="_top">  <ns0:use ns1:href="#beta" x="2800" y="1015" id="" transform="rotate(180 2800 1015)"><ns0:title>beta link. Phi: 58.65; Psi: 180.926;</ns0:title></ns0:use>
</ns0:a>
<ns0:a id="anchor" ns1:href="mmdb:///B/443" target="_top">  <ns0:g id="glycan_root" transform="translate(2768 990)">
    <ns0:rect width="160" height="50" rx="10" ry="10" style="stroke:#000000; fill:#ffffff; stroke-width:2.0;" />
    <ns0:line x1="30" y1="0" x2="30" y2="50" style="stroke:#000000; fill:#ffffff; stroke-width:2.0;" />
    <ns0:text x="7" y="32" class="my_blue" font-weight="bold" font-family="Helvetica" font-size="24">N</ns0:text>
    <ns0:text x="92" y="32" fill="black" text-anchor="middle" font-weight="bold" font-family="Helvetica" font-size="24">ASN<ns0:tspan baseline-shift="sub" font-weight="normal" font-size="20">B/443</ns0:tspan></ns0:text>
</ns0:g>
</ns0:a>
<ns0:a id="anchor" ns1:href="mmdb:///B/1401" target="_top">  <ns0:use ns1:href="#glcnac" x="2685" y="990" id=""><ns0:title><ns0:tspan>NAG 1401 in 4c1 conformation. </ns0:tspan><ns0:tspan>Mean B-factor: 50.23. </ns0:tspan><ns0:tspan>Detected type: beta-D-aldopyranose. </ns0:tspan><ns0:tspan>No issues have been detected.</ns0:tspan></ns0:title></ns0:use>
</ns0:a>
<ns0:a id="anchor" ns1:href="mmdb:///B/1402" target="_top">  <ns0:use ns1:href="#glcnac" x="2605" y="990" id=""><ns0:title><ns0:tspan>NAG 1402 in 4c1 conformation. </ns0:tspan><ns0:tspan>Mean B-factor: 52.43. </ns0:tspan><ns0:tspan>Detected type: beta-D-aldopyranose. </ns0:tspan><ns0:tspan>No issues have been detected.</ns0:tspan></ns0:title></ns0:use>
</ns0:a>
</ns0:svg>    </svg_graphics>
    <sugar id="/B/1401(NAG)">
      <link>
        <anomericity>beta</anomericity>
        <connected_to>0</connected_to>
        <phi>58.65</phi>
        <psi>180.926</psi>
      </link>
      <detected_type>beta-D-aldopyranose</detected_type>
      <cremer-pople_Q>0.535968</cremer-pople_Q>
      <cremer-pople_Phi>350.524</cremer-pople_Phi>
      <cremer-pople_Theta>50.2343</cremer-pople_Theta>
      <mean_bfactor>50.2343</mean_bfactor>
      <conformation>4c1</conformation>
      <anomer>beta</anomer>
      <hand>D</hand>
      <stacked_against>
        <residue id="/B/431(TRP)">
          <angle>2.81948</angle>
        </residue>
      </stacked_against>
      <validation>
        <conformation>yes</conformation>
        <anomer>yes</anomer>
        <hand>yes</hand>
        <puckering>yes</puckering>
      </validation>
    <sugar id="/B/1402(NAG)">
      <link>
        <anomericity>beta</anomericity>
        <connected_to>4</connected_to>
        <phi>-86.4902</phi>
        <psi>-110.872</psi>
      </link>
      <detected_type>beta-D-aldopyranose</detected_type>
      <cremer-pople_Q>0.570045</cremer-pople_Q>
      <cremer-pople_Phi>309.999</cremer-pople_Phi>
      <cremer-pople_Theta>52.435</cremer-pople_Theta>
      <mean_bfactor>52.435</mean_bfactor>
      <conformation>4c1</conformation>
      <anomer>beta</anomer>
      <hand>D</hand>
      <stacked_against>
      </stacked_against>
      <validation>
        <conformation>yes</conformation>
        <anomer>yes</anomer>
        <hand>yes</hand>
        <puckering>yes</puckering>
      </validation>
    </sugar>
    </sugar>
  </glycan>
  <glycan type="n-glycan" root="/B/524(ASN)" chain="B">
    <svg_graphics>
<ns0:svg version="1.1" width="402" height="178" viewBox="2355 820 575 255 " preserveAspectRatio="xMinYMinXMaxYMax meet">

  <ns0:style>
    .my_blue   { fill:#0090bc; }
    .my_red    { fill:#ed1c24; }
    .my_yellow { fill:#ffd400; }
  </ns0:style>
  <ns0:defs>
      <ns0:filter id="displace">
        <ns0:feTurbulence baseFrequency=".05" numOctaves="3" result="myturbulence" />
        <ns0:feDisplacementMap in="SourceGraphic" in2="myturbulence" scale="10" />
      </ns0:filter>

      <ns0:pattern id="half_yellow" x="0" y="0" width="50" height="50" patternUnits="userSpaceOnUse">
        <ns0:rect width="50" height="50" x="0" y="0" style="stroke:none; fill:#ffd400;" />
        <ns0:polygon points="0 0, 0 50, 50 50" rx="0" ry="0" style="stroke:#000000; stroke-width:1.5; fill:#ffffff;" />
      </ns0:pattern>
      <ns0:pattern id="half_blue" x="0" y="0" width="50" height="50" patternUnits="userSpaceOnUse">
        <ns0:rect width="50" height="50" x="0" y="0" style="stroke:none; fill:#0090bc;" />
        <ns0:polygon points="0 0, 0 50, 50 50" rx="0" ry="0" style="stroke:#000000; stroke-width:1.5; fill:#ffffff;" />
      </ns0:pattern>
      <ns0:pattern id="half_green" x="0" y="0" width="50" height="50" patternUnits="userSpaceOnUse">
        <ns0:rect width="50" height="50" x="0" y="0" style="stroke:none; fill:#00a651;" />
        <ns0:polygon points="0 0, 0 50, 50 50" rx="0" ry="0" style="stroke:#000000; stroke-width:1.5; fill:#ffffff;" />
      </ns0:pattern>
      <ns0:pattern id="yellow_left" x="0" y="0" width="50" height="50" patternUnits="userSpaceOnUse">
        <ns0:polygon points="25 0, 50 25, 25 50, 0 25" style="stroke:none; fill:#ffd400;" />
        <ns0:polygon points="25 0, 25 50, 0 25" rx="0" ry="0" style="stroke:#000000; stroke-width:1.5; fill:#ffffff;" />
      </ns0:pattern>
      <ns0:pattern id="blue_up" x="0" y="0" width="50" height="50" patternUnits="userSpaceOnUse">
        <ns0:polygon points="25 0, 50 25, 25 50, 0 25" style="stroke:none; fill:#0090bc;" />
        <ns0:polygon points="0 25, 50 25, 25 50" rx="0" ry="0" style="stroke:#000000; stroke-width:1.5; fill:#ffffff;" />
      </ns0:pattern>
      <ns0:pattern id="green_right" x="0" y="0" width="50" height="50" patternUnits="userSpaceOnUse">
        <ns0:polygon points="25 0, 50 25, 25 50, 0 25" style="stroke:none; fill:#00a651;" />
        <ns0:polygon points="0 25, 25 50, 25 0" rx="0" ry="0" style="stroke:#000000; stroke-width:1.5; fill:#ffffff;" />
      </ns0:pattern>
      <ns0:pattern id="tan_down" x="0" y="0" width="50" height="50" patternUnits="userSpaceOnUse">
        <ns0:polygon points="25 0, 50 25, 25 50, 0 25" style="stroke:none; fill:#966432;" />
        <ns0:polygon points="0 25, 50 25, 25 0" rx="0" ry="0" style="stroke:#000000; stroke-width:1.5; fill:#ffffff;" />
      </ns0:pattern>
<ns0:circle r="25" cx="25" cy="25" id="glc" style=" stroke:#000000; fill:#0090bc;stroke-width:2.8;" />
<ns0:circle r="25" cx="25" cy="25" id="gal" style=" stroke:#000000; fill:#ffd400;stroke-width:2.8;" />
<ns0:circle r="25" cx="25" cy="25" id="man" style=" stroke:#000000; fill:#00a651;stroke-width:2.8;" />
<ns0:polygon points="0 50, 25 0, 50 50" rx="0" ry="0" id="fuc" style=" stroke:#000000; fill:#ed1c24;stroke-width:2.8;" />
<ns0:polygon points="39.5,50 24.5,37.5 9.5,50 14.5,32.5 0,20 19.5,20 24.5,0 29.5,20 50,20 34.5,32.5" rx="0" ry="0" id="xyl" style=" stroke:#000000; fill:#ff7f00;stroke-width:2.8;" />
<ns0:rect width="50" height="50" id="glcnac" style=" stroke:#000000; fill:#0090bc;stroke-width:2.8;" />
<ns0:rect width="50" height="50" id="galnac" style=" stroke:#000000; fill:#ffd400;stroke-width:2.8;" />
<ns0:rect width="50" height="50" id="mannac" style=" stroke:#000000; fill:#00a651;stroke-width:2.8;" />
<ns0:rect width="50" height="50" id="glcn" style=" stroke:#000000; fill: url(#half_blue);stroke-width:2.8;" />
<ns0:rect width="50" height="50" id="galn" style=" stroke:#000000; fill: url(#half_yellow);stroke-width:2.8;" />
<ns0:rect width="50" height="50" id="mann" style=" stroke:#000000; fill: url(#half_green);stroke-width:2.8;" />
<ns0:polygon points="25 0, 50 25, 25 50, 0 25" rx="0" ry="0" id="neu5ac" style=" stroke:#000000; fill:#a54399;stroke-width:2.8;" />
<ns0:polygon points="25 0, 50 25, 25 50, 0 25" rx="0" ry="0" id="neu5gc" style=" stroke:#000000; fill:#8fcce9;stroke-width:2.8;" />
<ns0:polygon points="25 0, 50 25, 25 50, 0 25" rx="0" ry="0" id="kdn" style=" stroke:#000000; fill:#00a651;stroke-width:2.8;" />
<ns0:polygon points="25 0, 50 25, 25 50, 0 25" rx="0" ry="0" id="glca" style=" stroke:#000000; fill: url(#blue_up);stroke-width:2.8;" />
<ns0:polygon points="25 0, 50 25, 25 50, 0 25" rx="0" ry="0" id="idoa" style=" stroke:#000000; fill: url(#tan_down);stroke-width:2.8;" />
<ns0:polygon points="25 0, 50 25, 25 50, 0 25" rx="0" ry="0" id="gala" style=" stroke:#000000; fill: url(#yellow_left);stroke-width:2.8;" />
<ns0:polygon points="25 0, 50 25, 25 50, 0 25" rx="0" ry="0" id="mana" style=" stroke:#000000; fill: url(#green_right);stroke-width:2.8;" />
<ns0:line x1="0" y1="0" x2="110" y2="0" style="stroke:#000000; stroke-width:2; stroke-linecap:round; stroke-dasharray:9,6;" id="alpha" />
<ns0:line x1="0" y1="0" x2="110" y2="0" style="stroke:#000000; stroke-width:2; stroke-linecap:round;" id="beta" />
<ns0:polygon points="25 0, 50 11, 50 38, 25 50, 0 38, 0 11" rx="0" ry="0" id="unk" style=" stroke:#000000; fill:#ffffff;stroke-width:4.0; " />
  </ns0:defs>

<ns0:a id="anchor" ns1:href="mmdb:///B/1506" target="_top">  <ns0:use ns1:href="#alpha" x="2390" y="845" id="" transform="rotate(90 2390 845)"><ns0:title>[ alpha 1-2 ] with phi: 78.9865; psi: 165.951;</ns0:title></ns0:use>
</ns0:a>
<ns0:a id="anchor" ns1:href="mmdb:///B/1504" target="_top">  <ns0:use ns1:href="#alpha" x="2470" y="935" id="" transform="rotate(-135 2470 935)"><ns0:title>[ alpha 1-6 ] with phi: 64.6091; psi: -170.739; omega: 0;</ns0:title></ns0:use>
</ns0:a>
<ns0:a id="anchor" ns1:href="mmdb:///B/1504" target="_top">  <ns0:use ns1:href="#alpha" x="2470" y="935" id="" transform="rotate(-225 2470 935)"><ns0:title>[ alpha 1-3 ] with phi: 98.6791; psi: 143.249;</ns0:title></ns0:use>
</ns0:a>
<ns0:a id="anchor" ns1:href="mmdb:///B/1503" target="_top">  <ns0:use ns1:href="#alpha" x="2550" y="1015" id="" transform="rotate(-135 2550 1015)"><ns0:title>[ alpha 1-6 ] with phi: 50.9587; psi: -169.621; omega: 0;</ns0:title></ns0:use>
</ns0:a>
<ns0:a id="anchor" ns1:href="mmdb:///B/1502" target="_top">  <ns0:use ns1:href="#beta" x="2640" y="1015" id="" transform="rotate(180 2640 1015)"><ns0:title>[ beta 1-4 ] with phi: -76.0288; psi: -107.552;</ns0:title></ns0:use>
</ns0:a>
<ns0:a id="anchor" ns1:href="mmdb:///B/1501" target="_top">  <ns0:use ns1:href="#beta" x="2720" y="1015" id="" transform="rotate(180 2720 1015)"><ns0:title>[ beta 1-4 ] with phi: -82.4264; psi: -144.036;</ns0:title></ns0:use>
</ns0:a>
<ns0:a id="anchor" ns1:href="mmdb:///B/524" target="_top">  <ns0:use ns1:href="#beta" x="2800" y="1015" id="" transform="rotate(180 2800 1015)"><ns0:title>beta link. Phi: -85.8248; Psi: 182.808;</ns0:title></ns0:use>
</ns0:a>
<ns0:a id="anchor" ns1:href="mmdb:///B/524" target="_top">  <ns0:g id="glycan_root" transform="translate(2768 990)">
    <ns0:rect width="160" height="50" rx="10" ry="10" style="stroke:#000000; fill:#ffffff; stroke-width:2.0;" />
    <ns0:line x1="30" y1="0" x2="30" y2="50" style="stroke:#000000; fill:#ffffff; stroke-width:2.0;" />
    <ns0:text x="7" y="32" class="my_blue" font-weight="bold" font-family="Helvetica" font-size="24">N</ns0:text>
    <ns0:text x="92" y="32" fill="black" text-anchor="middle" font-weight="bold" font-family="Helvetica" font-size="24">ASN<ns0:tspan baseline-shift="sub" font-weight="normal" font-size="20">B/524</ns0:tspan></ns0:text>
</ns0:g>
</ns0:a>
<ns0:a id="anchor" ns1:href="mmdb:///B/1501" target="_top">  <ns0:use ns1:href="#glcnac" x="2685" y="990" id=""><ns0:title><ns0:tspan>NAG 1501 in 4c1 conformation. </ns0:tspan><ns0:tspan>Mean B-factor: 41.66. </ns0:tspan><ns0:tspan>Detected type: beta-D-aldopyranose. </ns0:tspan><ns0:tspan>No issues have been detected.</ns0:tspan></ns0:title></ns0:use>
</ns0:a>
<ns0:a id="anchor" ns1:href="mmdb:///B/1502" target="_top">  <ns0:use ns1:href="#glcnac" x="2605" y="990" id=""><ns0:title><ns0:tspan>NAG 1502 in 4c1 conformation. </ns0:tspan><ns0:tspan>Mean B-factor: 37.63. </ns0:tspan><ns0:tspan>Detected type: beta-D-aldopyranose. </ns0:tspan><ns0:tspan>No issues have been detected.</ns0:tspan></ns0:title></ns0:use>
</ns0:a>
<ns0:a id="anchor" ns1:href="mmdb:///B/1503" target="_top">  <ns0:use ns1:href="#man" x="2525" y="990" id=""><ns0:title><ns0:tspan>BMA 1503 in 4c1 conformation. </ns0:tspan><ns0:tspan>Mean B-factor: 43.18. </ns0:tspan><ns0:tspan>Detected type: beta-D-aldopyranose. </ns0:tspan><ns0:tspan>No issues have been detected.</ns0:tspan></ns0:title></ns0:use>
</ns0:a>
<ns0:a id="anchor" ns1:href="mmdb:///B/1504" target="_top">  <ns0:use ns1:href="#man" x="2445" y="910" id=""><ns0:title><ns0:tspan>MAN 1504 in 4c1 conformation. </ns0:tspan><ns0:tspan>Mean B-factor: 55.41. </ns0:tspan><ns0:tspan>Detected type: alpha-D-aldopyranose. </ns0:tspan><ns0:tspan>No issues have been detected.</ns0:tspan></ns0:title></ns0:use>
</ns0:a>
<ns0:a id="anchor" ns1:href="mmdb:///B/1505" target="_top">  <ns0:use ns1:href="#man" x="2365" y="990" id=""><ns0:title><ns0:tspan>MAN 1505 in 4c1 conformation. </ns0:tspan><ns0:tspan>Mean B-factor: 49.37. </ns0:tspan><ns0:tspan>Detected type: alpha-D-aldopyranose. </ns0:tspan><ns0:tspan>No issues have been detected.</ns0:tspan></ns0:title></ns0:use>
</ns0:a>
<ns0:a id="anchor" ns1:href="mmdb:///B/1506" target="_top">  <ns0:use ns1:href="#man" x="2365" y="830" id=""><ns0:title><ns0:tspan>MAN 1506 in 4c1 conformation. </ns0:tspan><ns0:tspan>Mean B-factor: 60.02. </ns0:tspan><ns0:tspan>Detected type: alpha-D-aldopyranose. </ns0:tspan><ns0:tspan>No issues have been detected.</ns0:tspan></ns0:title></ns0:use>
</ns0:a>
<ns0:a id="anchor" ns1:href="mmdb:///B/1507" target="_top">  <ns0:use ns1:href="#man" x="2365" y="910" id=""><ns0:title><ns0:tspan>MAN 1507 in 4c1 conformation. </ns0:tspan><ns0:tspan>Mean B-factor: 59.70. </ns0:tspan><ns0:tspan>Detected type: alpha-D-aldopyranose. </ns0:tspan><ns0:tspan>No issues have been detected.</ns0:tspan></ns0:title></ns0:use>
</ns0:a>
</ns0:svg>    </svg_graphics>
    <sugar id="/B/1501(NAG)">
      <link>
        <anomericity>beta</anomericity>
        <connected_to>0</connected_to>
        <phi>-85.8248</phi>
        <psi>182.808</psi>
      </link>
      <detected_type>beta-D-aldopyranose</detected_type>
      <cremer-pople_Q>0.547452</cremer-pople_Q>
      <cremer-pople_Phi>316.634</cremer-pople_Phi>
      <cremer-pople_Theta>41.6643</cremer-pople_Theta>
      <mean_bfactor>41.6643</mean_bfactor>
      <conformation>4c1</conformation>
      <anomer>beta</anomer>
      <hand>D</hand>
      <stacked_against>
      </stacked_against>
      <validation>
        <conformation>yes</conformation>
        <anomer>yes</anomer>
        <hand>yes</hand>
        <puckering>yes</puckering>
      </validation>
    <sugar id="/B/1502(NAG)">
      <link>
        <anomericity>beta</anomericity>
        <connected_to>4</connected_to>
        <phi>-82.4264</phi>
        <psi>-144.036</psi>
      </link>
      <detected_type>beta-D-aldopyranose</detected_type>
      <cremer-pople_Q>0.55639</cremer-pople_Q>
      <cremer-pople_Phi>30.921</cremer-pople_Phi>
      <cremer-pople_Theta>37.63</cremer-pople_Theta>
      <mean_bfactor>37.63</mean_bfactor>
      <conformation>4c1</conformation>
      <anomer>beta</anomer>
      <hand>D</hand>
      <stacked_against>
      </stacked_against>
      <validation>
        <conformation>yes</conformation>
        <anomer>yes</anomer>
        <hand>yes</hand>
        <puckering>yes</puckering>
      </validation>
    <sugar id="/B/1503(BMA)">
      <link>
        <anomericity>beta</anomericity>
        <connected_to>4</connected_to>
        <phi>-76.0288</phi>
        <psi>-107.552</psi>
      </link>
      <detected_type>beta-D-aldopyranose</detected_type>
      <cremer-pople_Q>0.573483</cremer-pople_Q>
      <cremer-pople_Phi>245.351</cremer-pople_Phi>
      <cremer-pople_Theta>43.1836</cremer-pople_Theta>
      <mean_bfactor>43.1836</mean_bfactor>
      <conformation>4c1</conformation>
      <anomer>beta</anomer>
      <hand>D</hand>
      <stacked_against>
      </stacked_against>
      <validation>
        <conformation>yes</conformation>
        <anomer>yes</anomer>
        <hand>yes</hand>
        <puckering>yes</puckering>
      </validation>
    <sugar id="/B/1504(MAN)">
      <link>
        <anomericity>alpha</anomericity>
        <connected_to>6</connected_to>
        <phi>50.9587</phi>
        <psi>-169.621</psi>
        <omega>0</omega>
      </link>
      <detected_type>alpha-D-aldopyranose</detected_type>
      <cremer-pople_Q>0.573179</cremer-pople_Q>
      <cremer-pople_Phi>10.4978</cremer-pople_Phi>
      <cremer-pople_Theta>55.4073</cremer-pople_Theta>
      <mean_bfactor>55.4073</mean_bfactor>
      <conformation>4c1</conformation>
      <anomer>alpha</anomer>
      <hand>D</hand>
      <stacked_against>
      </stacked_against>
      <validation>
        <conformation>yes</conformation>
        <anomer>yes</anomer>
        <hand>yes</hand>
        <puckering>yes</puckering>
      </validation>
    <sugar id="/B/1505(MAN)">
      <link>
        <anomericity>alpha</anomericity>
        <connected_to>3</connected_to>
        <phi>98.6791</phi>
        <psi>143.249</psi>
      </link>
      <detected_type>alpha-D-aldopyranose</detected_type>
      <cremer-pople_Q>0.568066</cremer-pople_Q>
      <cremer-pople_Phi>323.844</cremer-pople_Phi>
      <cremer-pople_Theta>49.3727</cremer-pople_Theta>
      <mean_bfactor>49.3727</mean_bfactor>
      <conformation>4c1</conformation>
      <anomer>alpha</anomer>
      <hand>D</hand>
      <stacked_against>
      </stacked_against>
      <validation>
        <conformation>yes</conformation>
        <anomer>yes</anomer>
        <hand>yes</hand>
        <puckering>yes</puckering>
      </validation>
    </sugar>
    <sugar id="/B/1506(MAN)">
      <link>
        <anomericity>alpha</anomericity>
        <connected_to>6</connected_to>
        <phi>64.6091</phi>
        <psi>-170.739</psi>
        <omega>0</omega>
      </link>
      <detected_type>alpha-D-aldopyranose</detected_type>
      <cremer-pople_Q>0.577282</cremer-pople_Q>
      <cremer-pople_Phi>303.74</cremer-pople_Phi>
      <cremer-pople_Theta>60.0218</cremer-pople_Theta>
      <mean_bfactor>60.0218</mean_bfactor>
      <conformation>4c1</conformation>
      <anomer>alpha</anomer>
      <hand>D</hand>
      <stacked_against>
      </stacked_against>
      <validation>
        <conformation>yes</conformation>
        <anomer>yes</anomer>
        <hand>yes</hand>
        <puckering>yes</puckering>
      </validation>
    <sugar id="/B/1507(MAN)">
      <link>
        <anomericity>alpha</anomericity>
        <connected_to>2</connected_to>
        <phi>78.9865</phi>
        <psi>165.951</psi>
      </link>
      <detected_type>alpha-D-aldopyranose</detected_type>
      <cremer-pople_Q>0.569158</cremer-pople_Q>
      <cremer-pople_Phi>52.8284</cremer-pople_Phi>
      <cremer-pople_Theta>59.7045</cremer-pople_Theta>
      <mean_bfactor>59.7045</mean_bfactor>
      <conformation>4c1</conformation>
      <anomer>alpha</anomer>
      <hand>D</hand>
      <stacked_against>
      </stacked_against>
      <validation>
        <conformation>yes</conformation>
        <anomer>yes</anomer>
        <hand>yes</hand>
        <puckering>yes</puckering>
      </validation>
    </sugar>
    </sugar>
    </sugar>
    </sugar>
    </sugar>
    </sugar>
  </glycan>
  <glycan type="n-glycan" root="/B/543(ASN)" chain="B">
    <svg_graphics>
<ns0:svg version="1.1" width="178" height="66" viewBox="2675 980 255 95 " preserveAspectRatio="xMinYMinXMaxYMax meet">

  <ns0:style>
    .my_blue   { fill:#0090bc; }
    .my_red    { fill:#ed1c24; }
    .my_yellow { fill:#ffd400; }
  </ns0:style>
  <ns0:defs>
      <ns0:filter id="displace">
        <ns0:feTurbulence baseFrequency=".05" numOctaves="3" result="myturbulence" />
        <ns0:feDisplacementMap in="SourceGraphic" in2="myturbulence" scale="10" />
      </ns0:filter>

      <ns0:pattern id="half_yellow" x="0" y="0" width="50" height="50" patternUnits="userSpaceOnUse">
        <ns0:rect width="50" height="50" x="0" y="0" style="stroke:none; fill:#ffd400;" />
        <ns0:polygon points="0 0, 0 50, 50 50" rx="0" ry="0" style="stroke:#000000; stroke-width:1.5; fill:#ffffff;" />
      </ns0:pattern>
      <ns0:pattern id="half_blue" x="0" y="0" width="50" height="50" patternUnits="userSpaceOnUse">
        <ns0:rect width="50" height="50" x="0" y="0" style="stroke:none; fill:#0090bc;" />
        <ns0:polygon points="0 0, 0 50, 50 50" rx="0" ry="0" style="stroke:#000000; stroke-width:1.5; fill:#ffffff;" />
      </ns0:pattern>
      <ns0:pattern id="half_green" x="0" y="0" width="50" height="50" patternUnits="userSpaceOnUse">
        <ns0:rect width="50" height="50" x="0" y="0" style="stroke:none; fill:#00a651;" />
        <ns0:polygon points="0 0, 0 50, 50 50" rx="0" ry="0" style="stroke:#000000; stroke-width:1.5; fill:#ffffff;" />
      </ns0:pattern>
      <ns0:pattern id="yellow_left" x="0" y="0" width="50" height="50" patternUnits="userSpaceOnUse">
        <ns0:polygon points="25 0, 50 25, 25 50, 0 25" style="stroke:none; fill:#ffd400;" />
        <ns0:polygon points="25 0, 25 50, 0 25" rx="0" ry="0" style="stroke:#000000; stroke-width:1.5; fill:#ffffff;" />
      </ns0:pattern>
      <ns0:pattern id="blue_up" x="0" y="0" width="50" height="50" patternUnits="userSpaceOnUse">
        <ns0:polygon points="25 0, 50 25, 25 50, 0 25" style="stroke:none; fill:#0090bc;" />
        <ns0:polygon points="0 25, 50 25, 25 50" rx="0" ry="0" style="stroke:#000000; stroke-width:1.5; fill:#ffffff;" />
      </ns0:pattern>
      <ns0:pattern id="green_right" x="0" y="0" width="50" height="50" patternUnits="userSpaceOnUse">
        <ns0:polygon points="25 0, 50 25, 25 50, 0 25" style="stroke:none; fill:#00a651;" />
        <ns0:polygon points="0 25, 25 50, 25 0" rx="0" ry="0" style="stroke:#000000; stroke-width:1.5; fill:#ffffff;" />
      </ns0:pattern>
      <ns0:pattern id="tan_down" x="0" y="0" width="50" height="50" patternUnits="userSpaceOnUse">
        <ns0:polygon points="25 0, 50 25, 25 50, 0 25" style="stroke:none; fill:#966432;" />
        <ns0:polygon points="0 25, 50 25, 25 0" rx="0" ry="0" style="stroke:#000000; stroke-width:1.5; fill:#ffffff;" />
      </ns0:pattern>
<ns0:circle r="25" cx="25" cy="25" id="glc" style=" stroke:#000000; fill:#0090bc;stroke-width:2.8;" />
<ns0:circle r="25" cx="25" cy="25" id="gal" style=" stroke:#000000; fill:#ffd400;stroke-width:2.8;" />
<ns0:circle r="25" cx="25" cy="25" id="man" style=" stroke:#000000; fill:#00a651;stroke-width:2.8;" />
<ns0:polygon points="0 50, 25 0, 50 50" rx="0" ry="0" id="fuc" style=" stroke:#000000; fill:#ed1c24;stroke-width:2.8;" />
<ns0:polygon points="39.5,50 24.5,37.5 9.5,50 14.5,32.5 0,20 19.5,20 24.5,0 29.5,20 50,20 34.5,32.5" rx="0" ry="0" id="xyl" style=" stroke:#000000; fill:#ff7f00;stroke-width:2.8;" />
<ns0:rect width="50" height="50" id="glcnac" style=" stroke:#000000; fill:#0090bc;stroke-width:2.8;" />
<ns0:rect width="50" height="50" id="galnac" style=" stroke:#000000; fill:#ffd400;stroke-width:2.8;" />
<ns0:rect width="50" height="50" id="mannac" style=" stroke:#000000; fill:#00a651;stroke-width:2.8;" />
<ns0:rect width="50" height="50" id="glcn" style=" stroke:#000000; fill: url(#half_blue);stroke-width:2.8;" />
<ns0:rect width="50" height="50" id="galn" style=" stroke:#000000; fill: url(#half_yellow);stroke-width:2.8;" />
<ns0:rect width="50" height="50" id="mann" style=" stroke:#000000; fill: url(#half_green);stroke-width:2.8;" />
<ns0:polygon points="25 0, 50 25, 25 50, 0 25" rx="0" ry="0" id="neu5ac" style=" stroke:#000000; fill:#a54399;stroke-width:2.8;" />
<ns0:polygon points="25 0, 50 25, 25 50, 0 25" rx="0" ry="0" id="neu5gc" style=" stroke:#000000; fill:#8fcce9;stroke-width:2.8;" />
<ns0:polygon points="25 0, 50 25, 25 50, 0 25" rx="0" ry="0" id="kdn" style=" stroke:#000000; fill:#00a651;stroke-width:2.8;" />
<ns0:polygon points="25 0, 50 25, 25 50, 0 25" rx="0" ry="0" id="glca" style=" stroke:#000000; fill: url(#blue_up);stroke-width:2.8;" />
<ns0:polygon points="25 0, 50 25, 25 50, 0 25" rx="0" ry="0" id="idoa" style=" stroke:#000000; fill: url(#tan_down);stroke-width:2.8;" />
<ns0:polygon points="25 0, 50 25, 25 50, 0 25" rx="0" ry="0" id="gala" style=" stroke:#000000; fill: url(#yellow_left);stroke-width:2.8;" />
<ns0:polygon points="25 0, 50 25, 25 50, 0 25" rx="0" ry="0" id="mana" style=" stroke:#000000; fill: url(#green_right);stroke-width:2.8;" />
<ns0:line x1="0" y1="0" x2="110" y2="0" style="stroke:#000000; stroke-width:2; stroke-linecap:round; stroke-dasharray:9,6;" id="alpha" />
<ns0:line x1="0" y1="0" x2="110" y2="0" style="stroke:#000000; stroke-width:2; stroke-linecap:round;" id="beta" />
<ns0:polygon points="25 0, 50 11, 50 38, 25 50, 0 38, 0 11" rx="0" ry="0" id="unk" style=" stroke:#000000; fill:#ffffff;stroke-width:4.0; " />
  </ns0:defs>

<ns0:a id="anchor" ns1:href="mmdb:///B/543" target="_top">  <ns0:use ns1:href="#beta" x="2800" y="1015" id="" transform="rotate(180 2800 1015)"><ns0:title>beta link. Phi: -69.1479; Psi: 179.082;</ns0:title></ns0:use>
</ns0:a>
<ns0:a id="anchor" ns1:href="mmdb:///B/543" target="_top">  <ns0:g id="glycan_root" transform="translate(2768 990)">
    <ns0:rect width="160" height="50" rx="10" ry="10" style="stroke:#000000; fill:#ffffff; stroke-width:2.0;" />
    <ns0:line x1="30" y1="0" x2="30" y2="50" style="stroke:#000000; fill:#ffffff; stroke-width:2.0;" />
    <ns0:text x="7" y="32" class="my_blue" font-weight="bold" font-family="Helvetica" font-size="24">N</ns0:text>
    <ns0:text x="92" y="32" fill="black" text-anchor="middle" font-weight="bold" font-family="Helvetica" font-size="24">ASN<ns0:tspan baseline-shift="sub" font-weight="normal" font-size="20">B/543</ns0:tspan></ns0:text>
</ns0:g>
</ns0:a>
<ns0:a id="anchor" ns1:href="mmdb:///B/1601" target="_top">  <ns0:use ns1:href="#glcnac" x="2685" y="990" id=""><ns0:title><ns0:tspan>NAG 1601 in 4c1 conformation. </ns0:tspan><ns0:tspan>Mean B-factor: 40.49. </ns0:tspan><ns0:tspan>Detected type: beta-D-aldopyranose. </ns0:tspan><ns0:tspan>No issues have been detected.</ns0:tspan></ns0:title></ns0:use>
</ns0:a>
</ns0:svg>    </svg_graphics>
    <sugar id="/B/1601(NAG)">
      <link>
        <anomericity>beta</anomericity>
        <connected_to>0</connected_to>
        <phi>-69.1479</phi>
        <psi>179.082</psi>
      </link>
      <detected_type>beta-D-aldopyranose</detected_type>
      <cremer-pople_Q>0.550735</cremer-pople_Q>
      <cremer-pople_Phi>256.454</cremer-pople_Phi>
      <cremer-pople_Theta>40.4943</cremer-pople_Theta>
      <mean_bfactor>40.4943</mean_bfactor>
      <conformation>4c1</conformation>
      <anomer>beta</anomer>
      <hand>D</hand>
      <stacked_against>
      </stacked_against>
      <validation>
        <conformation>yes</conformation>
        <anomer>yes</anomer>
        <hand>yes</hand>
        <puckering>yes</puckering>
      </validation>
    </sugar>
  </glycan>
  <glycan type="n-glycan" root="/B/565(ASN)" chain="B">
    <svg_graphics>
<ns0:svg version="1.1" width="402" height="122" viewBox="2355 900 575 175 " preserveAspectRatio="xMinYMinXMaxYMax meet">

  <ns0:style>
    .my_blue   { fill:#0090bc; }
    .my_red    { fill:#ed1c24; }
    .my_yellow { fill:#ffd400; }
  </ns0:style>
  <ns0:defs>
      <ns0:filter id="displace">
        <ns0:feTurbulence baseFrequency=".05" numOctaves="3" result="myturbulence" />
        <ns0:feDisplacementMap in="SourceGraphic" in2="myturbulence" scale="10" />
      </ns0:filter>

      <ns0:pattern id="half_yellow" x="0" y="0" width="50" height="50" patternUnits="userSpaceOnUse">
        <ns0:rect width="50" height="50" x="0" y="0" style="stroke:none; fill:#ffd400;" />
        <ns0:polygon points="0 0, 0 50, 50 50" rx="0" ry="0" style="stroke:#000000; stroke-width:1.5; fill:#ffffff;" />
      </ns0:pattern>
      <ns0:pattern id="half_blue" x="0" y="0" width="50" height="50" patternUnits="userSpaceOnUse">
        <ns0:rect width="50" height="50" x="0" y="0" style="stroke:none; fill:#0090bc;" />
        <ns0:polygon points="0 0, 0 50, 50 50" rx="0" ry="0" style="stroke:#000000; stroke-width:1.5; fill:#ffffff;" />
      </ns0:pattern>
      <ns0:pattern id="half_green" x="0" y="0" width="50" height="50" patternUnits="userSpaceOnUse">
        <ns0:rect width="50" height="50" x="0" y="0" style="stroke:none; fill:#00a651;" />
        <ns0:polygon points="0 0, 0 50, 50 50" rx="0" ry="0" style="stroke:#000000; stroke-width:1.5; fill:#ffffff;" />
      </ns0:pattern>
      <ns0:pattern id="yellow_left" x="0" y="0" width="50" height="50" patternUnits="userSpaceOnUse">
        <ns0:polygon points="25 0, 50 25, 25 50, 0 25" style="stroke:none; fill:#ffd400;" />
        <ns0:polygon points="25 0, 25 50, 0 25" rx="0" ry="0" style="stroke:#000000; stroke-width:1.5; fill:#ffffff;" />
      </ns0:pattern>
      <ns0:pattern id="blue_up" x="0" y="0" width="50" height="50" patternUnits="userSpaceOnUse">
        <ns0:polygon points="25 0, 50 25, 25 50, 0 25" style="stroke:none; fill:#0090bc;" />
        <ns0:polygon points="0 25, 50 25, 25 50" rx="0" ry="0" style="stroke:#000000; stroke-width:1.5; fill:#ffffff;" />
      </ns0:pattern>
      <ns0:pattern id="green_right" x="0" y="0" width="50" height="50" patternUnits="userSpaceOnUse">
        <ns0:polygon points="25 0, 50 25, 25 50, 0 25" style="stroke:none; fill:#00a651;" />
        <ns0:polygon points="0 25, 25 50, 25 0" rx="0" ry="0" style="stroke:#000000; stroke-width:1.5; fill:#ffffff;" />
      </ns0:pattern>
      <ns0:pattern id="tan_down" x="0" y="0" width="50" height="50" patternUnits="userSpaceOnUse">
        <ns0:polygon points="25 0, 50 25, 25 50, 0 25" style="stroke:none; fill:#966432;" />
        <ns0:polygon points="0 25, 50 25, 25 0" rx="0" ry="0" style="stroke:#000000; stroke-width:1.5; fill:#ffffff;" />
      </ns0:pattern>
<ns0:circle r="25" cx="25" cy="25" id="glc" style=" stroke:#000000; fill:#0090bc;stroke-width:2.8;" />
<ns0:circle r="25" cx="25" cy="25" id="gal" style=" stroke:#000000; fill:#ffd400;stroke-width:2.8;" />
<ns0:circle r="25" cx="25" cy="25" id="man" style=" stroke:#000000; fill:#00a651;stroke-width:2.8;" />
<ns0:polygon points="0 50, 25 0, 50 50" rx="0" ry="0" id="fuc" style=" stroke:#000000; fill:#ed1c24;stroke-width:2.8;" />
<ns0:polygon points="39.5,50 24.5,37.5 9.5,50 14.5,32.5 0,20 19.5,20 24.5,0 29.5,20 50,20 34.5,32.5" rx="0" ry="0" id="xyl" style=" stroke:#000000; fill:#ff7f00;stroke-width:2.8;" />
<ns0:rect width="50" height="50" id="glcnac" style=" stroke:#000000; fill:#0090bc;stroke-width:2.8;" />
<ns0:rect width="50" height="50" id="galnac" style=" stroke:#000000; fill:#ffd400;stroke-width:2.8;" />
<ns0:rect width="50" height="50" id="mannac" style=" stroke:#000000; fill:#00a651;stroke-width:2.8;" />
<ns0:rect width="50" height="50" id="glcn" style=" stroke:#000000; fill: url(#half_blue);stroke-width:2.8;" />
<ns0:rect width="50" height="50" id="galn" style=" stroke:#000000; fill: url(#half_yellow);stroke-width:2.8;" />
<ns0:rect width="50" height="50" id="mann" style=" stroke:#000000; fill: url(#half_green);stroke-width:2.8;" />
<ns0:polygon points="25 0, 50 25, 25 50, 0 25" rx="0" ry="0" id="neu5ac" style=" stroke:#000000; fill:#a54399;stroke-width:2.8;" />
<ns0:polygon points="25 0, 50 25, 25 50, 0 25" rx="0" ry="0" id="neu5gc" style=" stroke:#000000; fill:#8fcce9;stroke-width:2.8;" />
<ns0:polygon points="25 0, 50 25, 25 50, 0 25" rx="0" ry="0" id="kdn" style=" stroke:#000000; fill:#00a651;stroke-width:2.8;" />
<ns0:polygon points="25 0, 50 25, 25 50, 0 25" rx="0" ry="0" id="glca" style=" stroke:#000000; fill: url(#blue_up);stroke-width:2.8;" />
<ns0:polygon points="25 0, 50 25, 25 50, 0 25" rx="0" ry="0" id="idoa" style=" stroke:#000000; fill: url(#tan_down);stroke-width:2.8;" />
<ns0:polygon points="25 0, 50 25, 25 50, 0 25" rx="0" ry="0" id="gala" style=" stroke:#000000; fill: url(#yellow_left);stroke-width:2.8;" />
<ns0:polygon points="25 0, 50 25, 25 50, 0 25" rx="0" ry="0" id="mana" style=" stroke:#000000; fill: url(#green_right);stroke-width:2.8;" />
<ns0:line x1="0" y1="0" x2="110" y2="0" style="stroke:#000000; stroke-width:2; stroke-linecap:round; stroke-dasharray:9,6;" id="alpha" />
<ns0:line x1="0" y1="0" x2="110" y2="0" style="stroke:#000000; stroke-width:2; stroke-linecap:round;" id="beta" />
<ns0:polygon points="25 0, 50 11, 50 38, 25 50, 0 38, 0 11" rx="0" ry="0" id="unk" style=" stroke:#000000; fill:#ffffff;stroke-width:4.0; " />
  </ns0:defs>

<ns0:a id="anchor" ns1:href="mmdb:///B/1704" target="_top">  <ns0:use ns1:href="#alpha" x="2470" y="935" id="" transform="rotate(-225 2470 935)"><ns0:title>[ alpha 1-3 ] with phi: 90.7079; psi: 119.553;</ns0:title></ns0:use>
</ns0:a>
<ns0:a id="anchor" ns1:href="mmdb:///B/1703" target="_top">  <ns0:use ns1:href="#alpha" x="2550" y="1015" id="" transform="rotate(-135 2550 1015)"><ns0:title>[ alpha 1-6 ] with phi: 62.9854; psi: 176.062; omega: 180;</ns0:title></ns0:use>
</ns0:a>
<ns0:a id="anchor" ns1:href="mmdb:///B/1702" target="_top">  <ns0:use ns1:href="#beta" x="2640" y="1015" id="" transform="rotate(180 2640 1015)"><ns0:title>[ beta 1-4 ] with phi: -81.1965; psi: -122.212;</ns0:title></ns0:use>
</ns0:a>
<ns0:a id="anchor" ns1:href="mmdb:///B/1701" target="_top">  <ns0:use ns1:href="#beta" x="2720" y="1015" id="" transform="rotate(180 2720 1015)"><ns0:title>[ beta 1-4 ] with phi: -79.6575; psi: -136.475;</ns0:title></ns0:use>
</ns0:a>
<ns0:a id="anchor" ns1:href="mmdb:///B/565" target="_top">  <ns0:use ns1:href="#beta" x="2800" y="1015" id="" transform="rotate(180 2800 1015)"><ns0:title>beta link. Phi: -107.678; Psi: 175.204;</ns0:title></ns0:use>
</ns0:a>
<ns0:a id="anchor" ns1:href="mmdb:///B/565" target="_top">  <ns0:g id="glycan_root" transform="translate(2768 990)">
    <ns0:rect width="160" height="50" rx="10" ry="10" style="stroke:#000000; fill:#ffffff; stroke-width:2.0;" />
    <ns0:line x1="30" y1="0" x2="30" y2="50" style="stroke:#000000; fill:#ffffff; stroke-width:2.0;" />
    <ns0:text x="7" y="32" class="my_blue" font-weight="bold" font-family="Helvetica" font-size="24">N</ns0:text>
    <ns0:text x="92" y="32" fill="black" text-anchor="middle" font-weight="bold" font-family="Helvetica" font-size="24">ASN<ns0:tspan baseline-shift="sub" font-weight="normal" font-size="20">B/565</ns0:tspan></ns0:text>
</ns0:g>
</ns0:a>
<ns0:a id="anchor" ns1:href="mmdb:///B/1701" target="_top">  <ns0:use ns1:href="#glcnac" x="2685" y="990" id=""><ns0:title><ns0:tspan>NAG 1701 in 4c1 conformation. </ns0:tspan><ns0:tspan>Mean B-factor: 37.37. </ns0:tspan><ns0:tspan>Detected type: beta-D-aldopyranose. </ns0:tspan><ns0:tspan>No issues have been detected.</ns0:tspan></ns0:title></ns0:use>
</ns0:a>
<ns0:a id="anchor" ns1:href="mmdb:///B/1702" target="_top">  <ns0:use ns1:href="#glcnac" x="2605" y="990" id=""><ns0:title><ns0:tspan>NAG 1702 in 4c1 conformation. </ns0:tspan><ns0:tspan>Mean B-factor: 47.98. </ns0:tspan><ns0:tspan>Detected type: beta-D-aldopyranose. </ns0:tspan><ns0:tspan>No issues have been detected.</ns0:tspan></ns0:title></ns0:use>
</ns0:a>
<ns0:a id="anchor" ns1:href="mmdb:///B/1703" target="_top">  <ns0:use ns1:href="#man" x="2525" y="990" id=""><ns0:title><ns0:tspan>BMA 1703 in 4c1 conformation. </ns0:tspan><ns0:tspan>Mean B-factor: 42.35. </ns0:tspan><ns0:tspan>Detected type: beta-D-aldopyranose. </ns0:tspan><ns0:tspan>No issues have been detected.</ns0:tspan></ns0:title></ns0:use>
</ns0:a>
<ns0:a id="anchor" ns1:href="mmdb:///B/1704" target="_top">  <ns0:use ns1:href="#man" x="2445" y="910" id=""><ns0:title><ns0:tspan>MAN 1704 in 4c1 conformation. </ns0:tspan><ns0:tspan>Mean B-factor: 37.71. </ns0:tspan><ns0:tspan>Detected type: alpha-D-aldopyranose. </ns0:tspan><ns0:tspan>No issues have been detected.</ns0:tspan></ns0:title></ns0:use>
</ns0:a>
<ns0:a id="anchor" ns1:href="mmdb:///B/1705" target="_top">  <ns0:use ns1:href="#man" x="2365" y="990" id=""><ns0:title><ns0:tspan>MAN 1705 in 4c1 conformation. </ns0:tspan><ns0:tspan>Mean B-factor: 38.85. </ns0:tspan><ns0:tspan>Detected type: alpha-D-aldopyranose. </ns0:tspan><ns0:tspan>No issues have been detected.</ns0:tspan></ns0:title></ns0:use>
</ns0:a>
</ns0:svg>    </svg_graphics>
    <sugar id="/B/1701(NAG)">
      <link>
        <anomericity>beta</anomericity>
        <connected_to>0</connected_to>
        <phi>-107.678</phi>
        <psi>175.204</psi>
      </link>
      <detected_type>beta-D-aldopyranose</detected_type>
      <cremer-pople_Q>0.558728</cremer-pople_Q>
      <cremer-pople_Phi>28.2436</cremer-pople_Phi>
      <cremer-pople_Theta>37.3736</cremer-pople_Theta>
      <mean_bfactor>37.3736</mean_bfactor>
      <conformation>4c1</conformation>
      <anomer>beta</anomer>
      <hand>D</hand>
      <stacked_against>
      </stacked_against>
      <validation>
        <conformation>yes</conformation>
        <anomer>yes</anomer>
        <hand>yes</hand>
        <puckering>yes</puckering>
      </validation>
    <sugar id="/B/1702(NAG)">
      <link>
        <anomericity>beta</anomericity>
        <connected_to>4</connected_to>
        <phi>-79.6575</phi>
        <psi>-136.475</psi>
      </link>
      <detected_type>beta-D-aldopyranose</detected_type>
      <cremer-pople_Q>0.570321</cremer-pople_Q>
      <cremer-pople_Phi>40.4076</cremer-pople_Phi>
      <cremer-pople_Theta>47.9829</cremer-pople_Theta>
      <mean_bfactor>47.9829</mean_bfactor>
      <conformation>4c1</conformation>
      <anomer>beta</anomer>
      <hand>D</hand>
      <stacked_against>
      </stacked_against>
      <validation>
        <conformation>yes</conformation>
        <anomer>yes</anomer>
        <hand>yes</hand>
        <puckering>yes</puckering>
      </validation>
    <sugar id="/B/1703(BMA)">
      <link>
        <anomericity>beta</anomericity>
        <connected_to>4</connected_to>
        <phi>-81.1965</phi>
        <psi>-122.212</psi>
      </link>
      <detected_type>beta-D-aldopyranose</detected_type>
      <cremer-pople_Q>0.568324</cremer-pople_Q>
      <cremer-pople_Phi>271.561</cremer-pople_Phi>
      <cremer-pople_Theta>42.3527</cremer-pople_Theta>
      <mean_bfactor>42.3527</mean_bfactor>
      <conformation>4c1</conformation>
      <anomer>beta</anomer>
      <hand>D</hand>
      <stacked_against>
      </stacked_against>
      <validation>
        <conformation>yes</conformation>
        <anomer>yes</anomer>
        <hand>yes</hand>
        <puckering>yes</puckering>
      </validation>
    <sugar id="/B/1704(MAN)">
      <link>
        <anomericity>alpha</anomericity>
        <connected_to>6</connected_to>
        <phi>62.9854</phi>
        <psi>176.062</psi>
        <omega>180</omega>
      </link>
      <detected_type>alpha-D-aldopyranose</detected_type>
      <cremer-pople_Q>0.570274</cremer-pople_Q>
      <cremer-pople_Phi>173.823</cremer-pople_Phi>
      <cremer-pople_Theta>37.7073</cremer-pople_Theta>
      <mean_bfactor>37.7073</mean_bfactor>
      <conformation>4c1</conformation>
      <anomer>alpha</anomer>
      <hand>D</hand>
      <stacked_against>
      </stacked_against>
      <validation>
        <conformation>yes</conformation>
        <anomer>yes</anomer>
        <hand>yes</hand>
        <puckering>yes</puckering>
      </validation>
    <sugar id="/B/1705(MAN)">
      <link>
        <anomericity>alpha</anomericity>
        <connected_to>3</connected_to>
        <phi>90.7079</phi>
        <psi>119.553</psi>
      </link>
      <detected_type>alpha-D-aldopyranose</detected_type>
      <cremer-pople_Q>0.564539</cremer-pople_Q>
      <cremer-pople_Phi>359.96</cremer-pople_Phi>
      <cremer-pople_Theta>38.8518</cremer-pople_Theta>
      <mean_bfactor>38.8518</mean_bfactor>
      <conformation>4c1</conformation>
      <anomer>alpha</anomer>
      <hand>D</hand>
      <stacked_against>
      </stacked_against>
      <validation>
        <conformation>yes</conformation>
        <anomer>yes</anomer>
        <hand>yes</hand>
        <puckering>yes</puckering>
      </validation>
    </sugar>
    </sugar>
    </sugar>
    </sugar>
    </sugar>
  </glycan>
  <glycan type="n-glycan" root="/B/713(ASN)" chain="B">
    <svg_graphics>
<ns0:svg version="1.1" width="234" height="66" viewBox="2595 980 335 95 " preserveAspectRatio="xMinYMinXMaxYMax meet">

  <ns0:style>
    .my_blue   { fill:#0090bc; }
    .my_red    { fill:#ed1c24; }
    .my_yellow { fill:#ffd400; }
  </ns0:style>
  <ns0:defs>
      <ns0:filter id="displace">
        <ns0:feTurbulence baseFrequency=".05" numOctaves="3" result="myturbulence" />
        <ns0:feDisplacementMap in="SourceGraphic" in2="myturbulence" scale="10" />
      </ns0:filter>

      <ns0:pattern id="half_yellow" x="0" y="0" width="50" height="50" patternUnits="userSpaceOnUse">
        <ns0:rect width="50" height="50" x="0" y="0" style="stroke:none; fill:#ffd400;" />
        <ns0:polygon points="0 0, 0 50, 50 50" rx="0" ry="0" style="stroke:#000000; stroke-width:1.5; fill:#ffffff;" />
      </ns0:pattern>
      <ns0:pattern id="half_blue" x="0" y="0" width="50" height="50" patternUnits="userSpaceOnUse">
        <ns0:rect width="50" height="50" x="0" y="0" style="stroke:none; fill:#0090bc;" />
        <ns0:polygon points="0 0, 0 50, 50 50" rx="0" ry="0" style="stroke:#000000; stroke-width:1.5; fill:#ffffff;" />
      </ns0:pattern>
      <ns0:pattern id="half_green" x="0" y="0" width="50" height="50" patternUnits="userSpaceOnUse">
        <ns0:rect width="50" height="50" x="0" y="0" style="stroke:none; fill:#00a651;" />
        <ns0:polygon points="0 0, 0 50, 50 50" rx="0" ry="0" style="stroke:#000000; stroke-width:1.5; fill:#ffffff;" />
      </ns0:pattern>
      <ns0:pattern id="yellow_left" x="0" y="0" width="50" height="50" patternUnits="userSpaceOnUse">
        <ns0:polygon points="25 0, 50 25, 25 50, 0 25" style="stroke:none; fill:#ffd400;" />
        <ns0:polygon points="25 0, 25 50, 0 25" rx="0" ry="0" style="stroke:#000000; stroke-width:1.5; fill:#ffffff;" />
      </ns0:pattern>
      <ns0:pattern id="blue_up" x="0" y="0" width="50" height="50" patternUnits="userSpaceOnUse">
        <ns0:polygon points="25 0, 50 25, 25 50, 0 25" style="stroke:none; fill:#0090bc;" />
        <ns0:polygon points="0 25, 50 25, 25 50" rx="0" ry="0" style="stroke:#000000; stroke-width:1.5; fill:#ffffff;" />
      </ns0:pattern>
      <ns0:pattern id="green_right" x="0" y="0" width="50" height="50" patternUnits="userSpaceOnUse">
        <ns0:polygon points="25 0, 50 25, 25 50, 0 25" style="stroke:none; fill:#00a651;" />
        <ns0:polygon points="0 25, 25 50, 25 0" rx="0" ry="0" style="stroke:#000000; stroke-width:1.5; fill:#ffffff;" />
      </ns0:pattern>
      <ns0:pattern id="tan_down" x="0" y="0" width="50" height="50" patternUnits="userSpaceOnUse">
        <ns0:polygon points="25 0, 50 25, 25 50, 0 25" style="stroke:none; fill:#966432;" />
        <ns0:polygon points="0 25, 50 25, 25 0" rx="0" ry="0" style="stroke:#000000; stroke-width:1.5; fill:#ffffff;" />
      </ns0:pattern>
<ns0:circle r="25" cx="25" cy="25" id="glc" style=" stroke:#000000; fill:#0090bc;stroke-width:2.8;" />
<ns0:circle r="25" cx="25" cy="25" id="gal" style=" stroke:#000000; fill:#ffd400;stroke-width:2.8;" />
<ns0:circle r="25" cx="25" cy="25" id="man" style=" stroke:#000000; fill:#00a651;stroke-width:2.8;" />
<ns0:polygon points="0 50, 25 0, 50 50" rx="0" ry="0" id="fuc" style=" stroke:#000000; fill:#ed1c24;stroke-width:2.8;" />
<ns0:polygon points="39.5,50 24.5,37.5 9.5,50 14.5,32.5 0,20 19.5,20 24.5,0 29.5,20 50,20 34.5,32.5" rx="0" ry="0" id="xyl" style=" stroke:#000000; fill:#ff7f00;stroke-width:2.8;" />
<ns0:rect width="50" height="50" id="glcnac" style=" stroke:#000000; fill:#0090bc;stroke-width:2.8;" />
<ns0:rect width="50" height="50" id="galnac" style=" stroke:#000000; fill:#ffd400;stroke-width:2.8;" />
<ns0:rect width="50" height="50" id="mannac" style=" stroke:#000000; fill:#00a651;stroke-width:2.8;" />
<ns0:rect width="50" height="50" id="glcn" style=" stroke:#000000; fill: url(#half_blue);stroke-width:2.8;" />
<ns0:rect width="50" height="50" id="galn" style=" stroke:#000000; fill: url(#half_yellow);stroke-width:2.8;" />
<ns0:rect width="50" height="50" id="mann" style=" stroke:#000000; fill: url(#half_green);stroke-width:2.8;" />
<ns0:polygon points="25 0, 50 25, 25 50, 0 25" rx="0" ry="0" id="neu5ac" style=" stroke:#000000; fill:#a54399;stroke-width:2.8;" />
<ns0:polygon points="25 0, 50 25, 25 50, 0 25" rx="0" ry="0" id="neu5gc" style=" stroke:#000000; fill:#8fcce9;stroke-width:2.8;" />
<ns0:polygon points="25 0, 50 25, 25 50, 0 25" rx="0" ry="0" id="kdn" style=" stroke:#000000; fill:#00a651;stroke-width:2.8;" />
<ns0:polygon points="25 0, 50 25, 25 50, 0 25" rx="0" ry="0" id="glca" style=" stroke:#000000; fill: url(#blue_up);stroke-width:2.8;" />
<ns0:polygon points="25 0, 50 25, 25 50, 0 25" rx="0" ry="0" id="idoa" style=" stroke:#000000; fill: url(#tan_down);stroke-width:2.8;" />
<ns0:polygon points="25 0, 50 25, 25 50, 0 25" rx="0" ry="0" id="gala" style=" stroke:#000000; fill: url(#yellow_left);stroke-width:2.8;" />
<ns0:polygon points="25 0, 50 25, 25 50, 0 25" rx="0" ry="0" id="mana" style=" stroke:#000000; fill: url(#green_right);stroke-width:2.8;" />
<ns0:line x1="0" y1="0" x2="110" y2="0" style="stroke:#000000; stroke-width:2; stroke-linecap:round; stroke-dasharray:9,6;" id="alpha" />
<ns0:line x1="0" y1="0" x2="110" y2="0" style="stroke:#000000; stroke-width:2; stroke-linecap:round;" id="beta" />
<ns0:polygon points="25 0, 50 11, 50 38, 25 50, 0 38, 0 11" rx="0" ry="0" id="unk" style=" stroke:#000000; fill:#ffffff;stroke-width:4.0; " />
  </ns0:defs>

<ns0:a id="anchor" ns1:href="mmdb:///B/1801" target="_top">  <ns0:use ns1:href="#beta" x="2720" y="1015" id="" transform="rotate(180 2720 1015)"><ns0:title>[ beta 1-4 ] with phi: -70.753; psi: -114.293;</ns0:title></ns0:use>
</ns0:a>
<ns0:a id="anchor" ns1:href="mmdb:///B/713" target="_top">  <ns0:use ns1:href="#beta" x="2800" y="1015" id="" transform="rotate(180 2800 1015)"><ns0:title>beta link. Phi: -66.6766; Psi: 179.808;</ns0:title></ns0:use>
</ns0:a>
<ns0:a id="anchor" ns1:href="mmdb:///B/713" target="_top">  <ns0:g id="glycan_root" transform="translate(2768 990)">
    <ns0:rect width="160" height="50" rx="10" ry="10" style="stroke:#000000; fill:#ffffff; stroke-width:2.0;" />
    <ns0:line x1="30" y1="0" x2="30" y2="50" style="stroke:#000000; fill:#ffffff; stroke-width:2.0;" />
    <ns0:text x="7" y="32" class="my_blue" font-weight="bold" font-family="Helvetica" font-size="24">N</ns0:text>
    <ns0:text x="92" y="32" fill="black" text-anchor="middle" font-weight="bold" font-family="Helvetica" font-size="24">ASN<ns0:tspan baseline-shift="sub" font-weight="normal" font-size="20">B/713</ns0:tspan></ns0:text>
</ns0:g>
</ns0:a>
<ns0:a id="anchor" ns1:href="mmdb:///B/1801" target="_top">  <ns0:use ns1:href="#glcnac" x="2685" y="990" id=""><ns0:title><ns0:tspan>NAG 1801 in 4c1 conformation. </ns0:tspan><ns0:tspan>Mean B-factor: 40.01. </ns0:tspan><ns0:tspan>Detected type: beta-D-aldopyranose. </ns0:tspan><ns0:tspan>No issues have been detected.</ns0:tspan></ns0:title></ns0:use>
</ns0:a>
<ns0:a id="anchor" ns1:href="mmdb:///B/1802" target="_top">  <ns0:use ns1:href="#glcnac" x="2605" y="990" id=""><ns0:title><ns0:tspan>NAG 1802 in 4c1 conformation. </ns0:tspan><ns0:tspan>Mean B-factor: 54.79. </ns0:tspan><ns0:tspan>Detected type: beta-D-aldopyranose. </ns0:tspan><ns0:tspan>No issues have been detected.</ns0:tspan></ns0:title></ns0:use>
</ns0:a>
</ns0:svg>    </svg_graphics>
    <sugar id="/B/1801(NAG)">
      <link>
        <anomericity>beta</anomericity>
        <connected_to>0</connected_to>
        <phi>-66.6766</phi>
        <psi>179.808</psi>
      </link>
      <detected_type>beta-D-aldopyranose</detected_type>
      <cremer-pople_Q>0.54186</cremer-pople_Q>
      <cremer-pople_Phi>302.969</cremer-pople_Phi>
      <cremer-pople_Theta>40.0114</cremer-pople_Theta>
      <mean_bfactor>40.0114</mean_bfactor>
      <conformation>4c1</conformation>
      <anomer>beta</anomer>
      <hand>D</hand>
      <stacked_against>
      </stacked_against>
      <validation>
        <conformation>yes</conformation>
        <anomer>yes</anomer>
        <hand>yes</hand>
        <puckering>yes</puckering>
      </validation>
    <sugar id="/B/1802(NAG)">
      <link>
        <anomericity>beta</anomericity>
        <connected_to>4</connected_to>
        <phi>-70.753</phi>
        <psi>-114.293</psi>
      </link>
      <detected_type>beta-D-aldopyranose</detected_type>
      <cremer-pople_Q>0.547238</cremer-pople_Q>
      <cremer-pople_Phi>271.915</cremer-pople_Phi>
      <cremer-pople_Theta>54.7943</cremer-pople_Theta>
      <mean_bfactor>54.7943</mean_bfactor>
      <conformation>4c1</conformation>
      <anomer>beta</anomer>
      <hand>D</hand>
      <stacked_against>
      </stacked_against>
      <validation>
        <conformation>yes</conformation>
        <anomer>yes</anomer>
        <hand>yes</hand>
        <puckering>yes</puckering>
      </validation>
    </sugar>
    </sugar>
  </glycan>
  <glycan type="n-glycan" root="/C/62(ASN)" chain="C">
    <svg_graphics>
<ns0:svg version="1.1" width="346" height="122" viewBox="2435 900 495 175 " preserveAspectRatio="xMinYMinXMaxYMax meet">

  <ns0:style>
    .my_blue   { fill:#0090bc; }
    .my_red    { fill:#ed1c24; }
    .my_yellow { fill:#ffd400; }
  </ns0:style>
  <ns0:defs>
      <ns0:filter id="displace">
        <ns0:feTurbulence baseFrequency=".05" numOctaves="3" result="myturbulence" />
        <ns0:feDisplacementMap in="SourceGraphic" in2="myturbulence" scale="10" />
      </ns0:filter>

      <ns0:pattern id="half_yellow" x="0" y="0" width="50" height="50" patternUnits="userSpaceOnUse">
        <ns0:rect width="50" height="50" x="0" y="0" style="stroke:none; fill:#ffd400;" />
        <ns0:polygon points="0 0, 0 50, 50 50" rx="0" ry="0" style="stroke:#000000; stroke-width:1.5; fill:#ffffff;" />
      </ns0:pattern>
      <ns0:pattern id="half_blue" x="0" y="0" width="50" height="50" patternUnits="userSpaceOnUse">
        <ns0:rect width="50" height="50" x="0" y="0" style="stroke:none; fill:#0090bc;" />
        <ns0:polygon points="0 0, 0 50, 50 50" rx="0" ry="0" style="stroke:#000000; stroke-width:1.5; fill:#ffffff;" />
      </ns0:pattern>
      <ns0:pattern id="half_green" x="0" y="0" width="50" height="50" patternUnits="userSpaceOnUse">
        <ns0:rect width="50" height="50" x="0" y="0" style="stroke:none; fill:#00a651;" />
        <ns0:polygon points="0 0, 0 50, 50 50" rx="0" ry="0" style="stroke:#000000; stroke-width:1.5; fill:#ffffff;" />
      </ns0:pattern>
      <ns0:pattern id="yellow_left" x="0" y="0" width="50" height="50" patternUnits="userSpaceOnUse">
        <ns0:polygon points="25 0, 50 25, 25 50, 0 25" style="stroke:none; fill:#ffd400;" />
        <ns0:polygon points="25 0, 25 50, 0 25" rx="0" ry="0" style="stroke:#000000; stroke-width:1.5; fill:#ffffff;" />
      </ns0:pattern>
      <ns0:pattern id="blue_up" x="0" y="0" width="50" height="50" patternUnits="userSpaceOnUse">
        <ns0:polygon points="25 0, 50 25, 25 50, 0 25" style="stroke:none; fill:#0090bc;" />
        <ns0:polygon points="0 25, 50 25, 25 50" rx="0" ry="0" style="stroke:#000000; stroke-width:1.5; fill:#ffffff;" />
      </ns0:pattern>
      <ns0:pattern id="green_right" x="0" y="0" width="50" height="50" patternUnits="userSpaceOnUse">
        <ns0:polygon points="25 0, 50 25, 25 50, 0 25" style="stroke:none; fill:#00a651;" />
        <ns0:polygon points="0 25, 25 50, 25 0" rx="0" ry="0" style="stroke:#000000; stroke-width:1.5; fill:#ffffff;" />
      </ns0:pattern>
      <ns0:pattern id="tan_down" x="0" y="0" width="50" height="50" patternUnits="userSpaceOnUse">
        <ns0:polygon points="25 0, 50 25, 25 50, 0 25" style="stroke:none; fill:#966432;" />
        <ns0:polygon points="0 25, 50 25, 25 0" rx="0" ry="0" style="stroke:#000000; stroke-width:1.5; fill:#ffffff;" />
      </ns0:pattern>
<ns0:circle r="25" cx="25" cy="25" id="glc" style=" stroke:#000000; fill:#0090bc;stroke-width:2.8;" />
<ns0:circle r="25" cx="25" cy="25" id="gal" style=" stroke:#000000; fill:#ffd400;stroke-width:2.8;" />
<ns0:circle r="25" cx="25" cy="25" id="man" style=" stroke:#000000; fill:#00a651;stroke-width:2.8;" />
<ns0:polygon points="0 50, 25 0, 50 50" rx="0" ry="0" id="fuc" style=" stroke:#000000; fill:#ed1c24;stroke-width:2.8;" />
<ns0:polygon points="39.5,50 24.5,37.5 9.5,50 14.5,32.5 0,20 19.5,20 24.5,0 29.5,20 50,20 34.5,32.5" rx="0" ry="0" id="xyl" style=" stroke:#000000; fill:#ff7f00;stroke-width:2.8;" />
<ns0:rect width="50" height="50" id="glcnac" style=" stroke:#000000; fill:#0090bc;stroke-width:2.8;" />
<ns0:rect width="50" height="50" id="galnac" style=" stroke:#000000; fill:#ffd400;stroke-width:2.8;" />
<ns0:rect width="50" height="50" id="mannac" style=" stroke:#000000; fill:#00a651;stroke-width:2.8;" />
<ns0:rect width="50" height="50" id="glcn" style=" stroke:#000000; fill: url(#half_blue);stroke-width:2.8;" />
<ns0:rect width="50" height="50" id="galn" style=" stroke:#000000; fill: url(#half_yellow);stroke-width:2.8;" />
<ns0:rect width="50" height="50" id="mann" style=" stroke:#000000; fill: url(#half_green);stroke-width:2.8;" />
<ns0:polygon points="25 0, 50 25, 25 50, 0 25" rx="0" ry="0" id="neu5ac" style=" stroke:#000000; fill:#a54399;stroke-width:2.8;" />
<ns0:polygon points="25 0, 50 25, 25 50, 0 25" rx="0" ry="0" id="neu5gc" style=" stroke:#000000; fill:#8fcce9;stroke-width:2.8;" />
<ns0:polygon points="25 0, 50 25, 25 50, 0 25" rx="0" ry="0" id="kdn" style=" stroke:#000000; fill:#00a651;stroke-width:2.8;" />
<ns0:polygon points="25 0, 50 25, 25 50, 0 25" rx="0" ry="0" id="glca" style=" stroke:#000000; fill: url(#blue_up);stroke-width:2.8;" />
<ns0:polygon points="25 0, 50 25, 25 50, 0 25" rx="0" ry="0" id="idoa" style=" stroke:#000000; fill: url(#tan_down);stroke-width:2.8;" />
<ns0:polygon points="25 0, 50 25, 25 50, 0 25" rx="0" ry="0" id="gala" style=" stroke:#000000; fill: url(#yellow_left);stroke-width:2.8;" />
<ns0:polygon points="25 0, 50 25, 25 50, 0 25" rx="0" ry="0" id="mana" style=" stroke:#000000; fill: url(#green_right);stroke-width:2.8;" />
<ns0:line x1="0" y1="0" x2="110" y2="0" style="stroke:#000000; stroke-width:2; stroke-linecap:round; stroke-dasharray:9,6;" id="alpha" />
<ns0:line x1="0" y1="0" x2="110" y2="0" style="stroke:#000000; stroke-width:2; stroke-linecap:round;" id="beta" />
<ns0:polygon points="25 0, 50 11, 50 38, 25 50, 0 38, 0 11" rx="0" ry="0" id="unk" style=" stroke:#000000; fill:#ffffff;stroke-width:4.0; " />
  </ns0:defs>

<ns0:a id="anchor" ns1:href="mmdb:///C/1003" target="_top">  <ns0:use ns1:href="#alpha" x="2550" y="1015" id="" transform="rotate(-135 2550 1015)"><ns0:title>[ alpha 1-6 ] with phi: 67.2973; psi: -173.323; omega: 180;</ns0:title></ns0:use>
</ns0:a>
<ns0:a id="anchor" ns1:href="mmdb:///C/1002" target="_top">  <ns0:use ns1:href="#beta" x="2640" y="1015" id="" transform="rotate(180 2640 1015)"><ns0:title>[ beta 1-4 ] with phi: -86.1752; psi: -131.452;</ns0:title></ns0:use>
</ns0:a>
<ns0:a id="anchor" ns1:href="mmdb:///C/1001" target="_top">  <ns0:use ns1:href="#beta" x="2720" y="1015" id="" transform="rotate(180 2720 1015)"><ns0:title>[ beta 1-4 ] with phi: -72.7178; psi: -132.921;</ns0:title></ns0:use>
</ns0:a>
<ns0:a id="anchor" ns1:href="mmdb:///C/62" target="_top">  <ns0:use ns1:href="#beta" x="2800" y="1015" id="" transform="rotate(180 2800 1015)"><ns0:title>beta link. Phi: -84.7192; Psi: 179.691;</ns0:title></ns0:use>
</ns0:a>
<ns0:a id="anchor" ns1:href="mmdb:///C/62" target="_top">  <ns0:g id="glycan_root" transform="translate(2768 990)">
    <ns0:rect width="160" height="50" rx="10" ry="10" style="stroke:#000000; fill:#ffffff; stroke-width:2.0;" />
    <ns0:line x1="30" y1="0" x2="30" y2="50" style="stroke:#000000; fill:#ffffff; stroke-width:2.0;" />
    <ns0:text x="7" y="32" class="my_blue" font-weight="bold" font-family="Helvetica" font-size="24">N</ns0:text>
    <ns0:text x="92" y="32" fill="black" text-anchor="middle" font-weight="bold" font-family="Helvetica" font-size="24">ASN<ns0:tspan baseline-shift="sub" font-weight="normal" font-size="20">C/62</ns0:tspan></ns0:text>
</ns0:g>
</ns0:a>
<ns0:a id="anchor" ns1:href="mmdb:///C/1001" target="_top">  <ns0:use ns1:href="#glcnac" x="2685" y="990" id=""><ns0:title><ns0:tspan>NAG 1001 in 4c1 conformation. </ns0:tspan><ns0:tspan>Mean B-factor: 27.87. </ns0:tspan><ns0:tspan>Detected type: beta-D-aldopyranose. </ns0:tspan><ns0:tspan>No issues have been detected.</ns0:tspan></ns0:title></ns0:use>
</ns0:a>
<ns0:a id="anchor" ns1:href="mmdb:///C/1002" target="_top">  <ns0:use ns1:href="#glcnac" x="2605" y="990" id=""><ns0:title><ns0:tspan>NAG 1002 in 4c1 conformation. </ns0:tspan><ns0:tspan>Mean B-factor: 32.79. </ns0:tspan><ns0:tspan>Detected type: beta-D-aldopyranose. </ns0:tspan><ns0:tspan>No issues have been detected.</ns0:tspan></ns0:title></ns0:use>
</ns0:a>
<ns0:a id="anchor" ns1:href="mmdb:///C/1003" target="_top">  <ns0:use ns1:href="#man" x="2525" y="990" id=""><ns0:title><ns0:tspan>BMA 1003 in 4c1 conformation. </ns0:tspan><ns0:tspan>Mean B-factor: 46.54. </ns0:tspan><ns0:tspan>Detected type: beta-D-aldopyranose. </ns0:tspan><ns0:tspan>No issues have been detected.</ns0:tspan></ns0:title></ns0:use>
</ns0:a>
<ns0:a id="anchor" ns1:href="mmdb:///C/1004" target="_top">  <ns0:use ns1:href="#man" x="2445" y="910" id=""><ns0:title><ns0:tspan>MAN 1004 in 4c1 conformation. </ns0:tspan><ns0:tspan>Mean B-factor: 39.12. </ns0:tspan><ns0:tspan>Detected type: alpha-D-aldopyranose. </ns0:tspan><ns0:tspan>No issues have been detected.</ns0:tspan></ns0:title></ns0:use>
</ns0:a>
</ns0:svg>    </svg_graphics>
    <sugar id="/C/1001(NAG)">
      <link>
        <anomericity>beta</anomericity>
        <connected_to>0</connected_to>
        <phi>-84.7192</phi>
        <psi>179.691</psi>
      </link>
      <detected_type>beta-D-aldopyranose</detected_type>
      <cremer-pople_Q>0.553273</cremer-pople_Q>
      <cremer-pople_Phi>352.488</cremer-pople_Phi>
      <cremer-pople_Theta>27.87</cremer-pople_Theta>
      <mean_bfactor>27.87</mean_bfactor>
      <conformation>4c1</conformation>
      <anomer>beta</anomer>
      <hand>D</hand>
      <stacked_against>
      </stacked_against>
      <validation>
        <conformation>yes</conformation>
        <anomer>yes</anomer>
        <hand>yes</hand>
        <puckering>yes</puckering>
      </validation>
    <sugar id="/C/1002(NAG)">
      <link>
        <anomericity>beta</anomericity>
        <connected_to>4</connected_to>
        <phi>-72.7178</phi>
        <psi>-132.921</psi>
      </link>
      <detected_type>beta-D-aldopyranose</detected_type>
      <cremer-pople_Q>0.564398</cremer-pople_Q>
      <cremer-pople_Phi>317.576</cremer-pople_Phi>
      <cremer-pople_Theta>32.7921</cremer-pople_Theta>
      <mean_bfactor>32.7921</mean_bfactor>
      <conformation>4c1</conformation>
      <anomer>beta</anomer>
      <hand>D</hand>
      <stacked_against>
      </stacked_against>
      <validation>
        <conformation>yes</conformation>
        <anomer>yes</anomer>
        <hand>yes</hand>
        <puckering>yes</puckering>
      </validation>
    <sugar id="/C/1003(BMA)">
      <link>
        <anomericity>beta</anomericity>
        <connected_to>4</connected_to>
        <phi>-86.1752</phi>
        <psi>-131.452</psi>
      </link>
      <detected_type>beta-D-aldopyranose</detected_type>
      <cremer-pople_Q>0.552376</cremer-pople_Q>
      <cremer-pople_Phi>271.835</cremer-pople_Phi>
      <cremer-pople_Theta>46.5391</cremer-pople_Theta>
      <mean_bfactor>46.5391</mean_bfactor>
      <conformation>4c1</conformation>
      <anomer>beta</anomer>
      <hand>D</hand>
      <stacked_against>
      </stacked_against>
      <validation>
        <conformation>yes</conformation>
        <anomer>yes</anomer>
        <hand>yes</hand>
        <puckering>yes</puckering>
      </validation>
    <sugar id="/C/1004(MAN)">
      <link>
        <anomericity>alpha</anomericity>
        <connected_to>6</connected_to>
        <phi>67.2973</phi>
        <psi>-173.323</psi>
        <omega>180</omega>
      </link>
      <detected_type>alpha-D-aldopyranose</detected_type>
      <cremer-pople_Q>0.569484</cremer-pople_Q>
      <cremer-pople_Phi>41.0149</cremer-pople_Phi>
      <cremer-pople_Theta>39.12</cremer-pople_Theta>
      <mean_bfactor>39.12</mean_bfactor>
      <conformation>4c1</conformation>
      <anomer>alpha</anomer>
      <hand>D</hand>
      <stacked_against>
      </stacked_against>
      <validation>
        <conformation>yes</conformation>
        <anomer>yes</anomer>
        <hand>yes</hand>
        <puckering>yes</puckering>
      </validation>
    </sugar>
    </sugar>
    </sugar>
    </sugar>
  </glycan>
  <glycan type="n-glycan" root="/C/212(ASN)" chain="C">
    <svg_graphics>
<ns0:svg version="1.1" width="178" height="66" viewBox="2675 980 255 95 " preserveAspectRatio="xMinYMinXMaxYMax meet">

  <ns0:style>
    .my_blue   { fill:#0090bc; }
    .my_red    { fill:#ed1c24; }
    .my_yellow { fill:#ffd400; }
  </ns0:style>
  <ns0:defs>
      <ns0:filter id="displace">
        <ns0:feTurbulence baseFrequency=".05" numOctaves="3" result="myturbulence" />
        <ns0:feDisplacementMap in="SourceGraphic" in2="myturbulence" scale="10" />
      </ns0:filter>

      <ns0:pattern id="half_yellow" x="0" y="0" width="50" height="50" patternUnits="userSpaceOnUse">
        <ns0:rect width="50" height="50" x="0" y="0" style="stroke:none; fill:#ffd400;" />
        <ns0:polygon points="0 0, 0 50, 50 50" rx="0" ry="0" style="stroke:#000000; stroke-width:1.5; fill:#ffffff;" />
      </ns0:pattern>
      <ns0:pattern id="half_blue" x="0" y="0" width="50" height="50" patternUnits="userSpaceOnUse">
        <ns0:rect width="50" height="50" x="0" y="0" style="stroke:none; fill:#0090bc;" />
        <ns0:polygon points="0 0, 0 50, 50 50" rx="0" ry="0" style="stroke:#000000; stroke-width:1.5; fill:#ffffff;" />
      </ns0:pattern>
      <ns0:pattern id="half_green" x="0" y="0" width="50" height="50" patternUnits="userSpaceOnUse">
        <ns0:rect width="50" height="50" x="0" y="0" style="stroke:none; fill:#00a651;" />
        <ns0:polygon points="0 0, 0 50, 50 50" rx="0" ry="0" style="stroke:#000000; stroke-width:1.5; fill:#ffffff;" />
      </ns0:pattern>
      <ns0:pattern id="yellow_left" x="0" y="0" width="50" height="50" patternUnits="userSpaceOnUse">
        <ns0:polygon points="25 0, 50 25, 25 50, 0 25" style="stroke:none; fill:#ffd400;" />
        <ns0:polygon points="25 0, 25 50, 0 25" rx="0" ry="0" style="stroke:#000000; stroke-width:1.5; fill:#ffffff;" />
      </ns0:pattern>
      <ns0:pattern id="blue_up" x="0" y="0" width="50" height="50" patternUnits="userSpaceOnUse">
        <ns0:polygon points="25 0, 50 25, 25 50, 0 25" style="stroke:none; fill:#0090bc;" />
        <ns0:polygon points="0 25, 50 25, 25 50" rx="0" ry="0" style="stroke:#000000; stroke-width:1.5; fill:#ffffff;" />
      </ns0:pattern>
      <ns0:pattern id="green_right" x="0" y="0" width="50" height="50" patternUnits="userSpaceOnUse">
        <ns0:polygon points="25 0, 50 25, 25 50, 0 25" style="stroke:none; fill:#00a651;" />
        <ns0:polygon points="0 25, 25 50, 25 0" rx="0" ry="0" style="stroke:#000000; stroke-width:1.5; fill:#ffffff;" />
      </ns0:pattern>
      <ns0:pattern id="tan_down" x="0" y="0" width="50" height="50" patternUnits="userSpaceOnUse">
        <ns0:polygon points="25 0, 50 25, 25 50, 0 25" style="stroke:none; fill:#966432;" />
        <ns0:polygon points="0 25, 50 25, 25 0" rx="0" ry="0" style="stroke:#000000; stroke-width:1.5; fill:#ffffff;" />
      </ns0:pattern>
<ns0:circle r="25" cx="25" cy="25" id="glc" style=" stroke:#000000; fill:#0090bc;stroke-width:2.8;" />
<ns0:circle r="25" cx="25" cy="25" id="gal" style=" stroke:#000000; fill:#ffd400;stroke-width:2.8;" />
<ns0:circle r="25" cx="25" cy="25" id="man" style=" stroke:#000000; fill:#00a651;stroke-width:2.8;" />
<ns0:polygon points="0 50, 25 0, 50 50" rx="0" ry="0" id="fuc" style=" stroke:#000000; fill:#ed1c24;stroke-width:2.8;" />
<ns0:polygon points="39.5,50 24.5,37.5 9.5,50 14.5,32.5 0,20 19.5,20 24.5,0 29.5,20 50,20 34.5,32.5" rx="0" ry="0" id="xyl" style=" stroke:#000000; fill:#ff7f00;stroke-width:2.8;" />
<ns0:rect width="50" height="50" id="glcnac" style=" stroke:#000000; fill:#0090bc;stroke-width:2.8;" />
<ns0:rect width="50" height="50" id="galnac" style=" stroke:#000000; fill:#ffd400;stroke-width:2.8;" />
<ns0:rect width="50" height="50" id="mannac" style=" stroke:#000000; fill:#00a651;stroke-width:2.8;" />
<ns0:rect width="50" height="50" id="glcn" style=" stroke:#000000; fill: url(#half_blue);stroke-width:2.8;" />
<ns0:rect width="50" height="50" id="galn" style=" stroke:#000000; fill: url(#half_yellow);stroke-width:2.8;" />
<ns0:rect width="50" height="50" id="mann" style=" stroke:#000000; fill: url(#half_green);stroke-width:2.8;" />
<ns0:polygon points="25 0, 50 25, 25 50, 0 25" rx="0" ry="0" id="neu5ac" style=" stroke:#000000; fill:#a54399;stroke-width:2.8;" />
<ns0:polygon points="25 0, 50 25, 25 50, 0 25" rx="0" ry="0" id="neu5gc" style=" stroke:#000000; fill:#8fcce9;stroke-width:2.8;" />
<ns0:polygon points="25 0, 50 25, 25 50, 0 25" rx="0" ry="0" id="kdn" style=" stroke:#000000; fill:#00a651;stroke-width:2.8;" />
<ns0:polygon points="25 0, 50 25, 25 50, 0 25" rx="0" ry="0" id="glca" style=" stroke:#000000; fill: url(#blue_up);stroke-width:2.8;" />
<ns0:polygon points="25 0, 50 25, 25 50, 0 25" rx="0" ry="0" id="idoa" style=" stroke:#000000; fill: url(#tan_down);stroke-width:2.8;" />
<ns0:polygon points="25 0, 50 25, 25 50, 0 25" rx="0" ry="0" id="gala" style=" stroke:#000000; fill: url(#yellow_left);stroke-width:2.8;" />
<ns0:polygon points="25 0, 50 25, 25 50, 0 25" rx="0" ry="0" id="mana" style=" stroke:#000000; fill: url(#green_right);stroke-width:2.8;" />
<ns0:line x1="0" y1="0" x2="110" y2="0" style="stroke:#000000; stroke-width:2; stroke-linecap:round; stroke-dasharray:9,6;" id="alpha" />
<ns0:line x1="0" y1="0" x2="110" y2="0" style="stroke:#000000; stroke-width:2; stroke-linecap:round;" id="beta" />
<ns0:polygon points="25 0, 50 11, 50 38, 25 50, 0 38, 0 11" rx="0" ry="0" id="unk" style=" stroke:#000000; fill:#ffffff;stroke-width:4.0; " />
  </ns0:defs>

<ns0:a id="anchor" ns1:href="mmdb:///C/212" target="_top">  <ns0:use ns1:href="#beta" x="2800" y="1015" id="" transform="rotate(180 2800 1015)"><ns0:title>beta link. Phi: -105.499; Psi: 181.786;</ns0:title></ns0:use>
</ns0:a>
<ns0:a id="anchor" ns1:href="mmdb:///C/212" target="_top">  <ns0:g id="glycan_root" transform="translate(2768 990)">
    <ns0:rect width="160" height="50" rx="10" ry="10" style="stroke:#000000; fill:#ffffff; stroke-width:2.0;" />
    <ns0:line x1="30" y1="0" x2="30" y2="50" style="stroke:#000000; fill:#ffffff; stroke-width:2.0;" />
    <ns0:text x="7" y="32" class="my_blue" font-weight="bold" font-family="Helvetica" font-size="24">N</ns0:text>
    <ns0:text x="92" y="32" fill="black" text-anchor="middle" font-weight="bold" font-family="Helvetica" font-size="24">ASN<ns0:tspan baseline-shift="sub" font-weight="normal" font-size="20">C/212</ns0:tspan></ns0:text>
</ns0:g>
</ns0:a>
<ns0:a id="anchor" ns1:href="mmdb:///C/1901" target="_top">  <ns0:use ns1:href="#glcnac" x="2685" y="990" id=""><ns0:title><ns0:tspan>NAG 1901 in 4c1 conformation. </ns0:tspan><ns0:tspan>Mean B-factor: 73.94. </ns0:tspan><ns0:tspan>Detected type: beta-D-aldopyranose. </ns0:tspan><ns0:tspan>No issues have been detected.</ns0:tspan></ns0:title></ns0:use>
</ns0:a>
</ns0:svg>    </svg_graphics>
    <sugar id="/C/1901(NAG)">
      <link>
        <anomericity>beta</anomericity>
        <connected_to>0</connected_to>
        <phi>-105.499</phi>
        <psi>181.786</psi>
      </link>
      <detected_type>beta-D-aldopyranose</detected_type>
      <cremer-pople_Q>0.527518</cremer-pople_Q>
      <cremer-pople_Phi>269.368</cremer-pople_Phi>
      <cremer-pople_Theta>73.9436</cremer-pople_Theta>
      <mean_bfactor>73.9436</mean_bfactor>
      <conformation>4c1</conformation>
      <anomer>beta</anomer>
      <hand>D</hand>
      <stacked_against>
      </stacked_against>
      <validation>
        <conformation>yes</conformation>
        <anomer>yes</anomer>
        <hand>yes</hand>
        <puckering>yes</puckering>
      </validation>
    </sugar>
  </glycan>
  <glycan type="n-glycan" root="/C/253(ASN)" chain="C">
    <svg_graphics>
<ns0:svg version="1.1" width="346" height="161" viewBox="2435 980 495 230 " preserveAspectRatio="xMinYMinXMaxYMax meet">

  <ns0:style>
    .my_blue   { fill:#0090bc; }
    .my_red    { fill:#ed1c24; }
    .my_yellow { fill:#ffd400; }
  </ns0:style>
  <ns0:defs>
      <ns0:filter id="displace">
        <ns0:feTurbulence baseFrequency=".05" numOctaves="3" result="myturbulence" />
        <ns0:feDisplacementMap in="SourceGraphic" in2="myturbulence" scale="10" />
      </ns0:filter>

      <ns0:pattern id="half_yellow" x="0" y="0" width="50" height="50" patternUnits="userSpaceOnUse">
        <ns0:rect width="50" height="50" x="0" y="0" style="stroke:none; fill:#ffd400;" />
        <ns0:polygon points="0 0, 0 50, 50 50" rx="0" ry="0" style="stroke:#000000; stroke-width:1.5; fill:#ffffff;" />
      </ns0:pattern>
      <ns0:pattern id="half_blue" x="0" y="0" width="50" height="50" patternUnits="userSpaceOnUse">
        <ns0:rect width="50" height="50" x="0" y="0" style="stroke:none; fill:#0090bc;" />
        <ns0:polygon points="0 0, 0 50, 50 50" rx="0" ry="0" style="stroke:#000000; stroke-width:1.5; fill:#ffffff;" />
      </ns0:pattern>
      <ns0:pattern id="half_green" x="0" y="0" width="50" height="50" patternUnits="userSpaceOnUse">
        <ns0:rect width="50" height="50" x="0" y="0" style="stroke:none; fill:#00a651;" />
        <ns0:polygon points="0 0, 0 50, 50 50" rx="0" ry="0" style="stroke:#000000; stroke-width:1.5; fill:#ffffff;" />
      </ns0:pattern>
      <ns0:pattern id="yellow_left" x="0" y="0" width="50" height="50" patternUnits="userSpaceOnUse">
        <ns0:polygon points="25 0, 50 25, 25 50, 0 25" style="stroke:none; fill:#ffd400;" />
        <ns0:polygon points="25 0, 25 50, 0 25" rx="0" ry="0" style="stroke:#000000; stroke-width:1.5; fill:#ffffff;" />
      </ns0:pattern>
      <ns0:pattern id="blue_up" x="0" y="0" width="50" height="50" patternUnits="userSpaceOnUse">
        <ns0:polygon points="25 0, 50 25, 25 50, 0 25" style="stroke:none; fill:#0090bc;" />
        <ns0:polygon points="0 25, 50 25, 25 50" rx="0" ry="0" style="stroke:#000000; stroke-width:1.5; fill:#ffffff;" />
      </ns0:pattern>
      <ns0:pattern id="green_right" x="0" y="0" width="50" height="50" patternUnits="userSpaceOnUse">
        <ns0:polygon points="25 0, 50 25, 25 50, 0 25" style="stroke:none; fill:#00a651;" />
        <ns0:polygon points="0 25, 25 50, 25 0" rx="0" ry="0" style="stroke:#000000; stroke-width:1.5; fill:#ffffff;" />
      </ns0:pattern>
      <ns0:pattern id="tan_down" x="0" y="0" width="50" height="50" patternUnits="userSpaceOnUse">
        <ns0:polygon points="25 0, 50 25, 25 50, 0 25" style="stroke:none; fill:#966432;" />
        <ns0:polygon points="0 25, 50 25, 25 0" rx="0" ry="0" style="stroke:#000000; stroke-width:1.5; fill:#ffffff;" />
      </ns0:pattern>
<ns0:circle r="25" cx="25" cy="25" id="glc" style=" stroke:#000000; fill:#0090bc;stroke-width:2.8;" />
<ns0:circle r="25" cx="25" cy="25" id="gal" style=" stroke:#000000; fill:#ffd400;stroke-width:2.8;" />
<ns0:circle r="25" cx="25" cy="25" id="man" style=" stroke:#000000; fill:#00a651;stroke-width:2.8;" />
<ns0:polygon points="0 50, 25 0, 50 50" rx="0" ry="0" id="fuc" style=" stroke:#000000; fill:#ed1c24;stroke-width:2.8;" />
<ns0:polygon points="39.5,50 24.5,37.5 9.5,50 14.5,32.5 0,20 19.5,20 24.5,0 29.5,20 50,20 34.5,32.5" rx="0" ry="0" id="xyl" style=" stroke:#000000; fill:#ff7f00;stroke-width:2.8;" />
<ns0:rect width="50" height="50" id="glcnac" style=" stroke:#000000; fill:#0090bc;stroke-width:2.8;" />
<ns0:rect width="50" height="50" id="galnac" style=" stroke:#000000; fill:#ffd400;stroke-width:2.8;" />
<ns0:rect width="50" height="50" id="mannac" style=" stroke:#000000; fill:#00a651;stroke-width:2.8;" />
<ns0:rect width="50" height="50" id="glcn" style=" stroke:#000000; fill: url(#half_blue);stroke-width:2.8;" />
<ns0:rect width="50" height="50" id="galn" style=" stroke:#000000; fill: url(#half_yellow);stroke-width:2.8;" />
<ns0:rect width="50" height="50" id="mann" style=" stroke:#000000; fill: url(#half_green);stroke-width:2.8;" />
<ns0:polygon points="25 0, 50 25, 25 50, 0 25" rx="0" ry="0" id="neu5ac" style=" stroke:#000000; fill:#a54399;stroke-width:2.8;" />
<ns0:polygon points="25 0, 50 25, 25 50, 0 25" rx="0" ry="0" id="neu5gc" style=" stroke:#000000; fill:#8fcce9;stroke-width:2.8;" />
<ns0:polygon points="25 0, 50 25, 25 50, 0 25" rx="0" ry="0" id="kdn" style=" stroke:#000000; fill:#00a651;stroke-width:2.8;" />
<ns0:polygon points="25 0, 50 25, 25 50, 0 25" rx="0" ry="0" id="glca" style=" stroke:#000000; fill: url(#blue_up);stroke-width:2.8;" />
<ns0:polygon points="25 0, 50 25, 25 50, 0 25" rx="0" ry="0" id="idoa" style=" stroke:#000000; fill: url(#tan_down);stroke-width:2.8;" />
<ns0:polygon points="25 0, 50 25, 25 50, 0 25" rx="0" ry="0" id="gala" style=" stroke:#000000; fill: url(#yellow_left);stroke-width:2.8;" />
<ns0:polygon points="25 0, 50 25, 25 50, 0 25" rx="0" ry="0" id="mana" style=" stroke:#000000; fill: url(#green_right);stroke-width:2.8;" />
<ns0:line x1="0" y1="0" x2="110" y2="0" style="stroke:#000000; stroke-width:2; stroke-linecap:round; stroke-dasharray:9,6;" id="alpha" />
<ns0:line x1="0" y1="0" x2="110" y2="0" style="stroke:#000000; stroke-width:2; stroke-linecap:round;" id="beta" />
<ns0:polygon points="25 0, 50 11, 50 38, 25 50, 0 38, 0 11" rx="0" ry="0" id="unk" style=" stroke:#000000; fill:#ffffff;stroke-width:4.0; " />
  </ns0:defs>

<ns0:a id="anchor" ns1:href="mmdb:///C/1104" target="_top">  <ns0:use ns1:href="#alpha" x="2470" y="1085" id="" transform="rotate(90 2470 1085)"><ns0:title>[ alpha 1-2 ] with phi: 73.3489; psi: 166.552;</ns0:title></ns0:use>
</ns0:a>
<ns0:a id="anchor" ns1:href="mmdb:///C/1103" target="_top">  <ns0:use ns1:href="#alpha" x="2550" y="1015" id="" transform="rotate(-225 2550 1015)"><ns0:title>[ alpha 1-3 ] with phi: 80.2242; psi: 136.56;</ns0:title></ns0:use>
</ns0:a>
<ns0:a id="anchor" ns1:href="mmdb:///C/1102" target="_top">  <ns0:use ns1:href="#beta" x="2640" y="1015" id="" transform="rotate(180 2640 1015)"><ns0:title>[ beta 1-4 ] with phi: -81.7146; psi: -143.057;</ns0:title></ns0:use>
</ns0:a>
<ns0:a id="anchor" ns1:href="mmdb:///C/1101" target="_top">  <ns0:use ns1:href="#beta" x="2720" y="1015" id="" transform="rotate(180 2720 1015)"><ns0:title>[ beta 1-4 ] with phi: -83.7779; psi: -112.829;</ns0:title></ns0:use>
</ns0:a>
<ns0:a id="anchor" ns1:href="mmdb:///C/253" target="_top">  <ns0:use ns1:href="#beta" x="2800" y="1015" id="" transform="rotate(180 2800 1015)"><ns0:title>beta link. Phi: -110.256; Psi: 182.032;</ns0:title></ns0:use>
</ns0:a>
<ns0:a id="anchor" ns1:href="mmdb:///C/253" target="_top">  <ns0:g id="glycan_root" transform="translate(2768 990)">
    <ns0:rect width="160" height="50" rx="10" ry="10" style="stroke:#000000; fill:#ffffff; stroke-width:2.0;" />
    <ns0:line x1="30" y1="0" x2="30" y2="50" style="stroke:#000000; fill:#ffffff; stroke-width:2.0;" />
    <ns0:text x="7" y="32" class="my_blue" font-weight="bold" font-family="Helvetica" font-size="24">N</ns0:text>
    <ns0:text x="92" y="32" fill="black" text-anchor="middle" font-weight="bold" font-family="Helvetica" font-size="24">ASN<ns0:tspan baseline-shift="sub" font-weight="normal" font-size="20">C/253</ns0:tspan></ns0:text>
</ns0:g>
</ns0:a>
<ns0:a id="anchor" ns1:href="mmdb:///C/1101" target="_top">  <ns0:use ns1:href="#glcnac" x="2685" y="990" id=""><ns0:title><ns0:tspan>NAG 1101 in 4c1 conformation. </ns0:tspan><ns0:tspan>Mean B-factor: 30.22. </ns0:tspan><ns0:tspan>Detected type: beta-D-aldopyranose. </ns0:tspan><ns0:tspan>No issues have been detected.</ns0:tspan></ns0:title></ns0:use>
</ns0:a>
<ns0:a id="anchor" ns1:href="mmdb:///C/1102" target="_top">  <ns0:use ns1:href="#glcnac" x="2605" y="990" id=""><ns0:title><ns0:tspan>NAG 1102 in 4c1 conformation. </ns0:tspan><ns0:tspan>Mean B-factor: 34.30. </ns0:tspan><ns0:tspan>Detected type: beta-D-aldopyranose. </ns0:tspan><ns0:tspan>No issues have been detected.</ns0:tspan></ns0:title></ns0:use>
</ns0:a>
<ns0:a id="anchor" ns1:href="mmdb:///C/1103" target="_top">  <ns0:use ns1:href="#man" x="2525" y="990" id=""><ns0:title><ns0:tspan>BMA 1103 in 4c1 conformation. </ns0:tspan><ns0:tspan>Mean B-factor: 45.43. </ns0:tspan><ns0:tspan>Detected type: beta-D-aldopyranose. </ns0:tspan><ns0:tspan>No issues have been detected.</ns0:tspan></ns0:title></ns0:use>
</ns0:a>
<ns0:a id="anchor" ns1:href="mmdb:///C/1104" target="_top">  <ns0:use ns1:href="#man" x="2445" y="1070" id=""><ns0:title><ns0:tspan>MAN 1104 in 4c1 conformation. </ns0:tspan><ns0:tspan>Mean B-factor: 55.01. </ns0:tspan><ns0:tspan>Detected type: alpha-D-aldopyranose. </ns0:tspan><ns0:tspan>No issues have been detected.</ns0:tspan></ns0:title></ns0:use>
</ns0:a>
<ns0:a id="anchor" ns1:href="mmdb:///C/1105" target="_top">  <ns0:use ns1:href="#man" x="2445" y="1150" id=""><ns0:title><ns0:tspan>MAN 1105 in 4c1 conformation. </ns0:tspan><ns0:tspan>Mean B-factor: 47.17. </ns0:tspan><ns0:tspan>Detected type: alpha-D-aldopyranose. </ns0:tspan><ns0:tspan>No issues have been detected.</ns0:tspan></ns0:title></ns0:use>
</ns0:a>
</ns0:svg>    </svg_graphics>
    <sugar id="/C/1101(NAG)">
      <link>
        <anomericity>beta</anomericity>
        <connected_to>0</connected_to>
        <phi>-110.256</phi>
        <psi>182.032</psi>
      </link>
      <detected_type>beta-D-aldopyranose</detected_type>
      <cremer-pople_Q>0.55918</cremer-pople_Q>
      <cremer-pople_Phi>265.224</cremer-pople_Phi>
      <cremer-pople_Theta>30.2229</cremer-pople_Theta>
      <mean_bfactor>30.2229</mean_bfactor>
      <conformation>4c1</conformation>
      <anomer>beta</anomer>
      <hand>D</hand>
      <stacked_against>
      </stacked_against>
      <validation>
        <conformation>yes</conformation>
        <anomer>yes</anomer>
        <hand>yes</hand>
        <puckering>yes</puckering>
      </validation>
    <sugar id="/C/1102(NAG)">
      <link>
        <anomericity>beta</anomericity>
        <connected_to>4</connected_to>
        <phi>-83.7779</phi>
        <psi>-112.829</psi>
      </link>
      <detected_type>beta-D-aldopyranose</detected_type>
      <cremer-pople_Q>0.582689</cremer-pople_Q>
      <cremer-pople_Phi>37.333</cremer-pople_Phi>
      <cremer-pople_Theta>34.3007</cremer-pople_Theta>
      <mean_bfactor>34.3007</mean_bfactor>
      <conformation>4c1</conformation>
      <anomer>beta</anomer>
      <hand>D</hand>
      <stacked_against>
      </stacked_against>
      <validation>
        <conformation>yes</conformation>
        <anomer>yes</anomer>
        <hand>yes</hand>
        <puckering>yes</puckering>
      </validation>
    <sugar id="/C/1103(BMA)">
      <link>
        <anomericity>beta</anomericity>
        <connected_to>4</connected_to>
        <phi>-81.7146</phi>
        <psi>-143.057</psi>
      </link>
      <detected_type>beta-D-aldopyranose</detected_type>
      <cremer-pople_Q>0.575208</cremer-pople_Q>
      <cremer-pople_Phi>324.756</cremer-pople_Phi>
      <cremer-pople_Theta>45.4318</cremer-pople_Theta>
      <mean_bfactor>45.4318</mean_bfactor>
      <conformation>4c1</conformation>
      <anomer>beta</anomer>
      <hand>D</hand>
      <stacked_against>
      </stacked_against>
      <validation>
        <conformation>yes</conformation>
        <anomer>yes</anomer>
        <hand>yes</hand>
        <puckering>yes</puckering>
      </validation>
    <sugar id="/C/1104(MAN)">
      <link>
        <anomericity>alpha</anomericity>
        <connected_to>3</connected_to>
        <phi>80.2242</phi>
        <psi>136.56</psi>
      </link>
      <detected_type>alpha-D-aldopyranose</detected_type>
      <cremer-pople_Q>0.58055</cremer-pople_Q>
      <cremer-pople_Phi>105.67</cremer-pople_Phi>
      <cremer-pople_Theta>55.0145</cremer-pople_Theta>
      <mean_bfactor>55.0145</mean_bfactor>
      <conformation>4c1</conformation>
      <anomer>alpha</anomer>
      <hand>D</hand>
      <stacked_against>
      </stacked_against>
      <validation>
        <conformation>yes</conformation>
        <anomer>yes</anomer>
        <hand>yes</hand>
        <puckering>yes</puckering>
      </validation>
    <sugar id="/C/1105(MAN)">
      <link>
        <anomericity>alpha</anomericity>
        <connected_to>2</connected_to>
        <phi>73.3489</phi>
        <psi>166.552</psi>
      </link>
      <detected_type>alpha-D-aldopyranose</detected_type>
      <cremer-pople_Q>0.571827</cremer-pople_Q>
      <cremer-pople_Phi>75.199</cremer-pople_Phi>
      <cremer-pople_Theta>47.1709</cremer-pople_Theta>
      <mean_bfactor>47.1709</mean_bfactor>
      <conformation>4c1</conformation>
      <anomer>alpha</anomer>
      <hand>D</hand>
      <stacked_against>
      </stacked_against>
      <validation>
        <conformation>yes</conformation>
        <anomer>yes</anomer>
        <hand>yes</hand>
        <puckering>yes</puckering>
      </validation>
    </sugar>
    </sugar>
    </sugar>
    </sugar>
    </sugar>
  </glycan>
  <glycan type="n-glycan" root="/C/316(ASN)" chain="C">
    <svg_graphics>
<ns0:svg version="1.1" width="290" height="66" viewBox="2515 980 415 95 " preserveAspectRatio="xMinYMinXMaxYMax meet">

  <ns0:style>
    .my_blue   { fill:#0090bc; }
    .my_red    { fill:#ed1c24; }
    .my_yellow { fill:#ffd400; }
  </ns0:style>
  <ns0:defs>
      <ns0:filter id="displace">
        <ns0:feTurbulence baseFrequency=".05" numOctaves="3" result="myturbulence" />
        <ns0:feDisplacementMap in="SourceGraphic" in2="myturbulence" scale="10" />
      </ns0:filter>

      <ns0:pattern id="half_yellow" x="0" y="0" width="50" height="50" patternUnits="userSpaceOnUse">
        <ns0:rect width="50" height="50" x="0" y="0" style="stroke:none; fill:#ffd400;" />
        <ns0:polygon points="0 0, 0 50, 50 50" rx="0" ry="0" style="stroke:#000000; stroke-width:1.5; fill:#ffffff;" />
      </ns0:pattern>
      <ns0:pattern id="half_blue" x="0" y="0" width="50" height="50" patternUnits="userSpaceOnUse">
        <ns0:rect width="50" height="50" x="0" y="0" style="stroke:none; fill:#0090bc;" />
        <ns0:polygon points="0 0, 0 50, 50 50" rx="0" ry="0" style="stroke:#000000; stroke-width:1.5; fill:#ffffff;" />
      </ns0:pattern>
      <ns0:pattern id="half_green" x="0" y="0" width="50" height="50" patternUnits="userSpaceOnUse">
        <ns0:rect width="50" height="50" x="0" y="0" style="stroke:none; fill:#00a651;" />
        <ns0:polygon points="0 0, 0 50, 50 50" rx="0" ry="0" style="stroke:#000000; stroke-width:1.5; fill:#ffffff;" />
      </ns0:pattern>
      <ns0:pattern id="yellow_left" x="0" y="0" width="50" height="50" patternUnits="userSpaceOnUse">
        <ns0:polygon points="25 0, 50 25, 25 50, 0 25" style="stroke:none; fill:#ffd400;" />
        <ns0:polygon points="25 0, 25 50, 0 25" rx="0" ry="0" style="stroke:#000000; stroke-width:1.5; fill:#ffffff;" />
      </ns0:pattern>
      <ns0:pattern id="blue_up" x="0" y="0" width="50" height="50" patternUnits="userSpaceOnUse">
        <ns0:polygon points="25 0, 50 25, 25 50, 0 25" style="stroke:none; fill:#0090bc;" />
        <ns0:polygon points="0 25, 50 25, 25 50" rx="0" ry="0" style="stroke:#000000; stroke-width:1.5; fill:#ffffff;" />
      </ns0:pattern>
      <ns0:pattern id="green_right" x="0" y="0" width="50" height="50" patternUnits="userSpaceOnUse">
        <ns0:polygon points="25 0, 50 25, 25 50, 0 25" style="stroke:none; fill:#00a651;" />
        <ns0:polygon points="0 25, 25 50, 25 0" rx="0" ry="0" style="stroke:#000000; stroke-width:1.5; fill:#ffffff;" />
      </ns0:pattern>
      <ns0:pattern id="tan_down" x="0" y="0" width="50" height="50" patternUnits="userSpaceOnUse">
        <ns0:polygon points="25 0, 50 25, 25 50, 0 25" style="stroke:none; fill:#966432;" />
        <ns0:polygon points="0 25, 50 25, 25 0" rx="0" ry="0" style="stroke:#000000; stroke-width:1.5; fill:#ffffff;" />
      </ns0:pattern>
<ns0:circle r="25" cx="25" cy="25" id="glc" style=" stroke:#000000; fill:#0090bc;stroke-width:2.8;" />
<ns0:circle r="25" cx="25" cy="25" id="gal" style=" stroke:#000000; fill:#ffd400;stroke-width:2.8;" />
<ns0:circle r="25" cx="25" cy="25" id="man" style=" stroke:#000000; fill:#00a651;stroke-width:2.8;" />
<ns0:polygon points="0 50, 25 0, 50 50" rx="0" ry="0" id="fuc" style=" stroke:#000000; fill:#ed1c24;stroke-width:2.8;" />
<ns0:polygon points="39.5,50 24.5,37.5 9.5,50 14.5,32.5 0,20 19.5,20 24.5,0 29.5,20 50,20 34.5,32.5" rx="0" ry="0" id="xyl" style=" stroke:#000000; fill:#ff7f00;stroke-width:2.8;" />
<ns0:rect width="50" height="50" id="glcnac" style=" stroke:#000000; fill:#0090bc;stroke-width:2.8;" />
<ns0:rect width="50" height="50" id="galnac" style=" stroke:#000000; fill:#ffd400;stroke-width:2.8;" />
<ns0:rect width="50" height="50" id="mannac" style=" stroke:#000000; fill:#00a651;stroke-width:2.8;" />
<ns0:rect width="50" height="50" id="glcn" style=" stroke:#000000; fill: url(#half_blue);stroke-width:2.8;" />
<ns0:rect width="50" height="50" id="galn" style=" stroke:#000000; fill: url(#half_yellow);stroke-width:2.8;" />
<ns0:rect width="50" height="50" id="mann" style=" stroke:#000000; fill: url(#half_green);stroke-width:2.8;" />
<ns0:polygon points="25 0, 50 25, 25 50, 0 25" rx="0" ry="0" id="neu5ac" style=" stroke:#000000; fill:#a54399;stroke-width:2.8;" />
<ns0:polygon points="25 0, 50 25, 25 50, 0 25" rx="0" ry="0" id="neu5gc" style=" stroke:#000000; fill:#8fcce9;stroke-width:2.8;" />
<ns0:polygon points="25 0, 50 25, 25 50, 0 25" rx="0" ry="0" id="kdn" style=" stroke:#000000; fill:#00a651;stroke-width:2.8;" />
<ns0:polygon points="25 0, 50 25, 25 50, 0 25" rx="0" ry="0" id="glca" style=" stroke:#000000; fill: url(#blue_up);stroke-width:2.8;" />
<ns0:polygon points="25 0, 50 25, 25 50, 0 25" rx="0" ry="0" id="idoa" style=" stroke:#000000; fill: url(#tan_down);stroke-width:2.8;" />
<ns0:polygon points="25 0, 50 25, 25 50, 0 25" rx="0" ry="0" id="gala" style=" stroke:#000000; fill: url(#yellow_left);stroke-width:2.8;" />
<ns0:polygon points="25 0, 50 25, 25 50, 0 25" rx="0" ry="0" id="mana" style=" stroke:#000000; fill: url(#green_right);stroke-width:2.8;" />
<ns0:line x1="0" y1="0" x2="110" y2="0" style="stroke:#000000; stroke-width:2; stroke-linecap:round; stroke-dasharray:9,6;" id="alpha" />
<ns0:line x1="0" y1="0" x2="110" y2="0" style="stroke:#000000; stroke-width:2; stroke-linecap:round;" id="beta" />
<ns0:polygon points="25 0, 50 11, 50 38, 25 50, 0 38, 0 11" rx="0" ry="0" id="unk" style=" stroke:#000000; fill:#ffffff;stroke-width:4.0; " />
  </ns0:defs>

<ns0:a id="anchor" ns1:href="mmdb:///C/1202" target="_top">  <ns0:use ns1:href="#beta" x="2640" y="1015" id="" transform="rotate(180 2640 1015)"><ns0:title>[ beta 1-4 ] with phi: -75.0744; psi: -129.308;</ns0:title></ns0:use>
</ns0:a>
<ns0:a id="anchor" ns1:href="mmdb:///C/1201" target="_top">  <ns0:use ns1:href="#beta" x="2720" y="1015" id="" transform="rotate(180 2720 1015)"><ns0:title>[ beta 1-4 ] with phi: -73.0663; psi: -117.052;</ns0:title></ns0:use>
</ns0:a>
<ns0:a id="anchor" ns1:href="mmdb:///C/316" target="_top">  <ns0:use ns1:href="#beta" x="2800" y="1015" id="" transform="rotate(180 2800 1015)"><ns0:title>beta link. Phi: -106.623; Psi: 174.067;</ns0:title></ns0:use>
</ns0:a>
<ns0:a id="anchor" ns1:href="mmdb:///C/316" target="_top">  <ns0:g id="glycan_root" transform="translate(2768 990)">
    <ns0:rect width="160" height="50" rx="10" ry="10" style="stroke:#000000; fill:#ffffff; stroke-width:2.0;" />
    <ns0:line x1="30" y1="0" x2="30" y2="50" style="stroke:#000000; fill:#ffffff; stroke-width:2.0;" />
    <ns0:text x="7" y="32" class="my_blue" font-weight="bold" font-family="Helvetica" font-size="24">N</ns0:text>
    <ns0:text x="92" y="32" fill="black" text-anchor="middle" font-weight="bold" font-family="Helvetica" font-size="24">ASN<ns0:tspan baseline-shift="sub" font-weight="normal" font-size="20">C/316</ns0:tspan></ns0:text>
</ns0:g>
</ns0:a>
<ns0:a id="anchor" ns1:href="mmdb:///C/1201" target="_top">  <ns0:use ns1:href="#glcnac" x="2685" y="990" id=""><ns0:title><ns0:tspan>NAG 1201 in 4c1 conformation. </ns0:tspan><ns0:tspan>Mean B-factor: 26.63. </ns0:tspan><ns0:tspan>Detected type: beta-D-aldopyranose. </ns0:tspan><ns0:tspan>No issues have been detected.</ns0:tspan></ns0:title></ns0:use>
</ns0:a>
<ns0:a id="anchor" ns1:href="mmdb:///C/1202" target="_top">  <ns0:use ns1:href="#glcnac" x="2605" y="990" id=""><ns0:title><ns0:tspan>NAG 1202 in 4c1 conformation. </ns0:tspan><ns0:tspan>Mean B-factor: 30.46. </ns0:tspan><ns0:tspan>Detected type: beta-D-aldopyranose. </ns0:tspan><ns0:tspan>No issues have been detected.</ns0:tspan></ns0:title></ns0:use>
</ns0:a>
<ns0:a id="anchor" ns1:href="mmdb:///C/1203" target="_top">  <ns0:use ns1:href="#man" x="2525" y="990" id=""><ns0:title><ns0:tspan>BMA 1203 in 4c1 conformation. </ns0:tspan><ns0:tspan>Mean B-factor: 46.47. </ns0:tspan><ns0:tspan>Detected type: beta-D-aldopyranose. </ns0:tspan><ns0:tspan>No issues have been detected.</ns0:tspan></ns0:title></ns0:use>
</ns0:a>
</ns0:svg>    </svg_graphics>
    <sugar id="/C/1201(NAG)">
      <link>
        <anomericity>beta</anomericity>
        <connected_to>0</connected_to>
        <phi>-106.623</phi>
        <psi>174.067</psi>
      </link>
      <detected_type>beta-D-aldopyranose</detected_type>
      <cremer-pople_Q>0.550226</cremer-pople_Q>
      <cremer-pople_Phi>32.4308</cremer-pople_Phi>
      <cremer-pople_Theta>26.6321</cremer-pople_Theta>
      <mean_bfactor>26.6321</mean_bfactor>
      <conformation>4c1</conformation>
      <anomer>beta</anomer>
      <hand>D</hand>
      <stacked_against>
      </stacked_against>
      <validation>
        <conformation>yes</conformation>
        <anomer>yes</anomer>
        <hand>yes</hand>
        <puckering>yes</puckering>
      </validation>
    <sugar id="/C/1202(NAG)">
      <link>
        <anomericity>beta</anomericity>
        <connected_to>4</connected_to>
        <phi>-73.0663</phi>
        <psi>-117.052</psi>
      </link>
      <detected_type>beta-D-aldopyranose</detected_type>
      <cremer-pople_Q>0.551406</cremer-pople_Q>
      <cremer-pople_Phi>332.128</cremer-pople_Phi>
      <cremer-pople_Theta>30.465</cremer-pople_Theta>
      <mean_bfactor>30.465</mean_bfactor>
      <conformation>4c1</conformation>
      <anomer>beta</anomer>
      <hand>D</hand>
      <stacked_against>
      </stacked_against>
      <validation>
        <conformation>yes</conformation>
        <anomer>yes</anomer>
        <hand>yes</hand>
        <puckering>yes</puckering>
      </validation>
    <sugar id="/C/1203(BMA)">
      <link>
        <anomericity>beta</anomericity>
        <connected_to>4</connected_to>
        <phi>-75.0744</phi>
        <psi>-129.308</psi>
      </link>
      <detected_type>beta-D-aldopyranose</detected_type>
      <cremer-pople_Q>0.574145</cremer-pople_Q>
      <cremer-pople_Phi>21.2056</cremer-pople_Phi>
      <cremer-pople_Theta>46.4745</cremer-pople_Theta>
      <mean_bfactor>46.4745</mean_bfactor>
      <conformation>4c1</conformation>
      <anomer>beta</anomer>
      <hand>D</hand>
      <stacked_against>
      </stacked_against>
      <validation>
        <conformation>yes</conformation>
        <anomer>yes</anomer>
        <hand>yes</hand>
        <puckering>yes</puckering>
      </validation>
    </sugar>
    </sugar>
    </sugar>
  </glycan>
  <glycan type="n-glycan" root="/C/323(ASN)" chain="C">
    <svg_graphics>
<ns0:svg version="1.1" width="402" height="217" viewBox="2355 820 575 310 " preserveAspectRatio="xMinYMinXMaxYMax meet">

  <ns0:style>
    .my_blue   { fill:#0090bc; }
    .my_red    { fill:#ed1c24; }
    .my_yellow { fill:#ffd400; }
  </ns0:style>
  <ns0:defs>
      <ns0:filter id="displace">
        <ns0:feTurbulence baseFrequency=".05" numOctaves="3" result="myturbulence" />
        <ns0:feDisplacementMap in="SourceGraphic" in2="myturbulence" scale="10" />
      </ns0:filter>

      <ns0:pattern id="half_yellow" x="0" y="0" width="50" height="50" patternUnits="userSpaceOnUse">
        <ns0:rect width="50" height="50" x="0" y="0" style="stroke:none; fill:#ffd400;" />
        <ns0:polygon points="0 0, 0 50, 50 50" rx="0" ry="0" style="stroke:#000000; stroke-width:1.5; fill:#ffffff;" />
      </ns0:pattern>
      <ns0:pattern id="half_blue" x="0" y="0" width="50" height="50" patternUnits="userSpaceOnUse">
        <ns0:rect width="50" height="50" x="0" y="0" style="stroke:none; fill:#0090bc;" />
        <ns0:polygon points="0 0, 0 50, 50 50" rx="0" ry="0" style="stroke:#000000; stroke-width:1.5; fill:#ffffff;" />
      </ns0:pattern>
      <ns0:pattern id="half_green" x="0" y="0" width="50" height="50" patternUnits="userSpaceOnUse">
        <ns0:rect width="50" height="50" x="0" y="0" style="stroke:none; fill:#00a651;" />
        <ns0:polygon points="0 0, 0 50, 50 50" rx="0" ry="0" style="stroke:#000000; stroke-width:1.5; fill:#ffffff;" />
      </ns0:pattern>
      <ns0:pattern id="yellow_left" x="0" y="0" width="50" height="50" patternUnits="userSpaceOnUse">
        <ns0:polygon points="25 0, 50 25, 25 50, 0 25" style="stroke:none; fill:#ffd400;" />
        <ns0:polygon points="25 0, 25 50, 0 25" rx="0" ry="0" style="stroke:#000000; stroke-width:1.5; fill:#ffffff;" />
      </ns0:pattern>
      <ns0:pattern id="blue_up" x="0" y="0" width="50" height="50" patternUnits="userSpaceOnUse">
        <ns0:polygon points="25 0, 50 25, 25 50, 0 25" style="stroke:none; fill:#0090bc;" />
        <ns0:polygon points="0 25, 50 25, 25 50" rx="0" ry="0" style="stroke:#000000; stroke-width:1.5; fill:#ffffff;" />
      </ns0:pattern>
      <ns0:pattern id="green_right" x="0" y="0" width="50" height="50" patternUnits="userSpaceOnUse">
        <ns0:polygon points="25 0, 50 25, 25 50, 0 25" style="stroke:none; fill:#00a651;" />
        <ns0:polygon points="0 25, 25 50, 25 0" rx="0" ry="0" style="stroke:#000000; stroke-width:1.5; fill:#ffffff;" />
      </ns0:pattern>
      <ns0:pattern id="tan_down" x="0" y="0" width="50" height="50" patternUnits="userSpaceOnUse">
        <ns0:polygon points="25 0, 50 25, 25 50, 0 25" style="stroke:none; fill:#966432;" />
        <ns0:polygon points="0 25, 50 25, 25 0" rx="0" ry="0" style="stroke:#000000; stroke-width:1.5; fill:#ffffff;" />
      </ns0:pattern>
<ns0:circle r="25" cx="25" cy="25" id="glc" style=" stroke:#000000; fill:#0090bc;stroke-width:2.8;" />
<ns0:circle r="25" cx="25" cy="25" id="gal" style=" stroke:#000000; fill:#ffd400;stroke-width:2.8;" />
<ns0:circle r="25" cx="25" cy="25" id="man" style=" stroke:#000000; fill:#00a651;stroke-width:2.8;" />
<ns0:polygon points="0 50, 25 0, 50 50" rx="0" ry="0" id="fuc" style=" stroke:#000000; fill:#ed1c24;stroke-width:2.8;" />
<ns0:polygon points="39.5,50 24.5,37.5 9.5,50 14.5,32.5 0,20 19.5,20 24.5,0 29.5,20 50,20 34.5,32.5" rx="0" ry="0" id="xyl" style=" stroke:#000000; fill:#ff7f00;stroke-width:2.8;" />
<ns0:rect width="50" height="50" id="glcnac" style=" stroke:#000000; fill:#0090bc;stroke-width:2.8;" />
<ns0:rect width="50" height="50" id="galnac" style=" stroke:#000000; fill:#ffd400;stroke-width:2.8;" />
<ns0:rect width="50" height="50" id="mannac" style=" stroke:#000000; fill:#00a651;stroke-width:2.8;" />
<ns0:rect width="50" height="50" id="glcn" style=" stroke:#000000; fill: url(#half_blue);stroke-width:2.8;" />
<ns0:rect width="50" height="50" id="galn" style=" stroke:#000000; fill: url(#half_yellow);stroke-width:2.8;" />
<ns0:rect width="50" height="50" id="mann" style=" stroke:#000000; fill: url(#half_green);stroke-width:2.8;" />
<ns0:polygon points="25 0, 50 25, 25 50, 0 25" rx="0" ry="0" id="neu5ac" style=" stroke:#000000; fill:#a54399;stroke-width:2.8;" />
<ns0:polygon points="25 0, 50 25, 25 50, 0 25" rx="0" ry="0" id="neu5gc" style=" stroke:#000000; fill:#8fcce9;stroke-width:2.8;" />
<ns0:polygon points="25 0, 50 25, 25 50, 0 25" rx="0" ry="0" id="kdn" style=" stroke:#000000; fill:#00a651;stroke-width:2.8;" />
<ns0:polygon points="25 0, 50 25, 25 50, 0 25" rx="0" ry="0" id="glca" style=" stroke:#000000; fill: url(#blue_up);stroke-width:2.8;" />
<ns0:polygon points="25 0, 50 25, 25 50, 0 25" rx="0" ry="0" id="idoa" style=" stroke:#000000; fill: url(#tan_down);stroke-width:2.8;" />
<ns0:polygon points="25 0, 50 25, 25 50, 0 25" rx="0" ry="0" id="gala" style=" stroke:#000000; fill: url(#yellow_left);stroke-width:2.8;" />
<ns0:polygon points="25 0, 50 25, 25 50, 0 25" rx="0" ry="0" id="mana" style=" stroke:#000000; fill: url(#green_right);stroke-width:2.8;" />
<ns0:line x1="0" y1="0" x2="110" y2="0" style="stroke:#000000; stroke-width:2; stroke-linecap:round; stroke-dasharray:9,6;" id="alpha" />
<ns0:line x1="0" y1="0" x2="110" y2="0" style="stroke:#000000; stroke-width:2; stroke-linecap:round;" id="beta" />
<ns0:polygon points="25 0, 50 11, 50 38, 25 50, 0 38, 0 11" rx="0" ry="0" id="unk" style=" stroke:#000000; fill:#ffffff;stroke-width:4.0; " />
  </ns0:defs>

<ns0:a id="anchor" ns1:href="mmdb:///C/1310" target="_top">  <ns0:use ns1:href="#alpha" x="2390" y="845" id="" transform="rotate(90 2390 845)"><ns0:title>[ alpha 1-2 ] with phi: 85.8162; psi: 168.459;</ns0:title></ns0:use>
</ns0:a>
<ns0:a id="anchor" ns1:href="mmdb:///C/1307" target="_top">  <ns0:use ns1:href="#alpha" x="2470" y="935" id="" transform="rotate(-135 2470 935)"><ns0:title>[ alpha 1-6 ] with phi: 64.3262; psi: -161.885; omega: -0;</ns0:title></ns0:use>
</ns0:a>
<ns0:a id="anchor" ns1:href="mmdb:///C/1308" target="_top">  <ns0:use ns1:href="#alpha" x="2390" y="1005" id="" transform="rotate(90 2390 1005)"><ns0:title>[ alpha 1-2 ] with phi: 85.8179; psi: 136.921;</ns0:title></ns0:use>
</ns0:a>
<ns0:a id="anchor" ns1:href="mmdb:///C/1307" target="_top">  <ns0:use ns1:href="#alpha" x="2470" y="935" id="" transform="rotate(-225 2470 935)"><ns0:title>[ alpha 1-3 ] with phi: 76.7629; psi: 126.55;</ns0:title></ns0:use>
</ns0:a>
<ns0:a id="anchor" ns1:href="mmdb:///C/1303" target="_top">  <ns0:use ns1:href="#alpha" x="2550" y="1015" id="" transform="rotate(-135 2550 1015)"><ns0:title>[ alpha 1-6 ] with phi: 53.9181; psi: 173.85; omega: 0;</ns0:title></ns0:use>
</ns0:a>
<ns0:a id="anchor" ns1:href="mmdb:///C/1303" target="_top">  <ns0:use ns1:href="#alpha" x="2550" y="1015" id="" transform="rotate(-225 2550 1015)"><ns0:title>[ alpha 1-3 ] with phi: 99.9541; psi: 108.223;</ns0:title></ns0:use>
</ns0:a>
<ns0:a id="anchor" ns1:href="mmdb:///C/1302" target="_top">  <ns0:use ns1:href="#beta" x="2640" y="1015" id="" transform="rotate(180 2640 1015)"><ns0:title>[ beta 1-4 ] with phi: -60.3317; psi: -118.512;</ns0:title></ns0:use>
</ns0:a>
<ns0:a id="anchor" ns1:href="mmdb:///C/1301" target="_top">  <ns0:use ns1:href="#beta" x="2720" y="1015" id="" transform="rotate(180 2720 1015)"><ns0:title>[ beta 1-4 ] with phi: -81.6361; psi: -156.468;</ns0:title></ns0:use>
</ns0:a>
<ns0:a id="anchor" ns1:href="mmdb:///C/323" target="_top">  <ns0:use ns1:href="#beta" x="2800" y="1015" id="" transform="rotate(180 2800 1015)"><ns0:title>beta link. Phi: -119.308; Psi: 182.602;</ns0:title></ns0:use>
</ns0:a>
<ns0:a id="anchor" ns1:href="mmdb:///C/323" target="_top">  <ns0:g id="glycan_root" transform="translate(2768 990)">
    <ns0:rect width="160" height="50" rx="10" ry="10" style="stroke:#000000; fill:#ffffff; stroke-width:2.0;" />
    <ns0:line x1="30" y1="0" x2="30" y2="50" style="stroke:#000000; fill:#ffffff; stroke-width:2.0;" />
    <ns0:text x="7" y="32" class="my_blue" font-weight="bold" font-family="Helvetica" font-size="24">N</ns0:text>
    <ns0:text x="92" y="32" fill="black" text-anchor="middle" font-weight="bold" font-family="Helvetica" font-size="24">ASN<ns0:tspan baseline-shift="sub" font-weight="normal" font-size="20">C/323</ns0:tspan></ns0:text>
</ns0:g>
</ns0:a>
<ns0:a id="anchor" ns1:href="mmdb:///C/1301" target="_top">  <ns0:use ns1:href="#glcnac" x="2685" y="990" id=""><ns0:title><ns0:tspan>NAG 1301 in 4c1 conformation. </ns0:tspan><ns0:tspan>Mean B-factor: 29.46. </ns0:tspan><ns0:tspan>Detected type: beta-D-aldopyranose. </ns0:tspan><ns0:tspan>No issues have been detected.</ns0:tspan></ns0:title></ns0:use>
</ns0:a>
<ns0:a id="anchor" ns1:href="mmdb:///C/1302" target="_top">  <ns0:use ns1:href="#glcnac" x="2605" y="990" id=""><ns0:title><ns0:tspan>NAG 1302 in 4c1 conformation. </ns0:tspan><ns0:tspan>Mean B-factor: 26.96. </ns0:tspan><ns0:tspan>Detected type: beta-D-aldopyranose. </ns0:tspan><ns0:tspan>No issues have been detected.</ns0:tspan></ns0:title></ns0:use>
</ns0:a>
<ns0:a id="anchor" ns1:href="mmdb:///C/1303" target="_top">  <ns0:use ns1:href="#man" x="2525" y="990" id=""><ns0:title><ns0:tspan>BMA 1303 in 4c1 conformation. </ns0:tspan><ns0:tspan>Mean B-factor: 28.85. </ns0:tspan><ns0:tspan>Detected type: beta-D-aldopyranose. </ns0:tspan><ns0:tspan>No issues have been detected.</ns0:tspan></ns0:title></ns0:use>
</ns0:a>
<ns0:a id="anchor" ns1:href="mmdb:///C/1304" target="_top">  <ns0:use ns1:href="#man" x="2445" y="1070" id=""><ns0:title><ns0:tspan>MAN 1304 in 4c1 conformation. </ns0:tspan><ns0:tspan>Mean B-factor: 42.75. </ns0:tspan><ns0:tspan>Detected type: alpha-D-aldopyranose. </ns0:tspan><ns0:tspan>No issues have been detected.</ns0:tspan></ns0:title></ns0:use>
</ns0:a>
<ns0:a id="anchor" ns1:href="mmdb:///C/1307" target="_top">  <ns0:use ns1:href="#man" x="2445" y="910" id=""><ns0:title><ns0:tspan>MAN 1307 in 4c1 conformation. </ns0:tspan><ns0:tspan>Mean B-factor: 25.95. </ns0:tspan><ns0:tspan>Detected type: alpha-D-aldopyranose. </ns0:tspan><ns0:tspan>No issues have been detected.</ns0:tspan></ns0:title></ns0:use>
</ns0:a>
<ns0:a id="anchor" ns1:href="mmdb:///C/1308" target="_top">  <ns0:use ns1:href="#man" x="2365" y="990" id=""><ns0:title><ns0:tspan>MAN 1308 in 4c1 conformation. </ns0:tspan><ns0:tspan>Mean B-factor: 26.64. </ns0:tspan><ns0:tspan>Detected type: alpha-D-aldopyranose. </ns0:tspan><ns0:tspan>No issues have been detected.</ns0:tspan></ns0:title></ns0:use>
</ns0:a>
<ns0:a id="anchor" ns1:href="mmdb:///C/1309" target="_top">  <ns0:use ns1:href="#man" x="2365" y="1070" id=""><ns0:title><ns0:tspan>MAN 1309 in 4c1 conformation. </ns0:tspan><ns0:tspan>Mean B-factor: 43.37. </ns0:tspan><ns0:tspan>Detected type: alpha-D-aldopyranose. </ns0:tspan><ns0:tspan>No issues have been detected.</ns0:tspan></ns0:title></ns0:use>
</ns0:a>
<ns0:a id="anchor" ns1:href="mmdb:///C/1310" target="_top">  <ns0:use ns1:href="#man" x="2365" y="830" id=""><ns0:title><ns0:tspan>MAN 1310 in 4c1 conformation. </ns0:tspan><ns0:tspan>Mean B-factor: 26.89. </ns0:tspan><ns0:tspan>Detected type: alpha-D-aldopyranose. </ns0:tspan><ns0:tspan>No issues have been detected.</ns0:tspan></ns0:title></ns0:use>
</ns0:a>
<ns0:a id="anchor" ns1:href="mmdb:///C/1311" target="_top">  <ns0:use ns1:href="#man" x="2365" y="910" id=""><ns0:title><ns0:tspan>MAN 1311 in 4c1 conformation. </ns0:tspan><ns0:tspan>Mean B-factor: 29.73. </ns0:tspan><ns0:tspan>Detected type: alpha-D-aldopyranose. </ns0:tspan><ns0:tspan>No issues have been detected.</ns0:tspan></ns0:title></ns0:use>
</ns0:a>
</ns0:svg>    </svg_graphics>
    <sugar id="/C/1301(NAG)">
      <link>
        <anomericity>beta</anomericity>
        <connected_to>0</connected_to>
        <phi>-119.308</phi>
        <psi>182.602</psi>
      </link>
      <detected_type>beta-D-aldopyranose</detected_type>
      <cremer-pople_Q>0.559538</cremer-pople_Q>
      <cremer-pople_Phi>335.731</cremer-pople_Phi>
      <cremer-pople_Theta>29.4571</cremer-pople_Theta>
      <mean_bfactor>29.4571</mean_bfactor>
      <conformation>4c1</conformation>
      <anomer>beta</anomer>
      <hand>D</hand>
      <stacked_against>
      </stacked_against>
      <validation>
        <conformation>yes</conformation>
        <anomer>yes</anomer>
        <hand>yes</hand>
        <puckering>yes</puckering>
      </validation>
    <sugar id="/C/1302(NAG)">
      <link>
        <anomericity>beta</anomericity>
        <connected_to>4</connected_to>
        <phi>-81.6361</phi>
        <psi>-156.468</psi>
      </link>
      <detected_type>beta-D-aldopyranose</detected_type>
      <cremer-pople_Q>0.536664</cremer-pople_Q>
      <cremer-pople_Phi>332.969</cremer-pople_Phi>
      <cremer-pople_Theta>26.96</cremer-pople_Theta>
      <mean_bfactor>26.96</mean_bfactor>
      <conformation>4c1</conformation>
      <anomer>beta</anomer>
      <hand>D</hand>
      <stacked_against>
      </stacked_against>
      <validation>
        <conformation>yes</conformation>
        <anomer>yes</anomer>
        <hand>yes</hand>
        <puckering>yes</puckering>
      </validation>
    <sugar id="/C/1303(BMA)">
      <link>
        <anomericity>beta</anomericity>
        <connected_to>4</connected_to>
        <phi>-60.3317</phi>
        <psi>-118.512</psi>
      </link>
      <detected_type>beta-D-aldopyranose</detected_type>
      <cremer-pople_Q>0.568707</cremer-pople_Q>
      <cremer-pople_Phi>280.141</cremer-pople_Phi>
      <cremer-pople_Theta>28.8473</cremer-pople_Theta>
      <mean_bfactor>28.8473</mean_bfactor>
      <conformation>4c1</conformation>
      <anomer>beta</anomer>
      <hand>D</hand>
      <stacked_against>
      </stacked_against>
      <validation>
        <conformation>yes</conformation>
        <anomer>yes</anomer>
        <hand>yes</hand>
        <puckering>yes</puckering>
      </validation>
    <sugar id="/C/1304(MAN)">
      <link>
        <anomericity>alpha</anomericity>
        <connected_to>3</connected_to>
        <phi>99.9541</phi>
        <psi>108.223</psi>
      </link>
      <detected_type>alpha-D-aldopyranose</detected_type>
      <cremer-pople_Q>0.560234</cremer-pople_Q>
      <cremer-pople_Phi>212.826</cremer-pople_Phi>
      <cremer-pople_Theta>42.7482</cremer-pople_Theta>
      <mean_bfactor>42.7482</mean_bfactor>
      <conformation>4c1</conformation>
      <anomer>alpha</anomer>
      <hand>D</hand>
      <stacked_against>
      </stacked_against>
      <validation>
        <conformation>yes</conformation>
        <anomer>yes</anomer>
        <hand>yes</hand>
        <puckering>yes</puckering>
      </validation>
    </sugar>
    <sugar id="/C/1307(MAN)">
      <link>
        <anomericity>alpha</anomericity>
        <connected_to>6</connected_to>
        <phi>53.9181</phi>
        <psi>173.85</psi>
        <omega>0</omega>
      </link>
      <detected_type>alpha-D-aldopyranose</detected_type>
      <cremer-pople_Q>0.563538</cremer-pople_Q>
      <cremer-pople_Phi>334.44</cremer-pople_Phi>
      <cremer-pople_Theta>25.9464</cremer-pople_Theta>
      <mean_bfactor>25.9464</mean_bfactor>
      <conformation>4c1</conformation>
      <anomer>alpha</anomer>
      <hand>D</hand>
      <stacked_against>
      </stacked_against>
      <validation>
        <conformation>yes</conformation>
        <anomer>yes</anomer>
        <hand>yes</hand>
        <puckering>yes</puckering>
      </validation>
    <sugar id="/C/1308(MAN)">
      <link>
        <anomericity>alpha</anomericity>
        <connected_to>3</connected_to>
        <phi>76.7629</phi>
        <psi>126.55</psi>
      </link>
      <detected_type>alpha-D-aldopyranose</detected_type>
      <cremer-pople_Q>0.559766</cremer-pople_Q>
      <cremer-pople_Phi>313.594</cremer-pople_Phi>
      <cremer-pople_Theta>26.6355</cremer-pople_Theta>
      <mean_bfactor>26.6355</mean_bfactor>
      <conformation>4c1</conformation>
      <anomer>alpha</anomer>
      <hand>D</hand>
      <stacked_against>
      </stacked_against>
      <validation>
        <conformation>yes</conformation>
        <anomer>yes</anomer>
        <hand>yes</hand>
        <puckering>yes</puckering>
      </validation>
    <sugar id="/C/1309(MAN)">
      <link>
        <anomericity>alpha</anomericity>
        <connected_to>2</connected_to>
        <phi>85.8179</phi>
        <psi>136.921</psi>
      </link>
      <detected_type>alpha-D-aldopyranose</detected_type>
      <cremer-pople_Q>0.567953</cremer-pople_Q>
      <cremer-pople_Phi>281.167</cremer-pople_Phi>
      <cremer-pople_Theta>43.3682</cremer-pople_Theta>
      <mean_bfactor>43.3682</mean_bfactor>
      <conformation>4c1</conformation>
      <anomer>alpha</anomer>
      <hand>D</hand>
      <stacked_against>
      </stacked_against>
      <validation>
        <conformation>yes</conformation>
        <anomer>yes</anomer>
        <hand>yes</hand>
        <puckering>yes</puckering>
      </validation>
    </sugar>
    </sugar>
    <sugar id="/C/1310(MAN)">
      <link>
        <anomericity>alpha</anomericity>
        <connected_to>6</connected_to>
        <phi>64.3262</phi>
        <psi>-161.885</psi>
        <omega>-0</omega>
      </link>
      <detected_type>alpha-D-aldopyranose</detected_type>
      <cremer-pople_Q>0.563747</cremer-pople_Q>
      <cremer-pople_Phi>63.2327</cremer-pople_Phi>
      <cremer-pople_Theta>26.8918</cremer-pople_Theta>
      <mean_bfactor>26.8918</mean_bfactor>
      <conformation>4c1</conformation>
      <anomer>alpha</anomer>
      <hand>D</hand>
      <stacked_against>
      </stacked_against>
      <validation>
        <conformation>yes</conformation>
        <anomer>yes</anomer>
        <hand>yes</hand>
        <puckering>yes</puckering>
      </validation>
    <sugar id="/C/1311(MAN)">
      <link>
        <anomericity>alpha</anomericity>
        <connected_to>2</connected_to>
        <phi>85.8162</phi>
        <psi>168.459</psi>
      </link>
      <detected_type>alpha-D-aldopyranose</detected_type>
      <cremer-pople_Q>0.556215</cremer-pople_Q>
      <cremer-pople_Phi>110.646</cremer-pople_Phi>
      <cremer-pople_Theta>29.7291</cremer-pople_Theta>
      <mean_bfactor>29.7291</mean_bfactor>
      <conformation>4c1</conformation>
      <anomer>alpha</anomer>
      <hand>D</hand>
      <stacked_against>
      </stacked_against>
      <validation>
        <conformation>yes</conformation>
        <anomer>yes</anomer>
        <hand>yes</hand>
        <puckering>yes</puckering>
      </validation>
    </sugar>
    </sugar>
    </sugar>
    </sugar>
    </sugar>
    </sugar>
  </glycan>
  <glycan type="n-glycan" root="/C/443(ASN)" chain="C">
    <svg_graphics>
<ns0:svg version="1.1" width="234" height="66" viewBox="2595 980 335 95 " preserveAspectRatio="xMinYMinXMaxYMax meet">

  <ns0:style>
    .my_blue   { fill:#0090bc; }
    .my_red    { fill:#ed1c24; }
    .my_yellow { fill:#ffd400; }
  </ns0:style>
  <ns0:defs>
      <ns0:filter id="displace">
        <ns0:feTurbulence baseFrequency=".05" numOctaves="3" result="myturbulence" />
        <ns0:feDisplacementMap in="SourceGraphic" in2="myturbulence" scale="10" />
      </ns0:filter>

      <ns0:pattern id="half_yellow" x="0" y="0" width="50" height="50" patternUnits="userSpaceOnUse">
        <ns0:rect width="50" height="50" x="0" y="0" style="stroke:none; fill:#ffd400;" />
        <ns0:polygon points="0 0, 0 50, 50 50" rx="0" ry="0" style="stroke:#000000; stroke-width:1.5; fill:#ffffff;" />
      </ns0:pattern>
      <ns0:pattern id="half_blue" x="0" y="0" width="50" height="50" patternUnits="userSpaceOnUse">
        <ns0:rect width="50" height="50" x="0" y="0" style="stroke:none; fill:#0090bc;" />
        <ns0:polygon points="0 0, 0 50, 50 50" rx="0" ry="0" style="stroke:#000000; stroke-width:1.5; fill:#ffffff;" />
      </ns0:pattern>
      <ns0:pattern id="half_green" x="0" y="0" width="50" height="50" patternUnits="userSpaceOnUse">
        <ns0:rect width="50" height="50" x="0" y="0" style="stroke:none; fill:#00a651;" />
        <ns0:polygon points="0 0, 0 50, 50 50" rx="0" ry="0" style="stroke:#000000; stroke-width:1.5; fill:#ffffff;" />
      </ns0:pattern>
      <ns0:pattern id="yellow_left" x="0" y="0" width="50" height="50" patternUnits="userSpaceOnUse">
        <ns0:polygon points="25 0, 50 25, 25 50, 0 25" style="stroke:none; fill:#ffd400;" />
        <ns0:polygon points="25 0, 25 50, 0 25" rx="0" ry="0" style="stroke:#000000; stroke-width:1.5; fill:#ffffff;" />
      </ns0:pattern>
      <ns0:pattern id="blue_up" x="0" y="0" width="50" height="50" patternUnits="userSpaceOnUse">
        <ns0:polygon points="25 0, 50 25, 25 50, 0 25" style="stroke:none; fill:#0090bc;" />
        <ns0:polygon points="0 25, 50 25, 25 50" rx="0" ry="0" style="stroke:#000000; stroke-width:1.5; fill:#ffffff;" />
      </ns0:pattern>
      <ns0:pattern id="green_right" x="0" y="0" width="50" height="50" patternUnits="userSpaceOnUse">
        <ns0:polygon points="25 0, 50 25, 25 50, 0 25" style="stroke:none; fill:#00a651;" />
        <ns0:polygon points="0 25, 25 50, 25 0" rx="0" ry="0" style="stroke:#000000; stroke-width:1.5; fill:#ffffff;" />
      </ns0:pattern>
      <ns0:pattern id="tan_down" x="0" y="0" width="50" height="50" patternUnits="userSpaceOnUse">
        <ns0:polygon points="25 0, 50 25, 25 50, 0 25" style="stroke:none; fill:#966432;" />
        <ns0:polygon points="0 25, 50 25, 25 0" rx="0" ry="0" style="stroke:#000000; stroke-width:1.5; fill:#ffffff;" />
      </ns0:pattern>
<ns0:circle r="25" cx="25" cy="25" id="glc" style=" stroke:#000000; fill:#0090bc;stroke-width:2.8;" />
<ns0:circle r="25" cx="25" cy="25" id="gal" style=" stroke:#000000; fill:#ffd400;stroke-width:2.8;" />
<ns0:circle r="25" cx="25" cy="25" id="man" style=" stroke:#000000; fill:#00a651;stroke-width:2.8;" />
<ns0:polygon points="0 50, 25 0, 50 50" rx="0" ry="0" id="fuc" style=" stroke:#000000; fill:#ed1c24;stroke-width:2.8;" />
<ns0:polygon points="39.5,50 24.5,37.5 9.5,50 14.5,32.5 0,20 19.5,20 24.5,0 29.5,20 50,20 34.5,32.5" rx="0" ry="0" id="xyl" style=" stroke:#000000; fill:#ff7f00;stroke-width:2.8;" />
<ns0:rect width="50" height="50" id="glcnac" style=" stroke:#000000; fill:#0090bc;stroke-width:2.8;" />
<ns0:rect width="50" height="50" id="galnac" style=" stroke:#000000; fill:#ffd400;stroke-width:2.8;" />
<ns0:rect width="50" height="50" id="mannac" style=" stroke:#000000; fill:#00a651;stroke-width:2.8;" />
<ns0:rect width="50" height="50" id="glcn" style=" stroke:#000000; fill: url(#half_blue);stroke-width:2.8;" />
<ns0:rect width="50" height="50" id="galn" style=" stroke:#000000; fill: url(#half_yellow);stroke-width:2.8;" />
<ns0:rect width="50" height="50" id="mann" style=" stroke:#000000; fill: url(#half_green);stroke-width:2.8;" />
<ns0:polygon points="25 0, 50 25, 25 50, 0 25" rx="0" ry="0" id="neu5ac" style=" stroke:#000000; fill:#a54399;stroke-width:2.8;" />
<ns0:polygon points="25 0, 50 25, 25 50, 0 25" rx="0" ry="0" id="neu5gc" style=" stroke:#000000; fill:#8fcce9;stroke-width:2.8;" />
<ns0:polygon points="25 0, 50 25, 25 50, 0 25" rx="0" ry="0" id="kdn" style=" stroke:#000000; fill:#00a651;stroke-width:2.8;" />
<ns0:polygon points="25 0, 50 25, 25 50, 0 25" rx="0" ry="0" id="glca" style=" stroke:#000000; fill: url(#blue_up);stroke-width:2.8;" />
<ns0:polygon points="25 0, 50 25, 25 50, 0 25" rx="0" ry="0" id="idoa" style=" stroke:#000000; fill: url(#tan_down);stroke-width:2.8;" />
<ns0:polygon points="25 0, 50 25, 25 50, 0 25" rx="0" ry="0" id="gala" style=" stroke:#000000; fill: url(#yellow_left);stroke-width:2.8;" />
<ns0:polygon points="25 0, 50 25, 25 50, 0 25" rx="0" ry="0" id="mana" style=" stroke:#000000; fill: url(#green_right);stroke-width:2.8;" />
<ns0:line x1="0" y1="0" x2="110" y2="0" style="stroke:#000000; stroke-width:2; stroke-linecap:round; stroke-dasharray:9,6;" id="alpha" />
<ns0:line x1="0" y1="0" x2="110" y2="0" style="stroke:#000000; stroke-width:2; stroke-linecap:round;" id="beta" />
<ns0:polygon points="25 0, 50 11, 50 38, 25 50, 0 38, 0 11" rx="0" ry="0" id="unk" style=" stroke:#000000; fill:#ffffff;stroke-width:4.0; " />
  </ns0:defs>

<ns0:a id="anchor" ns1:href="mmdb:///C/1401" target="_top">  <ns0:use ns1:href="#beta" x="2720" y="1015" id="" transform="rotate(180 2720 1015)"><ns0:title>[ beta 1-4 ] with phi: -85.6766; psi: -105.965;</ns0:title></ns0:use>
</ns0:a>
<ns0:a id="anchor" ns1:href="mmdb:///C/443" target="_top">  <ns0:use ns1:href="#beta" x="2800" y="1015" id="" transform="rotate(180 2800 1015)"><ns0:title>beta link. Phi: 55.9771; Psi: 181.807;</ns0:title></ns0:use>
</ns0:a>
<ns0:a id="anchor" ns1:href="mmdb:///C/443" target="_top">  <ns0:g id="glycan_root" transform="translate(2768 990)">
    <ns0:rect width="160" height="50" rx="10" ry="10" style="stroke:#000000; fill:#ffffff; stroke-width:2.0;" />
    <ns0:line x1="30" y1="0" x2="30" y2="50" style="stroke:#000000; fill:#ffffff; stroke-width:2.0;" />
    <ns0:text x="7" y="32" class="my_blue" font-weight="bold" font-family="Helvetica" font-size="24">N</ns0:text>
    <ns0:text x="92" y="32" fill="black" text-anchor="middle" font-weight="bold" font-family="Helvetica" font-size="24">ASN<ns0:tspan baseline-shift="sub" font-weight="normal" font-size="20">C/443</ns0:tspan></ns0:text>
</ns0:g>
</ns0:a>
<ns0:a id="anchor" ns1:href="mmdb:///C/1401" target="_top">  <ns0:use ns1:href="#glcnac" x="2685" y="990" id=""><ns0:title><ns0:tspan>NAG 1401 in 4c1 conformation. </ns0:tspan><ns0:tspan>Mean B-factor: 45.77. </ns0:tspan><ns0:tspan>Detected type: beta-D-aldopyranose. </ns0:tspan><ns0:tspan>No issues have been detected.</ns0:tspan></ns0:title></ns0:use>
</ns0:a>
<ns0:a id="anchor" ns1:href="mmdb:///C/1402" target="_top">  <ns0:use ns1:href="#glcnac" x="2605" y="990" id=""><ns0:title><ns0:tspan>NAG 1402 in 4c1 conformation. </ns0:tspan><ns0:tspan>Mean B-factor: 53.70. </ns0:tspan><ns0:tspan>Detected type: beta-D-aldopyranose. </ns0:tspan><ns0:tspan>No issues have been detected.</ns0:tspan></ns0:title></ns0:use>
</ns0:a>
</ns0:svg>    </svg_graphics>
    <sugar id="/C/1401(NAG)">
      <link>
        <anomericity>beta</anomericity>
        <connected_to>0</connected_to>
        <phi>55.9771</phi>
        <psi>181.807</psi>
      </link>
      <detected_type>beta-D-aldopyranose</detected_type>
      <cremer-pople_Q>0.536663</cremer-pople_Q>
      <cremer-pople_Phi>8.58473</cremer-pople_Phi>
      <cremer-pople_Theta>45.765</cremer-pople_Theta>
      <mean_bfactor>45.765</mean_bfactor>
      <conformation>4c1</conformation>
      <anomer>beta</anomer>
      <hand>D</hand>
      <stacked_against>
        <residue id="/C/431(TRP)">
          <angle>2.91013</angle>
        </residue>
      </stacked_against>
      <validation>
        <conformation>yes</conformation>
        <anomer>yes</anomer>
        <hand>yes</hand>
        <puckering>yes</puckering>
      </validation>
    <sugar id="/C/1402(NAG)">
      <link>
        <anomericity>beta</anomericity>
        <connected_to>4</connected_to>
        <phi>-85.6766</phi>
        <psi>-105.965</psi>
      </link>
      <detected_type>beta-D-aldopyranose</detected_type>
      <cremer-pople_Q>0.549332</cremer-pople_Q>
      <cremer-pople_Phi>348.008</cremer-pople_Phi>
      <cremer-pople_Theta>53.6986</cremer-pople_Theta>
      <mean_bfactor>53.6986</mean_bfactor>
      <conformation>4c1</conformation>
      <anomer>beta</anomer>
      <hand>D</hand>
      <stacked_against>
      </stacked_against>
      <validation>
        <conformation>yes</conformation>
        <anomer>yes</anomer>
        <hand>yes</hand>
        <puckering>yes</puckering>
      </validation>
    </sugar>
    </sugar>
  </glycan>
  <glycan type="n-glycan" root="/C/524(ASN)" chain="C">
    <svg_graphics>
<ns0:svg version="1.1" width="402" height="178" viewBox="2355 820 575 255 " preserveAspectRatio="xMinYMinXMaxYMax meet">

  <ns0:style>
    .my_blue   { fill:#0090bc; }
    .my_red    { fill:#ed1c24; }
    .my_yellow { fill:#ffd400; }
  </ns0:style>
  <ns0:defs>
      <ns0:filter id="displace">
        <ns0:feTurbulence baseFrequency=".05" numOctaves="3" result="myturbulence" />
        <ns0:feDisplacementMap in="SourceGraphic" in2="myturbulence" scale="10" />
      </ns0:filter>

      <ns0:pattern id="half_yellow" x="0" y="0" width="50" height="50" patternUnits="userSpaceOnUse">
        <ns0:rect width="50" height="50" x="0" y="0" style="stroke:none; fill:#ffd400;" />
        <ns0:polygon points="0 0, 0 50, 50 50" rx="0" ry="0" style="stroke:#000000; stroke-width:1.5; fill:#ffffff;" />
      </ns0:pattern>
      <ns0:pattern id="half_blue" x="0" y="0" width="50" height="50" patternUnits="userSpaceOnUse">
        <ns0:rect width="50" height="50" x="0" y="0" style="stroke:none; fill:#0090bc;" />
        <ns0:polygon points="0 0, 0 50, 50 50" rx="0" ry="0" style="stroke:#000000; stroke-width:1.5; fill:#ffffff;" />
      </ns0:pattern>
      <ns0:pattern id="half_green" x="0" y="0" width="50" height="50" patternUnits="userSpaceOnUse">
        <ns0:rect width="50" height="50" x="0" y="0" style="stroke:none; fill:#00a651;" />
        <ns0:polygon points="0 0, 0 50, 50 50" rx="0" ry="0" style="stroke:#000000; stroke-width:1.5; fill:#ffffff;" />
      </ns0:pattern>
      <ns0:pattern id="yellow_left" x="0" y="0" width="50" height="50" patternUnits="userSpaceOnUse">
        <ns0:polygon points="25 0, 50 25, 25 50, 0 25" style="stroke:none; fill:#ffd400;" />
        <ns0:polygon points="25 0, 25 50, 0 25" rx="0" ry="0" style="stroke:#000000; stroke-width:1.5; fill:#ffffff;" />
      </ns0:pattern>
      <ns0:pattern id="blue_up" x="0" y="0" width="50" height="50" patternUnits="userSpaceOnUse">
        <ns0:polygon points="25 0, 50 25, 25 50, 0 25" style="stroke:none; fill:#0090bc;" />
        <ns0:polygon points="0 25, 50 25, 25 50" rx="0" ry="0" style="stroke:#000000; stroke-width:1.5; fill:#ffffff;" />
      </ns0:pattern>
      <ns0:pattern id="green_right" x="0" y="0" width="50" height="50" patternUnits="userSpaceOnUse">
        <ns0:polygon points="25 0, 50 25, 25 50, 0 25" style="stroke:none; fill:#00a651;" />
        <ns0:polygon points="0 25, 25 50, 25 0" rx="0" ry="0" style="stroke:#000000; stroke-width:1.5; fill:#ffffff;" />
      </ns0:pattern>
      <ns0:pattern id="tan_down" x="0" y="0" width="50" height="50" patternUnits="userSpaceOnUse">
        <ns0:polygon points="25 0, 50 25, 25 50, 0 25" style="stroke:none; fill:#966432;" />
        <ns0:polygon points="0 25, 50 25, 25 0" rx="0" ry="0" style="stroke:#000000; stroke-width:1.5; fill:#ffffff;" />
      </ns0:pattern>
<ns0:circle r="25" cx="25" cy="25" id="glc" style=" stroke:#000000; fill:#0090bc;stroke-width:2.8;" />
<ns0:circle r="25" cx="25" cy="25" id="gal" style=" stroke:#000000; fill:#ffd400;stroke-width:2.8;" />
<ns0:circle r="25" cx="25" cy="25" id="man" style=" stroke:#000000; fill:#00a651;stroke-width:2.8;" />
<ns0:polygon points="0 50, 25 0, 50 50" rx="0" ry="0" id="fuc" style=" stroke:#000000; fill:#ed1c24;stroke-width:2.8;" />
<ns0:polygon points="39.5,50 24.5,37.5 9.5,50 14.5,32.5 0,20 19.5,20 24.5,0 29.5,20 50,20 34.5,32.5" rx="0" ry="0" id="xyl" style=" stroke:#000000; fill:#ff7f00;stroke-width:2.8;" />
<ns0:rect width="50" height="50" id="glcnac" style=" stroke:#000000; fill:#0090bc;stroke-width:2.8;" />
<ns0:rect width="50" height="50" id="galnac" style=" stroke:#000000; fill:#ffd400;stroke-width:2.8;" />
<ns0:rect width="50" height="50" id="mannac" style=" stroke:#000000; fill:#00a651;stroke-width:2.8;" />
<ns0:rect width="50" height="50" id="glcn" style=" stroke:#000000; fill: url(#half_blue);stroke-width:2.8;" />
<ns0:rect width="50" height="50" id="galn" style=" stroke:#000000; fill: url(#half_yellow);stroke-width:2.8;" />
<ns0:rect width="50" height="50" id="mann" style=" stroke:#000000; fill: url(#half_green);stroke-width:2.8;" />
<ns0:polygon points="25 0, 50 25, 25 50, 0 25" rx="0" ry="0" id="neu5ac" style=" stroke:#000000; fill:#a54399;stroke-width:2.8;" />
<ns0:polygon points="25 0, 50 25, 25 50, 0 25" rx="0" ry="0" id="neu5gc" style=" stroke:#000000; fill:#8fcce9;stroke-width:2.8;" />
<ns0:polygon points="25 0, 50 25, 25 50, 0 25" rx="0" ry="0" id="kdn" style=" stroke:#000000; fill:#00a651;stroke-width:2.8;" />
<ns0:polygon points="25 0, 50 25, 25 50, 0 25" rx="0" ry="0" id="glca" style=" stroke:#000000; fill: url(#blue_up);stroke-width:2.8;" />
<ns0:polygon points="25 0, 50 25, 25 50, 0 25" rx="0" ry="0" id="idoa" style=" stroke:#000000; fill: url(#tan_down);stroke-width:2.8;" />
<ns0:polygon points="25 0, 50 25, 25 50, 0 25" rx="0" ry="0" id="gala" style=" stroke:#000000; fill: url(#yellow_left);stroke-width:2.8;" />
<ns0:polygon points="25 0, 50 25, 25 50, 0 25" rx="0" ry="0" id="mana" style=" stroke:#000000; fill: url(#green_right);stroke-width:2.8;" />
<ns0:line x1="0" y1="0" x2="110" y2="0" style="stroke:#000000; stroke-width:2; stroke-linecap:round; stroke-dasharray:9,6;" id="alpha" />
<ns0:line x1="0" y1="0" x2="110" y2="0" style="stroke:#000000; stroke-width:2; stroke-linecap:round;" id="beta" />
<ns0:polygon points="25 0, 50 11, 50 38, 25 50, 0 38, 0 11" rx="0" ry="0" id="unk" style=" stroke:#000000; fill:#ffffff;stroke-width:4.0; " />
  </ns0:defs>

<ns0:a id="anchor" ns1:href="mmdb:///C/1506" target="_top">  <ns0:use ns1:href="#alpha" x="2390" y="845" id="" transform="rotate(90 2390 845)"><ns0:title>[ alpha 1-2 ] with phi: 84.8768; psi: 160.917;</ns0:title></ns0:use>
</ns0:a>
<ns0:a id="anchor" ns1:href="mmdb:///C/1504" target="_top">  <ns0:use ns1:href="#alpha" x="2470" y="935" id="" transform="rotate(-135 2470 935)"><ns0:title>[ alpha 1-6 ] with phi: 83.7285; psi: -172.821; omega: 180;</ns0:title></ns0:use>
</ns0:a>
<ns0:a id="anchor" ns1:href="mmdb:///C/1504" target="_top">  <ns0:use ns1:href="#alpha" x="2470" y="935" id="" transform="rotate(-225 2470 935)"><ns0:title>[ alpha 1-3 ] with phi: 68.1179; psi: 126.104;</ns0:title></ns0:use>
</ns0:a>
<ns0:a id="anchor" ns1:href="mmdb:///C/1503" target="_top">  <ns0:use ns1:href="#alpha" x="2550" y="1015" id="" transform="rotate(-135 2550 1015)"><ns0:title>[ alpha 1-6 ] with phi: 61.3051; psi: -171.226; omega: 0;</ns0:title></ns0:use>
</ns0:a>
<ns0:a id="anchor" ns1:href="mmdb:///C/1502" target="_top">  <ns0:use ns1:href="#beta" x="2640" y="1015" id="" transform="rotate(180 2640 1015)"><ns0:title>[ beta 1-4 ] with phi: -76.7743; psi: -111.418;</ns0:title></ns0:use>
</ns0:a>
<ns0:a id="anchor" ns1:href="mmdb:///C/1501" target="_top">  <ns0:use ns1:href="#beta" x="2720" y="1015" id="" transform="rotate(180 2720 1015)"><ns0:title>[ beta 1-4 ] with phi: -80.4203; psi: -144.035;</ns0:title></ns0:use>
</ns0:a>
<ns0:a id="anchor" ns1:href="mmdb:///C/524" target="_top">  <ns0:use ns1:href="#beta" x="2800" y="1015" id="" transform="rotate(180 2800 1015)"><ns0:title>beta link. Phi: -85.361; Psi: 182.431;</ns0:title></ns0:use>
</ns0:a>
<ns0:a id="anchor" ns1:href="mmdb:///C/524" target="_top">  <ns0:g id="glycan_root" transform="translate(2768 990)">
    <ns0:rect width="160" height="50" rx="10" ry="10" style="stroke:#000000; fill:#ffffff; stroke-width:2.0;" />
    <ns0:line x1="30" y1="0" x2="30" y2="50" style="stroke:#000000; fill:#ffffff; stroke-width:2.0;" />
    <ns0:text x="7" y="32" class="my_blue" font-weight="bold" font-family="Helvetica" font-size="24">N</ns0:text>
    <ns0:text x="92" y="32" fill="black" text-anchor="middle" font-weight="bold" font-family="Helvetica" font-size="24">ASN<ns0:tspan baseline-shift="sub" font-weight="normal" font-size="20">C/524</ns0:tspan></ns0:text>
</ns0:g>
</ns0:a>
<ns0:a id="anchor" ns1:href="mmdb:///C/1501" target="_top">  <ns0:use ns1:href="#glcnac" x="2685" y="990" id=""><ns0:title><ns0:tspan>NAG 1501 in 4c1 conformation. </ns0:tspan><ns0:tspan>Mean B-factor: 32.82. </ns0:tspan><ns0:tspan>Detected type: beta-D-aldopyranose. </ns0:tspan><ns0:tspan>No issues have been detected.</ns0:tspan></ns0:title></ns0:use>
</ns0:a>
<ns0:a id="anchor" ns1:href="mmdb:///C/1502" target="_top">  <ns0:use ns1:href="#glcnac" x="2605" y="990" id=""><ns0:title><ns0:tspan>NAG 1502 in 4c1 conformation. </ns0:tspan><ns0:tspan>Mean B-factor: 29.29. </ns0:tspan><ns0:tspan>Detected type: beta-D-aldopyranose. </ns0:tspan><ns0:tspan>No issues have been detected.</ns0:tspan></ns0:title></ns0:use>
</ns0:a>
<ns0:a id="anchor" ns1:href="mmdb:///C/1503" target="_top">  <ns0:use ns1:href="#man" x="2525" y="990" id=""><ns0:title><ns0:tspan>BMA 1503 in 4c1 conformation. </ns0:tspan><ns0:tspan>Mean B-factor: 38.98. </ns0:tspan><ns0:tspan>Detected type: beta-D-aldopyranose. </ns0:tspan><ns0:tspan>No issues have been detected.</ns0:tspan></ns0:title></ns0:use>
</ns0:a>
<ns0:a id="anchor" ns1:href="mmdb:///C/1504" target="_top">  <ns0:use ns1:href="#man" x="2445" y="910" id=""><ns0:title><ns0:tspan>MAN 1504 in 4c1 conformation. </ns0:tspan><ns0:tspan>Mean B-factor: 51.37. </ns0:tspan><ns0:tspan>Detected type: alpha-D-aldopyranose. </ns0:tspan><ns0:tspan>No issues have been detected.</ns0:tspan></ns0:title></ns0:use>
</ns0:a>
<ns0:a id="anchor" ns1:href="mmdb:///C/1505" target="_top">  <ns0:use ns1:href="#man" x="2365" y="990" id=""><ns0:title><ns0:tspan>MAN 1505 in 4c1 conformation. </ns0:tspan><ns0:tspan>Mean B-factor: 50.02. </ns0:tspan><ns0:tspan>Detected type: alpha-D-aldopyranose. </ns0:tspan><ns0:tspan>No issues have been detected.</ns0:tspan></ns0:title></ns0:use>
</ns0:a>
<ns0:a id="anchor" ns1:href="mmdb:///C/1506" target="_top">  <ns0:use ns1:href="#man" x="2365" y="830" id=""><ns0:title><ns0:tspan>MAN 1506 in 4c1 conformation. </ns0:tspan><ns0:tspan>Mean B-factor: 61.73. </ns0:tspan><ns0:tspan>Detected type: alpha-D-aldopyranose. </ns0:tspan><ns0:tspan>No issues have been detected.</ns0:tspan></ns0:title></ns0:use>
</ns0:a>
<ns0:a id="anchor" ns1:href="mmdb:///C/1507" target="_top">  <ns0:use ns1:href="#man" x="2365" y="910" id=""><ns0:title><ns0:tspan>MAN 1507 in 4c1 conformation. </ns0:tspan><ns0:tspan>Mean B-factor: 57.16. </ns0:tspan><ns0:tspan>Detected type: alpha-D-aldopyranose. </ns0:tspan><ns0:tspan>No issues have been detected.</ns0:tspan></ns0:title></ns0:use>
</ns0:a>
</ns0:svg>    </svg_graphics>
    <sugar id="/C/1501(NAG)">
      <link>
        <anomericity>beta</anomericity>
        <connected_to>0</connected_to>
        <phi>-85.361</phi>
        <psi>182.431</psi>
      </link>
      <detected_type>beta-D-aldopyranose</detected_type>
      <cremer-pople_Q>0.541</cremer-pople_Q>
      <cremer-pople_Phi>317.403</cremer-pople_Phi>
      <cremer-pople_Theta>32.8214</cremer-pople_Theta>
      <mean_bfactor>32.8214</mean_bfactor>
      <conformation>4c1</conformation>
      <anomer>beta</anomer>
      <hand>D</hand>
      <stacked_against>
      </stacked_against>
      <validation>
        <conformation>yes</conformation>
        <anomer>yes</anomer>
        <hand>yes</hand>
        <puckering>yes</puckering>
      </validation>
    <sugar id="/C/1502(NAG)">
      <link>
        <anomericity>beta</anomericity>
        <connected_to>4</connected_to>
        <phi>-80.4203</phi>
        <psi>-144.035</psi>
      </link>
      <detected_type>beta-D-aldopyranose</detected_type>
      <cremer-pople_Q>0.575644</cremer-pople_Q>
      <cremer-pople_Phi>347.477</cremer-pople_Phi>
      <cremer-pople_Theta>29.2929</cremer-pople_Theta>
      <mean_bfactor>29.2929</mean_bfactor>
      <conformation>4c1</conformation>
      <anomer>beta</anomer>
      <hand>D</hand>
      <stacked_against>
      </stacked_against>
      <validation>
        <conformation>yes</conformation>
        <anomer>yes</anomer>
        <hand>yes</hand>
        <puckering>yes</puckering>
      </validation>
    <sugar id="/C/1503(BMA)">
      <link>
        <anomericity>beta</anomericity>
        <connected_to>4</connected_to>
        <phi>-76.7743</phi>
        <psi>-111.418</psi>
      </link>
      <detected_type>beta-D-aldopyranose</detected_type>
      <cremer-pople_Q>0.576825</cremer-pople_Q>
      <cremer-pople_Phi>246.556</cremer-pople_Phi>
      <cremer-pople_Theta>38.9764</cremer-pople_Theta>
      <mean_bfactor>38.9764</mean_bfactor>
      <conformation>4c1</conformation>
      <anomer>beta</anomer>
      <hand>D</hand>
      <stacked_against>
      </stacked_against>
      <validation>
        <conformation>yes</conformation>
        <anomer>yes</anomer>
        <hand>yes</hand>
        <puckering>yes</puckering>
      </validation>
    <sugar id="/C/1504(MAN)">
      <link>
        <anomericity>alpha</anomericity>
        <connected_to>6</connected_to>
        <phi>61.3051</phi>
        <psi>-171.226</psi>
        <omega>0</omega>
      </link>
      <detected_type>alpha-D-aldopyranose</detected_type>
      <cremer-pople_Q>0.565644</cremer-pople_Q>
      <cremer-pople_Phi>19.3056</cremer-pople_Phi>
      <cremer-pople_Theta>51.3673</cremer-pople_Theta>
      <mean_bfactor>51.3673</mean_bfactor>
      <conformation>4c1</conformation>
      <anomer>alpha</anomer>
      <hand>D</hand>
      <stacked_against>
      </stacked_against>
      <validation>
        <conformation>yes</conformation>
        <anomer>yes</anomer>
        <hand>yes</hand>
        <puckering>yes</puckering>
      </validation>
    <sugar id="/C/1505(MAN)">
      <link>
        <anomericity>alpha</anomericity>
        <connected_to>3</connected_to>
        <phi>68.1179</phi>
        <psi>126.104</psi>
      </link>
      <detected_type>alpha-D-aldopyranose</detected_type>
      <cremer-pople_Q>0.570542</cremer-pople_Q>
      <cremer-pople_Phi>39.3234</cremer-pople_Phi>
      <cremer-pople_Theta>50.0173</cremer-pople_Theta>
      <mean_bfactor>50.0173</mean_bfactor>
      <conformation>4c1</conformation>
      <anomer>alpha</anomer>
      <hand>D</hand>
      <stacked_against>
      </stacked_against>
      <validation>
        <conformation>yes</conformation>
        <anomer>yes</anomer>
        <hand>yes</hand>
        <puckering>yes</puckering>
      </validation>
    </sugar>
    <sugar id="/C/1506(MAN)">
      <link>
        <anomericity>alpha</anomericity>
        <connected_to>6</connected_to>
        <phi>83.7285</phi>
        <psi>-172.821</psi>
        <omega>180</omega>
      </link>
      <detected_type>alpha-D-aldopyranose</detected_type>
      <cremer-pople_Q>0.571854</cremer-pople_Q>
      <cremer-pople_Phi>95.8126</cremer-pople_Phi>
      <cremer-pople_Theta>61.7309</cremer-pople_Theta>
      <mean_bfactor>61.7309</mean_bfactor>
      <conformation>4c1</conformation>
      <anomer>alpha</anomer>
      <hand>D</hand>
      <stacked_against>
      </stacked_against>
      <validation>
        <conformation>yes</conformation>
        <anomer>yes</anomer>
        <hand>yes</hand>
        <puckering>yes</puckering>
      </validation>
    <sugar id="/C/1507(MAN)">
      <link>
        <anomericity>alpha</anomericity>
        <connected_to>2</connected_to>
        <phi>84.8768</phi>
        <psi>160.917</psi>
      </link>
      <detected_type>alpha-D-aldopyranose</detected_type>
      <cremer-pople_Q>0.566825</cremer-pople_Q>
      <cremer-pople_Phi>88.5027</cremer-pople_Phi>
      <cremer-pople_Theta>57.1636</cremer-pople_Theta>
      <mean_bfactor>57.1636</mean_bfactor>
      <conformation>4c1</conformation>
      <anomer>alpha</anomer>
      <hand>D</hand>
      <stacked_against>
      </stacked_against>
      <validation>
        <conformation>yes</conformation>
        <anomer>yes</anomer>
        <hand>yes</hand>
        <puckering>yes</puckering>
      </validation>
    </sugar>
    </sugar>
    </sugar>
    </sugar>
    </sugar>
    </sugar>
  </glycan>
  <glycan type="n-glycan" root="/C/543(ASN)" chain="C">
    <svg_graphics>
<ns0:svg version="1.1" width="178" height="66" viewBox="2675 980 255 95 " preserveAspectRatio="xMinYMinXMaxYMax meet">

  <ns0:style>
    .my_blue   { fill:#0090bc; }
    .my_red    { fill:#ed1c24; }
    .my_yellow { fill:#ffd400; }
  </ns0:style>
  <ns0:defs>
      <ns0:filter id="displace">
        <ns0:feTurbulence baseFrequency=".05" numOctaves="3" result="myturbulence" />
        <ns0:feDisplacementMap in="SourceGraphic" in2="myturbulence" scale="10" />
      </ns0:filter>

      <ns0:pattern id="half_yellow" x="0" y="0" width="50" height="50" patternUnits="userSpaceOnUse">
        <ns0:rect width="50" height="50" x="0" y="0" style="stroke:none; fill:#ffd400;" />
        <ns0:polygon points="0 0, 0 50, 50 50" rx="0" ry="0" style="stroke:#000000; stroke-width:1.5; fill:#ffffff;" />
      </ns0:pattern>
      <ns0:pattern id="half_blue" x="0" y="0" width="50" height="50" patternUnits="userSpaceOnUse">
        <ns0:rect width="50" height="50" x="0" y="0" style="stroke:none; fill:#0090bc;" />
        <ns0:polygon points="0 0, 0 50, 50 50" rx="0" ry="0" style="stroke:#000000; stroke-width:1.5; fill:#ffffff;" />
      </ns0:pattern>
      <ns0:pattern id="half_green" x="0" y="0" width="50" height="50" patternUnits="userSpaceOnUse">
        <ns0:rect width="50" height="50" x="0" y="0" style="stroke:none; fill:#00a651;" />
        <ns0:polygon points="0 0, 0 50, 50 50" rx="0" ry="0" style="stroke:#000000; stroke-width:1.5; fill:#ffffff;" />
      </ns0:pattern>
      <ns0:pattern id="yellow_left" x="0" y="0" width="50" height="50" patternUnits="userSpaceOnUse">
        <ns0:polygon points="25 0, 50 25, 25 50, 0 25" style="stroke:none; fill:#ffd400;" />
        <ns0:polygon points="25 0, 25 50, 0 25" rx="0" ry="0" style="stroke:#000000; stroke-width:1.5; fill:#ffffff;" />
      </ns0:pattern>
      <ns0:pattern id="blue_up" x="0" y="0" width="50" height="50" patternUnits="userSpaceOnUse">
        <ns0:polygon points="25 0, 50 25, 25 50, 0 25" style="stroke:none; fill:#0090bc;" />
        <ns0:polygon points="0 25, 50 25, 25 50" rx="0" ry="0" style="stroke:#000000; stroke-width:1.5; fill:#ffffff;" />
      </ns0:pattern>
      <ns0:pattern id="green_right" x="0" y="0" width="50" height="50" patternUnits="userSpaceOnUse">
        <ns0:polygon points="25 0, 50 25, 25 50, 0 25" style="stroke:none; fill:#00a651;" />
        <ns0:polygon points="0 25, 25 50, 25 0" rx="0" ry="0" style="stroke:#000000; stroke-width:1.5; fill:#ffffff;" />
      </ns0:pattern>
      <ns0:pattern id="tan_down" x="0" y="0" width="50" height="50" patternUnits="userSpaceOnUse">
        <ns0:polygon points="25 0, 50 25, 25 50, 0 25" style="stroke:none; fill:#966432;" />
        <ns0:polygon points="0 25, 50 25, 25 0" rx="0" ry="0" style="stroke:#000000; stroke-width:1.5; fill:#ffffff;" />
      </ns0:pattern>
<ns0:circle r="25" cx="25" cy="25" id="glc" style=" stroke:#000000; fill:#0090bc;stroke-width:2.8;" />
<ns0:circle r="25" cx="25" cy="25" id="gal" style=" stroke:#000000; fill:#ffd400;stroke-width:2.8;" />
<ns0:circle r="25" cx="25" cy="25" id="man" style=" stroke:#000000; fill:#00a651;stroke-width:2.8;" />
<ns0:polygon points="0 50, 25 0, 50 50" rx="0" ry="0" id="fuc" style=" stroke:#000000; fill:#ed1c24;stroke-width:2.8;" />
<ns0:polygon points="39.5,50 24.5,37.5 9.5,50 14.5,32.5 0,20 19.5,20 24.5,0 29.5,20 50,20 34.5,32.5" rx="0" ry="0" id="xyl" style=" stroke:#000000; fill:#ff7f00;stroke-width:2.8;" />
<ns0:rect width="50" height="50" id="glcnac" style=" stroke:#000000; fill:#0090bc;stroke-width:2.8;" />
<ns0:rect width="50" height="50" id="galnac" style=" stroke:#000000; fill:#ffd400;stroke-width:2.8;" />
<ns0:rect width="50" height="50" id="mannac" style=" stroke:#000000; fill:#00a651;stroke-width:2.8;" />
<ns0:rect width="50" height="50" id="glcn" style=" stroke:#000000; fill: url(#half_blue);stroke-width:2.8;" />
<ns0:rect width="50" height="50" id="galn" style=" stroke:#000000; fill: url(#half_yellow);stroke-width:2.8;" />
<ns0:rect width="50" height="50" id="mann" style=" stroke:#000000; fill: url(#half_green);stroke-width:2.8;" />
<ns0:polygon points="25 0, 50 25, 25 50, 0 25" rx="0" ry="0" id="neu5ac" style=" stroke:#000000; fill:#a54399;stroke-width:2.8;" />
<ns0:polygon points="25 0, 50 25, 25 50, 0 25" rx="0" ry="0" id="neu5gc" style=" stroke:#000000; fill:#8fcce9;stroke-width:2.8;" />
<ns0:polygon points="25 0, 50 25, 25 50, 0 25" rx="0" ry="0" id="kdn" style=" stroke:#000000; fill:#00a651;stroke-width:2.8;" />
<ns0:polygon points="25 0, 50 25, 25 50, 0 25" rx="0" ry="0" id="glca" style=" stroke:#000000; fill: url(#blue_up);stroke-width:2.8;" />
<ns0:polygon points="25 0, 50 25, 25 50, 0 25" rx="0" ry="0" id="idoa" style=" stroke:#000000; fill: url(#tan_down);stroke-width:2.8;" />
<ns0:polygon points="25 0, 50 25, 25 50, 0 25" rx="0" ry="0" id="gala" style=" stroke:#000000; fill: url(#yellow_left);stroke-width:2.8;" />
<ns0:polygon points="25 0, 50 25, 25 50, 0 25" rx="0" ry="0" id="mana" style=" stroke:#000000; fill: url(#green_right);stroke-width:2.8;" />
<ns0:line x1="0" y1="0" x2="110" y2="0" style="stroke:#000000; stroke-width:2; stroke-linecap:round; stroke-dasharray:9,6;" id="alpha" />
<ns0:line x1="0" y1="0" x2="110" y2="0" style="stroke:#000000; stroke-width:2; stroke-linecap:round;" id="beta" />
<ns0:polygon points="25 0, 50 11, 50 38, 25 50, 0 38, 0 11" rx="0" ry="0" id="unk" style=" stroke:#000000; fill:#ffffff;stroke-width:4.0; " />
  </ns0:defs>

<ns0:a id="anchor" ns1:href="mmdb:///C/543" target="_top">  <ns0:use ns1:href="#beta" x="2800" y="1015" id="" transform="rotate(180 2800 1015)"><ns0:title>beta link. Phi: -104.337; Psi: 176.927;</ns0:title></ns0:use>
</ns0:a>
<ns0:a id="anchor" ns1:href="mmdb:///C/543" target="_top">  <ns0:g id="glycan_root" transform="translate(2768 990)">
    <ns0:rect width="160" height="50" rx="10" ry="10" style="stroke:#000000; fill:#ffffff; stroke-width:2.0;" />
    <ns0:line x1="30" y1="0" x2="30" y2="50" style="stroke:#000000; fill:#ffffff; stroke-width:2.0;" />
    <ns0:text x="7" y="32" class="my_blue" font-weight="bold" font-family="Helvetica" font-size="24">N</ns0:text>
    <ns0:text x="92" y="32" fill="black" text-anchor="middle" font-weight="bold" font-family="Helvetica" font-size="24">ASN<ns0:tspan baseline-shift="sub" font-weight="normal" font-size="20">C/543</ns0:tspan></ns0:text>
</ns0:g>
</ns0:a>
<ns0:a id="anchor" ns1:href="mmdb:///C/1601" target="_top">  <ns0:use ns1:href="#glcnac" x="2685" y="990" id=""><ns0:title><ns0:tspan>NAG 1601 in 4c1 conformation. </ns0:tspan><ns0:tspan>Mean B-factor: 49.08. </ns0:tspan><ns0:tspan>Detected type: beta-D-aldopyranose. </ns0:tspan><ns0:tspan>No issues have been detected.</ns0:tspan></ns0:title></ns0:use>
</ns0:a>
</ns0:svg>    </svg_graphics>
    <sugar id="/C/1601(NAG)">
      <link>
        <anomericity>beta</anomericity>
        <connected_to>0</connected_to>
        <phi>-104.337</phi>
        <psi>176.927</psi>
      </link>
      <detected_type>beta-D-aldopyranose</detected_type>
      <cremer-pople_Q>0.545805</cremer-pople_Q>
      <cremer-pople_Phi>252.841</cremer-pople_Phi>
      <cremer-pople_Theta>49.0843</cremer-pople_Theta>
      <mean_bfactor>49.0843</mean_bfactor>
      <conformation>4c1</conformation>
      <anomer>beta</anomer>
      <hand>D</hand>
      <stacked_against>
      </stacked_against>
      <validation>
        <conformation>yes</conformation>
        <anomer>yes</anomer>
        <hand>yes</hand>
        <puckering>yes</puckering>
      </validation>
    </sugar>
  </glycan>
  <glycan type="n-glycan" root="/C/565(ASN)" chain="C">
    <svg_graphics>
<ns0:svg version="1.1" width="402" height="178" viewBox="2355 820 575 255 " preserveAspectRatio="xMinYMinXMaxYMax meet">

  <ns0:style>
    .my_blue   { fill:#0090bc; }
    .my_red    { fill:#ed1c24; }
    .my_yellow { fill:#ffd400; }
  </ns0:style>
  <ns0:defs>
      <ns0:filter id="displace">
        <ns0:feTurbulence baseFrequency=".05" numOctaves="3" result="myturbulence" />
        <ns0:feDisplacementMap in="SourceGraphic" in2="myturbulence" scale="10" />
      </ns0:filter>

      <ns0:pattern id="half_yellow" x="0" y="0" width="50" height="50" patternUnits="userSpaceOnUse">
        <ns0:rect width="50" height="50" x="0" y="0" style="stroke:none; fill:#ffd400;" />
        <ns0:polygon points="0 0, 0 50, 50 50" rx="0" ry="0" style="stroke:#000000; stroke-width:1.5; fill:#ffffff;" />
      </ns0:pattern>
      <ns0:pattern id="half_blue" x="0" y="0" width="50" height="50" patternUnits="userSpaceOnUse">
        <ns0:rect width="50" height="50" x="0" y="0" style="stroke:none; fill:#0090bc;" />
        <ns0:polygon points="0 0, 0 50, 50 50" rx="0" ry="0" style="stroke:#000000; stroke-width:1.5; fill:#ffffff;" />
      </ns0:pattern>
      <ns0:pattern id="half_green" x="0" y="0" width="50" height="50" patternUnits="userSpaceOnUse">
        <ns0:rect width="50" height="50" x="0" y="0" style="stroke:none; fill:#00a651;" />
        <ns0:polygon points="0 0, 0 50, 50 50" rx="0" ry="0" style="stroke:#000000; stroke-width:1.5; fill:#ffffff;" />
      </ns0:pattern>
      <ns0:pattern id="yellow_left" x="0" y="0" width="50" height="50" patternUnits="userSpaceOnUse">
        <ns0:polygon points="25 0, 50 25, 25 50, 0 25" style="stroke:none; fill:#ffd400;" />
        <ns0:polygon points="25 0, 25 50, 0 25" rx="0" ry="0" style="stroke:#000000; stroke-width:1.5; fill:#ffffff;" />
      </ns0:pattern>
      <ns0:pattern id="blue_up" x="0" y="0" width="50" height="50" patternUnits="userSpaceOnUse">
        <ns0:polygon points="25 0, 50 25, 25 50, 0 25" style="stroke:none; fill:#0090bc;" />
        <ns0:polygon points="0 25, 50 25, 25 50" rx="0" ry="0" style="stroke:#000000; stroke-width:1.5; fill:#ffffff;" />
      </ns0:pattern>
      <ns0:pattern id="green_right" x="0" y="0" width="50" height="50" patternUnits="userSpaceOnUse">
        <ns0:polygon points="25 0, 50 25, 25 50, 0 25" style="stroke:none; fill:#00a651;" />
        <ns0:polygon points="0 25, 25 50, 25 0" rx="0" ry="0" style="stroke:#000000; stroke-width:1.5; fill:#ffffff;" />
      </ns0:pattern>
      <ns0:pattern id="tan_down" x="0" y="0" width="50" height="50" patternUnits="userSpaceOnUse">
        <ns0:polygon points="25 0, 50 25, 25 50, 0 25" style="stroke:none; fill:#966432;" />
        <ns0:polygon points="0 25, 50 25, 25 0" rx="0" ry="0" style="stroke:#000000; stroke-width:1.5; fill:#ffffff;" />
      </ns0:pattern>
<ns0:circle r="25" cx="25" cy="25" id="glc" style=" stroke:#000000; fill:#0090bc;stroke-width:2.8;" />
<ns0:circle r="25" cx="25" cy="25" id="gal" style=" stroke:#000000; fill:#ffd400;stroke-width:2.8;" />
<ns0:circle r="25" cx="25" cy="25" id="man" style=" stroke:#000000; fill:#00a651;stroke-width:2.8;" />
<ns0:polygon points="0 50, 25 0, 50 50" rx="0" ry="0" id="fuc" style=" stroke:#000000; fill:#ed1c24;stroke-width:2.8;" />
<ns0:polygon points="39.5,50 24.5,37.5 9.5,50 14.5,32.5 0,20 19.5,20 24.5,0 29.5,20 50,20 34.5,32.5" rx="0" ry="0" id="xyl" style=" stroke:#000000; fill:#ff7f00;stroke-width:2.8;" />
<ns0:rect width="50" height="50" id="glcnac" style=" stroke:#000000; fill:#0090bc;stroke-width:2.8;" />
<ns0:rect width="50" height="50" id="galnac" style=" stroke:#000000; fill:#ffd400;stroke-width:2.8;" />
<ns0:rect width="50" height="50" id="mannac" style=" stroke:#000000; fill:#00a651;stroke-width:2.8;" />
<ns0:rect width="50" height="50" id="glcn" style=" stroke:#000000; fill: url(#half_blue);stroke-width:2.8;" />
<ns0:rect width="50" height="50" id="galn" style=" stroke:#000000; fill: url(#half_yellow);stroke-width:2.8;" />
<ns0:rect width="50" height="50" id="mann" style=" stroke:#000000; fill: url(#half_green);stroke-width:2.8;" />
<ns0:polygon points="25 0, 50 25, 25 50, 0 25" rx="0" ry="0" id="neu5ac" style=" stroke:#000000; fill:#a54399;stroke-width:2.8;" />
<ns0:polygon points="25 0, 50 25, 25 50, 0 25" rx="0" ry="0" id="neu5gc" style=" stroke:#000000; fill:#8fcce9;stroke-width:2.8;" />
<ns0:polygon points="25 0, 50 25, 25 50, 0 25" rx="0" ry="0" id="kdn" style=" stroke:#000000; fill:#00a651;stroke-width:2.8;" />
<ns0:polygon points="25 0, 50 25, 25 50, 0 25" rx="0" ry="0" id="glca" style=" stroke:#000000; fill: url(#blue_up);stroke-width:2.8;" />
<ns0:polygon points="25 0, 50 25, 25 50, 0 25" rx="0" ry="0" id="idoa" style=" stroke:#000000; fill: url(#tan_down);stroke-width:2.8;" />
<ns0:polygon points="25 0, 50 25, 25 50, 0 25" rx="0" ry="0" id="gala" style=" stroke:#000000; fill: url(#yellow_left);stroke-width:2.8;" />
<ns0:polygon points="25 0, 50 25, 25 50, 0 25" rx="0" ry="0" id="mana" style=" stroke:#000000; fill: url(#green_right);stroke-width:2.8;" />
<ns0:line x1="0" y1="0" x2="110" y2="0" style="stroke:#000000; stroke-width:2; stroke-linecap:round; stroke-dasharray:9,6;" id="alpha" />
<ns0:line x1="0" y1="0" x2="110" y2="0" style="stroke:#000000; stroke-width:2; stroke-linecap:round;" id="beta" />
<ns0:polygon points="25 0, 50 11, 50 38, 25 50, 0 38, 0 11" rx="0" ry="0" id="unk" style=" stroke:#000000; fill:#ffffff;stroke-width:4.0; " />
  </ns0:defs>

<ns0:a id="anchor" ns1:href="mmdb:///C/1706" target="_top">  <ns0:use ns1:href="#alpha" x="2390" y="845" id="" transform="rotate(90 2390 845)"><ns0:title>[ alpha 1-2 ] with phi: 68.6122; psi: 144.588;</ns0:title></ns0:use>
</ns0:a>
<ns0:a id="anchor" ns1:href="mmdb:///C/1704" target="_top">  <ns0:use ns1:href="#alpha" x="2470" y="935" id="" transform="rotate(-135 2470 935)"><ns0:title>[ alpha 1-6 ] with phi: 66.7985; psi: 165.982; omega: 0;</ns0:title></ns0:use>
</ns0:a>
<ns0:a id="anchor" ns1:href="mmdb:///C/1704" target="_top">  <ns0:use ns1:href="#alpha" x="2470" y="935" id="" transform="rotate(-225 2470 935)"><ns0:title>[ alpha 1-3 ] with phi: 64.9139; psi: 97.5171;</ns0:title></ns0:use>
</ns0:a>
<ns0:a id="anchor" ns1:href="mmdb:///C/1703" target="_top">  <ns0:use ns1:href="#alpha" x="2550" y="1015" id="" transform="rotate(-135 2550 1015)"><ns0:title>[ alpha 1-6 ] with phi: 43.2694; psi: 169.886; omega: 0;</ns0:title></ns0:use>
</ns0:a>
<ns0:a id="anchor" ns1:href="mmdb:///C/1702" target="_top">  <ns0:use ns1:href="#beta" x="2640" y="1015" id="" transform="rotate(180 2640 1015)"><ns0:title>[ beta 1-4 ] with phi: -92.3849; psi: -113.673;</ns0:title></ns0:use>
</ns0:a>
<ns0:a id="anchor" ns1:href="mmdb:///C/1701" target="_top">  <ns0:use ns1:href="#beta" x="2720" y="1015" id="" transform="rotate(180 2720 1015)"><ns0:title>[ beta 1-4 ] with phi: -78.8745; psi: -123.908;</ns0:title></ns0:use>
</ns0:a>
<ns0:a id="anchor" ns1:href="mmdb:///C/565" target="_top">  <ns0:use ns1:href="#beta" x="2800" y="1015" id="" transform="rotate(180 2800 1015)"><ns0:title>beta link. Phi: -100.24; Psi: 174.45;</ns0:title></ns0:use>
</ns0:a>
<ns0:a id="anchor" ns1:href="mmdb:///C/565" target="_top">  <ns0:g id="glycan_root" transform="translate(2768 990)">
    <ns0:rect width="160" height="50" rx="10" ry="10" style="stroke:#000000; fill:#ffffff; stroke-width:2.0;" />
    <ns0:line x1="30" y1="0" x2="30" y2="50" style="stroke:#000000; fill:#ffffff; stroke-width:2.0;" />
    <ns0:text x="7" y="32" class="my_blue" font-weight="bold" font-family="Helvetica" font-size="24">N</ns0:text>
    <ns0:text x="92" y="32" fill="black" text-anchor="middle" font-weight="bold" font-family="Helvetica" font-size="24">ASN<ns0:tspan baseline-shift="sub" font-weight="normal" font-size="20">C/565</ns0:tspan></ns0:text>
</ns0:g>
</ns0:a>
<ns0:a id="anchor" ns1:href="mmdb:///C/1701" target="_top">  <ns0:use ns1:href="#glcnac" x="2685" y="990" id=""><ns0:title><ns0:tspan>NAG 1701 in 4c1 conformation. </ns0:tspan><ns0:tspan>Mean B-factor: 31.74. </ns0:tspan><ns0:tspan>Detected type: beta-D-aldopyranose. </ns0:tspan><ns0:tspan>No issues have been detected.</ns0:tspan></ns0:title></ns0:use>
</ns0:a>
<ns0:a id="anchor" ns1:href="mmdb:///C/1702" target="_top">  <ns0:use ns1:href="#glcnac" x="2605" y="990" id=""><ns0:title><ns0:tspan>NAG 1702 in 4c1 conformation. </ns0:tspan><ns0:tspan>Mean B-factor: 44.04. </ns0:tspan><ns0:tspan>Detected type: beta-D-aldopyranose. </ns0:tspan><ns0:tspan>No issues have been detected.</ns0:tspan></ns0:title></ns0:use>
</ns0:a>
<ns0:a id="anchor" ns1:href="mmdb:///C/1703" target="_top">  <ns0:use ns1:href="#man" x="2525" y="990" id=""><ns0:title><ns0:tspan>BMA 1703 in 4c1 conformation. </ns0:tspan><ns0:tspan>Mean B-factor: 58.86. </ns0:tspan><ns0:tspan>Detected type: beta-D-aldopyranose. </ns0:tspan><ns0:tspan>No issues have been detected.</ns0:tspan></ns0:title></ns0:use>
</ns0:a>
<ns0:a id="anchor" ns1:href="mmdb:///C/1704" target="_top">  <ns0:use ns1:href="#man" x="2445" y="910" id=""><ns0:title><ns0:tspan>MAN 1704 in 4c1 conformation. </ns0:tspan><ns0:tspan>Mean B-factor: 55.68. </ns0:tspan><ns0:tspan>Detected type: alpha-D-aldopyranose. </ns0:tspan><ns0:tspan>No issues have been detected.</ns0:tspan></ns0:title></ns0:use>
</ns0:a>
<ns0:a id="anchor" ns1:href="mmdb:///C/1705" target="_top">  <ns0:use ns1:href="#man" x="2365" y="990" id=""><ns0:title><ns0:tspan>MAN 1705 in 4c1 conformation. </ns0:tspan><ns0:tspan>Mean B-factor: 54.93. </ns0:tspan><ns0:tspan>Detected type: alpha-D-aldopyranose. </ns0:tspan><ns0:tspan>No issues have been detected.</ns0:tspan></ns0:title></ns0:use>
</ns0:a>
<ns0:a id="anchor" ns1:href="mmdb:///C/1706" target="_top">  <ns0:use ns1:href="#man" x="2365" y="830" id=""><ns0:title><ns0:tspan>MAN 1706 in 4c1 conformation. </ns0:tspan><ns0:tspan>Mean B-factor: 47.96. </ns0:tspan><ns0:tspan>Detected type: alpha-D-aldopyranose. </ns0:tspan><ns0:tspan>No issues have been detected.</ns0:tspan></ns0:title></ns0:use>
</ns0:a>
<ns0:a id="anchor" ns1:href="mmdb:///C/1707" target="_top">  <ns0:use ns1:href="#man" x="2365" y="910" id=""><ns0:title><ns0:tspan>MAN 1707 in 4c1 conformation. </ns0:tspan><ns0:tspan>Mean B-factor: 39.18. </ns0:tspan><ns0:tspan>Detected type: alpha-D-aldopyranose. </ns0:tspan><ns0:tspan>No issues have been detected.</ns0:tspan></ns0:title></ns0:use>
</ns0:a>
</ns0:svg>    </svg_graphics>
    <sugar id="/C/1701(NAG)">
      <link>
        <anomericity>beta</anomericity>
        <connected_to>0</connected_to>
        <phi>-100.24</phi>
        <psi>174.45</psi>
      </link>
      <detected_type>beta-D-aldopyranose</detected_type>
      <cremer-pople_Q>0.542144</cremer-pople_Q>
      <cremer-pople_Phi>291.422</cremer-pople_Phi>
      <cremer-pople_Theta>31.7386</cremer-pople_Theta>
      <mean_bfactor>31.7386</mean_bfactor>
      <conformation>4c1</conformation>
      <anomer>beta</anomer>
      <hand>D</hand>
      <stacked_against>
      </stacked_against>
      <validation>
        <conformation>yes</conformation>
        <anomer>yes</anomer>
        <hand>yes</hand>
        <puckering>yes</puckering>
      </validation>
    <sugar id="/C/1702(NAG)">
      <link>
        <anomericity>beta</anomericity>
        <connected_to>4</connected_to>
        <phi>-78.8745</phi>
        <psi>-123.908</psi>
      </link>
      <detected_type>beta-D-aldopyranose</detected_type>
      <cremer-pople_Q>0.543602</cremer-pople_Q>
      <cremer-pople_Phi>317.613</cremer-pople_Phi>
      <cremer-pople_Theta>44.0386</cremer-pople_Theta>
      <mean_bfactor>44.0386</mean_bfactor>
      <conformation>4c1</conformation>
      <anomer>beta</anomer>
      <hand>D</hand>
      <stacked_against>
      </stacked_against>
      <validation>
        <conformation>yes</conformation>
        <anomer>yes</anomer>
        <hand>yes</hand>
        <puckering>yes</puckering>
      </validation>
    <sugar id="/C/1703(BMA)">
      <link>
        <anomericity>beta</anomericity>
        <connected_to>4</connected_to>
        <phi>-92.3849</phi>
        <psi>-113.673</psi>
      </link>
      <detected_type>beta-D-aldopyranose</detected_type>
      <cremer-pople_Q>0.566631</cremer-pople_Q>
      <cremer-pople_Phi>294.565</cremer-pople_Phi>
      <cremer-pople_Theta>58.8627</cremer-pople_Theta>
      <mean_bfactor>58.8627</mean_bfactor>
      <conformation>4c1</conformation>
      <anomer>beta</anomer>
      <hand>D</hand>
      <stacked_against>
      </stacked_against>
      <validation>
        <conformation>yes</conformation>
        <anomer>yes</anomer>
        <hand>yes</hand>
        <puckering>yes</puckering>
      </validation>
    <sugar id="/C/1704(MAN)">
      <link>
        <anomericity>alpha</anomericity>
        <connected_to>6</connected_to>
        <phi>43.2694</phi>
        <psi>169.886</psi>
        <omega>0</omega>
      </link>
      <detected_type>alpha-D-aldopyranose</detected_type>
      <cremer-pople_Q>0.571272</cremer-pople_Q>
      <cremer-pople_Phi>54.2897</cremer-pople_Phi>
      <cremer-pople_Theta>55.6764</cremer-pople_Theta>
      <mean_bfactor>55.6764</mean_bfactor>
      <conformation>4c1</conformation>
      <anomer>alpha</anomer>
      <hand>D</hand>
      <stacked_against>
      </stacked_against>
      <validation>
        <conformation>yes</conformation>
        <anomer>yes</anomer>
        <hand>yes</hand>
        <puckering>yes</puckering>
      </validation>
    <sugar id="/C/1705(MAN)">
      <link>
        <anomericity>alpha</anomericity>
        <connected_to>3</connected_to>
        <phi>64.9139</phi>
        <psi>97.5171</psi>
      </link>
      <detected_type>alpha-D-aldopyranose</detected_type>
      <cremer-pople_Q>0.567763</cremer-pople_Q>
      <cremer-pople_Phi>350.056</cremer-pople_Phi>
      <cremer-pople_Theta>54.93</cremer-pople_Theta>
      <mean_bfactor>54.93</mean_bfactor>
      <conformation>4c1</conformation>
      <anomer>alpha</anomer>
      <hand>D</hand>
      <stacked_against>
      </stacked_against>
      <validation>
        <conformation>yes</conformation>
        <anomer>yes</anomer>
        <hand>yes</hand>
        <puckering>yes</puckering>
      </validation>
    </sugar>
    <sugar id="/C/1706(MAN)">
      <link>
        <anomericity>alpha</anomericity>
        <connected_to>6</connected_to>
        <phi>66.7985</phi>
        <psi>165.982</psi>
        <omega>0</omega>
      </link>
      <detected_type>alpha-D-aldopyranose</detected_type>
      <cremer-pople_Q>0.565663</cremer-pople_Q>
      <cremer-pople_Phi>33.5443</cremer-pople_Phi>
      <cremer-pople_Theta>47.9645</cremer-pople_Theta>
      <mean_bfactor>47.9645</mean_bfactor>
      <conformation>4c1</conformation>
      <anomer>alpha</anomer>
      <hand>D</hand>
      <stacked_against>
      </stacked_against>
      <validation>
        <conformation>yes</conformation>
        <anomer>yes</anomer>
        <hand>yes</hand>
        <puckering>yes</puckering>
      </validation>
    <sugar id="/C/1707(MAN)">
      <link>
        <anomericity>alpha</anomericity>
        <connected_to>2</connected_to>
        <phi>68.6122</phi>
        <psi>144.588</psi>
      </link>
      <detected_type>alpha-D-aldopyranose</detected_type>
      <cremer-pople_Q>0.567026</cremer-pople_Q>
      <cremer-pople_Phi>151.391</cremer-pople_Phi>
      <cremer-pople_Theta>39.1818</cremer-pople_Theta>
      <mean_bfactor>39.1818</mean_bfactor>
      <conformation>4c1</conformation>
      <anomer>alpha</anomer>
      <hand>D</hand>
      <stacked_against>
      </stacked_against>
      <validation>
        <conformation>yes</conformation>
        <anomer>yes</anomer>
        <hand>yes</hand>
        <puckering>yes</puckering>
      </validation>
    </sugar>
    </sugar>
    </sugar>
    </sugar>
    </sugar>
    </sugar>
  </glycan>
  <glycan type="n-glycan" root="/C/713(ASN)" chain="C">
    <svg_graphics>
<ns0:svg version="1.1" width="234" height="66" viewBox="2595 980 335 95 " preserveAspectRatio="xMinYMinXMaxYMax meet">

  <ns0:style>
    .my_blue   { fill:#0090bc; }
    .my_red    { fill:#ed1c24; }
    .my_yellow { fill:#ffd400; }
  </ns0:style>
  <ns0:defs>
      <ns0:filter id="displace">
        <ns0:feTurbulence baseFrequency=".05" numOctaves="3" result="myturbulence" />
        <ns0:feDisplacementMap in="SourceGraphic" in2="myturbulence" scale="10" />
      </ns0:filter>

      <ns0:pattern id="half_yellow" x="0" y="0" width="50" height="50" patternUnits="userSpaceOnUse">
        <ns0:rect width="50" height="50" x="0" y="0" style="stroke:none; fill:#ffd400;" />
        <ns0:polygon points="0 0, 0 50, 50 50" rx="0" ry="0" style="stroke:#000000; stroke-width:1.5; fill:#ffffff;" />
      </ns0:pattern>
      <ns0:pattern id="half_blue" x="0" y="0" width="50" height="50" patternUnits="userSpaceOnUse">
        <ns0:rect width="50" height="50" x="0" y="0" style="stroke:none; fill:#0090bc;" />
        <ns0:polygon points="0 0, 0 50, 50 50" rx="0" ry="0" style="stroke:#000000; stroke-width:1.5; fill:#ffffff;" />
      </ns0:pattern>
      <ns0:pattern id="half_green" x="0" y="0" width="50" height="50" patternUnits="userSpaceOnUse">
        <ns0:rect width="50" height="50" x="0" y="0" style="stroke:none; fill:#00a651;" />
        <ns0:polygon points="0 0, 0 50, 50 50" rx="0" ry="0" style="stroke:#000000; stroke-width:1.5; fill:#ffffff;" />
      </ns0:pattern>
      <ns0:pattern id="yellow_left" x="0" y="0" width="50" height="50" patternUnits="userSpaceOnUse">
        <ns0:polygon points="25 0, 50 25, 25 50, 0 25" style="stroke:none; fill:#ffd400;" />
        <ns0:polygon points="25 0, 25 50, 0 25" rx="0" ry="0" style="stroke:#000000; stroke-width:1.5; fill:#ffffff;" />
      </ns0:pattern>
      <ns0:pattern id="blue_up" x="0" y="0" width="50" height="50" patternUnits="userSpaceOnUse">
        <ns0:polygon points="25 0, 50 25, 25 50, 0 25" style="stroke:none; fill:#0090bc;" />
        <ns0:polygon points="0 25, 50 25, 25 50" rx="0" ry="0" style="stroke:#000000; stroke-width:1.5; fill:#ffffff;" />
      </ns0:pattern>
      <ns0:pattern id="green_right" x="0" y="0" width="50" height="50" patternUnits="userSpaceOnUse">
        <ns0:polygon points="25 0, 50 25, 25 50, 0 25" style="stroke:none; fill:#00a651;" />
        <ns0:polygon points="0 25, 25 50, 25 0" rx="0" ry="0" style="stroke:#000000; stroke-width:1.5; fill:#ffffff;" />
      </ns0:pattern>
      <ns0:pattern id="tan_down" x="0" y="0" width="50" height="50" patternUnits="userSpaceOnUse">
        <ns0:polygon points="25 0, 50 25, 25 50, 0 25" style="stroke:none; fill:#966432;" />
        <ns0:polygon points="0 25, 50 25, 25 0" rx="0" ry="0" style="stroke:#000000; stroke-width:1.5; fill:#ffffff;" />
      </ns0:pattern>
<ns0:circle r="25" cx="25" cy="25" id="glc" style=" stroke:#000000; fill:#0090bc;stroke-width:2.8;" />
<ns0:circle r="25" cx="25" cy="25" id="gal" style=" stroke:#000000; fill:#ffd400;stroke-width:2.8;" />
<ns0:circle r="25" cx="25" cy="25" id="man" style=" stroke:#000000; fill:#00a651;stroke-width:2.8;" />
<ns0:polygon points="0 50, 25 0, 50 50" rx="0" ry="0" id="fuc" style=" stroke:#000000; fill:#ed1c24;stroke-width:2.8;" />
<ns0:polygon points="39.5,50 24.5,37.5 9.5,50 14.5,32.5 0,20 19.5,20 24.5,0 29.5,20 50,20 34.5,32.5" rx="0" ry="0" id="xyl" style=" stroke:#000000; fill:#ff7f00;stroke-width:2.8;" />
<ns0:rect width="50" height="50" id="glcnac" style=" stroke:#000000; fill:#0090bc;stroke-width:2.8;" />
<ns0:rect width="50" height="50" id="galnac" style=" stroke:#000000; fill:#ffd400;stroke-width:2.8;" />
<ns0:rect width="50" height="50" id="mannac" style=" stroke:#000000; fill:#00a651;stroke-width:2.8;" />
<ns0:rect width="50" height="50" id="glcn" style=" stroke:#000000; fill: url(#half_blue);stroke-width:2.8;" />
<ns0:rect width="50" height="50" id="galn" style=" stroke:#000000; fill: url(#half_yellow);stroke-width:2.8;" />
<ns0:rect width="50" height="50" id="mann" style=" stroke:#000000; fill: url(#half_green);stroke-width:2.8;" />
<ns0:polygon points="25 0, 50 25, 25 50, 0 25" rx="0" ry="0" id="neu5ac" style=" stroke:#000000; fill:#a54399;stroke-width:2.8;" />
<ns0:polygon points="25 0, 50 25, 25 50, 0 25" rx="0" ry="0" id="neu5gc" style=" stroke:#000000; fill:#8fcce9;stroke-width:2.8;" />
<ns0:polygon points="25 0, 50 25, 25 50, 0 25" rx="0" ry="0" id="kdn" style=" stroke:#000000; fill:#00a651;stroke-width:2.8;" />
<ns0:polygon points="25 0, 50 25, 25 50, 0 25" rx="0" ry="0" id="glca" style=" stroke:#000000; fill: url(#blue_up);stroke-width:2.8;" />
<ns0:polygon points="25 0, 50 25, 25 50, 0 25" rx="0" ry="0" id="idoa" style=" stroke:#000000; fill: url(#tan_down);stroke-width:2.8;" />
<ns0:polygon points="25 0, 50 25, 25 50, 0 25" rx="0" ry="0" id="gala" style=" stroke:#000000; fill: url(#yellow_left);stroke-width:2.8;" />
<ns0:polygon points="25 0, 50 25, 25 50, 0 25" rx="0" ry="0" id="mana" style=" stroke:#000000; fill: url(#green_right);stroke-width:2.8;" />
<ns0:line x1="0" y1="0" x2="110" y2="0" style="stroke:#000000; stroke-width:2; stroke-linecap:round; stroke-dasharray:9,6;" id="alpha" />
<ns0:line x1="0" y1="0" x2="110" y2="0" style="stroke:#000000; stroke-width:2; stroke-linecap:round;" id="beta" />
<ns0:polygon points="25 0, 50 11, 50 38, 25 50, 0 38, 0 11" rx="0" ry="0" id="unk" style=" stroke:#000000; fill:#ffffff;stroke-width:4.0; " />
  </ns0:defs>

<ns0:a id="anchor" ns1:href="mmdb:///C/1801" target="_top">  <ns0:use ns1:href="#beta" x="2720" y="1015" id="" transform="rotate(180 2720 1015)"><ns0:title>[ beta 1-4 ] with phi: -73.1991; psi: -103.345;</ns0:title></ns0:use>
</ns0:a>
<ns0:a id="anchor" ns1:href="mmdb:///C/713" target="_top">  <ns0:use ns1:href="#beta" x="2800" y="1015" id="" transform="rotate(180 2800 1015)"><ns0:title>beta link. Phi: -74.4967; Psi: 179.937;</ns0:title></ns0:use>
</ns0:a>
<ns0:a id="anchor" ns1:href="mmdb:///C/713" target="_top">  <ns0:g id="glycan_root" transform="translate(2768 990)">
    <ns0:rect width="160" height="50" rx="10" ry="10" style="stroke:#000000; fill:#ffffff; stroke-width:2.0;" />
    <ns0:line x1="30" y1="0" x2="30" y2="50" style="stroke:#000000; fill:#ffffff; stroke-width:2.0;" />
    <ns0:text x="7" y="32" class="my_blue" font-weight="bold" font-family="Helvetica" font-size="24">N</ns0:text>
    <ns0:text x="92" y="32" fill="black" text-anchor="middle" font-weight="bold" font-family="Helvetica" font-size="24">ASN<ns0:tspan baseline-shift="sub" font-weight="normal" font-size="20">C/713</ns0:tspan></ns0:text>
</ns0:g>
</ns0:a>
<ns0:a id="anchor" ns1:href="mmdb:///C/1801" target="_top">  <ns0:use ns1:href="#glcnac" x="2685" y="990" id=""><ns0:title><ns0:tspan>NAG 1801 in 4c1 conformation. </ns0:tspan><ns0:tspan>Mean B-factor: 39.27. </ns0:tspan><ns0:tspan>Detected type: beta-D-aldopyranose. </ns0:tspan><ns0:tspan>No issues have been detected.</ns0:tspan></ns0:title></ns0:use>
</ns0:a>
<ns0:a id="anchor" ns1:href="mmdb:///C/1802" target="_top">  <ns0:use ns1:href="#glcnac" x="2605" y="990" id=""><ns0:title><ns0:tspan>NAG 1802 in 4c1 conformation. </ns0:tspan><ns0:tspan>Mean B-factor: 27.47. </ns0:tspan><ns0:tspan>Detected type: beta-D-aldopyranose. </ns0:tspan><ns0:tspan>No issues have been detected.</ns0:tspan></ns0:title></ns0:use>
</ns0:a>
</ns0:svg>    </svg_graphics>
    <sugar id="/C/1801(NAG)">
      <link>
        <anomericity>beta</anomericity>
        <connected_to>0</connected_to>
        <phi>-74.4967</phi>
        <psi>179.937</psi>
      </link>
      <detected_type>beta-D-aldopyranose</detected_type>
      <cremer-pople_Q>0.537245</cremer-pople_Q>
      <cremer-pople_Phi>261.698</cremer-pople_Phi>
      <cremer-pople_Theta>39.27</cremer-pople_Theta>
      <mean_bfactor>39.27</mean_bfactor>
      <conformation>4c1</conformation>
      <anomer>beta</anomer>
      <hand>D</hand>
      <stacked_against>
      </stacked_against>
      <validation>
        <conformation>yes</conformation>
        <anomer>yes</anomer>
        <hand>yes</hand>
        <puckering>yes</puckering>
      </validation>
    <sugar id="/C/1802(NAG)">
      <link>
        <anomericity>beta</anomericity>
        <connected_to>4</connected_to>
        <phi>-73.1991</phi>
        <psi>-103.345</psi>
      </link>
      <detected_type>beta-D-aldopyranose</detected_type>
      <cremer-pople_Q>0.541206</cremer-pople_Q>
      <cremer-pople_Phi>287.547</cremer-pople_Phi>
      <cremer-pople_Theta>27.4743</cremer-pople_Theta>
      <mean_bfactor>27.4743</mean_bfactor>
      <conformation>4c1</conformation>
      <anomer>beta</anomer>
      <hand>D</hand>
      <stacked_against>
      </stacked_against>
      <validation>
        <conformation>yes</conformation>
        <anomer>yes</anomer>
        <hand>yes</hand>
        <puckering>yes</puckering>
      </validation>
    </sugar>
    </sugar>
  </glycan>
  <glycan type="n-glycan" root="/D/62(ASN)" chain="D">
    <svg_graphics>
<ns0:svg version="1.1" width="234" height="66" viewBox="2595 980 335 95 " preserveAspectRatio="xMinYMinXMaxYMax meet">

  <ns0:style>
    .my_blue   { fill:#0090bc; }
    .my_red    { fill:#ed1c24; }
    .my_yellow { fill:#ffd400; }
  </ns0:style>
  <ns0:defs>
      <ns0:filter id="displace">
        <ns0:feTurbulence baseFrequency=".05" numOctaves="3" result="myturbulence" />
        <ns0:feDisplacementMap in="SourceGraphic" in2="myturbulence" scale="10" />
      </ns0:filter>

      <ns0:pattern id="half_yellow" x="0" y="0" width="50" height="50" patternUnits="userSpaceOnUse">
        <ns0:rect width="50" height="50" x="0" y="0" style="stroke:none; fill:#ffd400;" />
        <ns0:polygon points="0 0, 0 50, 50 50" rx="0" ry="0" style="stroke:#000000; stroke-width:1.5; fill:#ffffff;" />
      </ns0:pattern>
      <ns0:pattern id="half_blue" x="0" y="0" width="50" height="50" patternUnits="userSpaceOnUse">
        <ns0:rect width="50" height="50" x="0" y="0" style="stroke:none; fill:#0090bc;" />
        <ns0:polygon points="0 0, 0 50, 50 50" rx="0" ry="0" style="stroke:#000000; stroke-width:1.5; fill:#ffffff;" />
      </ns0:pattern>
      <ns0:pattern id="half_green" x="0" y="0" width="50" height="50" patternUnits="userSpaceOnUse">
        <ns0:rect width="50" height="50" x="0" y="0" style="stroke:none; fill:#00a651;" />
        <ns0:polygon points="0 0, 0 50, 50 50" rx="0" ry="0" style="stroke:#000000; stroke-width:1.5; fill:#ffffff;" />
      </ns0:pattern>
      <ns0:pattern id="yellow_left" x="0" y="0" width="50" height="50" patternUnits="userSpaceOnUse">
        <ns0:polygon points="25 0, 50 25, 25 50, 0 25" style="stroke:none; fill:#ffd400;" />
        <ns0:polygon points="25 0, 25 50, 0 25" rx="0" ry="0" style="stroke:#000000; stroke-width:1.5; fill:#ffffff;" />
      </ns0:pattern>
      <ns0:pattern id="blue_up" x="0" y="0" width="50" height="50" patternUnits="userSpaceOnUse">
        <ns0:polygon points="25 0, 50 25, 25 50, 0 25" style="stroke:none; fill:#0090bc;" />
        <ns0:polygon points="0 25, 50 25, 25 50" rx="0" ry="0" style="stroke:#000000; stroke-width:1.5; fill:#ffffff;" />
      </ns0:pattern>
      <ns0:pattern id="green_right" x="0" y="0" width="50" height="50" patternUnits="userSpaceOnUse">
        <ns0:polygon points="25 0, 50 25, 25 50, 0 25" style="stroke:none; fill:#00a651;" />
        <ns0:polygon points="0 25, 25 50, 25 0" rx="0" ry="0" style="stroke:#000000; stroke-width:1.5; fill:#ffffff;" />
      </ns0:pattern>
      <ns0:pattern id="tan_down" x="0" y="0" width="50" height="50" patternUnits="userSpaceOnUse">
        <ns0:polygon points="25 0, 50 25, 25 50, 0 25" style="stroke:none; fill:#966432;" />
        <ns0:polygon points="0 25, 50 25, 25 0" rx="0" ry="0" style="stroke:#000000; stroke-width:1.5; fill:#ffffff;" />
      </ns0:pattern>
<ns0:circle r="25" cx="25" cy="25" id="glc" style=" stroke:#000000; fill:#0090bc;stroke-width:2.8;" />
<ns0:circle r="25" cx="25" cy="25" id="gal" style=" stroke:#000000; fill:#ffd400;stroke-width:2.8;" />
<ns0:circle r="25" cx="25" cy="25" id="man" style=" stroke:#000000; fill:#00a651;stroke-width:2.8;" />
<ns0:polygon points="0 50, 25 0, 50 50" rx="0" ry="0" id="fuc" style=" stroke:#000000; fill:#ed1c24;stroke-width:2.8;" />
<ns0:polygon points="39.5,50 24.5,37.5 9.5,50 14.5,32.5 0,20 19.5,20 24.5,0 29.5,20 50,20 34.5,32.5" rx="0" ry="0" id="xyl" style=" stroke:#000000; fill:#ff7f00;stroke-width:2.8;" />
<ns0:rect width="50" height="50" id="glcnac" style=" stroke:#000000; fill:#0090bc;stroke-width:2.8;" />
<ns0:rect width="50" height="50" id="galnac" style=" stroke:#000000; fill:#ffd400;stroke-width:2.8;" />
<ns0:rect width="50" height="50" id="mannac" style=" stroke:#000000; fill:#00a651;stroke-width:2.8;" />
<ns0:rect width="50" height="50" id="glcn" style=" stroke:#000000; fill: url(#half_blue);stroke-width:2.8;" />
<ns0:rect width="50" height="50" id="galn" style=" stroke:#000000; fill: url(#half_yellow);stroke-width:2.8;" />
<ns0:rect width="50" height="50" id="mann" style=" stroke:#000000; fill: url(#half_green);stroke-width:2.8;" />
<ns0:polygon points="25 0, 50 25, 25 50, 0 25" rx="0" ry="0" id="neu5ac" style=" stroke:#000000; fill:#a54399;stroke-width:2.8;" />
<ns0:polygon points="25 0, 50 25, 25 50, 0 25" rx="0" ry="0" id="neu5gc" style=" stroke:#000000; fill:#8fcce9;stroke-width:2.8;" />
<ns0:polygon points="25 0, 50 25, 25 50, 0 25" rx="0" ry="0" id="kdn" style=" stroke:#000000; fill:#00a651;stroke-width:2.8;" />
<ns0:polygon points="25 0, 50 25, 25 50, 0 25" rx="0" ry="0" id="glca" style=" stroke:#000000; fill: url(#blue_up);stroke-width:2.8;" />
<ns0:polygon points="25 0, 50 25, 25 50, 0 25" rx="0" ry="0" id="idoa" style=" stroke:#000000; fill: url(#tan_down);stroke-width:2.8;" />
<ns0:polygon points="25 0, 50 25, 25 50, 0 25" rx="0" ry="0" id="gala" style=" stroke:#000000; fill: url(#yellow_left);stroke-width:2.8;" />
<ns0:polygon points="25 0, 50 25, 25 50, 0 25" rx="0" ry="0" id="mana" style=" stroke:#000000; fill: url(#green_right);stroke-width:2.8;" />
<ns0:line x1="0" y1="0" x2="110" y2="0" style="stroke:#000000; stroke-width:2; stroke-linecap:round; stroke-dasharray:9,6;" id="alpha" />
<ns0:line x1="0" y1="0" x2="110" y2="0" style="stroke:#000000; stroke-width:2; stroke-linecap:round;" id="beta" />
<ns0:polygon points="25 0, 50 11, 50 38, 25 50, 0 38, 0 11" rx="0" ry="0" id="unk" style=" stroke:#000000; fill:#ffffff;stroke-width:4.0; " />
  </ns0:defs>

<ns0:a id="anchor" ns1:href="mmdb:///D/1001" target="_top">  <ns0:use ns1:href="#beta" x="2720" y="1015" id="" transform="rotate(180 2720 1015)"><ns0:title>[ beta 1-4 ] with phi: -69.9656; psi: -140.782;</ns0:title></ns0:use>
</ns0:a>
<ns0:a id="anchor" ns1:href="mmdb:///D/62" target="_top">  <ns0:use ns1:href="#beta" x="2800" y="1015" id="" transform="rotate(180 2800 1015)"><ns0:title>beta link. Phi: -78.2492; Psi: 180.278;</ns0:title></ns0:use>
</ns0:a>
<ns0:a id="anchor" ns1:href="mmdb:///D/62" target="_top">  <ns0:g id="glycan_root" transform="translate(2768 990)">
    <ns0:rect width="160" height="50" rx="10" ry="10" style="stroke:#000000; fill:#ffffff; stroke-width:2.0;" />
    <ns0:line x1="30" y1="0" x2="30" y2="50" style="stroke:#000000; fill:#ffffff; stroke-width:2.0;" />
    <ns0:text x="7" y="32" class="my_blue" font-weight="bold" font-family="Helvetica" font-size="24">N</ns0:text>
    <ns0:text x="92" y="32" fill="black" text-anchor="middle" font-weight="bold" font-family="Helvetica" font-size="24">ASN<ns0:tspan baseline-shift="sub" font-weight="normal" font-size="20">D/62</ns0:tspan></ns0:text>
</ns0:g>
</ns0:a>
<ns0:a id="anchor" ns1:href="mmdb:///D/1001" target="_top">  <ns0:use ns1:href="#glcnac" x="2685" y="990" id=""><ns0:title><ns0:tspan>NAG 1001 in 4c1 conformation. </ns0:tspan><ns0:tspan>Mean B-factor: 44.26. </ns0:tspan><ns0:tspan>Detected type: beta-D-aldopyranose. </ns0:tspan><ns0:tspan>No issues have been detected.</ns0:tspan></ns0:title></ns0:use>
</ns0:a>
<ns0:a id="anchor" ns1:href="mmdb:///D/1002" target="_top">  <ns0:use ns1:href="#glcnac" x="2605" y="990" id=""><ns0:title><ns0:tspan>NAG 1002 in 4c1 conformation. </ns0:tspan><ns0:tspan>Mean B-factor: 55.57. </ns0:tspan><ns0:tspan>Detected type: beta-D-aldopyranose. </ns0:tspan><ns0:tspan>No issues have been detected.</ns0:tspan></ns0:title></ns0:use>
</ns0:a>
</ns0:svg>    </svg_graphics>
    <sugar id="/D/1001(NAG)">
      <link>
        <anomericity>beta</anomericity>
        <connected_to>0</connected_to>
        <phi>-78.2492</phi>
        <psi>180.278</psi>
      </link>
      <detected_type>beta-D-aldopyranose</detected_type>
      <cremer-pople_Q>0.530965</cremer-pople_Q>
      <cremer-pople_Phi>294.527</cremer-pople_Phi>
      <cremer-pople_Theta>44.2586</cremer-pople_Theta>
      <mean_bfactor>44.2586</mean_bfactor>
      <conformation>4c1</conformation>
      <anomer>beta</anomer>
      <hand>D</hand>
      <stacked_against>
      </stacked_against>
      <validation>
        <conformation>yes</conformation>
        <anomer>yes</anomer>
        <hand>yes</hand>
        <puckering>yes</puckering>
      </validation>
    <sugar id="/D/1002(NAG)">
      <link>
        <anomericity>beta</anomericity>
        <connected_to>4</connected_to>
        <phi>-69.9656</phi>
        <psi>-140.782</psi>
      </link>
      <detected_type>beta-D-aldopyranose</detected_type>
      <cremer-pople_Q>0.572456</cremer-pople_Q>
      <cremer-pople_Phi>340.209</cremer-pople_Phi>
      <cremer-pople_Theta>55.5721</cremer-pople_Theta>
      <mean_bfactor>55.5721</mean_bfactor>
      <conformation>4c1</conformation>
      <anomer>beta</anomer>
      <hand>D</hand>
      <stacked_against>
      </stacked_against>
      <validation>
        <conformation>yes</conformation>
        <anomer>yes</anomer>
        <hand>yes</hand>
        <puckering>yes</puckering>
      </validation>
    </sugar>
    </sugar>
  </glycan>
  <glycan type="n-glycan" root="/D/253(ASN)" chain="D">
    <svg_graphics>
<ns0:svg version="1.1" width="234" height="66" viewBox="2595 980 335 95 " preserveAspectRatio="xMinYMinXMaxYMax meet">

  <ns0:style>
    .my_blue   { fill:#0090bc; }
    .my_red    { fill:#ed1c24; }
    .my_yellow { fill:#ffd400; }
  </ns0:style>
  <ns0:defs>
      <ns0:filter id="displace">
        <ns0:feTurbulence baseFrequency=".05" numOctaves="3" result="myturbulence" />
        <ns0:feDisplacementMap in="SourceGraphic" in2="myturbulence" scale="10" />
      </ns0:filter>

      <ns0:pattern id="half_yellow" x="0" y="0" width="50" height="50" patternUnits="userSpaceOnUse">
        <ns0:rect width="50" height="50" x="0" y="0" style="stroke:none; fill:#ffd400;" />
        <ns0:polygon points="0 0, 0 50, 50 50" rx="0" ry="0" style="stroke:#000000; stroke-width:1.5; fill:#ffffff;" />
      </ns0:pattern>
      <ns0:pattern id="half_blue" x="0" y="0" width="50" height="50" patternUnits="userSpaceOnUse">
        <ns0:rect width="50" height="50" x="0" y="0" style="stroke:none; fill:#0090bc;" />
        <ns0:polygon points="0 0, 0 50, 50 50" rx="0" ry="0" style="stroke:#000000; stroke-width:1.5; fill:#ffffff;" />
      </ns0:pattern>
      <ns0:pattern id="half_green" x="0" y="0" width="50" height="50" patternUnits="userSpaceOnUse">
        <ns0:rect width="50" height="50" x="0" y="0" style="stroke:none; fill:#00a651;" />
        <ns0:polygon points="0 0, 0 50, 50 50" rx="0" ry="0" style="stroke:#000000; stroke-width:1.5; fill:#ffffff;" />
      </ns0:pattern>
      <ns0:pattern id="yellow_left" x="0" y="0" width="50" height="50" patternUnits="userSpaceOnUse">
        <ns0:polygon points="25 0, 50 25, 25 50, 0 25" style="stroke:none; fill:#ffd400;" />
        <ns0:polygon points="25 0, 25 50, 0 25" rx="0" ry="0" style="stroke:#000000; stroke-width:1.5; fill:#ffffff;" />
      </ns0:pattern>
      <ns0:pattern id="blue_up" x="0" y="0" width="50" height="50" patternUnits="userSpaceOnUse">
        <ns0:polygon points="25 0, 50 25, 25 50, 0 25" style="stroke:none; fill:#0090bc;" />
        <ns0:polygon points="0 25, 50 25, 25 50" rx="0" ry="0" style="stroke:#000000; stroke-width:1.5; fill:#ffffff;" />
      </ns0:pattern>
      <ns0:pattern id="green_right" x="0" y="0" width="50" height="50" patternUnits="userSpaceOnUse">
        <ns0:polygon points="25 0, 50 25, 25 50, 0 25" style="stroke:none; fill:#00a651;" />
        <ns0:polygon points="0 25, 25 50, 25 0" rx="0" ry="0" style="stroke:#000000; stroke-width:1.5; fill:#ffffff;" />
      </ns0:pattern>
      <ns0:pattern id="tan_down" x="0" y="0" width="50" height="50" patternUnits="userSpaceOnUse">
        <ns0:polygon points="25 0, 50 25, 25 50, 0 25" style="stroke:none; fill:#966432;" />
        <ns0:polygon points="0 25, 50 25, 25 0" rx="0" ry="0" style="stroke:#000000; stroke-width:1.5; fill:#ffffff;" />
      </ns0:pattern>
<ns0:circle r="25" cx="25" cy="25" id="glc" style=" stroke:#000000; fill:#0090bc;stroke-width:2.8;" />
<ns0:circle r="25" cx="25" cy="25" id="gal" style=" stroke:#000000; fill:#ffd400;stroke-width:2.8;" />
<ns0:circle r="25" cx="25" cy="25" id="man" style=" stroke:#000000; fill:#00a651;stroke-width:2.8;" />
<ns0:polygon points="0 50, 25 0, 50 50" rx="0" ry="0" id="fuc" style=" stroke:#000000; fill:#ed1c24;stroke-width:2.8;" />
<ns0:polygon points="39.5,50 24.5,37.5 9.5,50 14.5,32.5 0,20 19.5,20 24.5,0 29.5,20 50,20 34.5,32.5" rx="0" ry="0" id="xyl" style=" stroke:#000000; fill:#ff7f00;stroke-width:2.8;" />
<ns0:rect width="50" height="50" id="glcnac" style=" stroke:#000000; fill:#0090bc;stroke-width:2.8;" />
<ns0:rect width="50" height="50" id="galnac" style=" stroke:#000000; fill:#ffd400;stroke-width:2.8;" />
<ns0:rect width="50" height="50" id="mannac" style=" stroke:#000000; fill:#00a651;stroke-width:2.8;" />
<ns0:rect width="50" height="50" id="glcn" style=" stroke:#000000; fill: url(#half_blue);stroke-width:2.8;" />
<ns0:rect width="50" height="50" id="galn" style=" stroke:#000000; fill: url(#half_yellow);stroke-width:2.8;" />
<ns0:rect width="50" height="50" id="mann" style=" stroke:#000000; fill: url(#half_green);stroke-width:2.8;" />
<ns0:polygon points="25 0, 50 25, 25 50, 0 25" rx="0" ry="0" id="neu5ac" style=" stroke:#000000; fill:#a54399;stroke-width:2.8;" />
<ns0:polygon points="25 0, 50 25, 25 50, 0 25" rx="0" ry="0" id="neu5gc" style=" stroke:#000000; fill:#8fcce9;stroke-width:2.8;" />
<ns0:polygon points="25 0, 50 25, 25 50, 0 25" rx="0" ry="0" id="kdn" style=" stroke:#000000; fill:#00a651;stroke-width:2.8;" />
<ns0:polygon points="25 0, 50 25, 25 50, 0 25" rx="0" ry="0" id="glca" style=" stroke:#000000; fill: url(#blue_up);stroke-width:2.8;" />
<ns0:polygon points="25 0, 50 25, 25 50, 0 25" rx="0" ry="0" id="idoa" style=" stroke:#000000; fill: url(#tan_down);stroke-width:2.8;" />
<ns0:polygon points="25 0, 50 25, 25 50, 0 25" rx="0" ry="0" id="gala" style=" stroke:#000000; fill: url(#yellow_left);stroke-width:2.8;" />
<ns0:polygon points="25 0, 50 25, 25 50, 0 25" rx="0" ry="0" id="mana" style=" stroke:#000000; fill: url(#green_right);stroke-width:2.8;" />
<ns0:line x1="0" y1="0" x2="110" y2="0" style="stroke:#000000; stroke-width:2; stroke-linecap:round; stroke-dasharray:9,6;" id="alpha" />
<ns0:line x1="0" y1="0" x2="110" y2="0" style="stroke:#000000; stroke-width:2; stroke-linecap:round;" id="beta" />
<ns0:polygon points="25 0, 50 11, 50 38, 25 50, 0 38, 0 11" rx="0" ry="0" id="unk" style=" stroke:#000000; fill:#ffffff;stroke-width:4.0; " />
  </ns0:defs>

<ns0:a id="anchor" ns1:href="mmdb:///D/1101" target="_top">  <ns0:use ns1:href="#beta" x="2720" y="1015" id="" transform="rotate(180 2720 1015)"><ns0:title>[ beta 1-4 ] with phi: -85.604; psi: -106.473;</ns0:title></ns0:use>
</ns0:a>
<ns0:a id="anchor" ns1:href="mmdb:///D/253" target="_top">  <ns0:use ns1:href="#beta" x="2800" y="1015" id="" transform="rotate(180 2800 1015)"><ns0:title>beta link. Phi: -112.968; Psi: 182.659;</ns0:title></ns0:use>
</ns0:a>
<ns0:a id="anchor" ns1:href="mmdb:///D/253" target="_top">  <ns0:g id="glycan_root" transform="translate(2768 990)">
    <ns0:rect width="160" height="50" rx="10" ry="10" style="stroke:#000000; fill:#ffffff; stroke-width:2.0;" />
    <ns0:line x1="30" y1="0" x2="30" y2="50" style="stroke:#000000; fill:#ffffff; stroke-width:2.0;" />
    <ns0:text x="7" y="32" class="my_blue" font-weight="bold" font-family="Helvetica" font-size="24">N</ns0:text>
    <ns0:text x="92" y="32" fill="black" text-anchor="middle" font-weight="bold" font-family="Helvetica" font-size="24">ASN<ns0:tspan baseline-shift="sub" font-weight="normal" font-size="20">D/253</ns0:tspan></ns0:text>
</ns0:g>
</ns0:a>
<ns0:a id="anchor" ns1:href="mmdb:///D/1101" target="_top">  <ns0:use ns1:href="#glcnac" x="2685" y="990" id=""><ns0:title><ns0:tspan>NAG 1101 in 4c1 conformation. </ns0:tspan><ns0:tspan>Mean B-factor: 39.72. </ns0:tspan><ns0:tspan>Detected type: beta-D-aldopyranose. </ns0:tspan><ns0:tspan>No issues have been detected.</ns0:tspan></ns0:title></ns0:use>
</ns0:a>
<ns0:a id="anchor" ns1:href="mmdb:///D/1102" target="_top">  <ns0:use ns1:href="#glcnac" x="2605" y="990" id=""><ns0:title><ns0:tspan>NAG 1102 in 4c1 conformation. </ns0:tspan><ns0:tspan>Mean B-factor: 34.76. </ns0:tspan><ns0:tspan>Detected type: beta-D-aldopyranose. </ns0:tspan><ns0:tspan>No issues have been detected.</ns0:tspan></ns0:title></ns0:use>
</ns0:a>
</ns0:svg>    </svg_graphics>
    <sugar id="/D/1101(NAG)">
      <link>
        <anomericity>beta</anomericity>
        <connected_to>0</connected_to>
        <phi>-112.968</phi>
        <psi>182.659</psi>
      </link>
      <detected_type>beta-D-aldopyranose</detected_type>
      <cremer-pople_Q>0.567493</cremer-pople_Q>
      <cremer-pople_Phi>277.177</cremer-pople_Phi>
      <cremer-pople_Theta>39.7236</cremer-pople_Theta>
      <mean_bfactor>39.7236</mean_bfactor>
      <conformation>4c1</conformation>
      <anomer>beta</anomer>
      <hand>D</hand>
      <stacked_against>
      </stacked_against>
      <validation>
        <conformation>yes</conformation>
        <anomer>yes</anomer>
        <hand>yes</hand>
        <puckering>yes</puckering>
      </validation>
    <sugar id="/D/1102(NAG)">
      <link>
        <anomericity>beta</anomericity>
        <connected_to>4</connected_to>
        <phi>-85.604</phi>
        <psi>-106.473</psi>
      </link>
      <detected_type>beta-D-aldopyranose</detected_type>
      <cremer-pople_Q>0.564701</cremer-pople_Q>
      <cremer-pople_Phi>7.39149</cremer-pople_Phi>
      <cremer-pople_Theta>34.7593</cremer-pople_Theta>
      <mean_bfactor>34.7593</mean_bfactor>
      <conformation>4c1</conformation>
      <anomer>beta</anomer>
      <hand>D</hand>
      <stacked_against>
      </stacked_against>
      <validation>
        <conformation>yes</conformation>
        <anomer>yes</anomer>
        <hand>yes</hand>
        <puckering>yes</puckering>
      </validation>
    </sugar>
    </sugar>
  </glycan>
  <glycan type="n-glycan" root="/D/316(ASN)" chain="D">
    <svg_graphics>
<ns0:svg version="1.1" width="346" height="105" viewBox="2435 980 495 150 " preserveAspectRatio="xMinYMinXMaxYMax meet">

  <ns0:style>
    .my_blue   { fill:#0090bc; }
    .my_red    { fill:#ed1c24; }
    .my_yellow { fill:#ffd400; }
  </ns0:style>
  <ns0:defs>
      <ns0:filter id="displace">
        <ns0:feTurbulence baseFrequency=".05" numOctaves="3" result="myturbulence" />
        <ns0:feDisplacementMap in="SourceGraphic" in2="myturbulence" scale="10" />
      </ns0:filter>

      <ns0:pattern id="half_yellow" x="0" y="0" width="50" height="50" patternUnits="userSpaceOnUse">
        <ns0:rect width="50" height="50" x="0" y="0" style="stroke:none; fill:#ffd400;" />
        <ns0:polygon points="0 0, 0 50, 50 50" rx="0" ry="0" style="stroke:#000000; stroke-width:1.5; fill:#ffffff;" />
      </ns0:pattern>
      <ns0:pattern id="half_blue" x="0" y="0" width="50" height="50" patternUnits="userSpaceOnUse">
        <ns0:rect width="50" height="50" x="0" y="0" style="stroke:none; fill:#0090bc;" />
        <ns0:polygon points="0 0, 0 50, 50 50" rx="0" ry="0" style="stroke:#000000; stroke-width:1.5; fill:#ffffff;" />
      </ns0:pattern>
      <ns0:pattern id="half_green" x="0" y="0" width="50" height="50" patternUnits="userSpaceOnUse">
        <ns0:rect width="50" height="50" x="0" y="0" style="stroke:none; fill:#00a651;" />
        <ns0:polygon points="0 0, 0 50, 50 50" rx="0" ry="0" style="stroke:#000000; stroke-width:1.5; fill:#ffffff;" />
      </ns0:pattern>
      <ns0:pattern id="yellow_left" x="0" y="0" width="50" height="50" patternUnits="userSpaceOnUse">
        <ns0:polygon points="25 0, 50 25, 25 50, 0 25" style="stroke:none; fill:#ffd400;" />
        <ns0:polygon points="25 0, 25 50, 0 25" rx="0" ry="0" style="stroke:#000000; stroke-width:1.5; fill:#ffffff;" />
      </ns0:pattern>
      <ns0:pattern id="blue_up" x="0" y="0" width="50" height="50" patternUnits="userSpaceOnUse">
        <ns0:polygon points="25 0, 50 25, 25 50, 0 25" style="stroke:none; fill:#0090bc;" />
        <ns0:polygon points="0 25, 50 25, 25 50" rx="0" ry="0" style="stroke:#000000; stroke-width:1.5; fill:#ffffff;" />
      </ns0:pattern>
      <ns0:pattern id="green_right" x="0" y="0" width="50" height="50" patternUnits="userSpaceOnUse">
        <ns0:polygon points="25 0, 50 25, 25 50, 0 25" style="stroke:none; fill:#00a651;" />
        <ns0:polygon points="0 25, 25 50, 25 0" rx="0" ry="0" style="stroke:#000000; stroke-width:1.5; fill:#ffffff;" />
      </ns0:pattern>
      <ns0:pattern id="tan_down" x="0" y="0" width="50" height="50" patternUnits="userSpaceOnUse">
        <ns0:polygon points="25 0, 50 25, 25 50, 0 25" style="stroke:none; fill:#966432;" />
        <ns0:polygon points="0 25, 50 25, 25 0" rx="0" ry="0" style="stroke:#000000; stroke-width:1.5; fill:#ffffff;" />
      </ns0:pattern>
<ns0:circle r="25" cx="25" cy="25" id="glc" style=" stroke:#000000; fill:#0090bc;stroke-width:2.8;" />
<ns0:circle r="25" cx="25" cy="25" id="gal" style=" stroke:#000000; fill:#ffd400;stroke-width:2.8;" />
<ns0:circle r="25" cx="25" cy="25" id="man" style=" stroke:#000000; fill:#00a651;stroke-width:2.8;" />
<ns0:polygon points="0 50, 25 0, 50 50" rx="0" ry="0" id="fuc" style=" stroke:#000000; fill:#ed1c24;stroke-width:2.8;" />
<ns0:polygon points="39.5,50 24.5,37.5 9.5,50 14.5,32.5 0,20 19.5,20 24.5,0 29.5,20 50,20 34.5,32.5" rx="0" ry="0" id="xyl" style=" stroke:#000000; fill:#ff7f00;stroke-width:2.8;" />
<ns0:rect width="50" height="50" id="glcnac" style=" stroke:#000000; fill:#0090bc;stroke-width:2.8;" />
<ns0:rect width="50" height="50" id="galnac" style=" stroke:#000000; fill:#ffd400;stroke-width:2.8;" />
<ns0:rect width="50" height="50" id="mannac" style=" stroke:#000000; fill:#00a651;stroke-width:2.8;" />
<ns0:rect width="50" height="50" id="glcn" style=" stroke:#000000; fill: url(#half_blue);stroke-width:2.8;" />
<ns0:rect width="50" height="50" id="galn" style=" stroke:#000000; fill: url(#half_yellow);stroke-width:2.8;" />
<ns0:rect width="50" height="50" id="mann" style=" stroke:#000000; fill: url(#half_green);stroke-width:2.8;" />
<ns0:polygon points="25 0, 50 25, 25 50, 0 25" rx="0" ry="0" id="neu5ac" style=" stroke:#000000; fill:#a54399;stroke-width:2.8;" />
<ns0:polygon points="25 0, 50 25, 25 50, 0 25" rx="0" ry="0" id="neu5gc" style=" stroke:#000000; fill:#8fcce9;stroke-width:2.8;" />
<ns0:polygon points="25 0, 50 25, 25 50, 0 25" rx="0" ry="0" id="kdn" style=" stroke:#000000; fill:#00a651;stroke-width:2.8;" />
<ns0:polygon points="25 0, 50 25, 25 50, 0 25" rx="0" ry="0" id="glca" style=" stroke:#000000; fill: url(#blue_up);stroke-width:2.8;" />
<ns0:polygon points="25 0, 50 25, 25 50, 0 25" rx="0" ry="0" id="idoa" style=" stroke:#000000; fill: url(#tan_down);stroke-width:2.8;" />
<ns0:polygon points="25 0, 50 25, 25 50, 0 25" rx="0" ry="0" id="gala" style=" stroke:#000000; fill: url(#yellow_left);stroke-width:2.8;" />
<ns0:polygon points="25 0, 50 25, 25 50, 0 25" rx="0" ry="0" id="mana" style=" stroke:#000000; fill: url(#green_right);stroke-width:2.8;" />
<ns0:line x1="0" y1="0" x2="110" y2="0" style="stroke:#000000; stroke-width:2; stroke-linecap:round; stroke-dasharray:9,6;" id="alpha" />
<ns0:line x1="0" y1="0" x2="110" y2="0" style="stroke:#000000; stroke-width:2; stroke-linecap:round;" id="beta" />
<ns0:polygon points="25 0, 50 11, 50 38, 25 50, 0 38, 0 11" rx="0" ry="0" id="unk" style=" stroke:#000000; fill:#ffffff;stroke-width:4.0; " />
  </ns0:defs>

<ns0:a id="anchor" ns1:href="mmdb:///D/1203" target="_top">  <ns0:use ns1:href="#alpha" x="2550" y="1015" id="" transform="rotate(-225 2550 1015)"><ns0:title>[ alpha 1-3 ] with phi: 164.198; psi: -170.706;</ns0:title></ns0:use>
</ns0:a>
<ns0:a id="anchor" ns1:href="mmdb:///D/1202" target="_top">  <ns0:use ns1:href="#beta" x="2640" y="1015" id="" transform="rotate(180 2640 1015)"><ns0:title>[ beta 1-4 ] with phi: -73.3837; psi: -127.031;</ns0:title></ns0:use>
</ns0:a>
<ns0:a id="anchor" ns1:href="mmdb:///D/1201" target="_top">  <ns0:use ns1:href="#beta" x="2720" y="1015" id="" transform="rotate(180 2720 1015)"><ns0:title>[ beta 1-4 ] with phi: -81.6583; psi: -100.598;</ns0:title></ns0:use>
</ns0:a>
<ns0:a id="anchor" ns1:href="mmdb:///D/316" target="_top">  <ns0:use ns1:href="#beta" x="2800" y="1015" id="" transform="rotate(180 2800 1015)"><ns0:title>beta link. Phi: -110.579; Psi: 175.548;</ns0:title></ns0:use>
</ns0:a>
<ns0:a id="anchor" ns1:href="mmdb:///D/316" target="_top">  <ns0:g id="glycan_root" transform="translate(2768 990)">
    <ns0:rect width="160" height="50" rx="10" ry="10" style="stroke:#000000; fill:#ffffff; stroke-width:2.0;" />
    <ns0:line x1="30" y1="0" x2="30" y2="50" style="stroke:#000000; fill:#ffffff; stroke-width:2.0;" />
    <ns0:text x="7" y="32" class="my_blue" font-weight="bold" font-family="Helvetica" font-size="24">N</ns0:text>
    <ns0:text x="92" y="32" fill="black" text-anchor="middle" font-weight="bold" font-family="Helvetica" font-size="24">ASN<ns0:tspan baseline-shift="sub" font-weight="normal" font-size="20">D/316</ns0:tspan></ns0:text>
</ns0:g>
</ns0:a>
<ns0:a id="anchor" ns1:href="mmdb:///D/1201" target="_top">  <ns0:use ns1:href="#glcnac" x="2685" y="990" id=""><ns0:title><ns0:tspan>NAG 1201 in 4c1 conformation. </ns0:tspan><ns0:tspan>Mean B-factor: 38.14. </ns0:tspan><ns0:tspan>Detected type: beta-D-aldopyranose. </ns0:tspan><ns0:tspan>No issues have been detected.</ns0:tspan></ns0:title></ns0:use>
</ns0:a>
<ns0:a id="anchor" ns1:href="mmdb:///D/1202" target="_top">  <ns0:use ns1:href="#glcnac" x="2605" y="990" id=""><ns0:title><ns0:tspan>NAG 1202 in 4c1 conformation. </ns0:tspan><ns0:tspan>Mean B-factor: 48.50. </ns0:tspan><ns0:tspan>Detected type: beta-D-aldopyranose. </ns0:tspan><ns0:tspan>No issues have been detected.</ns0:tspan></ns0:title></ns0:use>
</ns0:a>
<ns0:a id="anchor" ns1:href="mmdb:///D/1203" target="_top">  <ns0:use ns1:href="#man" x="2525" y="990" id=""><ns0:title><ns0:tspan>BMA 1203 in 4c1 conformation. </ns0:tspan><ns0:tspan>Mean B-factor: 45.40. </ns0:tspan><ns0:tspan>Detected type: beta-D-aldopyranose. </ns0:tspan><ns0:tspan>No issues have been detected.</ns0:tspan></ns0:title></ns0:use>
</ns0:a>
<ns0:a id="anchor" ns1:href="mmdb:///D/1204" target="_top">  <ns0:use ns1:href="#man" x="2445" y="1070" id=""><ns0:title><ns0:tspan>MAN 1204 in 4c1 conformation. </ns0:tspan><ns0:tspan>Mean B-factor: 49.87. </ns0:tspan><ns0:tspan>Detected type: alpha-D-aldopyranose. </ns0:tspan><ns0:tspan>No issues have been detected.</ns0:tspan></ns0:title></ns0:use>
</ns0:a>
</ns0:svg>    </svg_graphics>
    <sugar id="/D/1201(NAG)">
      <link>
        <anomericity>beta</anomericity>
        <connected_to>0</connected_to>
        <phi>-110.579</phi>
        <psi>175.548</psi>
      </link>
      <detected_type>beta-D-aldopyranose</detected_type>
      <cremer-pople_Q>0.55569</cremer-pople_Q>
      <cremer-pople_Phi>106.323</cremer-pople_Phi>
      <cremer-pople_Theta>38.1443</cremer-pople_Theta>
      <mean_bfactor>38.1443</mean_bfactor>
      <conformation>4c1</conformation>
      <anomer>beta</anomer>
      <hand>D</hand>
      <stacked_against>
      </stacked_against>
      <validation>
        <conformation>yes</conformation>
        <anomer>yes</anomer>
        <hand>yes</hand>
        <puckering>yes</puckering>
      </validation>
    <sugar id="/D/1202(NAG)">
      <link>
        <anomericity>beta</anomericity>
        <connected_to>4</connected_to>
        <phi>-81.6583</phi>
        <psi>-100.598</psi>
      </link>
      <detected_type>beta-D-aldopyranose</detected_type>
      <cremer-pople_Q>0.539186</cremer-pople_Q>
      <cremer-pople_Phi>284.086</cremer-pople_Phi>
      <cremer-pople_Theta>48.4964</cremer-pople_Theta>
      <mean_bfactor>48.4964</mean_bfactor>
      <conformation>4c1</conformation>
      <anomer>beta</anomer>
      <hand>D</hand>
      <stacked_against>
      </stacked_against>
      <validation>
        <conformation>yes</conformation>
        <anomer>yes</anomer>
        <hand>yes</hand>
        <puckering>yes</puckering>
      </validation>
    <sugar id="/D/1203(BMA)">
      <link>
        <anomericity>beta</anomericity>
        <connected_to>4</connected_to>
        <phi>-73.3837</phi>
        <psi>-127.031</psi>
      </link>
      <detected_type>beta-D-aldopyranose</detected_type>
      <cremer-pople_Q>0.570667</cremer-pople_Q>
      <cremer-pople_Phi>352.764</cremer-pople_Phi>
      <cremer-pople_Theta>45.4018</cremer-pople_Theta>
      <mean_bfactor>45.4018</mean_bfactor>
      <conformation>4c1</conformation>
      <anomer>beta</anomer>
      <hand>D</hand>
      <stacked_against>
      </stacked_against>
      <validation>
        <conformation>yes</conformation>
        <anomer>yes</anomer>
        <hand>yes</hand>
        <puckering>yes</puckering>
      </validation>
    <sugar id="/D/1204(MAN)">
      <link>
        <anomericity>alpha</anomericity>
        <connected_to>3</connected_to>
        <phi>164.198</phi>
        <psi>-170.706</psi>
      </link>
      <detected_type>alpha-D-aldopyranose</detected_type>
      <cremer-pople_Q>0.567104</cremer-pople_Q>
      <cremer-pople_Phi>67.0086</cremer-pople_Phi>
      <cremer-pople_Theta>49.8718</cremer-pople_Theta>
      <mean_bfactor>49.8718</mean_bfactor>
      <conformation>4c1</conformation>
      <anomer>alpha</anomer>
      <hand>D</hand>
      <stacked_against>
      </stacked_against>
      <validation>
        <conformation>yes</conformation>
        <anomer>yes</anomer>
        <hand>yes</hand>
        <puckering>yes</puckering>
      </validation>
    </sugar>
    </sugar>
    </sugar>
    </sugar>
  </glycan>
  <glycan type="n-glycan" root="/D/323(ASN)" chain="D">
    <svg_graphics>
<ns0:svg version="1.1" width="402" height="217" viewBox="2355 820 575 310 " preserveAspectRatio="xMinYMinXMaxYMax meet">

  <ns0:style>
    .my_blue   { fill:#0090bc; }
    .my_red    { fill:#ed1c24; }
    .my_yellow { fill:#ffd400; }
  </ns0:style>
  <ns0:defs>
      <ns0:filter id="displace">
        <ns0:feTurbulence baseFrequency=".05" numOctaves="3" result="myturbulence" />
        <ns0:feDisplacementMap in="SourceGraphic" in2="myturbulence" scale="10" />
      </ns0:filter>

      <ns0:pattern id="half_yellow" x="0" y="0" width="50" height="50" patternUnits="userSpaceOnUse">
        <ns0:rect width="50" height="50" x="0" y="0" style="stroke:none; fill:#ffd400;" />
        <ns0:polygon points="0 0, 0 50, 50 50" rx="0" ry="0" style="stroke:#000000; stroke-width:1.5; fill:#ffffff;" />
      </ns0:pattern>
      <ns0:pattern id="half_blue" x="0" y="0" width="50" height="50" patternUnits="userSpaceOnUse">
        <ns0:rect width="50" height="50" x="0" y="0" style="stroke:none; fill:#0090bc;" />
        <ns0:polygon points="0 0, 0 50, 50 50" rx="0" ry="0" style="stroke:#000000; stroke-width:1.5; fill:#ffffff;" />
      </ns0:pattern>
      <ns0:pattern id="half_green" x="0" y="0" width="50" height="50" patternUnits="userSpaceOnUse">
        <ns0:rect width="50" height="50" x="0" y="0" style="stroke:none; fill:#00a651;" />
        <ns0:polygon points="0 0, 0 50, 50 50" rx="0" ry="0" style="stroke:#000000; stroke-width:1.5; fill:#ffffff;" />
      </ns0:pattern>
      <ns0:pattern id="yellow_left" x="0" y="0" width="50" height="50" patternUnits="userSpaceOnUse">
        <ns0:polygon points="25 0, 50 25, 25 50, 0 25" style="stroke:none; fill:#ffd400;" />
        <ns0:polygon points="25 0, 25 50, 0 25" rx="0" ry="0" style="stroke:#000000; stroke-width:1.5; fill:#ffffff;" />
      </ns0:pattern>
      <ns0:pattern id="blue_up" x="0" y="0" width="50" height="50" patternUnits="userSpaceOnUse">
        <ns0:polygon points="25 0, 50 25, 25 50, 0 25" style="stroke:none; fill:#0090bc;" />
        <ns0:polygon points="0 25, 50 25, 25 50" rx="0" ry="0" style="stroke:#000000; stroke-width:1.5; fill:#ffffff;" />
      </ns0:pattern>
      <ns0:pattern id="green_right" x="0" y="0" width="50" height="50" patternUnits="userSpaceOnUse">
        <ns0:polygon points="25 0, 50 25, 25 50, 0 25" style="stroke:none; fill:#00a651;" />
        <ns0:polygon points="0 25, 25 50, 25 0" rx="0" ry="0" style="stroke:#000000; stroke-width:1.5; fill:#ffffff;" />
      </ns0:pattern>
      <ns0:pattern id="tan_down" x="0" y="0" width="50" height="50" patternUnits="userSpaceOnUse">
        <ns0:polygon points="25 0, 50 25, 25 50, 0 25" style="stroke:none; fill:#966432;" />
        <ns0:polygon points="0 25, 50 25, 25 0" rx="0" ry="0" style="stroke:#000000; stroke-width:1.5; fill:#ffffff;" />
      </ns0:pattern>
<ns0:circle r="25" cx="25" cy="25" id="glc" style=" stroke:#000000; fill:#0090bc;stroke-width:2.8;" />
<ns0:circle r="25" cx="25" cy="25" id="gal" style=" stroke:#000000; fill:#ffd400;stroke-width:2.8;" />
<ns0:circle r="25" cx="25" cy="25" id="man" style=" stroke:#000000; fill:#00a651;stroke-width:2.8;" />
<ns0:polygon points="0 50, 25 0, 50 50" rx="0" ry="0" id="fuc" style=" stroke:#000000; fill:#ed1c24;stroke-width:2.8;" />
<ns0:polygon points="39.5,50 24.5,37.5 9.5,50 14.5,32.5 0,20 19.5,20 24.5,0 29.5,20 50,20 34.5,32.5" rx="0" ry="0" id="xyl" style=" stroke:#000000; fill:#ff7f00;stroke-width:2.8;" />
<ns0:rect width="50" height="50" id="glcnac" style=" stroke:#000000; fill:#0090bc;stroke-width:2.8;" />
<ns0:rect width="50" height="50" id="galnac" style=" stroke:#000000; fill:#ffd400;stroke-width:2.8;" />
<ns0:rect width="50" height="50" id="mannac" style=" stroke:#000000; fill:#00a651;stroke-width:2.8;" />
<ns0:rect width="50" height="50" id="glcn" style=" stroke:#000000; fill: url(#half_blue);stroke-width:2.8;" />
<ns0:rect width="50" height="50" id="galn" style=" stroke:#000000; fill: url(#half_yellow);stroke-width:2.8;" />
<ns0:rect width="50" height="50" id="mann" style=" stroke:#000000; fill: url(#half_green);stroke-width:2.8;" />
<ns0:polygon points="25 0, 50 25, 25 50, 0 25" rx="0" ry="0" id="neu5ac" style=" stroke:#000000; fill:#a54399;stroke-width:2.8;" />
<ns0:polygon points="25 0, 50 25, 25 50, 0 25" rx="0" ry="0" id="neu5gc" style=" stroke:#000000; fill:#8fcce9;stroke-width:2.8;" />
<ns0:polygon points="25 0, 50 25, 25 50, 0 25" rx="0" ry="0" id="kdn" style=" stroke:#000000; fill:#00a651;stroke-width:2.8;" />
<ns0:polygon points="25 0, 50 25, 25 50, 0 25" rx="0" ry="0" id="glca" style=" stroke:#000000; fill: url(#blue_up);stroke-width:2.8;" />
<ns0:polygon points="25 0, 50 25, 25 50, 0 25" rx="0" ry="0" id="idoa" style=" stroke:#000000; fill: url(#tan_down);stroke-width:2.8;" />
<ns0:polygon points="25 0, 50 25, 25 50, 0 25" rx="0" ry="0" id="gala" style=" stroke:#000000; fill: url(#yellow_left);stroke-width:2.8;" />
<ns0:polygon points="25 0, 50 25, 25 50, 0 25" rx="0" ry="0" id="mana" style=" stroke:#000000; fill: url(#green_right);stroke-width:2.8;" />
<ns0:line x1="0" y1="0" x2="110" y2="0" style="stroke:#000000; stroke-width:2; stroke-linecap:round; stroke-dasharray:9,6;" id="alpha" />
<ns0:line x1="0" y1="0" x2="110" y2="0" style="stroke:#000000; stroke-width:2; stroke-linecap:round;" id="beta" />
<ns0:polygon points="25 0, 50 11, 50 38, 25 50, 0 38, 0 11" rx="0" ry="0" id="unk" style=" stroke:#000000; fill:#ffffff;stroke-width:4.0; " />
  </ns0:defs>

<ns0:a id="anchor" ns1:href="mmdb:///D/1310" target="_top">  <ns0:use ns1:href="#alpha" x="2390" y="845" id="" transform="rotate(90 2390 845)"><ns0:title>[ alpha 1-2 ] with phi: 90.7284; psi: 166.659;</ns0:title></ns0:use>
</ns0:a>
<ns0:a id="anchor" ns1:href="mmdb:///D/1307" target="_top">  <ns0:use ns1:href="#alpha" x="2470" y="935" id="" transform="rotate(-135 2470 935)"><ns0:title>[ alpha 1-6 ] with phi: 61.0128; psi: -162.035; omega: -0;</ns0:title></ns0:use>
</ns0:a>
<ns0:a id="anchor" ns1:href="mmdb:///D/1308" target="_top">  <ns0:use ns1:href="#alpha" x="2390" y="1005" id="" transform="rotate(90 2390 1005)"><ns0:title>[ alpha 1-2 ] with phi: 84.3372; psi: 139.771;</ns0:title></ns0:use>
</ns0:a>
<ns0:a id="anchor" ns1:href="mmdb:///D/1307" target="_top">  <ns0:use ns1:href="#alpha" x="2470" y="935" id="" transform="rotate(-225 2470 935)"><ns0:title>[ alpha 1-3 ] with phi: 75.8479; psi: 123.224;</ns0:title></ns0:use>
</ns0:a>
<ns0:a id="anchor" ns1:href="mmdb:///D/1303" target="_top">  <ns0:use ns1:href="#alpha" x="2550" y="1015" id="" transform="rotate(-135 2550 1015)"><ns0:title>[ alpha 1-6 ] with phi: 44.7833; psi: -175.501; omega: 0;</ns0:title></ns0:use>
</ns0:a>
<ns0:a id="anchor" ns1:href="mmdb:///D/1302" target="_top">  <ns0:use ns1:href="#beta" x="2640" y="1015" id="" transform="rotate(180 2640 1015)"><ns0:title>[ beta 1-4 ] with phi: -59.5334; psi: -112.209;</ns0:title></ns0:use>
</ns0:a>
<ns0:a id="anchor" ns1:href="mmdb:///D/1301" target="_top">  <ns0:use ns1:href="#beta" x="2720" y="1015" id="" transform="rotate(180 2720 1015)"><ns0:title>[ beta 1-4 ] with phi: -86.9386; psi: -151.658;</ns0:title></ns0:use>
</ns0:a>
<ns0:a id="anchor" ns1:href="mmdb:///D/323" target="_top">  <ns0:use ns1:href="#beta" x="2800" y="1015" id="" transform="rotate(180 2800 1015)"><ns0:title>beta link. Phi: -117.677; Psi: 181.372;</ns0:title></ns0:use>
</ns0:a>
<ns0:a id="anchor" ns1:href="mmdb:///D/323" target="_top">  <ns0:g id="glycan_root" transform="translate(2768 990)">
    <ns0:rect width="160" height="50" rx="10" ry="10" style="stroke:#000000; fill:#ffffff; stroke-width:2.0;" />
    <ns0:line x1="30" y1="0" x2="30" y2="50" style="stroke:#000000; fill:#ffffff; stroke-width:2.0;" />
    <ns0:text x="7" y="32" class="my_blue" font-weight="bold" font-family="Helvetica" font-size="24">N</ns0:text>
    <ns0:text x="92" y="32" fill="black" text-anchor="middle" font-weight="bold" font-family="Helvetica" font-size="24">ASN<ns0:tspan baseline-shift="sub" font-weight="normal" font-size="20">D/323</ns0:tspan></ns0:text>
</ns0:g>
</ns0:a>
<ns0:a id="anchor" ns1:href="mmdb:///D/1301" target="_top">  <ns0:use ns1:href="#glcnac" x="2685" y="990" id=""><ns0:title><ns0:tspan>NAG 1301 in 4c1 conformation. </ns0:tspan><ns0:tspan>Mean B-factor: 49.83. </ns0:tspan><ns0:tspan>Detected type: beta-D-aldopyranose. </ns0:tspan><ns0:tspan>No issues have been detected.</ns0:tspan></ns0:title></ns0:use>
</ns0:a>
<ns0:a id="anchor" ns1:href="mmdb:///D/1302" target="_top">  <ns0:use ns1:href="#glcnac" x="2605" y="990" id=""><ns0:title><ns0:tspan>NAG 1302 in 4c1 conformation. </ns0:tspan><ns0:tspan>Mean B-factor: 42.80. </ns0:tspan><ns0:tspan>Detected type: beta-D-aldopyranose. </ns0:tspan><ns0:tspan>No issues have been detected.</ns0:tspan></ns0:title></ns0:use>
</ns0:a>
<ns0:a id="anchor" ns1:href="mmdb:///D/1303" target="_top">  <ns0:use ns1:href="#man" x="2525" y="990" id=""><ns0:title><ns0:tspan>BMA 1303 in 4c1 conformation. </ns0:tspan><ns0:tspan>Mean B-factor: 43.79. </ns0:tspan><ns0:tspan>Detected type: beta-D-aldopyranose. </ns0:tspan><ns0:tspan>No issues have been detected.</ns0:tspan></ns0:title></ns0:use>
</ns0:a>
<ns0:a id="anchor" ns1:href="mmdb:///D/1307" target="_top">  <ns0:use ns1:href="#man" x="2445" y="910" id=""><ns0:title><ns0:tspan>MAN 1307 in 4c1 conformation. </ns0:tspan><ns0:tspan>Mean B-factor: 39.59. </ns0:tspan><ns0:tspan>Detected type: alpha-D-aldopyranose. </ns0:tspan><ns0:tspan>No issues have been detected.</ns0:tspan></ns0:title></ns0:use>
</ns0:a>
<ns0:a id="anchor" ns1:href="mmdb:///D/1308" target="_top">  <ns0:use ns1:href="#man" x="2365" y="990" id=""><ns0:title><ns0:tspan>MAN 1308 in 4c1 conformation. </ns0:tspan><ns0:tspan>Mean B-factor: 41.35. </ns0:tspan><ns0:tspan>Detected type: alpha-D-aldopyranose. </ns0:tspan><ns0:tspan>No issues have been detected.</ns0:tspan></ns0:title></ns0:use>
</ns0:a>
<ns0:a id="anchor" ns1:href="mmdb:///D/1309" target="_top">  <ns0:use ns1:href="#man" x="2365" y="1070" id=""><ns0:title><ns0:tspan>MAN 1309 in 4c1 conformation. </ns0:tspan><ns0:tspan>Mean B-factor: 37.91. </ns0:tspan><ns0:tspan>Detected type: alpha-D-aldopyranose. </ns0:tspan><ns0:tspan>No issues have been detected.</ns0:tspan></ns0:title></ns0:use>
</ns0:a>
<ns0:a id="anchor" ns1:href="mmdb:///D/1310" target="_top">  <ns0:use ns1:href="#man" x="2365" y="830" id=""><ns0:title><ns0:tspan>MAN 1310 in 4c1 conformation. </ns0:tspan><ns0:tspan>Mean B-factor: 38.43. </ns0:tspan><ns0:tspan>Detected type: alpha-D-aldopyranose. </ns0:tspan><ns0:tspan>No issues have been detected.</ns0:tspan></ns0:title></ns0:use>
</ns0:a>
<ns0:a id="anchor" ns1:href="mmdb:///D/1311" target="_top">  <ns0:use ns1:href="#man" x="2365" y="910" id=""><ns0:title><ns0:tspan>MAN 1311 in 4c1 conformation. </ns0:tspan><ns0:tspan>Mean B-factor: 40.81. </ns0:tspan><ns0:tspan>Detected type: alpha-D-aldopyranose. </ns0:tspan><ns0:tspan>No issues have been detected.</ns0:tspan></ns0:title></ns0:use>
</ns0:a>
</ns0:svg>    </svg_graphics>
    <sugar id="/D/1301(NAG)">
      <link>
        <anomericity>beta</anomericity>
        <connected_to>0</connected_to>
        <phi>-117.677</phi>
        <psi>181.372</psi>
      </link>
      <detected_type>beta-D-aldopyranose</detected_type>
      <cremer-pople_Q>0.571645</cremer-pople_Q>
      <cremer-pople_Phi>30.0903</cremer-pople_Phi>
      <cremer-pople_Theta>49.8336</cremer-pople_Theta>
      <mean_bfactor>49.8336</mean_bfactor>
      <conformation>4c1</conformation>
      <anomer>beta</anomer>
      <hand>D</hand>
      <stacked_against>
      </stacked_against>
      <validation>
        <conformation>yes</conformation>
        <anomer>yes</anomer>
        <hand>yes</hand>
        <puckering>yes</puckering>
      </validation>
    <sugar id="/D/1302(NAG)">
      <link>
        <anomericity>beta</anomericity>
        <connected_to>4</connected_to>
        <phi>-86.9386</phi>
        <psi>-151.658</psi>
      </link>
      <detected_type>beta-D-aldopyranose</detected_type>
      <cremer-pople_Q>0.546687</cremer-pople_Q>
      <cremer-pople_Phi>311.297</cremer-pople_Phi>
      <cremer-pople_Theta>42.7964</cremer-pople_Theta>
      <mean_bfactor>42.7964</mean_bfactor>
      <conformation>4c1</conformation>
      <anomer>beta</anomer>
      <hand>D</hand>
      <stacked_against>
      </stacked_against>
      <validation>
        <conformation>yes</conformation>
        <anomer>yes</anomer>
        <hand>yes</hand>
        <puckering>yes</puckering>
      </validation>
    <sugar id="/D/1303(BMA)">
      <link>
        <anomericity>beta</anomericity>
        <connected_to>4</connected_to>
        <phi>-59.5334</phi>
        <psi>-112.209</psi>
      </link>
      <detected_type>beta-D-aldopyranose</detected_type>
      <cremer-pople_Q>0.56429</cremer-pople_Q>
      <cremer-pople_Phi>256.09</cremer-pople_Phi>
      <cremer-pople_Theta>43.7873</cremer-pople_Theta>
      <mean_bfactor>43.7873</mean_bfactor>
      <conformation>4c1</conformation>
      <anomer>beta</anomer>
      <hand>D</hand>
      <stacked_against>
      </stacked_against>
      <validation>
        <conformation>yes</conformation>
        <anomer>yes</anomer>
        <hand>yes</hand>
        <puckering>yes</puckering>
      </validation>
    <sugar id="/D/1307(MAN)">
      <link>
        <anomericity>alpha</anomericity>
        <connected_to>6</connected_to>
        <phi>44.7833</phi>
        <psi>-175.501</psi>
        <omega>0</omega>
      </link>
      <detected_type>alpha-D-aldopyranose</detected_type>
      <cremer-pople_Q>0.558238</cremer-pople_Q>
      <cremer-pople_Phi>315.281</cremer-pople_Phi>
      <cremer-pople_Theta>39.59</cremer-pople_Theta>
      <mean_bfactor>39.59</mean_bfactor>
      <conformation>4c1</conformation>
      <anomer>alpha</anomer>
      <hand>D</hand>
      <stacked_against>
      </stacked_against>
      <validation>
        <conformation>yes</conformation>
        <anomer>yes</anomer>
        <hand>yes</hand>
        <puckering>yes</puckering>
      </validation>
    <sugar id="/D/1308(MAN)">
      <link>
        <anomericity>alpha</anomericity>
        <connected_to>3</connected_to>
        <phi>75.8479</phi>
        <psi>123.224</psi>
      </link>
      <detected_type>alpha-D-aldopyranose</detected_type>
      <cremer-pople_Q>0.567275</cremer-pople_Q>
      <cremer-pople_Phi>242.775</cremer-pople_Phi>
      <cremer-pople_Theta>41.3518</cremer-pople_Theta>
      <mean_bfactor>41.3518</mean_bfactor>
      <conformation>4c1</conformation>
      <anomer>alpha</anomer>
      <hand>D</hand>
      <stacked_against>
      </stacked_against>
      <validation>
        <conformation>yes</conformation>
        <anomer>yes</anomer>
        <hand>yes</hand>
        <puckering>yes</puckering>
      </validation>
    <sugar id="/D/1309(MAN)">
      <link>
        <anomericity>alpha</anomericity>
        <connected_to>2</connected_to>
        <phi>84.3372</phi>
        <psi>139.771</psi>
      </link>
      <detected_type>alpha-D-aldopyranose</detected_type>
      <cremer-pople_Q>0.571388</cremer-pople_Q>
      <cremer-pople_Phi>2.52502</cremer-pople_Phi>
      <cremer-pople_Theta>37.9091</cremer-pople_Theta>
      <mean_bfactor>37.9091</mean_bfactor>
      <conformation>4c1</conformation>
      <anomer>alpha</anomer>
      <hand>D</hand>
      <stacked_against>
      </stacked_against>
      <validation>
        <conformation>yes</conformation>
        <anomer>yes</anomer>
        <hand>yes</hand>
        <puckering>yes</puckering>
      </validation>
    </sugar>
    </sugar>
    <sugar id="/D/1310(MAN)">
      <link>
        <anomericity>alpha</anomericity>
        <connected_to>6</connected_to>
        <phi>61.0128</phi>
        <psi>-162.035</psi>
        <omega>-0</omega>
      </link>
      <detected_type>alpha-D-aldopyranose</detected_type>
      <cremer-pople_Q>0.574158</cremer-pople_Q>
      <cremer-pople_Phi>5.32029</cremer-pople_Phi>
      <cremer-pople_Theta>38.43</cremer-pople_Theta>
      <mean_bfactor>38.43</mean_bfactor>
      <conformation>4c1</conformation>
      <anomer>alpha</anomer>
      <hand>D</hand>
      <stacked_against>
      </stacked_against>
      <validation>
        <conformation>yes</conformation>
        <anomer>yes</anomer>
        <hand>yes</hand>
        <puckering>yes</puckering>
      </validation>
    <sugar id="/D/1311(MAN)">
      <link>
        <anomericity>alpha</anomericity>
        <connected_to>2</connected_to>
        <phi>90.7284</phi>
        <psi>166.659</psi>
      </link>
      <detected_type>alpha-D-aldopyranose</detected_type>
      <cremer-pople_Q>0.572348</cremer-pople_Q>
      <cremer-pople_Phi>74.5355</cremer-pople_Phi>
      <cremer-pople_Theta>40.8118</cremer-pople_Theta>
      <mean_bfactor>40.8118</mean_bfactor>
      <conformation>4c1</conformation>
      <anomer>alpha</anomer>
      <hand>D</hand>
      <stacked_against>
      </stacked_against>
      <validation>
        <conformation>yes</conformation>
        <anomer>yes</anomer>
        <hand>yes</hand>
        <puckering>yes</puckering>
      </validation>
    </sugar>
    </sugar>
    </sugar>
    </sugar>
    </sugar>
    </sugar>
  </glycan>
  <glycan type="n-glycan" root="/D/443(ASN)" chain="D">
    <svg_graphics>
<ns0:svg version="1.1" width="234" height="66" viewBox="2595 980 335 95 " preserveAspectRatio="xMinYMinXMaxYMax meet">

  <ns0:style>
    .my_blue   { fill:#0090bc; }
    .my_red    { fill:#ed1c24; }
    .my_yellow { fill:#ffd400; }
  </ns0:style>
  <ns0:defs>
      <ns0:filter id="displace">
        <ns0:feTurbulence baseFrequency=".05" numOctaves="3" result="myturbulence" />
        <ns0:feDisplacementMap in="SourceGraphic" in2="myturbulence" scale="10" />
      </ns0:filter>

      <ns0:pattern id="half_yellow" x="0" y="0" width="50" height="50" patternUnits="userSpaceOnUse">
        <ns0:rect width="50" height="50" x="0" y="0" style="stroke:none; fill:#ffd400;" />
        <ns0:polygon points="0 0, 0 50, 50 50" rx="0" ry="0" style="stroke:#000000; stroke-width:1.5; fill:#ffffff;" />
      </ns0:pattern>
      <ns0:pattern id="half_blue" x="0" y="0" width="50" height="50" patternUnits="userSpaceOnUse">
        <ns0:rect width="50" height="50" x="0" y="0" style="stroke:none; fill:#0090bc;" />
        <ns0:polygon points="0 0, 0 50, 50 50" rx="0" ry="0" style="stroke:#000000; stroke-width:1.5; fill:#ffffff;" />
      </ns0:pattern>
      <ns0:pattern id="half_green" x="0" y="0" width="50" height="50" patternUnits="userSpaceOnUse">
        <ns0:rect width="50" height="50" x="0" y="0" style="stroke:none; fill:#00a651;" />
        <ns0:polygon points="0 0, 0 50, 50 50" rx="0" ry="0" style="stroke:#000000; stroke-width:1.5; fill:#ffffff;" />
      </ns0:pattern>
      <ns0:pattern id="yellow_left" x="0" y="0" width="50" height="50" patternUnits="userSpaceOnUse">
        <ns0:polygon points="25 0, 50 25, 25 50, 0 25" style="stroke:none; fill:#ffd400;" />
        <ns0:polygon points="25 0, 25 50, 0 25" rx="0" ry="0" style="stroke:#000000; stroke-width:1.5; fill:#ffffff;" />
      </ns0:pattern>
      <ns0:pattern id="blue_up" x="0" y="0" width="50" height="50" patternUnits="userSpaceOnUse">
        <ns0:polygon points="25 0, 50 25, 25 50, 0 25" style="stroke:none; fill:#0090bc;" />
        <ns0:polygon points="0 25, 50 25, 25 50" rx="0" ry="0" style="stroke:#000000; stroke-width:1.5; fill:#ffffff;" />
      </ns0:pattern>
      <ns0:pattern id="green_right" x="0" y="0" width="50" height="50" patternUnits="userSpaceOnUse">
        <ns0:polygon points="25 0, 50 25, 25 50, 0 25" style="stroke:none; fill:#00a651;" />
        <ns0:polygon points="0 25, 25 50, 25 0" rx="0" ry="0" style="stroke:#000000; stroke-width:1.5; fill:#ffffff;" />
      </ns0:pattern>
      <ns0:pattern id="tan_down" x="0" y="0" width="50" height="50" patternUnits="userSpaceOnUse">
        <ns0:polygon points="25 0, 50 25, 25 50, 0 25" style="stroke:none; fill:#966432;" />
        <ns0:polygon points="0 25, 50 25, 25 0" rx="0" ry="0" style="stroke:#000000; stroke-width:1.5; fill:#ffffff;" />
      </ns0:pattern>
<ns0:circle r="25" cx="25" cy="25" id="glc" style=" stroke:#000000; fill:#0090bc;stroke-width:2.8;" />
<ns0:circle r="25" cx="25" cy="25" id="gal" style=" stroke:#000000; fill:#ffd400;stroke-width:2.8;" />
<ns0:circle r="25" cx="25" cy="25" id="man" style=" stroke:#000000; fill:#00a651;stroke-width:2.8;" />
<ns0:polygon points="0 50, 25 0, 50 50" rx="0" ry="0" id="fuc" style=" stroke:#000000; fill:#ed1c24;stroke-width:2.8;" />
<ns0:polygon points="39.5,50 24.5,37.5 9.5,50 14.5,32.5 0,20 19.5,20 24.5,0 29.5,20 50,20 34.5,32.5" rx="0" ry="0" id="xyl" style=" stroke:#000000; fill:#ff7f00;stroke-width:2.8;" />
<ns0:rect width="50" height="50" id="glcnac" style=" stroke:#000000; fill:#0090bc;stroke-width:2.8;" />
<ns0:rect width="50" height="50" id="galnac" style=" stroke:#000000; fill:#ffd400;stroke-width:2.8;" />
<ns0:rect width="50" height="50" id="mannac" style=" stroke:#000000; fill:#00a651;stroke-width:2.8;" />
<ns0:rect width="50" height="50" id="glcn" style=" stroke:#000000; fill: url(#half_blue);stroke-width:2.8;" />
<ns0:rect width="50" height="50" id="galn" style=" stroke:#000000; fill: url(#half_yellow);stroke-width:2.8;" />
<ns0:rect width="50" height="50" id="mann" style=" stroke:#000000; fill: url(#half_green);stroke-width:2.8;" />
<ns0:polygon points="25 0, 50 25, 25 50, 0 25" rx="0" ry="0" id="neu5ac" style=" stroke:#000000; fill:#a54399;stroke-width:2.8;" />
<ns0:polygon points="25 0, 50 25, 25 50, 0 25" rx="0" ry="0" id="neu5gc" style=" stroke:#000000; fill:#8fcce9;stroke-width:2.8;" />
<ns0:polygon points="25 0, 50 25, 25 50, 0 25" rx="0" ry="0" id="kdn" style=" stroke:#000000; fill:#00a651;stroke-width:2.8;" />
<ns0:polygon points="25 0, 50 25, 25 50, 0 25" rx="0" ry="0" id="glca" style=" stroke:#000000; fill: url(#blue_up);stroke-width:2.8;" />
<ns0:polygon points="25 0, 50 25, 25 50, 0 25" rx="0" ry="0" id="idoa" style=" stroke:#000000; fill: url(#tan_down);stroke-width:2.8;" />
<ns0:polygon points="25 0, 50 25, 25 50, 0 25" rx="0" ry="0" id="gala" style=" stroke:#000000; fill: url(#yellow_left);stroke-width:2.8;" />
<ns0:polygon points="25 0, 50 25, 25 50, 0 25" rx="0" ry="0" id="mana" style=" stroke:#000000; fill: url(#green_right);stroke-width:2.8;" />
<ns0:line x1="0" y1="0" x2="110" y2="0" style="stroke:#000000; stroke-width:2; stroke-linecap:round; stroke-dasharray:9,6;" id="alpha" />
<ns0:line x1="0" y1="0" x2="110" y2="0" style="stroke:#000000; stroke-width:2; stroke-linecap:round;" id="beta" />
<ns0:polygon points="25 0, 50 11, 50 38, 25 50, 0 38, 0 11" rx="0" ry="0" id="unk" style=" stroke:#000000; fill:#ffffff;stroke-width:4.0; " />
  </ns0:defs>

<ns0:a id="anchor" ns1:href="mmdb:///D/1401" target="_top">  <ns0:use ns1:href="#beta" x="2720" y="1015" id="" transform="rotate(180 2720 1015)"><ns0:title>[ beta 1-4 ] with phi: -75.7434; psi: -110.368;</ns0:title></ns0:use>
</ns0:a>
<ns0:a id="anchor" ns1:href="mmdb:///D/443" target="_top">  <ns0:use ns1:href="#beta" x="2800" y="1015" id="" transform="rotate(180 2800 1015)"><ns0:title>beta link. Phi: 64.4727; Psi: 182.274;</ns0:title></ns0:use>
</ns0:a>
<ns0:a id="anchor" ns1:href="mmdb:///D/443" target="_top">  <ns0:g id="glycan_root" transform="translate(2768 990)">
    <ns0:rect width="160" height="50" rx="10" ry="10" style="stroke:#000000; fill:#ffffff; stroke-width:2.0;" />
    <ns0:line x1="30" y1="0" x2="30" y2="50" style="stroke:#000000; fill:#ffffff; stroke-width:2.0;" />
    <ns0:text x="7" y="32" class="my_blue" font-weight="bold" font-family="Helvetica" font-size="24">N</ns0:text>
    <ns0:text x="92" y="32" fill="black" text-anchor="middle" font-weight="bold" font-family="Helvetica" font-size="24">ASN<ns0:tspan baseline-shift="sub" font-weight="normal" font-size="20">D/443</ns0:tspan></ns0:text>
</ns0:g>
</ns0:a>
<ns0:a id="anchor" ns1:href="mmdb:///D/1401" target="_top">  <ns0:use ns1:href="#glcnac" x="2685" y="990" id=""><ns0:title><ns0:tspan>NAG 1401 in 4c1 conformation. </ns0:tspan><ns0:tspan>Mean B-factor: 45.89. </ns0:tspan><ns0:tspan>Detected type: beta-D-aldopyranose. </ns0:tspan><ns0:tspan>No issues have been detected.</ns0:tspan></ns0:title></ns0:use>
</ns0:a>
<ns0:a id="anchor" ns1:href="mmdb:///D/1402" target="_top">  <ns0:use ns1:href="#glcnac" x="2605" y="990" id=""><ns0:title><ns0:tspan>NAG 1402 in 4c1 conformation. </ns0:tspan><ns0:tspan>Mean B-factor: 32.97. </ns0:tspan><ns0:tspan>Detected type: beta-D-aldopyranose. </ns0:tspan><ns0:tspan>No issues have been detected.</ns0:tspan></ns0:title></ns0:use>
</ns0:a>
</ns0:svg>    </svg_graphics>
    <sugar id="/D/1401(NAG)">
      <link>
        <anomericity>beta</anomericity>
        <connected_to>0</connected_to>
        <phi>64.4727</phi>
        <psi>182.274</psi>
      </link>
      <detected_type>beta-D-aldopyranose</detected_type>
      <cremer-pople_Q>0.536684</cremer-pople_Q>
      <cremer-pople_Phi>316.427</cremer-pople_Phi>
      <cremer-pople_Theta>45.8921</cremer-pople_Theta>
      <mean_bfactor>45.8921</mean_bfactor>
      <conformation>4c1</conformation>
      <anomer>beta</anomer>
      <hand>D</hand>
      <stacked_against>
        <residue id="/D/431(TRP)">
          <angle>2.80849</angle>
        </residue>
      </stacked_against>
      <validation>
        <conformation>yes</conformation>
        <anomer>yes</anomer>
        <hand>yes</hand>
        <puckering>yes</puckering>
      </validation>
    <sugar id="/D/1402(NAG)">
      <link>
        <anomericity>beta</anomericity>
        <connected_to>4</connected_to>
        <phi>-75.7434</phi>
        <psi>-110.368</psi>
      </link>
      <detected_type>beta-D-aldopyranose</detected_type>
      <cremer-pople_Q>0.554615</cremer-pople_Q>
      <cremer-pople_Phi>292.442</cremer-pople_Phi>
      <cremer-pople_Theta>32.9714</cremer-pople_Theta>
      <mean_bfactor>32.9714</mean_bfactor>
      <conformation>4c1</conformation>
      <anomer>beta</anomer>
      <hand>D</hand>
      <stacked_against>
      </stacked_against>
      <validation>
        <conformation>yes</conformation>
        <anomer>yes</anomer>
        <hand>yes</hand>
        <puckering>yes</puckering>
      </validation>
    </sugar>
    </sugar>
  </glycan>
  <glycan type="n-glycan" root="/D/524(ASN)" chain="D">
    <svg_graphics>
<ns0:svg version="1.1" width="402" height="178" viewBox="2355 820 575 255 " preserveAspectRatio="xMinYMinXMaxYMax meet">

  <ns0:style>
    .my_blue   { fill:#0090bc; }
    .my_red    { fill:#ed1c24; }
    .my_yellow { fill:#ffd400; }
  </ns0:style>
  <ns0:defs>
      <ns0:filter id="displace">
        <ns0:feTurbulence baseFrequency=".05" numOctaves="3" result="myturbulence" />
        <ns0:feDisplacementMap in="SourceGraphic" in2="myturbulence" scale="10" />
      </ns0:filter>

      <ns0:pattern id="half_yellow" x="0" y="0" width="50" height="50" patternUnits="userSpaceOnUse">
        <ns0:rect width="50" height="50" x="0" y="0" style="stroke:none; fill:#ffd400;" />
        <ns0:polygon points="0 0, 0 50, 50 50" rx="0" ry="0" style="stroke:#000000; stroke-width:1.5; fill:#ffffff;" />
      </ns0:pattern>
      <ns0:pattern id="half_blue" x="0" y="0" width="50" height="50" patternUnits="userSpaceOnUse">
        <ns0:rect width="50" height="50" x="0" y="0" style="stroke:none; fill:#0090bc;" />
        <ns0:polygon points="0 0, 0 50, 50 50" rx="0" ry="0" style="stroke:#000000; stroke-width:1.5; fill:#ffffff;" />
      </ns0:pattern>
      <ns0:pattern id="half_green" x="0" y="0" width="50" height="50" patternUnits="userSpaceOnUse">
        <ns0:rect width="50" height="50" x="0" y="0" style="stroke:none; fill:#00a651;" />
        <ns0:polygon points="0 0, 0 50, 50 50" rx="0" ry="0" style="stroke:#000000; stroke-width:1.5; fill:#ffffff;" />
      </ns0:pattern>
      <ns0:pattern id="yellow_left" x="0" y="0" width="50" height="50" patternUnits="userSpaceOnUse">
        <ns0:polygon points="25 0, 50 25, 25 50, 0 25" style="stroke:none; fill:#ffd400;" />
        <ns0:polygon points="25 0, 25 50, 0 25" rx="0" ry="0" style="stroke:#000000; stroke-width:1.5; fill:#ffffff;" />
      </ns0:pattern>
      <ns0:pattern id="blue_up" x="0" y="0" width="50" height="50" patternUnits="userSpaceOnUse">
        <ns0:polygon points="25 0, 50 25, 25 50, 0 25" style="stroke:none; fill:#0090bc;" />
        <ns0:polygon points="0 25, 50 25, 25 50" rx="0" ry="0" style="stroke:#000000; stroke-width:1.5; fill:#ffffff;" />
      </ns0:pattern>
      <ns0:pattern id="green_right" x="0" y="0" width="50" height="50" patternUnits="userSpaceOnUse">
        <ns0:polygon points="25 0, 50 25, 25 50, 0 25" style="stroke:none; fill:#00a651;" />
        <ns0:polygon points="0 25, 25 50, 25 0" rx="0" ry="0" style="stroke:#000000; stroke-width:1.5; fill:#ffffff;" />
      </ns0:pattern>
      <ns0:pattern id="tan_down" x="0" y="0" width="50" height="50" patternUnits="userSpaceOnUse">
        <ns0:polygon points="25 0, 50 25, 25 50, 0 25" style="stroke:none; fill:#966432;" />
        <ns0:polygon points="0 25, 50 25, 25 0" rx="0" ry="0" style="stroke:#000000; stroke-width:1.5; fill:#ffffff;" />
      </ns0:pattern>
<ns0:circle r="25" cx="25" cy="25" id="glc" style=" stroke:#000000; fill:#0090bc;stroke-width:2.8;" />
<ns0:circle r="25" cx="25" cy="25" id="gal" style=" stroke:#000000; fill:#ffd400;stroke-width:2.8;" />
<ns0:circle r="25" cx="25" cy="25" id="man" style=" stroke:#000000; fill:#00a651;stroke-width:2.8;" />
<ns0:polygon points="0 50, 25 0, 50 50" rx="0" ry="0" id="fuc" style=" stroke:#000000; fill:#ed1c24;stroke-width:2.8;" />
<ns0:polygon points="39.5,50 24.5,37.5 9.5,50 14.5,32.5 0,20 19.5,20 24.5,0 29.5,20 50,20 34.5,32.5" rx="0" ry="0" id="xyl" style=" stroke:#000000; fill:#ff7f00;stroke-width:2.8;" />
<ns0:rect width="50" height="50" id="glcnac" style=" stroke:#000000; fill:#0090bc;stroke-width:2.8;" />
<ns0:rect width="50" height="50" id="galnac" style=" stroke:#000000; fill:#ffd400;stroke-width:2.8;" />
<ns0:rect width="50" height="50" id="mannac" style=" stroke:#000000; fill:#00a651;stroke-width:2.8;" />
<ns0:rect width="50" height="50" id="glcn" style=" stroke:#000000; fill: url(#half_blue);stroke-width:2.8;" />
<ns0:rect width="50" height="50" id="galn" style=" stroke:#000000; fill: url(#half_yellow);stroke-width:2.8;" />
<ns0:rect width="50" height="50" id="mann" style=" stroke:#000000; fill: url(#half_green);stroke-width:2.8;" />
<ns0:polygon points="25 0, 50 25, 25 50, 0 25" rx="0" ry="0" id="neu5ac" style=" stroke:#000000; fill:#a54399;stroke-width:2.8;" />
<ns0:polygon points="25 0, 50 25, 25 50, 0 25" rx="0" ry="0" id="neu5gc" style=" stroke:#000000; fill:#8fcce9;stroke-width:2.8;" />
<ns0:polygon points="25 0, 50 25, 25 50, 0 25" rx="0" ry="0" id="kdn" style=" stroke:#000000; fill:#00a651;stroke-width:2.8;" />
<ns0:polygon points="25 0, 50 25, 25 50, 0 25" rx="0" ry="0" id="glca" style=" stroke:#000000; fill: url(#blue_up);stroke-width:2.8;" />
<ns0:polygon points="25 0, 50 25, 25 50, 0 25" rx="0" ry="0" id="idoa" style=" stroke:#000000; fill: url(#tan_down);stroke-width:2.8;" />
<ns0:polygon points="25 0, 50 25, 25 50, 0 25" rx="0" ry="0" id="gala" style=" stroke:#000000; fill: url(#yellow_left);stroke-width:2.8;" />
<ns0:polygon points="25 0, 50 25, 25 50, 0 25" rx="0" ry="0" id="mana" style=" stroke:#000000; fill: url(#green_right);stroke-width:2.8;" />
<ns0:line x1="0" y1="0" x2="110" y2="0" style="stroke:#000000; stroke-width:2; stroke-linecap:round; stroke-dasharray:9,6;" id="alpha" />
<ns0:line x1="0" y1="0" x2="110" y2="0" style="stroke:#000000; stroke-width:2; stroke-linecap:round;" id="beta" />
<ns0:polygon points="25 0, 50 11, 50 38, 25 50, 0 38, 0 11" rx="0" ry="0" id="unk" style=" stroke:#000000; fill:#ffffff;stroke-width:4.0; " />
  </ns0:defs>

<ns0:a id="anchor" ns1:href="mmdb:///D/1506" target="_top">  <ns0:use ns1:href="#alpha" x="2390" y="845" id="" transform="rotate(90 2390 845)"><ns0:title>[ alpha 1-2 ] with phi: 77.4219; psi: 170.16;</ns0:title></ns0:use>
</ns0:a>
<ns0:a id="anchor" ns1:href="mmdb:///D/1504" target="_top">  <ns0:use ns1:href="#alpha" x="2470" y="935" id="" transform="rotate(-135 2470 935)"><ns0:title>[ alpha 1-6 ] with phi: 84.2394; psi: -169.881; omega: 0;</ns0:title></ns0:use>
</ns0:a>
<ns0:a id="anchor" ns1:href="mmdb:///D/1504" target="_top">  <ns0:use ns1:href="#alpha" x="2470" y="935" id="" transform="rotate(-225 2470 935)"><ns0:title>[ alpha 1-3 ] with phi: 75.8382; psi: 145.437;</ns0:title></ns0:use>
</ns0:a>
<ns0:a id="anchor" ns1:href="mmdb:///D/1503" target="_top">  <ns0:use ns1:href="#alpha" x="2550" y="1015" id="" transform="rotate(-135 2550 1015)"><ns0:title>[ alpha 1-6 ] with phi: 57.3558; psi: -177.8; omega: -0;</ns0:title></ns0:use>
</ns0:a>
<ns0:a id="anchor" ns1:href="mmdb:///D/1502" target="_top">  <ns0:use ns1:href="#beta" x="2640" y="1015" id="" transform="rotate(180 2640 1015)"><ns0:title>[ beta 1-4 ] with phi: -74.3635; psi: -113.852;</ns0:title></ns0:use>
</ns0:a>
<ns0:a id="anchor" ns1:href="mmdb:///D/1501" target="_top">  <ns0:use ns1:href="#beta" x="2720" y="1015" id="" transform="rotate(180 2720 1015)"><ns0:title>[ beta 1-4 ] with phi: -81.7464; psi: -147.594;</ns0:title></ns0:use>
</ns0:a>
<ns0:a id="anchor" ns1:href="mmdb:///D/524" target="_top">  <ns0:use ns1:href="#beta" x="2800" y="1015" id="" transform="rotate(180 2800 1015)"><ns0:title>beta link. Phi: -84.1093; Psi: 183.343;</ns0:title></ns0:use>
</ns0:a>
<ns0:a id="anchor" ns1:href="mmdb:///D/524" target="_top">  <ns0:g id="glycan_root" transform="translate(2768 990)">
    <ns0:rect width="160" height="50" rx="10" ry="10" style="stroke:#000000; fill:#ffffff; stroke-width:2.0;" />
    <ns0:line x1="30" y1="0" x2="30" y2="50" style="stroke:#000000; fill:#ffffff; stroke-width:2.0;" />
    <ns0:text x="7" y="32" class="my_blue" font-weight="bold" font-family="Helvetica" font-size="24">N</ns0:text>
    <ns0:text x="92" y="32" fill="black" text-anchor="middle" font-weight="bold" font-family="Helvetica" font-size="24">ASN<ns0:tspan baseline-shift="sub" font-weight="normal" font-size="20">D/524</ns0:tspan></ns0:text>
</ns0:g>
</ns0:a>
<ns0:a id="anchor" ns1:href="mmdb:///D/1501" target="_top">  <ns0:use ns1:href="#glcnac" x="2685" y="990" id=""><ns0:title><ns0:tspan>NAG 1501 in 4c1 conformation. </ns0:tspan><ns0:tspan>Mean B-factor: 34.99. </ns0:tspan><ns0:tspan>Detected type: beta-D-aldopyranose. </ns0:tspan><ns0:tspan>No issues have been detected.</ns0:tspan></ns0:title></ns0:use>
</ns0:a>
<ns0:a id="anchor" ns1:href="mmdb:///D/1502" target="_top">  <ns0:use ns1:href="#glcnac" x="2605" y="990" id=""><ns0:title><ns0:tspan>NAG 1502 in 4c1 conformation. </ns0:tspan><ns0:tspan>Mean B-factor: 31.87. </ns0:tspan><ns0:tspan>Detected type: beta-D-aldopyranose. </ns0:tspan><ns0:tspan>No issues have been detected.</ns0:tspan></ns0:title></ns0:use>
</ns0:a>
<ns0:a id="anchor" ns1:href="mmdb:///D/1503" target="_top">  <ns0:use ns1:href="#man" x="2525" y="990" id=""><ns0:title><ns0:tspan>BMA 1503 in 4c1 conformation. </ns0:tspan><ns0:tspan>Mean B-factor: 42.96. </ns0:tspan><ns0:tspan>Detected type: beta-D-aldopyranose. </ns0:tspan><ns0:tspan>No issues have been detected.</ns0:tspan></ns0:title></ns0:use>
</ns0:a>
<ns0:a id="anchor" ns1:href="mmdb:///D/1504" target="_top">  <ns0:use ns1:href="#man" x="2445" y="910" id=""><ns0:title><ns0:tspan>MAN 1504 in 4c1 conformation. </ns0:tspan><ns0:tspan>Mean B-factor: 53.92. </ns0:tspan><ns0:tspan>Detected type: alpha-D-aldopyranose. </ns0:tspan><ns0:tspan>No issues have been detected.</ns0:tspan></ns0:title></ns0:use>
</ns0:a>
<ns0:a id="anchor" ns1:href="mmdb:///D/1505" target="_top">  <ns0:use ns1:href="#man" x="2365" y="990" id=""><ns0:title><ns0:tspan>MAN 1505 in 4c1 conformation. </ns0:tspan><ns0:tspan>Mean B-factor: 45.82. </ns0:tspan><ns0:tspan>Detected type: alpha-D-aldopyranose. </ns0:tspan><ns0:tspan>No issues have been detected.</ns0:tspan></ns0:title></ns0:use>
</ns0:a>
<ns0:a id="anchor" ns1:href="mmdb:///D/1506" target="_top">  <ns0:use ns1:href="#man" x="2365" y="830" id=""><ns0:title><ns0:tspan>MAN 1506 in 4c1 conformation. </ns0:tspan><ns0:tspan>Mean B-factor: 42.18. </ns0:tspan><ns0:tspan>Detected type: alpha-D-aldopyranose. </ns0:tspan><ns0:tspan>No issues have been detected.</ns0:tspan></ns0:title></ns0:use>
</ns0:a>
<ns0:a id="anchor" ns1:href="mmdb:///D/1507" target="_top">  <ns0:use ns1:href="#man" x="2365" y="910" id=""><ns0:title><ns0:tspan>MAN 1507 in 4c1 conformation. </ns0:tspan><ns0:tspan>Mean B-factor: 38.06. </ns0:tspan><ns0:tspan>Detected type: alpha-D-aldopyranose. </ns0:tspan><ns0:tspan>No issues have been detected.</ns0:tspan></ns0:title></ns0:use>
</ns0:a>
</ns0:svg>    </svg_graphics>
    <sugar id="/D/1501(NAG)">
      <link>
        <anomericity>beta</anomericity>
        <connected_to>0</connected_to>
        <phi>-84.1093</phi>
        <psi>183.343</psi>
      </link>
      <detected_type>beta-D-aldopyranose</detected_type>
      <cremer-pople_Q>0.546488</cremer-pople_Q>
      <cremer-pople_Phi>328.635</cremer-pople_Phi>
      <cremer-pople_Theta>34.99</cremer-pople_Theta>
      <mean_bfactor>34.99</mean_bfactor>
      <conformation>4c1</conformation>
      <anomer>beta</anomer>
      <hand>D</hand>
      <stacked_against>
      </stacked_against>
      <validation>
        <conformation>yes</conformation>
        <anomer>yes</anomer>
        <hand>yes</hand>
        <puckering>yes</puckering>
      </validation>
    <sugar id="/D/1502(NAG)">
      <link>
        <anomericity>beta</anomericity>
        <connected_to>4</connected_to>
        <phi>-81.7464</phi>
        <psi>-147.594</psi>
      </link>
      <detected_type>beta-D-aldopyranose</detected_type>
      <cremer-pople_Q>0.564704</cremer-pople_Q>
      <cremer-pople_Phi>9.40882</cremer-pople_Phi>
      <cremer-pople_Theta>31.8671</cremer-pople_Theta>
      <mean_bfactor>31.8671</mean_bfactor>
      <conformation>4c1</conformation>
      <anomer>beta</anomer>
      <hand>D</hand>
      <stacked_against>
      </stacked_against>
      <validation>
        <conformation>yes</conformation>
        <anomer>yes</anomer>
        <hand>yes</hand>
        <puckering>yes</puckering>
      </validation>
    <sugar id="/D/1503(BMA)">
      <link>
        <anomericity>beta</anomericity>
        <connected_to>4</connected_to>
        <phi>-74.3635</phi>
        <psi>-113.852</psi>
      </link>
      <detected_type>beta-D-aldopyranose</detected_type>
      <cremer-pople_Q>0.582249</cremer-pople_Q>
      <cremer-pople_Phi>29.0672</cremer-pople_Phi>
      <cremer-pople_Theta>42.9627</cremer-pople_Theta>
      <mean_bfactor>42.9627</mean_bfactor>
      <conformation>4c1</conformation>
      <anomer>beta</anomer>
      <hand>D</hand>
      <stacked_against>
      </stacked_against>
      <validation>
        <conformation>yes</conformation>
        <anomer>yes</anomer>
        <hand>yes</hand>
        <puckering>yes</puckering>
      </validation>
    <sugar id="/D/1504(MAN)">
      <link>
        <anomericity>alpha</anomericity>
        <connected_to>6</connected_to>
        <phi>57.3558</phi>
        <psi>-177.8</psi>
        <omega>-0</omega>
      </link>
      <detected_type>alpha-D-aldopyranose</detected_type>
      <cremer-pople_Q>0.567275</cremer-pople_Q>
      <cremer-pople_Phi>3.59029</cremer-pople_Phi>
      <cremer-pople_Theta>53.9209</cremer-pople_Theta>
      <mean_bfactor>53.9209</mean_bfactor>
      <conformation>4c1</conformation>
      <anomer>alpha</anomer>
      <hand>D</hand>
      <stacked_against>
      </stacked_against>
      <validation>
        <conformation>yes</conformation>
        <anomer>yes</anomer>
        <hand>yes</hand>
        <puckering>yes</puckering>
      </validation>
    <sugar id="/D/1505(MAN)">
      <link>
        <anomericity>alpha</anomericity>
        <connected_to>3</connected_to>
        <phi>75.8382</phi>
        <psi>145.437</psi>
      </link>
      <detected_type>alpha-D-aldopyranose</detected_type>
      <cremer-pople_Q>0.565019</cremer-pople_Q>
      <cremer-pople_Phi>305.163</cremer-pople_Phi>
      <cremer-pople_Theta>45.8182</cremer-pople_Theta>
      <mean_bfactor>45.8182</mean_bfactor>
      <conformation>4c1</conformation>
      <anomer>alpha</anomer>
      <hand>D</hand>
      <stacked_against>
      </stacked_against>
      <validation>
        <conformation>yes</conformation>
        <anomer>yes</anomer>
        <hand>yes</hand>
        <puckering>yes</puckering>
      </validation>
    </sugar>
    <sugar id="/D/1506(MAN)">
      <link>
        <anomericity>alpha</anomericity>
        <connected_to>6</connected_to>
        <phi>84.2394</phi>
        <psi>-169.881</psi>
        <omega>0</omega>
      </link>
      <detected_type>alpha-D-aldopyranose</detected_type>
      <cremer-pople_Q>0.564087</cremer-pople_Q>
      <cremer-pople_Phi>222.524</cremer-pople_Phi>
      <cremer-pople_Theta>42.1782</cremer-pople_Theta>
      <mean_bfactor>42.1782</mean_bfactor>
      <conformation>4c1</conformation>
      <anomer>alpha</anomer>
      <hand>D</hand>
      <stacked_against>
      </stacked_against>
      <validation>
        <conformation>yes</conformation>
        <anomer>yes</anomer>
        <hand>yes</hand>
        <puckering>yes</puckering>
      </validation>
    <sugar id="/D/1507(MAN)">
      <link>
        <anomericity>alpha</anomericity>
        <connected_to>2</connected_to>
        <phi>77.4219</phi>
        <psi>170.16</psi>
      </link>
      <detected_type>alpha-D-aldopyranose</detected_type>
      <cremer-pople_Q>0.568651</cremer-pople_Q>
      <cremer-pople_Phi>349.842</cremer-pople_Phi>
      <cremer-pople_Theta>38.0582</cremer-pople_Theta>
      <mean_bfactor>38.0582</mean_bfactor>
      <conformation>4c1</conformation>
      <anomer>alpha</anomer>
      <hand>D</hand>
      <stacked_against>
      </stacked_against>
      <validation>
        <conformation>yes</conformation>
        <anomer>yes</anomer>
        <hand>yes</hand>
        <puckering>yes</puckering>
      </validation>
    </sugar>
    </sugar>
    </sugar>
    </sugar>
    </sugar>
    </sugar>
  </glycan>
  <glycan type="n-glycan" root="/D/543(ASN)" chain="D">
    <svg_graphics>
<ns0:svg version="1.1" width="178" height="66" viewBox="2675 980 255 95 " preserveAspectRatio="xMinYMinXMaxYMax meet">

  <ns0:style>
    .my_blue   { fill:#0090bc; }
    .my_red    { fill:#ed1c24; }
    .my_yellow { fill:#ffd400; }
  </ns0:style>
  <ns0:defs>
      <ns0:filter id="displace">
        <ns0:feTurbulence baseFrequency=".05" numOctaves="3" result="myturbulence" />
        <ns0:feDisplacementMap in="SourceGraphic" in2="myturbulence" scale="10" />
      </ns0:filter>

      <ns0:pattern id="half_yellow" x="0" y="0" width="50" height="50" patternUnits="userSpaceOnUse">
        <ns0:rect width="50" height="50" x="0" y="0" style="stroke:none; fill:#ffd400;" />
        <ns0:polygon points="0 0, 0 50, 50 50" rx="0" ry="0" style="stroke:#000000; stroke-width:1.5; fill:#ffffff;" />
      </ns0:pattern>
      <ns0:pattern id="half_blue" x="0" y="0" width="50" height="50" patternUnits="userSpaceOnUse">
        <ns0:rect width="50" height="50" x="0" y="0" style="stroke:none; fill:#0090bc;" />
        <ns0:polygon points="0 0, 0 50, 50 50" rx="0" ry="0" style="stroke:#000000; stroke-width:1.5; fill:#ffffff;" />
      </ns0:pattern>
      <ns0:pattern id="half_green" x="0" y="0" width="50" height="50" patternUnits="userSpaceOnUse">
        <ns0:rect width="50" height="50" x="0" y="0" style="stroke:none; fill:#00a651;" />
        <ns0:polygon points="0 0, 0 50, 50 50" rx="0" ry="0" style="stroke:#000000; stroke-width:1.5; fill:#ffffff;" />
      </ns0:pattern>
      <ns0:pattern id="yellow_left" x="0" y="0" width="50" height="50" patternUnits="userSpaceOnUse">
        <ns0:polygon points="25 0, 50 25, 25 50, 0 25" style="stroke:none; fill:#ffd400;" />
        <ns0:polygon points="25 0, 25 50, 0 25" rx="0" ry="0" style="stroke:#000000; stroke-width:1.5; fill:#ffffff;" />
      </ns0:pattern>
      <ns0:pattern id="blue_up" x="0" y="0" width="50" height="50" patternUnits="userSpaceOnUse">
        <ns0:polygon points="25 0, 50 25, 25 50, 0 25" style="stroke:none; fill:#0090bc;" />
        <ns0:polygon points="0 25, 50 25, 25 50" rx="0" ry="0" style="stroke:#000000; stroke-width:1.5; fill:#ffffff;" />
      </ns0:pattern>
      <ns0:pattern id="green_right" x="0" y="0" width="50" height="50" patternUnits="userSpaceOnUse">
        <ns0:polygon points="25 0, 50 25, 25 50, 0 25" style="stroke:none; fill:#00a651;" />
        <ns0:polygon points="0 25, 25 50, 25 0" rx="0" ry="0" style="stroke:#000000; stroke-width:1.5; fill:#ffffff;" />
      </ns0:pattern>
      <ns0:pattern id="tan_down" x="0" y="0" width="50" height="50" patternUnits="userSpaceOnUse">
        <ns0:polygon points="25 0, 50 25, 25 50, 0 25" style="stroke:none; fill:#966432;" />
        <ns0:polygon points="0 25, 50 25, 25 0" rx="0" ry="0" style="stroke:#000000; stroke-width:1.5; fill:#ffffff;" />
      </ns0:pattern>
<ns0:circle r="25" cx="25" cy="25" id="glc" style=" stroke:#000000; fill:#0090bc;stroke-width:2.8;" />
<ns0:circle r="25" cx="25" cy="25" id="gal" style=" stroke:#000000; fill:#ffd400;stroke-width:2.8;" />
<ns0:circle r="25" cx="25" cy="25" id="man" style=" stroke:#000000; fill:#00a651;stroke-width:2.8;" />
<ns0:polygon points="0 50, 25 0, 50 50" rx="0" ry="0" id="fuc" style=" stroke:#000000; fill:#ed1c24;stroke-width:2.8;" />
<ns0:polygon points="39.5,50 24.5,37.5 9.5,50 14.5,32.5 0,20 19.5,20 24.5,0 29.5,20 50,20 34.5,32.5" rx="0" ry="0" id="xyl" style=" stroke:#000000; fill:#ff7f00;stroke-width:2.8;" />
<ns0:rect width="50" height="50" id="glcnac" style=" stroke:#000000; fill:#0090bc;stroke-width:2.8;" />
<ns0:rect width="50" height="50" id="galnac" style=" stroke:#000000; fill:#ffd400;stroke-width:2.8;" />
<ns0:rect width="50" height="50" id="mannac" style=" stroke:#000000; fill:#00a651;stroke-width:2.8;" />
<ns0:rect width="50" height="50" id="glcn" style=" stroke:#000000; fill: url(#half_blue);stroke-width:2.8;" />
<ns0:rect width="50" height="50" id="galn" style=" stroke:#000000; fill: url(#half_yellow);stroke-width:2.8;" />
<ns0:rect width="50" height="50" id="mann" style=" stroke:#000000; fill: url(#half_green);stroke-width:2.8;" />
<ns0:polygon points="25 0, 50 25, 25 50, 0 25" rx="0" ry="0" id="neu5ac" style=" stroke:#000000; fill:#a54399;stroke-width:2.8;" />
<ns0:polygon points="25 0, 50 25, 25 50, 0 25" rx="0" ry="0" id="neu5gc" style=" stroke:#000000; fill:#8fcce9;stroke-width:2.8;" />
<ns0:polygon points="25 0, 50 25, 25 50, 0 25" rx="0" ry="0" id="kdn" style=" stroke:#000000; fill:#00a651;stroke-width:2.8;" />
<ns0:polygon points="25 0, 50 25, 25 50, 0 25" rx="0" ry="0" id="glca" style=" stroke:#000000; fill: url(#blue_up);stroke-width:2.8;" />
<ns0:polygon points="25 0, 50 25, 25 50, 0 25" rx="0" ry="0" id="idoa" style=" stroke:#000000; fill: url(#tan_down);stroke-width:2.8;" />
<ns0:polygon points="25 0, 50 25, 25 50, 0 25" rx="0" ry="0" id="gala" style=" stroke:#000000; fill: url(#yellow_left);stroke-width:2.8;" />
<ns0:polygon points="25 0, 50 25, 25 50, 0 25" rx="0" ry="0" id="mana" style=" stroke:#000000; fill: url(#green_right);stroke-width:2.8;" />
<ns0:line x1="0" y1="0" x2="110" y2="0" style="stroke:#000000; stroke-width:2; stroke-linecap:round; stroke-dasharray:9,6;" id="alpha" />
<ns0:line x1="0" y1="0" x2="110" y2="0" style="stroke:#000000; stroke-width:2; stroke-linecap:round;" id="beta" />
<ns0:polygon points="25 0, 50 11, 50 38, 25 50, 0 38, 0 11" rx="0" ry="0" id="unk" style=" stroke:#000000; fill:#ffffff;stroke-width:4.0; " />
  </ns0:defs>

<ns0:a id="anchor" ns1:href="mmdb:///D/543" target="_top">  <ns0:use ns1:href="#beta" x="2800" y="1015" id="" transform="rotate(180 2800 1015)"><ns0:title>beta link. Phi: -113.904; Psi: 181.934;</ns0:title></ns0:use>
</ns0:a>
<ns0:a id="anchor" ns1:href="mmdb:///D/543" target="_top">  <ns0:g id="glycan_root" transform="translate(2768 990)">
    <ns0:rect width="160" height="50" rx="10" ry="10" style="stroke:#000000; fill:#ffffff; stroke-width:2.0;" />
    <ns0:line x1="30" y1="0" x2="30" y2="50" style="stroke:#000000; fill:#ffffff; stroke-width:2.0;" />
    <ns0:text x="7" y="32" class="my_blue" font-weight="bold" font-family="Helvetica" font-size="24">N</ns0:text>
    <ns0:text x="92" y="32" fill="black" text-anchor="middle" font-weight="bold" font-family="Helvetica" font-size="24">ASN<ns0:tspan baseline-shift="sub" font-weight="normal" font-size="20">D/543</ns0:tspan></ns0:text>
</ns0:g>
</ns0:a>
<ns0:a id="anchor" ns1:href="mmdb:///D/1601" target="_top">  <ns0:use ns1:href="#glcnac" x="2685" y="990" id=""><ns0:title><ns0:tspan>NAG 1601 in 4c1 conformation. </ns0:tspan><ns0:tspan>Mean B-factor: 61.08. </ns0:tspan><ns0:tspan>Detected type: beta-D-aldopyranose. </ns0:tspan><ns0:tspan>No issues have been detected.</ns0:tspan></ns0:title></ns0:use>
</ns0:a>
</ns0:svg>    </svg_graphics>
    <sugar id="/D/1601(NAG)">
      <link>
        <anomericity>beta</anomericity>
        <connected_to>0</connected_to>
        <phi>-113.904</phi>
        <psi>181.934</psi>
      </link>
      <detected_type>beta-D-aldopyranose</detected_type>
      <cremer-pople_Q>0.574374</cremer-pople_Q>
      <cremer-pople_Phi>312.973</cremer-pople_Phi>
      <cremer-pople_Theta>61.0771</cremer-pople_Theta>
      <mean_bfactor>61.0771</mean_bfactor>
      <conformation>4c1</conformation>
      <anomer>beta</anomer>
      <hand>D</hand>
      <stacked_against>
      </stacked_against>
      <validation>
        <conformation>yes</conformation>
        <anomer>yes</anomer>
        <hand>yes</hand>
        <puckering>yes</puckering>
      </validation>
    </sugar>
  </glycan>
  <glycan type="n-glycan" root="/D/565(ASN)" chain="D">
    <svg_graphics>
<ns0:svg version="1.1" width="402" height="161" viewBox="2355 900 575 230 " preserveAspectRatio="xMinYMinXMaxYMax meet">

  <ns0:style>
    .my_blue   { fill:#0090bc; }
    .my_red    { fill:#ed1c24; }
    .my_yellow { fill:#ffd400; }
  </ns0:style>
  <ns0:defs>
      <ns0:filter id="displace">
        <ns0:feTurbulence baseFrequency=".05" numOctaves="3" result="myturbulence" />
        <ns0:feDisplacementMap in="SourceGraphic" in2="myturbulence" scale="10" />
      </ns0:filter>

      <ns0:pattern id="half_yellow" x="0" y="0" width="50" height="50" patternUnits="userSpaceOnUse">
        <ns0:rect width="50" height="50" x="0" y="0" style="stroke:none; fill:#ffd400;" />
        <ns0:polygon points="0 0, 0 50, 50 50" rx="0" ry="0" style="stroke:#000000; stroke-width:1.5; fill:#ffffff;" />
      </ns0:pattern>
      <ns0:pattern id="half_blue" x="0" y="0" width="50" height="50" patternUnits="userSpaceOnUse">
        <ns0:rect width="50" height="50" x="0" y="0" style="stroke:none; fill:#0090bc;" />
        <ns0:polygon points="0 0, 0 50, 50 50" rx="0" ry="0" style="stroke:#000000; stroke-width:1.5; fill:#ffffff;" />
      </ns0:pattern>
      <ns0:pattern id="half_green" x="0" y="0" width="50" height="50" patternUnits="userSpaceOnUse">
        <ns0:rect width="50" height="50" x="0" y="0" style="stroke:none; fill:#00a651;" />
        <ns0:polygon points="0 0, 0 50, 50 50" rx="0" ry="0" style="stroke:#000000; stroke-width:1.5; fill:#ffffff;" />
      </ns0:pattern>
      <ns0:pattern id="yellow_left" x="0" y="0" width="50" height="50" patternUnits="userSpaceOnUse">
        <ns0:polygon points="25 0, 50 25, 25 50, 0 25" style="stroke:none; fill:#ffd400;" />
        <ns0:polygon points="25 0, 25 50, 0 25" rx="0" ry="0" style="stroke:#000000; stroke-width:1.5; fill:#ffffff;" />
      </ns0:pattern>
      <ns0:pattern id="blue_up" x="0" y="0" width="50" height="50" patternUnits="userSpaceOnUse">
        <ns0:polygon points="25 0, 50 25, 25 50, 0 25" style="stroke:none; fill:#0090bc;" />
        <ns0:polygon points="0 25, 50 25, 25 50" rx="0" ry="0" style="stroke:#000000; stroke-width:1.5; fill:#ffffff;" />
      </ns0:pattern>
      <ns0:pattern id="green_right" x="0" y="0" width="50" height="50" patternUnits="userSpaceOnUse">
        <ns0:polygon points="25 0, 50 25, 25 50, 0 25" style="stroke:none; fill:#00a651;" />
        <ns0:polygon points="0 25, 25 50, 25 0" rx="0" ry="0" style="stroke:#000000; stroke-width:1.5; fill:#ffffff;" />
      </ns0:pattern>
      <ns0:pattern id="tan_down" x="0" y="0" width="50" height="50" patternUnits="userSpaceOnUse">
        <ns0:polygon points="25 0, 50 25, 25 50, 0 25" style="stroke:none; fill:#966432;" />
        <ns0:polygon points="0 25, 50 25, 25 0" rx="0" ry="0" style="stroke:#000000; stroke-width:1.5; fill:#ffffff;" />
      </ns0:pattern>
<ns0:circle r="25" cx="25" cy="25" id="glc" style=" stroke:#000000; fill:#0090bc;stroke-width:2.8;" />
<ns0:circle r="25" cx="25" cy="25" id="gal" style=" stroke:#000000; fill:#ffd400;stroke-width:2.8;" />
<ns0:circle r="25" cx="25" cy="25" id="man" style=" stroke:#000000; fill:#00a651;stroke-width:2.8;" />
<ns0:polygon points="0 50, 25 0, 50 50" rx="0" ry="0" id="fuc" style=" stroke:#000000; fill:#ed1c24;stroke-width:2.8;" />
<ns0:polygon points="39.5,50 24.5,37.5 9.5,50 14.5,32.5 0,20 19.5,20 24.5,0 29.5,20 50,20 34.5,32.5" rx="0" ry="0" id="xyl" style=" stroke:#000000; fill:#ff7f00;stroke-width:2.8;" />
<ns0:rect width="50" height="50" id="glcnac" style=" stroke:#000000; fill:#0090bc;stroke-width:2.8;" />
<ns0:rect width="50" height="50" id="galnac" style=" stroke:#000000; fill:#ffd400;stroke-width:2.8;" />
<ns0:rect width="50" height="50" id="mannac" style=" stroke:#000000; fill:#00a651;stroke-width:2.8;" />
<ns0:rect width="50" height="50" id="glcn" style=" stroke:#000000; fill: url(#half_blue);stroke-width:2.8;" />
<ns0:rect width="50" height="50" id="galn" style=" stroke:#000000; fill: url(#half_yellow);stroke-width:2.8;" />
<ns0:rect width="50" height="50" id="mann" style=" stroke:#000000; fill: url(#half_green);stroke-width:2.8;" />
<ns0:polygon points="25 0, 50 25, 25 50, 0 25" rx="0" ry="0" id="neu5ac" style=" stroke:#000000; fill:#a54399;stroke-width:2.8;" />
<ns0:polygon points="25 0, 50 25, 25 50, 0 25" rx="0" ry="0" id="neu5gc" style=" stroke:#000000; fill:#8fcce9;stroke-width:2.8;" />
<ns0:polygon points="25 0, 50 25, 25 50, 0 25" rx="0" ry="0" id="kdn" style=" stroke:#000000; fill:#00a651;stroke-width:2.8;" />
<ns0:polygon points="25 0, 50 25, 25 50, 0 25" rx="0" ry="0" id="glca" style=" stroke:#000000; fill: url(#blue_up);stroke-width:2.8;" />
<ns0:polygon points="25 0, 50 25, 25 50, 0 25" rx="0" ry="0" id="idoa" style=" stroke:#000000; fill: url(#tan_down);stroke-width:2.8;" />
<ns0:polygon points="25 0, 50 25, 25 50, 0 25" rx="0" ry="0" id="gala" style=" stroke:#000000; fill: url(#yellow_left);stroke-width:2.8;" />
<ns0:polygon points="25 0, 50 25, 25 50, 0 25" rx="0" ry="0" id="mana" style=" stroke:#000000; fill: url(#green_right);stroke-width:2.8;" />
<ns0:line x1="0" y1="0" x2="110" y2="0" style="stroke:#000000; stroke-width:2; stroke-linecap:round; stroke-dasharray:9,6;" id="alpha" />
<ns0:line x1="0" y1="0" x2="110" y2="0" style="stroke:#000000; stroke-width:2; stroke-linecap:round;" id="beta" />
<ns0:polygon points="25 0, 50 11, 50 38, 25 50, 0 38, 0 11" rx="0" ry="0" id="unk" style=" stroke:#000000; fill:#ffffff;stroke-width:4.0; " />
  </ns0:defs>

<ns0:a id="anchor" ns1:href="mmdb:///D/1705" target="_top">  <ns0:use ns1:href="#alpha" x="2390" y="1005" id="" transform="rotate(90 2390 1005)"><ns0:title>[ alpha 1-2 ] with phi: 89.0794; psi: 127.465;</ns0:title></ns0:use>
</ns0:a>
<ns0:a id="anchor" ns1:href="mmdb:///D/1704" target="_top">  <ns0:use ns1:href="#alpha" x="2470" y="935" id="" transform="rotate(-225 2470 935)"><ns0:title>[ alpha 1-3 ] with phi: 92.0315; psi: 112.638;</ns0:title></ns0:use>
</ns0:a>
<ns0:a id="anchor" ns1:href="mmdb:///D/1703" target="_top">  <ns0:use ns1:href="#alpha" x="2550" y="1015" id="" transform="rotate(-135 2550 1015)"><ns0:title>[ alpha 1-6 ] with phi: 62.3456; psi: 176.818; omega: 0;</ns0:title></ns0:use>
</ns0:a>
<ns0:a id="anchor" ns1:href="mmdb:///D/1703" target="_top">  <ns0:use ns1:href="#alpha" x="2550" y="1015" id="" transform="rotate(-225 2550 1015)"><ns0:title>[ alpha 1-3 ] with phi: 128.564; psi: 150.528;</ns0:title></ns0:use>
</ns0:a>
<ns0:a id="anchor" ns1:href="mmdb:///D/1702" target="_top">  <ns0:use ns1:href="#beta" x="2640" y="1015" id="" transform="rotate(180 2640 1015)"><ns0:title>[ beta 1-4 ] with phi: -87.4745; psi: -119.792;</ns0:title></ns0:use>
</ns0:a>
<ns0:a id="anchor" ns1:href="mmdb:///D/1701" target="_top">  <ns0:use ns1:href="#beta" x="2720" y="1015" id="" transform="rotate(180 2720 1015)"><ns0:title>[ beta 1-4 ] with phi: -77.9204; psi: -138.193;</ns0:title></ns0:use>
</ns0:a>
<ns0:a id="anchor" ns1:href="mmdb:///D/565" target="_top">  <ns0:use ns1:href="#beta" x="2800" y="1015" id="" transform="rotate(180 2800 1015)"><ns0:title>beta link. Phi: -107.881; Psi: 175.808;</ns0:title></ns0:use>
</ns0:a>
<ns0:a id="anchor" ns1:href="mmdb:///D/565" target="_top">  <ns0:g id="glycan_root" transform="translate(2768 990)">
    <ns0:rect width="160" height="50" rx="10" ry="10" style="stroke:#000000; fill:#ffffff; stroke-width:2.0;" />
    <ns0:line x1="30" y1="0" x2="30" y2="50" style="stroke:#000000; fill:#ffffff; stroke-width:2.0;" />
    <ns0:text x="7" y="32" class="my_blue" font-weight="bold" font-family="Helvetica" font-size="24">N</ns0:text>
    <ns0:text x="92" y="32" fill="black" text-anchor="middle" font-weight="bold" font-family="Helvetica" font-size="24">ASN<ns0:tspan baseline-shift="sub" font-weight="normal" font-size="20">D/565</ns0:tspan></ns0:text>
</ns0:g>
</ns0:a>
<ns0:a id="anchor" ns1:href="mmdb:///D/1701" target="_top">  <ns0:use ns1:href="#glcnac" x="2685" y="990" id=""><ns0:title><ns0:tspan>NAG 1701 in 4c1 conformation. </ns0:tspan><ns0:tspan>Mean B-factor: 29.77. </ns0:tspan><ns0:tspan>Detected type: beta-D-aldopyranose. </ns0:tspan><ns0:tspan>No issues have been detected.</ns0:tspan></ns0:title></ns0:use>
</ns0:a>
<ns0:a id="anchor" ns1:href="mmdb:///D/1702" target="_top">  <ns0:use ns1:href="#glcnac" x="2605" y="990" id=""><ns0:title><ns0:tspan>NAG 1702 in 4c1 conformation. </ns0:tspan><ns0:tspan>Mean B-factor: 37.94. </ns0:tspan><ns0:tspan>Detected type: beta-D-aldopyranose. </ns0:tspan><ns0:tspan>No issues have been detected.</ns0:tspan></ns0:title></ns0:use>
</ns0:a>
<ns0:a id="anchor" ns1:href="mmdb:///D/1703" target="_top">  <ns0:use ns1:href="#man" x="2525" y="990" id=""><ns0:title><ns0:tspan>BMA 1703 in 4c1 conformation. </ns0:tspan><ns0:tspan>Mean B-factor: 39.69. </ns0:tspan><ns0:tspan>Detected type: beta-D-aldopyranose. </ns0:tspan><ns0:tspan>No issues have been detected.</ns0:tspan></ns0:title></ns0:use>
</ns0:a>
<ns0:a id="anchor" ns1:href="mmdb:///D/1708" target="_top">  <ns0:use ns1:href="#man" x="2445" y="1070" id=""><ns0:title><ns0:tspan>MAN 1708 in 4c1 conformation. </ns0:tspan><ns0:tspan>Mean B-factor: 45.41. </ns0:tspan><ns0:tspan>Detected type: alpha-D-aldopyranose. </ns0:tspan><ns0:tspan>No issues have been detected.</ns0:tspan></ns0:title></ns0:use>
</ns0:a>
<ns0:a id="anchor" ns1:href="mmdb:///D/1704" target="_top">  <ns0:use ns1:href="#man" x="2445" y="910" id=""><ns0:title><ns0:tspan>MAN 1704 in 4c1 conformation. </ns0:tspan><ns0:tspan>Mean B-factor: 41.36. </ns0:tspan><ns0:tspan>Detected type: alpha-D-aldopyranose. </ns0:tspan><ns0:tspan>No issues have been detected.</ns0:tspan></ns0:title></ns0:use>
</ns0:a>
<ns0:a id="anchor" ns1:href="mmdb:///D/1705" target="_top">  <ns0:use ns1:href="#man" x="2365" y="990" id=""><ns0:title><ns0:tspan>MAN 1705 in 4c1 conformation. </ns0:tspan><ns0:tspan>Mean B-factor: 45.46. </ns0:tspan><ns0:tspan>Detected type: alpha-D-aldopyranose. </ns0:tspan><ns0:tspan>No issues have been detected.</ns0:tspan></ns0:title></ns0:use>
</ns0:a>
<ns0:a id="anchor" ns1:href="mmdb:///D/1707" target="_top">  <ns0:use ns1:href="#man" x="2365" y="1070" id=""><ns0:title><ns0:tspan>MAN 1707 in 4c1 conformation. </ns0:tspan><ns0:tspan>Mean B-factor: 44.41. </ns0:tspan><ns0:tspan>Detected type: alpha-D-aldopyranose. </ns0:tspan><ns0:tspan>No issues have been detected.</ns0:tspan></ns0:title></ns0:use>
</ns0:a>
</ns0:svg>    </svg_graphics>
    <sugar id="/D/1701(NAG)">
      <link>
        <anomericity>beta</anomericity>
        <connected_to>0</connected_to>
        <phi>-107.881</phi>
        <psi>175.808</psi>
      </link>
      <detected_type>beta-D-aldopyranose</detected_type>
      <cremer-pople_Q>0.560532</cremer-pople_Q>
      <cremer-pople_Phi>322.503</cremer-pople_Phi>
      <cremer-pople_Theta>29.7679</cremer-pople_Theta>
      <mean_bfactor>29.7679</mean_bfactor>
      <conformation>4c1</conformation>
      <anomer>beta</anomer>
      <hand>D</hand>
      <stacked_against>
      </stacked_against>
      <validation>
        <conformation>yes</conformation>
        <anomer>yes</anomer>
        <hand>yes</hand>
        <puckering>yes</puckering>
      </validation>
    <sugar id="/D/1702(NAG)">
      <link>
        <anomericity>beta</anomericity>
        <connected_to>4</connected_to>
        <phi>-77.9204</phi>
        <psi>-138.193</psi>
      </link>
      <detected_type>beta-D-aldopyranose</detected_type>
      <cremer-pople_Q>0.558566</cremer-pople_Q>
      <cremer-pople_Phi>4.95271</cremer-pople_Phi>
      <cremer-pople_Theta>37.9386</cremer-pople_Theta>
      <mean_bfactor>37.9386</mean_bfactor>
      <conformation>4c1</conformation>
      <anomer>beta</anomer>
      <hand>D</hand>
      <stacked_against>
      </stacked_against>
      <validation>
        <conformation>yes</conformation>
        <anomer>yes</anomer>
        <hand>yes</hand>
        <puckering>yes</puckering>
      </validation>
    <sugar id="/D/1703(BMA)">
      <link>
        <anomericity>beta</anomericity>
        <connected_to>4</connected_to>
        <phi>-87.4745</phi>
        <psi>-119.792</psi>
      </link>
      <detected_type>beta-D-aldopyranose</detected_type>
      <cremer-pople_Q>0.568248</cremer-pople_Q>
      <cremer-pople_Phi>236.585</cremer-pople_Phi>
      <cremer-pople_Theta>39.6927</cremer-pople_Theta>
      <mean_bfactor>39.6927</mean_bfactor>
      <conformation>4c1</conformation>
      <anomer>beta</anomer>
      <hand>D</hand>
      <stacked_against>
      </stacked_against>
      <validation>
        <conformation>yes</conformation>
        <anomer>yes</anomer>
        <hand>yes</hand>
        <puckering>yes</puckering>
      </validation>
    <sugar id="/D/1708(MAN)">
      <link>
        <anomericity>alpha</anomericity>
        <connected_to>3</connected_to>
        <phi>128.564</phi>
        <psi>150.528</psi>
      </link>
      <detected_type>alpha-D-aldopyranose</detected_type>
      <cremer-pople_Q>0.568334</cremer-pople_Q>
      <cremer-pople_Phi>14.0822</cremer-pople_Phi>
      <cremer-pople_Theta>45.4145</cremer-pople_Theta>
      <mean_bfactor>45.4145</mean_bfactor>
      <conformation>4c1</conformation>
      <anomer>alpha</anomer>
      <hand>D</hand>
      <stacked_against>
      </stacked_against>
      <validation>
        <conformation>yes</conformation>
        <anomer>yes</anomer>
        <hand>yes</hand>
        <puckering>yes</puckering>
      </validation>
    </sugar>
    <sugar id="/D/1704(MAN)">
      <link>
        <anomericity>alpha</anomericity>
        <connected_to>6</connected_to>
        <phi>62.3456</phi>
        <psi>176.818</psi>
        <omega>0</omega>
      </link>
      <detected_type>alpha-D-aldopyranose</detected_type>
      <cremer-pople_Q>0.571441</cremer-pople_Q>
      <cremer-pople_Phi>23.3218</cremer-pople_Phi>
      <cremer-pople_Theta>41.3582</cremer-pople_Theta>
      <mean_bfactor>41.3582</mean_bfactor>
      <conformation>4c1</conformation>
      <anomer>alpha</anomer>
      <hand>D</hand>
      <stacked_against>
      </stacked_against>
      <validation>
        <conformation>yes</conformation>
        <anomer>yes</anomer>
        <hand>yes</hand>
        <puckering>yes</puckering>
      </validation>
    <sugar id="/D/1705(MAN)">
      <link>
        <anomericity>alpha</anomericity>
        <connected_to>3</connected_to>
        <phi>92.0315</phi>
        <psi>112.638</psi>
      </link>
      <detected_type>alpha-D-aldopyranose</detected_type>
      <cremer-pople_Q>0.560384</cremer-pople_Q>
      <cremer-pople_Phi>333.083</cremer-pople_Phi>
      <cremer-pople_Theta>45.46</cremer-pople_Theta>
      <mean_bfactor>45.46</mean_bfactor>
      <conformation>4c1</conformation>
      <anomer>alpha</anomer>
      <hand>D</hand>
      <stacked_against>
      </stacked_against>
      <validation>
        <conformation>yes</conformation>
        <anomer>yes</anomer>
        <hand>yes</hand>
        <puckering>yes</puckering>
      </validation>
    <sugar id="/D/1707(MAN)">
      <link>
        <anomericity>alpha</anomericity>
        <connected_to>2</connected_to>
        <phi>89.0794</phi>
        <psi>127.465</psi>
      </link>
      <detected_type>alpha-D-aldopyranose</detected_type>
      <cremer-pople_Q>0.574673</cremer-pople_Q>
      <cremer-pople_Phi>33.199</cremer-pople_Phi>
      <cremer-pople_Theta>44.4136</cremer-pople_Theta>
      <mean_bfactor>44.4136</mean_bfactor>
      <conformation>4c1</conformation>
      <anomer>alpha</anomer>
      <hand>D</hand>
      <stacked_against>
      </stacked_against>
      <validation>
        <conformation>yes</conformation>
        <anomer>yes</anomer>
        <hand>yes</hand>
        <puckering>yes</puckering>
      </validation>
    </sugar>
    </sugar>
    </sugar>
    </sugar>
    </sugar>
    </sugar>
  </glycan>
  <glycan type="n-glycan" root="/D/713(ASN)" chain="D">
    <svg_graphics>
<ns0:svg version="1.1" width="178" height="66" viewBox="2675 980 255 95 " preserveAspectRatio="xMinYMinXMaxYMax meet">

  <ns0:style>
    .my_blue   { fill:#0090bc; }
    .my_red    { fill:#ed1c24; }
    .my_yellow { fill:#ffd400; }
  </ns0:style>
  <ns0:defs>
      <ns0:filter id="displace">
        <ns0:feTurbulence baseFrequency=".05" numOctaves="3" result="myturbulence" />
        <ns0:feDisplacementMap in="SourceGraphic" in2="myturbulence" scale="10" />
      </ns0:filter>

      <ns0:pattern id="half_yellow" x="0" y="0" width="50" height="50" patternUnits="userSpaceOnUse">
        <ns0:rect width="50" height="50" x="0" y="0" style="stroke:none; fill:#ffd400;" />
        <ns0:polygon points="0 0, 0 50, 50 50" rx="0" ry="0" style="stroke:#000000; stroke-width:1.5; fill:#ffffff;" />
      </ns0:pattern>
      <ns0:pattern id="half_blue" x="0" y="0" width="50" height="50" patternUnits="userSpaceOnUse">
        <ns0:rect width="50" height="50" x="0" y="0" style="stroke:none; fill:#0090bc;" />
        <ns0:polygon points="0 0, 0 50, 50 50" rx="0" ry="0" style="stroke:#000000; stroke-width:1.5; fill:#ffffff;" />
      </ns0:pattern>
      <ns0:pattern id="half_green" x="0" y="0" width="50" height="50" patternUnits="userSpaceOnUse">
        <ns0:rect width="50" height="50" x="0" y="0" style="stroke:none; fill:#00a651;" />
        <ns0:polygon points="0 0, 0 50, 50 50" rx="0" ry="0" style="stroke:#000000; stroke-width:1.5; fill:#ffffff;" />
      </ns0:pattern>
      <ns0:pattern id="yellow_left" x="0" y="0" width="50" height="50" patternUnits="userSpaceOnUse">
        <ns0:polygon points="25 0, 50 25, 25 50, 0 25" style="stroke:none; fill:#ffd400;" />
        <ns0:polygon points="25 0, 25 50, 0 25" rx="0" ry="0" style="stroke:#000000; stroke-width:1.5; fill:#ffffff;" />
      </ns0:pattern>
      <ns0:pattern id="blue_up" x="0" y="0" width="50" height="50" patternUnits="userSpaceOnUse">
        <ns0:polygon points="25 0, 50 25, 25 50, 0 25" style="stroke:none; fill:#0090bc;" />
        <ns0:polygon points="0 25, 50 25, 25 50" rx="0" ry="0" style="stroke:#000000; stroke-width:1.5; fill:#ffffff;" />
      </ns0:pattern>
      <ns0:pattern id="green_right" x="0" y="0" width="50" height="50" patternUnits="userSpaceOnUse">
        <ns0:polygon points="25 0, 50 25, 25 50, 0 25" style="stroke:none; fill:#00a651;" />
        <ns0:polygon points="0 25, 25 50, 25 0" rx="0" ry="0" style="stroke:#000000; stroke-width:1.5; fill:#ffffff;" />
      </ns0:pattern>
      <ns0:pattern id="tan_down" x="0" y="0" width="50" height="50" patternUnits="userSpaceOnUse">
        <ns0:polygon points="25 0, 50 25, 25 50, 0 25" style="stroke:none; fill:#966432;" />
        <ns0:polygon points="0 25, 50 25, 25 0" rx="0" ry="0" style="stroke:#000000; stroke-width:1.5; fill:#ffffff;" />
      </ns0:pattern>
<ns0:circle r="25" cx="25" cy="25" id="glc" style=" stroke:#000000; fill:#0090bc;stroke-width:2.8;" />
<ns0:circle r="25" cx="25" cy="25" id="gal" style=" stroke:#000000; fill:#ffd400;stroke-width:2.8;" />
<ns0:circle r="25" cx="25" cy="25" id="man" style=" stroke:#000000; fill:#00a651;stroke-width:2.8;" />
<ns0:polygon points="0 50, 25 0, 50 50" rx="0" ry="0" id="fuc" style=" stroke:#000000; fill:#ed1c24;stroke-width:2.8;" />
<ns0:polygon points="39.5,50 24.5,37.5 9.5,50 14.5,32.5 0,20 19.5,20 24.5,0 29.5,20 50,20 34.5,32.5" rx="0" ry="0" id="xyl" style=" stroke:#000000; fill:#ff7f00;stroke-width:2.8;" />
<ns0:rect width="50" height="50" id="glcnac" style=" stroke:#000000; fill:#0090bc;stroke-width:2.8;" />
<ns0:rect width="50" height="50" id="galnac" style=" stroke:#000000; fill:#ffd400;stroke-width:2.8;" />
<ns0:rect width="50" height="50" id="mannac" style=" stroke:#000000; fill:#00a651;stroke-width:2.8;" />
<ns0:rect width="50" height="50" id="glcn" style=" stroke:#000000; fill: url(#half_blue);stroke-width:2.8;" />
<ns0:rect width="50" height="50" id="galn" style=" stroke:#000000; fill: url(#half_yellow);stroke-width:2.8;" />
<ns0:rect width="50" height="50" id="mann" style=" stroke:#000000; fill: url(#half_green);stroke-width:2.8;" />
<ns0:polygon points="25 0, 50 25, 25 50, 0 25" rx="0" ry="0" id="neu5ac" style=" stroke:#000000; fill:#a54399;stroke-width:2.8;" />
<ns0:polygon points="25 0, 50 25, 25 50, 0 25" rx="0" ry="0" id="neu5gc" style=" stroke:#000000; fill:#8fcce9;stroke-width:2.8;" />
<ns0:polygon points="25 0, 50 25, 25 50, 0 25" rx="0" ry="0" id="kdn" style=" stroke:#000000; fill:#00a651;stroke-width:2.8;" />
<ns0:polygon points="25 0, 50 25, 25 50, 0 25" rx="0" ry="0" id="glca" style=" stroke:#000000; fill: url(#blue_up);stroke-width:2.8;" />
<ns0:polygon points="25 0, 50 25, 25 50, 0 25" rx="0" ry="0" id="idoa" style=" stroke:#000000; fill: url(#tan_down);stroke-width:2.8;" />
<ns0:polygon points="25 0, 50 25, 25 50, 0 25" rx="0" ry="0" id="gala" style=" stroke:#000000; fill: url(#yellow_left);stroke-width:2.8;" />
<ns0:polygon points="25 0, 50 25, 25 50, 0 25" rx="0" ry="0" id="mana" style=" stroke:#000000; fill: url(#green_right);stroke-width:2.8;" />
<ns0:line x1="0" y1="0" x2="110" y2="0" style="stroke:#000000; stroke-width:2; stroke-linecap:round; stroke-dasharray:9,6;" id="alpha" />
<ns0:line x1="0" y1="0" x2="110" y2="0" style="stroke:#000000; stroke-width:2; stroke-linecap:round;" id="beta" />
<ns0:polygon points="25 0, 50 11, 50 38, 25 50, 0 38, 0 11" rx="0" ry="0" id="unk" style=" stroke:#000000; fill:#ffffff;stroke-width:4.0; " />
  </ns0:defs>

<ns0:a id="anchor" ns1:href="mmdb:///D/713" target="_top">  <ns0:use ns1:href="#beta" x="2800" y="1015" id="" transform="rotate(180 2800 1015)"><ns0:title>beta link. Phi: -68.5845; Psi: 178.918;</ns0:title></ns0:use>
</ns0:a>
<ns0:a id="anchor" ns1:href="mmdb:///D/713" target="_top">  <ns0:g id="glycan_root" transform="translate(2768 990)">
    <ns0:rect width="160" height="50" rx="10" ry="10" style="stroke:#000000; fill:#ffffff; stroke-width:2.0;" />
    <ns0:line x1="30" y1="0" x2="30" y2="50" style="stroke:#000000; fill:#ffffff; stroke-width:2.0;" />
    <ns0:text x="7" y="32" class="my_blue" font-weight="bold" font-family="Helvetica" font-size="24">N</ns0:text>
    <ns0:text x="92" y="32" fill="black" text-anchor="middle" font-weight="bold" font-family="Helvetica" font-size="24">ASN<ns0:tspan baseline-shift="sub" font-weight="normal" font-size="20">D/713</ns0:tspan></ns0:text>
</ns0:g>
</ns0:a>
<ns0:a id="anchor" ns1:href="mmdb:///D/1801" target="_top">  <ns0:use ns1:href="#glcnac" x="2685" y="990" id=""><ns0:title><ns0:tspan>NAG 1801 in 4c1 conformation. </ns0:tspan><ns0:tspan>Mean B-factor: 58.64. </ns0:tspan><ns0:tspan>Detected type: beta-D-aldopyranose. </ns0:tspan><ns0:tspan>No issues have been detected.</ns0:tspan></ns0:title></ns0:use>
</ns0:a>
</ns0:svg>    </svg_graphics>
    <sugar id="/D/1801(NAG)">
      <link>
        <anomericity>beta</anomericity>
        <connected_to>0</connected_to>
        <phi>-68.5845</phi>
        <psi>178.918</psi>
      </link>
      <detected_type>beta-D-aldopyranose</detected_type>
      <cremer-pople_Q>0.542634</cremer-pople_Q>
      <cremer-pople_Phi>264.973</cremer-pople_Phi>
      <cremer-pople_Theta>58.64</cremer-pople_Theta>
      <mean_bfactor>58.64</mean_bfactor>
      <conformation>4c1</conformation>
      <anomer>beta</anomer>
      <hand>D</hand>
      <stacked_against>
      </stacked_against>
      <validation>
        <conformation>yes</conformation>
        <anomer>yes</anomer>
        <hand>yes</hand>
        <puckering>yes</puckering>
      </validation>
    </sugar>
  </glycan>
</privateer>