<privateer xmlns:ns0="http://www.w3.org/2000/svg" xmlns:ns1="http://www.w3.org/1999/xlink">
  <glycan type="n-glycan" root="/A/65(ASN)" chain="A">
    <svg_graphics>
<ns0:svg version="1.1" width="402" height="273" viewBox="2355 820 575 390 " preserveAspectRatio="xMinYMinXMaxYMax meet">

  <ns0:style>
    .my_blue   { fill:#0090bc; }
    .my_red    { fill:#ed1c24; }
    .my_yellow { fill:#ffd400; }
  </ns0:style>
  <ns0:defs>
      <ns0:filter id="displace">
        <ns0:feTurbulence baseFrequency=".05" numOctaves="3" result="myturbulence" />
        <ns0:feDisplacementMap in="SourceGraphic" in2="myturbulence" scale="10" />
      </ns0:filter>

      <ns0:pattern id="half_yellow" x="0" y="0" width="50" height="50" patternUnits="userSpaceOnUse">
        <ns0:rect width="50" height="50" x="0" y="0" style="stroke:none; fill:#ffd400;" />
        <ns0:polygon points="0 0, 0 50, 50 50" rx="0" ry="0" style="stroke:#000000; stroke-width:1.5; fill:#ffffff;" />
      </ns0:pattern>
      <ns0:pattern id="half_blue" x="0" y="0" width="50" height="50" patternUnits="userSpaceOnUse">
        <ns0:rect width="50" height="50" x="0" y="0" style="stroke:none; fill:#0090bc;" />
        <ns0:polygon points="0 0, 0 50, 50 50" rx="0" ry="0" style="stroke:#000000; stroke-width:1.5; fill:#ffffff;" />
      </ns0:pattern>
      <ns0:pattern id="half_green" x="0" y="0" width="50" height="50" patternUnits="userSpaceOnUse">
        <ns0:rect width="50" height="50" x="0" y="0" style="stroke:none; fill:#00a651;" />
        <ns0:polygon points="0 0, 0 50, 50 50" rx="0" ry="0" style="stroke:#000000; stroke-width:1.5; fill:#ffffff;" />
      </ns0:pattern>
      <ns0:pattern id="yellow_left" x="0" y="0" width="50" height="50" patternUnits="userSpaceOnUse">
        <ns0:polygon points="25 0, 50 25, 25 50, 0 25" style="stroke:none; fill:#ffd400;" />
        <ns0:polygon points="25 0, 25 50, 0 25" rx="0" ry="0" style="stroke:#000000; stroke-width:1.5; fill:#ffffff;" />
      </ns0:pattern>
      <ns0:pattern id="blue_up" x="0" y="0" width="50" height="50" patternUnits="userSpaceOnUse">
        <ns0:polygon points="25 0, 50 25, 25 50, 0 25" style="stroke:none; fill:#0090bc;" />
        <ns0:polygon points="0 25, 50 25, 25 50" rx="0" ry="0" style="stroke:#000000; stroke-width:1.5; fill:#ffffff;" />
      </ns0:pattern>
      <ns0:pattern id="green_right" x="0" y="0" width="50" height="50" patternUnits="userSpaceOnUse">
        <ns0:polygon points="25 0, 50 25, 25 50, 0 25" style="stroke:none; fill:#00a651;" />
        <ns0:polygon points="0 25, 25 50, 25 0" rx="0" ry="0" style="stroke:#000000; stroke-width:1.5; fill:#ffffff;" />
      </ns0:pattern>
      <ns0:pattern id="tan_down" x="0" y="0" width="50" height="50" patternUnits="userSpaceOnUse">
        <ns0:polygon points="25 0, 50 25, 25 50, 0 25" style="stroke:none; fill:#966432;" />
        <ns0:polygon points="0 25, 50 25, 25 0" rx="0" ry="0" style="stroke:#000000; stroke-width:1.5; fill:#ffffff;" />
      </ns0:pattern>
<ns0:circle r="25" cx="25" cy="25" id="glc" style=" stroke:#000000; fill:#0090bc;stroke-width:2.8;" />
<ns0:circle r="25" cx="25" cy="25" id="gal" style=" stroke:#000000; fill:#ffd400;stroke-width:2.8;" />
<ns0:circle r="25" cx="25" cy="25" id="man" style=" stroke:#000000; fill:#00a651;stroke-width:2.8;" />
<ns0:polygon points="0 50, 25 0, 50 50" rx="0" ry="0" id="fuc" style=" stroke:#000000; fill:#ed1c24;stroke-width:2.8;" />
<ns0:polygon points="39.5,50 24.5,37.5 9.5,50 14.5,32.5 0,20 19.5,20 24.5,0 29.5,20 50,20 34.5,32.5" rx="0" ry="0" id="xyl" style=" stroke:#000000; fill:#ff7f00;stroke-width:2.8;" />
<ns0:rect width="50" height="50" id="glcnac" style=" stroke:#000000; fill:#0090bc;stroke-width:2.8;" />
<ns0:rect width="50" height="50" id="galnac" style=" stroke:#000000; fill:#ffd400;stroke-width:2.8;" />
<ns0:rect width="50" height="50" id="mannac" style=" stroke:#000000; fill:#00a651;stroke-width:2.8;" />
<ns0:rect width="50" height="50" id="glcn" style=" stroke:#000000; fill: url(#half_blue);stroke-width:2.8;" />
<ns0:rect width="50" height="50" id="galn" style=" stroke:#000000; fill: url(#half_yellow);stroke-width:2.8;" />
<ns0:rect width="50" height="50" id="mann" style=" stroke:#000000; fill: url(#half_green);stroke-width:2.8;" />
<ns0:polygon points="25 0, 50 25, 25 50, 0 25" rx="0" ry="0" id="neu5ac" style=" stroke:#000000; fill:#a54399;stroke-width:2.8;" />
<ns0:polygon points="25 0, 50 25, 25 50, 0 25" rx="0" ry="0" id="neu5gc" style=" stroke:#000000; fill:#8fcce9;stroke-width:2.8;" />
<ns0:polygon points="25 0, 50 25, 25 50, 0 25" rx="0" ry="0" id="kdn" style=" stroke:#000000; fill:#00a651;stroke-width:2.8;" />
<ns0:polygon points="25 0, 50 25, 25 50, 0 25" rx="0" ry="0" id="glca" style=" stroke:#000000; fill: url(#blue_up);stroke-width:2.8;" />
<ns0:polygon points="25 0, 50 25, 25 50, 0 25" rx="0" ry="0" id="idoa" style=" stroke:#000000; fill: url(#tan_down);stroke-width:2.8;" />
<ns0:polygon points="25 0, 50 25, 25 50, 0 25" rx="0" ry="0" id="gala" style=" stroke:#000000; fill: url(#yellow_left);stroke-width:2.8;" />
<ns0:polygon points="25 0, 50 25, 25 50, 0 25" rx="0" ry="0" id="mana" style=" stroke:#000000; fill: url(#green_right);stroke-width:2.8;" />
<ns0:line x1="0" y1="0" x2="110" y2="0" style="stroke:#000000; stroke-width:2; stroke-linecap:round; stroke-dasharray:9,6;" id="alpha" />
<ns0:line x1="0" y1="0" x2="110" y2="0" style="stroke:#000000; stroke-width:2; stroke-linecap:round;" id="beta" />
<ns0:polygon points="25 0, 50 11, 50 38, 25 50, 0 38, 0 11" rx="0" ry="0" id="unk" style=" stroke:#000000; fill:#ffffff;stroke-width:4.0; " />
  </ns0:defs>

<ns0:a id="anchor" ns1:href="mmdb:///A/113" target="_top">  <ns0:use ns1:href="#alpha" x="2390" y="845" id="" transform="rotate(90 2390 845)"><ns0:title>[ alpha 1-2 ] with phi: 95.0676; psi: 146.94;</ns0:title></ns0:use>
</ns0:a>
<ns0:a id="anchor" ns1:href="mmdb:///A/111" target="_top">  <ns0:use ns1:href="#alpha" x="2470" y="935" id="" transform="rotate(-135 2470 935)"><ns0:title>[ alpha 1-6 ] with phi: 157.521; psi: -120.218; omega: 0;</ns0:title></ns0:use>
</ns0:a>
<ns0:a id="anchor" ns1:href="mmdb:///A/111" target="_top">  <ns0:use ns1:href="#alpha" x="2470" y="935" id="" transform="rotate(-225 2470 935)"><ns0:title>[ alpha 1-3 ] with phi: 72.357; psi: 131.608;</ns0:title></ns0:use>
</ns0:a>
<ns0:a id="anchor" ns1:href="mmdb:///A/108" target="_top">  <ns0:use ns1:href="#alpha" x="2550" y="1015" id="" transform="rotate(-135 2550 1015)"><ns0:title>[ alpha 1-6 ] with phi: 79.6564; psi: 171.478; omega: 0;</ns0:title></ns0:use>
</ns0:a>
<ns0:a id="anchor" ns1:href="mmdb:///A/109" target="_top">  <ns0:use ns1:href="#alpha" x="2470" y="1085" id="" transform="rotate(90 2470 1085)"><ns0:title>[ alpha 1-2 ] with phi: 99.931; psi: 140.273;</ns0:title></ns0:use>
</ns0:a>
<ns0:a id="anchor" ns1:href="mmdb:///A/108" target="_top">  <ns0:use ns1:href="#alpha" x="2550" y="1015" id="" transform="rotate(-225 2550 1015)"><ns0:title>[ alpha 1-3 ] with phi: 83.5235; psi: 148.766;</ns0:title></ns0:use>
</ns0:a>
<ns0:a id="anchor" ns1:href="mmdb:///A/107" target="_top">  <ns0:use ns1:href="#beta" x="2640" y="1015" id="" transform="rotate(180 2640 1015)"><ns0:title>[ beta 1-4 ] with phi: -121.11; psi: -121.355;</ns0:title></ns0:use>
</ns0:a>
<ns0:a id="anchor" ns1:href="mmdb:///A/106" target="_top">  <ns0:use ns1:href="#beta" x="2720" y="1015" id="" transform="rotate(180 2720 1015)"><ns0:title>[ beta 1-4 ] with phi: -85.1096; psi: -102.071;</ns0:title></ns0:use>
</ns0:a>
<ns0:a id="anchor" ns1:href="mmdb:///A/65" target="_top">  <ns0:use ns1:href="#beta" x="2800" y="1015" id="" transform="rotate(180 2800 1015)"><ns0:title>beta link. Phi: -138.117; Psi: 178.186;</ns0:title></ns0:use>
</ns0:a>
<ns0:a id="anchor" ns1:href="mmdb:///A/65" target="_top">  <ns0:g id="glycan_root" transform="translate(2768 990)">
    <ns0:rect width="160" height="50" rx="10" ry="10" style="stroke:#000000; fill:#ffffff; stroke-width:2.0;" />
    <ns0:line x1="30" y1="0" x2="30" y2="50" style="stroke:#000000; fill:#ffffff; stroke-width:2.0;" />
    <ns0:text x="7" y="32" class="my_blue" font-weight="bold" font-family="Helvetica" font-size="24">N</ns0:text>
    <ns0:text x="92" y="32" fill="black" text-anchor="middle" font-weight="bold" font-family="Helvetica" font-size="24">ASN<ns0:tspan baseline-shift="sub" font-weight="normal" font-size="20">A/65</ns0:tspan></ns0:text>
</ns0:g>
</ns0:a>
<ns0:a id="anchor" ns1:href="mmdb:///A/106" target="_top">  <ns0:use ns1:href="#glcnac" x="2685" y="990" id=""><ns0:title><ns0:tspan>NAG 106 in 4c1 conformation. </ns0:tspan><ns0:tspan>Mean B-factor: 0.00. </ns0:tspan><ns0:tspan>Detected type: beta-D-aldopyranose. </ns0:tspan><ns0:tspan>No issues have been detected.</ns0:tspan></ns0:title></ns0:use>
</ns0:a>
<ns0:a id="anchor" ns1:href="mmdb:///A/107" target="_top">  <ns0:use ns1:href="#glcnac" x="2605" y="990" id=""><ns0:title><ns0:tspan>NAG 107 in 4c1 conformation. </ns0:tspan><ns0:tspan>Mean B-factor: 0.00. </ns0:tspan><ns0:tspan>Detected type: beta-D-aldopyranose. </ns0:tspan><ns0:tspan>No issues have been detected.</ns0:tspan></ns0:title></ns0:use>
</ns0:a>
<ns0:a id="anchor" ns1:href="mmdb:///A/108" target="_top">  <ns0:use ns1:href="#man" x="2525" y="990" id=""><ns0:title><ns0:tspan>BMA 108 in 4c1 conformation. </ns0:tspan><ns0:tspan>Mean B-factor: 0.00. </ns0:tspan><ns0:tspan>Detected type: beta-D-aldopyranose. </ns0:tspan><ns0:tspan>No issues have been detected.</ns0:tspan></ns0:title></ns0:use>
</ns0:a>
<ns0:a id="anchor" ns1:href="mmdb:///A/109" target="_top">  <ns0:use ns1:href="#man" x="2445" y="1070" id=""><ns0:title><ns0:tspan>MAN 109 in 4c1 conformation. </ns0:tspan><ns0:tspan>Mean B-factor: 0.00. </ns0:tspan><ns0:tspan>Detected type: alpha-D-aldopyranose. </ns0:tspan><ns0:tspan>No issues have been detected.</ns0:tspan></ns0:title></ns0:use>
</ns0:a>
<ns0:a id="anchor" ns1:href="mmdb:///A/110" target="_top">  <ns0:use ns1:href="#man" x="2445" y="1150" id=""><ns0:title><ns0:tspan>MAN 110 in 4c1 conformation. </ns0:tspan><ns0:tspan>Mean B-factor: 0.00. </ns0:tspan><ns0:tspan>Detected type: alpha-D-aldopyranose. </ns0:tspan><ns0:tspan>No issues have been detected.</ns0:tspan></ns0:title></ns0:use>
</ns0:a>
<ns0:a id="anchor" ns1:href="mmdb:///A/111" target="_top">  <ns0:use ns1:href="#man" x="2445" y="910" id=""><ns0:title><ns0:tspan>MAN 111 in 4c1 conformation. </ns0:tspan><ns0:tspan>Mean B-factor: 0.00. </ns0:tspan><ns0:tspan>Detected type: alpha-D-aldopyranose. </ns0:tspan><ns0:tspan>No issues have been detected.</ns0:tspan></ns0:title></ns0:use>
</ns0:a>
<ns0:a id="anchor" ns1:href="mmdb:///A/112" target="_top">  <ns0:use ns1:href="#man" x="2365" y="990" id=""><ns0:title><ns0:tspan>MAN 112 in 4c1 conformation. </ns0:tspan><ns0:tspan>Mean B-factor: 0.00. </ns0:tspan><ns0:tspan>Detected type: alpha-D-aldopyranose. </ns0:tspan><ns0:tspan>No issues have been detected.</ns0:tspan></ns0:title></ns0:use>
</ns0:a>
<ns0:a id="anchor" ns1:href="mmdb:///A/113" target="_top">  <ns0:use ns1:href="#man" x="2365" y="830" id=""><ns0:title><ns0:tspan>MAN 113 in 4c1 conformation. </ns0:tspan><ns0:tspan>Mean B-factor: 0.00. </ns0:tspan><ns0:tspan>Detected type: alpha-D-aldopyranose. </ns0:tspan><ns0:tspan>No issues have been detected.</ns0:tspan></ns0:title></ns0:use>
</ns0:a>
<ns0:a id="anchor" ns1:href="mmdb:///A/114" target="_top">  <ns0:use ns1:href="#man" x="2365" y="910" id=""><ns0:title><ns0:tspan>MAN 114 in 4c1 conformation. </ns0:tspan><ns0:tspan>Mean B-factor: 0.00. </ns0:tspan><ns0:tspan>Detected type: alpha-D-aldopyranose. </ns0:tspan><ns0:tspan>No issues have been detected.</ns0:tspan></ns0:title></ns0:use>
</ns0:a>
</ns0:svg>    </svg_graphics>
    <sugar id="/A/106(NAG)">
      <link>
        <anomericity>beta</anomericity>
        <connected_to>0</connected_to>
        <phi>-138.117</phi>
        <psi>178.186</psi>
      </link>
      <detected_type>beta-D-aldopyranose</detected_type>
      <cremer-pople_Q>0.558376</cremer-pople_Q>
      <cremer-pople_Phi>251.582</cremer-pople_Phi>
      <cremer-pople_Theta>0</cremer-pople_Theta>
      <mean_bfactor>0</mean_bfactor>
      <conformation>4c1</conformation>
      <anomer>beta</anomer>
      <hand>D</hand>
      <stacked_against>
      </stacked_against>
      <validation>
        <conformation>yes</conformation>
        <anomer>yes</anomer>
        <hand>yes</hand>
        <puckering>yes</puckering>
      </validation>
    <sugar id="/A/107(NAG)">
      <link>
        <anomericity>beta</anomericity>
        <connected_to>4</connected_to>
        <phi>-85.1096</phi>
        <psi>-102.071</psi>
      </link>
      <detected_type>beta-D-aldopyranose</detected_type>
      <cremer-pople_Q>0.558469</cremer-pople_Q>
      <cremer-pople_Phi>51.0841</cremer-pople_Phi>
      <cremer-pople_Theta>0</cremer-pople_Theta>
      <mean_bfactor>0</mean_bfactor>
      <conformation>4c1</conformation>
      <anomer>beta</anomer>
      <hand>D</hand>
      <stacked_against>
      </stacked_against>
      <validation>
        <conformation>yes</conformation>
        <anomer>yes</anomer>
        <hand>yes</hand>
        <puckering>yes</puckering>
      </validation>
    <sugar id="/A/108(BMA)">
      <link>
        <anomericity>beta</anomericity>
        <connected_to>4</connected_to>
        <phi>-121.11</phi>
        <psi>-121.355</psi>
      </link>
      <detected_type>beta-D-aldopyranose</detected_type>
      <cremer-pople_Q>0.551227</cremer-pople_Q>
      <cremer-pople_Phi>107.645</cremer-pople_Phi>
      <cremer-pople_Theta>0</cremer-pople_Theta>
      <mean_bfactor>0</mean_bfactor>
      <conformation>4c1</conformation>
      <anomer>beta</anomer>
      <hand>D</hand>
      <stacked_against>
      </stacked_against>
      <validation>
        <conformation>yes</conformation>
        <anomer>yes</anomer>
        <hand>yes</hand>
        <puckering>yes</puckering>
      </validation>
    <sugar id="/A/109(MAN)">
      <link>
        <anomericity>alpha</anomericity>
        <connected_to>3</connected_to>
        <phi>83.5235</phi>
        <psi>148.766</psi>
      </link>
      <detected_type>alpha-D-aldopyranose</detected_type>
      <cremer-pople_Q>0.539316</cremer-pople_Q>
      <cremer-pople_Phi>286.769</cremer-pople_Phi>
      <cremer-pople_Theta>0</cremer-pople_Theta>
      <mean_bfactor>0</mean_bfactor>
      <conformation>4c1</conformation>
      <anomer>alpha</anomer>
      <hand>D</hand>
      <stacked_against>
      </stacked_against>
      <validation>
        <conformation>yes</conformation>
        <anomer>yes</anomer>
        <hand>yes</hand>
        <puckering>yes</puckering>
      </validation>
    <sugar id="/A/110(MAN)">
      <link>
        <anomericity>alpha</anomericity>
        <connected_to>2</connected_to>
        <phi>99.931</phi>
        <psi>140.273</psi>
      </link>
      <detected_type>alpha-D-aldopyranose</detected_type>
      <cremer-pople_Q>0.534525</cremer-pople_Q>
      <cremer-pople_Phi>257.93</cremer-pople_Phi>
      <cremer-pople_Theta>0</cremer-pople_Theta>
      <mean_bfactor>0</mean_bfactor>
      <conformation>4c1</conformation>
      <anomer>alpha</anomer>
      <hand>D</hand>
      <stacked_against>
      </stacked_against>
      <validation>
        <conformation>yes</conformation>
        <anomer>yes</anomer>
        <hand>yes</hand>
        <puckering>yes</puckering>
      </validation>
    </sugar>
    </sugar>
    <sugar id="/A/111(MAN)">
      <link>
        <anomericity>alpha</anomericity>
        <connected_to>6</connected_to>
        <phi>79.6564</phi>
        <psi>171.478</psi>
        <omega>0</omega>
      </link>
      <detected_type>alpha-D-aldopyranose</detected_type>
      <cremer-pople_Q>0.551637</cremer-pople_Q>
      <cremer-pople_Phi>303.841</cremer-pople_Phi>
      <cremer-pople_Theta>0</cremer-pople_Theta>
      <mean_bfactor>0</mean_bfactor>
      <conformation>4c1</conformation>
      <anomer>alpha</anomer>
      <hand>D</hand>
      <stacked_against>
      </stacked_against>
      <validation>
        <conformation>yes</conformation>
        <anomer>yes</anomer>
        <hand>yes</hand>
        <puckering>yes</puckering>
      </validation>
    <sugar id="/A/112(MAN)">
      <link>
        <anomericity>alpha</anomericity>
        <connected_to>3</connected_to>
        <phi>72.357</phi>
        <psi>131.608</psi>
      </link>
      <detected_type>alpha-D-aldopyranose</detected_type>
      <cremer-pople_Q>0.534008</cremer-pople_Q>
      <cremer-pople_Phi>262.352</cremer-pople_Phi>
      <cremer-pople_Theta>0</cremer-pople_Theta>
      <mean_bfactor>0</mean_bfactor>
      <conformation>4c1</conformation>
      <anomer>alpha</anomer>
      <hand>D</hand>
      <stacked_against>
      </stacked_against>
      <validation>
        <conformation>yes</conformation>
        <anomer>yes</anomer>
        <hand>yes</hand>
        <puckering>yes</puckering>
      </validation>
    </sugar>
    <sugar id="/A/113(MAN)">
      <link>
        <anomericity>alpha</anomericity>
        <connected_to>6</connected_to>
        <phi>157.521</phi>
        <psi>-120.218</psi>
        <omega>0</omega>
      </link>
      <detected_type>alpha-D-aldopyranose</detected_type>
      <cremer-pople_Q>0.53577</cremer-pople_Q>
      <cremer-pople_Phi>310.468</cremer-pople_Phi>
      <cremer-pople_Theta>0</cremer-pople_Theta>
      <mean_bfactor>0</mean_bfactor>
      <conformation>4c1</conformation>
      <anomer>alpha</anomer>
      <hand>D</hand>
      <stacked_against>
      </stacked_against>
      <validation>
        <conformation>yes</conformation>
        <anomer>yes</anomer>
        <hand>yes</hand>
        <puckering>yes</puckering>
      </validation>
    <sugar id="/A/114(MAN)">
      <link>
        <anomericity>alpha</anomericity>
        <connected_to>2</connected_to>
        <phi>95.0676</phi>
        <psi>146.94</psi>
      </link>
      <detected_type>alpha-D-aldopyranose</detected_type>
      <cremer-pople_Q>0.53578</cremer-pople_Q>
      <cremer-pople_Phi>263.539</cremer-pople_Phi>
      <cremer-pople_Theta>0</cremer-pople_Theta>
      <mean_bfactor>0</mean_bfactor>
      <conformation>4c1</conformation>
      <anomer>alpha</anomer>
      <hand>D</hand>
      <stacked_against>
      </stacked_against>
      <validation>
        <conformation>yes</conformation>
        <anomer>yes</anomer>
        <hand>yes</hand>
        <puckering>yes</puckering>
      </validation>
    </sugar>
    </sugar>
    </sugar>
    </sugar>
    </sugar>
    </sugar>
  </glycan>
</privateer>