<privateer xmlns:ns0="http://www.w3.org/2000/svg" xmlns:ns1="http://www.w3.org/1999/xlink">
  <glycan type="o-glycan" root="/S/346(THR)" chain="S">
    <svg_graphics>
<ns0:svg version="1.1" width="290" height="161" viewBox="2515 980 415 230 " preserveAspectRatio="xMinYMinXMaxYMax meet">

  <ns0:style>
    .my_blue   { fill:#0090bc; }
    .my_red    { fill:#ed1c24; }
    .my_yellow { fill:#ffd400; }
  </ns0:style>
  <ns0:defs>
      <ns0:filter id="displace">
        <ns0:feTurbulence baseFrequency=".05" numOctaves="3" result="myturbulence" />
        <ns0:feDisplacementMap in="SourceGraphic" in2="myturbulence" scale="10" />
      </ns0:filter>

      <ns0:pattern id="half_yellow" x="0" y="0" width="50" height="50" patternUnits="userSpaceOnUse">
        <ns0:rect width="50" height="50" x="0" y="0" style="stroke:none; fill:#ffd400;" />
        <ns0:polygon points="0 0, 0 50, 50 50" rx="0" ry="0" style="stroke:#000000; stroke-width:1.5; fill:#ffffff;" />
      </ns0:pattern>
      <ns0:pattern id="half_blue" x="0" y="0" width="50" height="50" patternUnits="userSpaceOnUse">
        <ns0:rect width="50" height="50" x="0" y="0" style="stroke:none; fill:#0090bc;" />
        <ns0:polygon points="0 0, 0 50, 50 50" rx="0" ry="0" style="stroke:#000000; stroke-width:1.5; fill:#ffffff;" />
      </ns0:pattern>
      <ns0:pattern id="half_green" x="0" y="0" width="50" height="50" patternUnits="userSpaceOnUse">
        <ns0:rect width="50" height="50" x="0" y="0" style="stroke:none; fill:#00a651;" />
        <ns0:polygon points="0 0, 0 50, 50 50" rx="0" ry="0" style="stroke:#000000; stroke-width:1.5; fill:#ffffff;" />
      </ns0:pattern>
      <ns0:pattern id="yellow_left" x="0" y="0" width="50" height="50" patternUnits="userSpaceOnUse">
        <ns0:polygon points="25 0, 50 25, 25 50, 0 25" style="stroke:none; fill:#ffd400;" />
        <ns0:polygon points="25 0, 25 50, 0 25" rx="0" ry="0" style="stroke:#000000; stroke-width:1.5; fill:#ffffff;" />
      </ns0:pattern>
      <ns0:pattern id="blue_up" x="0" y="0" width="50" height="50" patternUnits="userSpaceOnUse">
        <ns0:polygon points="25 0, 50 25, 25 50, 0 25" style="stroke:none; fill:#0090bc;" />
        <ns0:polygon points="0 25, 50 25, 25 50" rx="0" ry="0" style="stroke:#000000; stroke-width:1.5; fill:#ffffff;" />
      </ns0:pattern>
      <ns0:pattern id="green_right" x="0" y="0" width="50" height="50" patternUnits="userSpaceOnUse">
        <ns0:polygon points="25 0, 50 25, 25 50, 0 25" style="stroke:none; fill:#00a651;" />
        <ns0:polygon points="0 25, 25 50, 25 0" rx="0" ry="0" style="stroke:#000000; stroke-width:1.5; fill:#ffffff;" />
      </ns0:pattern>
      <ns0:pattern id="tan_down" x="0" y="0" width="50" height="50" patternUnits="userSpaceOnUse">
        <ns0:polygon points="25 0, 50 25, 25 50, 0 25" style="stroke:none; fill:#966432;" />
        <ns0:polygon points="0 25, 50 25, 25 0" rx="0" ry="0" style="stroke:#000000; stroke-width:1.5; fill:#ffffff;" />
      </ns0:pattern>
<ns0:circle r="25" cx="25" cy="25" id="glc" style=" stroke:#000000; fill:#0090bc;stroke-width:2.8;" />
<ns0:circle r="25" cx="25" cy="25" id="gal" style=" stroke:#000000; fill:#ffd400;stroke-width:2.8;" />
<ns0:circle r="25" cx="25" cy="25" id="man" style=" stroke:#000000; fill:#00a651;stroke-width:2.8;" />
<ns0:polygon points="0 50, 25 0, 50 50" rx="0" ry="0" id="fuc" style=" stroke:#000000; fill:#ed1c24;stroke-width:2.8;" />
<ns0:polygon points="39.5,50 24.5,37.5 9.5,50 14.5,32.5 0,20 19.5,20 24.5,0 29.5,20 50,20 34.5,32.5" rx="0" ry="0" id="xyl" style=" stroke:#000000; fill:#ff7f00;stroke-width:2.8;" />
<ns0:rect width="50" height="50" id="glcnac" style=" stroke:#000000; fill:#0090bc;stroke-width:2.8;" />
<ns0:rect width="50" height="50" id="galnac" style=" stroke:#000000; fill:#ffd400;stroke-width:2.8;" />
<ns0:rect width="50" height="50" id="mannac" style=" stroke:#000000; fill:#00a651;stroke-width:2.8;" />
<ns0:rect width="50" height="50" id="glcn" style=" stroke:#000000; fill: url(#half_blue);stroke-width:2.8;" />
<ns0:rect width="50" height="50" id="galn" style=" stroke:#000000; fill: url(#half_yellow);stroke-width:2.8;" />
<ns0:rect width="50" height="50" id="mann" style=" stroke:#000000; fill: url(#half_green);stroke-width:2.8;" />
<ns0:polygon points="25 0, 50 25, 25 50, 0 25" rx="0" ry="0" id="neu5ac" style=" stroke:#000000; fill:#a54399;stroke-width:2.8;" />
<ns0:polygon points="25 0, 50 25, 25 50, 0 25" rx="0" ry="0" id="neu5gc" style=" stroke:#000000; fill:#8fcce9;stroke-width:2.8;" />
<ns0:polygon points="25 0, 50 25, 25 50, 0 25" rx="0" ry="0" id="kdn" style=" stroke:#000000; fill:#00a651;stroke-width:2.8;" />
<ns0:polygon points="25 0, 50 25, 25 50, 0 25" rx="0" ry="0" id="glca" style=" stroke:#000000; fill: url(#blue_up);stroke-width:2.8;" />
<ns0:polygon points="25 0, 50 25, 25 50, 0 25" rx="0" ry="0" id="idoa" style=" stroke:#000000; fill: url(#tan_down);stroke-width:2.8;" />
<ns0:polygon points="25 0, 50 25, 25 50, 0 25" rx="0" ry="0" id="gala" style=" stroke:#000000; fill: url(#yellow_left);stroke-width:2.8;" />
<ns0:polygon points="25 0, 50 25, 25 50, 0 25" rx="0" ry="0" id="mana" style=" stroke:#000000; fill: url(#green_right);stroke-width:2.8;" />
<ns0:line x1="0" y1="0" x2="110" y2="0" style="stroke:#000000; stroke-width:2; stroke-linecap:round; stroke-dasharray:9,6;" id="alpha" />
<ns0:line x1="0" y1="0" x2="110" y2="0" style="stroke:#000000; stroke-width:2; stroke-linecap:round;" id="beta" />
<ns0:polygon points="25 0, 50 11, 50 38, 25 50, 0 38, 0 11" rx="0" ry="0" id="unk" style=" stroke:#000000; fill:#ffffff;stroke-width:4.0; " />
  </ns0:defs>

<ns0:a id="anchor" ns1:href="mmdb:///S/900" target="_top">  <ns0:use ns1:href="#alpha" x="2630" y="1095" id="" transform="rotate(-225 2630 1095)"><ns0:title>[ alpha 2-3 ] with phi: 106.722; psi: 96.7711;</ns0:title></ns0:use>
</ns0:a>
<ns0:a id="anchor" ns1:href="mmdb:///S/901" target="_top">  <ns0:use ns1:href="#beta" x="2710" y="1015" id="" transform="rotate(-225 2710 1015)"><ns0:title>[ beta 1-3 ] with phi: -71.5611; psi: 105.894;</ns0:title></ns0:use>
</ns0:a>
<ns0:a id="anchor" ns1:href="mmdb:///S/346" target="_top">  <ns0:use ns1:href="#beta" x="2800" y="1015" id="" transform="rotate(180 2800 1015)"><ns0:title>beta link. Phi: -32.5579; Psi: 168.478; Warning: o-GalNAc linkage should be alpha! </ns0:title></ns0:use>
</ns0:a>
<ns0:a id="anchor" ns1:href="mmdb:///S/346" target="_top">  <ns0:g id="glycan_root" transform="translate(2768 990)">
    <ns0:rect width="160" height="50" rx="10" ry="10" style="stroke:#000000; fill:#ffffff; stroke-width:2.0;" />
    <ns0:line x1="30" y1="0" x2="30" y2="50" style="stroke:#000000; fill:#ffffff; stroke-width:2.0;" />
    <ns0:text x="7" y="32" class="my_blue" font-weight="bold" font-family="Helvetica" font-size="24">O</ns0:text>
    <ns0:text x="92" y="32" fill="black" text-anchor="middle" font-weight="bold" font-family="Helvetica" font-size="24">THR<ns0:tspan baseline-shift="sub" font-weight="normal" font-size="20">S/346</ns0:tspan></ns0:text>
</ns0:g>
</ns0:a>
<ns0:a id="anchor" ns1:href="mmdb:///S/901" target="_top">  <ns0:use ns1:href="#galnac" x="2685" y="990" id=""><ns0:title><ns0:tspan>NGA 901 in 4c1 conformation. </ns0:tspan><ns0:tspan>Mean B-factor: 105.29. </ns0:tspan><ns0:tspan>Detected type: beta-D-aldopyranose. </ns0:tspan><ns0:tspan>No issues have been detected.</ns0:tspan></ns0:title></ns0:use>
</ns0:a>
<ns0:a id="anchor" ns1:href="mmdb:///S/900" target="_top">  <ns0:use ns1:href="#gal" x="2605" y="1070" id=""><ns0:title><ns0:tspan>GAL 900 in 2h1 conformation. </ns0:tspan><ns0:tspan>Mean B-factor: 108.32. </ns0:tspan><ns0:tspan>Detected type: beta-D-aldopyranose. </ns0:tspan>Detected issues: <ns0:tspan>The sugar is in a high-energy conformation; </ns0:tspan></ns0:title></ns0:use>
</ns0:a>
<ns0:a id="anchor" ns1:href="mmdb:///S/899" target="_top">  <ns0:use ns1:href="#neu5ac" x="2525" y="1150" id=""><ns0:title><ns0:tspan>SIA 899 in 1s5 conformation. </ns0:tspan><ns0:tspan>Mean B-factor: 113.13. </ns0:tspan><ns0:tspan>Detected type: alpha-L-ketopyranose. </ns0:tspan>Detected issues: <ns0:tspan>The sugar is in a high-energy conformation; </ns0:tspan></ns0:title></ns0:use>
</ns0:a>
</ns0:svg>    </svg_graphics>
    <sugar id="/S/901(NGA)">
      <link>
        <anomericity>beta</anomericity>
        <connected_to>0</connected_to>
        <phi>-32.5579</phi>
        <psi>168.478</psi>
      </link>
      <detected_type>beta-D-aldopyranose</detected_type>
      <cremer-pople_Q>0.65878</cremer-pople_Q>
      <cremer-pople_Phi>26.3542</cremer-pople_Phi>
      <cremer-pople_Theta>105.293</cremer-pople_Theta>
      <mean_bfactor>105.293</mean_bfactor>
      <conformation>4c1</conformation>
      <anomer>beta</anomer>
      <hand>D</hand>
      <stacked_against>
      </stacked_against>
      <validation>
        <conformation>yes</conformation>
        <anomer>yes</anomer>
        <hand>yes</hand>
        <puckering>yes</puckering>
      </validation>
    <sugar id="/S/900(GAL)">
      <link>
        <anomericity>beta</anomericity>
        <connected_to>3</connected_to>
        <phi>-71.5611</phi>
        <psi>105.894</psi>
      </link>
      <detected_type>beta-D-aldopyranose</detected_type>
      <cremer-pople_Q>0.655671</cremer-pople_Q>
      <cremer-pople_Phi>79.3826</cremer-pople_Phi>
      <cremer-pople_Theta>108.315</cremer-pople_Theta>
      <mean_bfactor>108.315</mean_bfactor>
      <conformation>2h1</conformation>
      <anomer>beta</anomer>
      <hand>D</hand>
      <stacked_against>
      </stacked_against>
      <validation>
        <conformation>no</conformation>
        <anomer>yes</anomer>
        <hand>yes</hand>
        <puckering>yes</puckering>
      </validation>
    <sugar id="/S/899(SIA)">
      <link>
        <anomericity>alpha</anomericity>
        <connected_to>3</connected_to>
        <phi>106.722</phi>
        <psi>96.7711</psi>
      </link>
      <detected_type>alpha-L-ketopyranose</detected_type>
      <cremer-pople_Q>0.575198</cremer-pople_Q>
      <cremer-pople_Phi>259.703</cremer-pople_Phi>
      <cremer-pople_Theta>113.134</cremer-pople_Theta>
      <mean_bfactor>113.134</mean_bfactor>
      <conformation>1s5</conformation>
      <anomer>alpha</anomer>
      <hand>L</hand>
      <stacked_against>
      </stacked_against>
      <validation>
        <conformation>no</conformation>
        <anomer>yes</anomer>
        <hand>yes</hand>
        <puckering>yes</puckering>
      </validation>
    </sugar>
    </sugar>
    </sugar>
  </glycan>
</privateer>