<privateer xmlns:ns0="http://www.w3.org/2000/svg" xmlns:ns1="http://www.w3.org/1999/xlink">
  <glycan type="n-glycan" root="/A/297(ASN)" chain="A">
    <svg_graphics>
<ns0:svg version="1.1" width="346" height="217" viewBox="2435 900 495 310 " preserveAspectRatio="xMinYMinXMaxYMax meet">

  <ns0:style>
    .my_blue   { fill:#0090bc; }
    .my_red    { fill:#ed1c24; }
    .my_yellow { fill:#ffd400; }
  </ns0:style>
  <ns0:defs>
      <ns0:filter id="displace">
        <ns0:feTurbulence baseFrequency=".05" numOctaves="3" result="myturbulence" />
        <ns0:feDisplacementMap in="SourceGraphic" in2="myturbulence" scale="10" />
      </ns0:filter>

      <ns0:pattern id="half_yellow" x="0" y="0" width="50" height="50" patternUnits="userSpaceOnUse">
        <ns0:rect width="50" height="50" x="0" y="0" style="stroke:none; fill:#ffd400;" />
        <ns0:polygon points="0 0, 0 50, 50 50" rx="0" ry="0" style="stroke:#000000; stroke-width:1.5; fill:#ffffff;" />
      </ns0:pattern>
      <ns0:pattern id="half_blue" x="0" y="0" width="50" height="50" patternUnits="userSpaceOnUse">
        <ns0:rect width="50" height="50" x="0" y="0" style="stroke:none; fill:#0090bc;" />
        <ns0:polygon points="0 0, 0 50, 50 50" rx="0" ry="0" style="stroke:#000000; stroke-width:1.5; fill:#ffffff;" />
      </ns0:pattern>
      <ns0:pattern id="half_green" x="0" y="0" width="50" height="50" patternUnits="userSpaceOnUse">
        <ns0:rect width="50" height="50" x="0" y="0" style="stroke:none; fill:#00a651;" />
        <ns0:polygon points="0 0, 0 50, 50 50" rx="0" ry="0" style="stroke:#000000; stroke-width:1.5; fill:#ffffff;" />
      </ns0:pattern>
      <ns0:pattern id="yellow_left" x="0" y="0" width="50" height="50" patternUnits="userSpaceOnUse">
        <ns0:polygon points="25 0, 50 25, 25 50, 0 25" style="stroke:none; fill:#ffd400;" />
        <ns0:polygon points="25 0, 25 50, 0 25" rx="0" ry="0" style="stroke:#000000; stroke-width:1.5; fill:#ffffff;" />
      </ns0:pattern>
      <ns0:pattern id="blue_up" x="0" y="0" width="50" height="50" patternUnits="userSpaceOnUse">
        <ns0:polygon points="25 0, 50 25, 25 50, 0 25" style="stroke:none; fill:#0090bc;" />
        <ns0:polygon points="0 25, 50 25, 25 50" rx="0" ry="0" style="stroke:#000000; stroke-width:1.5; fill:#ffffff;" />
      </ns0:pattern>
      <ns0:pattern id="green_right" x="0" y="0" width="50" height="50" patternUnits="userSpaceOnUse">
        <ns0:polygon points="25 0, 50 25, 25 50, 0 25" style="stroke:none; fill:#00a651;" />
        <ns0:polygon points="0 25, 25 50, 25 0" rx="0" ry="0" style="stroke:#000000; stroke-width:1.5; fill:#ffffff;" />
      </ns0:pattern>
      <ns0:pattern id="tan_down" x="0" y="0" width="50" height="50" patternUnits="userSpaceOnUse">
        <ns0:polygon points="25 0, 50 25, 25 50, 0 25" style="stroke:none; fill:#966432;" />
        <ns0:polygon points="0 25, 50 25, 25 0" rx="0" ry="0" style="stroke:#000000; stroke-width:1.5; fill:#ffffff;" />
      </ns0:pattern>
<ns0:circle r="25" cx="25" cy="25" id="glc" style=" stroke:#000000; fill:#0090bc;stroke-width:2.8;" />
<ns0:circle r="25" cx="25" cy="25" id="gal" style=" stroke:#000000; fill:#ffd400;stroke-width:2.8;" />
<ns0:circle r="25" cx="25" cy="25" id="man" style=" stroke:#000000; fill:#00a651;stroke-width:2.8;" />
<ns0:polygon points="0 50, 25 0, 50 50" rx="0" ry="0" id="fuc" style=" stroke:#000000; fill:#ed1c24;stroke-width:2.8;" />
<ns0:polygon points="39.5,50 24.5,37.5 9.5,50 14.5,32.5 0,20 19.5,20 24.5,0 29.5,20 50,20 34.5,32.5" rx="0" ry="0" id="xyl" style=" stroke:#000000; fill:#ff7f00;stroke-width:2.8;" />
<ns0:rect width="50" height="50" id="glcnac" style=" stroke:#000000; fill:#0090bc;stroke-width:2.8;" />
<ns0:rect width="50" height="50" id="galnac" style=" stroke:#000000; fill:#ffd400;stroke-width:2.8;" />
<ns0:rect width="50" height="50" id="mannac" style=" stroke:#000000; fill:#00a651;stroke-width:2.8;" />
<ns0:rect width="50" height="50" id="glcn" style=" stroke:#000000; fill: url(#half_blue);stroke-width:2.8;" />
<ns0:rect width="50" height="50" id="galn" style=" stroke:#000000; fill: url(#half_yellow);stroke-width:2.8;" />
<ns0:rect width="50" height="50" id="mann" style=" stroke:#000000; fill: url(#half_green);stroke-width:2.8;" />
<ns0:polygon points="25 0, 50 25, 25 50, 0 25" rx="0" ry="0" id="neu5ac" style=" stroke:#000000; fill:#a54399;stroke-width:2.8;" />
<ns0:polygon points="25 0, 50 25, 25 50, 0 25" rx="0" ry="0" id="neu5gc" style=" stroke:#000000; fill:#8fcce9;stroke-width:2.8;" />
<ns0:polygon points="25 0, 50 25, 25 50, 0 25" rx="0" ry="0" id="kdn" style=" stroke:#000000; fill:#00a651;stroke-width:2.8;" />
<ns0:polygon points="25 0, 50 25, 25 50, 0 25" rx="0" ry="0" id="glca" style=" stroke:#000000; fill: url(#blue_up);stroke-width:2.8;" />
<ns0:polygon points="25 0, 50 25, 25 50, 0 25" rx="0" ry="0" id="idoa" style=" stroke:#000000; fill: url(#tan_down);stroke-width:2.8;" />
<ns0:polygon points="25 0, 50 25, 25 50, 0 25" rx="0" ry="0" id="gala" style=" stroke:#000000; fill: url(#yellow_left);stroke-width:2.8;" />
<ns0:polygon points="25 0, 50 25, 25 50, 0 25" rx="0" ry="0" id="mana" style=" stroke:#000000; fill: url(#green_right);stroke-width:2.8;" />
<ns0:line x1="0" y1="0" x2="110" y2="0" style="stroke:#000000; stroke-width:2; stroke-linecap:round; stroke-dasharray:9,6;" id="alpha" />
<ns0:line x1="0" y1="0" x2="110" y2="0" style="stroke:#000000; stroke-width:2; stroke-linecap:round;" id="beta" />
<ns0:polygon points="25 0, 50 11, 50 38, 25 50, 0 38, 0 11" rx="0" ry="0" id="unk" style=" stroke:#000000; fill:#ffffff;stroke-width:4.0; " />
  </ns0:defs>

<ns0:a id="anchor" ns1:href="mmdb:///A/1450" target="_top">  <ns0:use ns1:href="#beta" x="2470" y="925" id="" transform="rotate(90 2470 925)"><ns0:title>[ beta 1-2 ] with phi: -93.4282; psi: 152.8;</ns0:title></ns0:use>
</ns0:a>
<ns0:a id="anchor" ns1:href="mmdb:///A/1448" target="_top">  <ns0:use ns1:href="#alpha" x="2550" y="1015" id="" transform="rotate(-135 2550 1015)"><ns0:title>[ alpha 1-6 ] with phi: 80.244; psi: 169.752; omega: 0;</ns0:title></ns0:use>
</ns0:a>
<ns0:a id="anchor" ns1:href="mmdb:///A/1448" target="_top">  <ns0:use ns1:href="#beta" x="2560" y="1015" id="" transform="rotate(180 2560 1015)"><ns0:title>[ beta 1-4 ] with phi: -46.8447; psi: -109.614;</ns0:title></ns0:use>
</ns0:a>
<ns0:a id="anchor" ns1:href="mmdb:///A/1451" target="_top">  <ns0:use ns1:href="#beta" x="2470" y="1085" id="" transform="rotate(90 2470 1085)"><ns0:title>[ beta 1-2 ] with phi: -91.2525; psi: 161.452;</ns0:title></ns0:use>
</ns0:a>
<ns0:a id="anchor" ns1:href="mmdb:///A/1448" target="_top">  <ns0:use ns1:href="#alpha" x="2550" y="1015" id="" transform="rotate(-225 2550 1015)"><ns0:title>[ alpha 1-3 ] with phi: 87.1017; psi: 118.382;</ns0:title></ns0:use>
</ns0:a>
<ns0:a id="anchor" ns1:href="mmdb:///A/1447" target="_top">  <ns0:use ns1:href="#beta" x="2640" y="1015" id="" transform="rotate(180 2640 1015)"><ns0:title>[ beta 1-4 ] with phi: -100.126; psi: -149.494;</ns0:title></ns0:use>
</ns0:a>
<ns0:a id="anchor" ns1:href="mmdb:///A/1445" target="_top">  <ns0:use ns1:href="#beta" x="2720" y="1015" id="" transform="rotate(180 2720 1015)"><ns0:title>[ beta 1-4 ] with phi: -86.5482; psi: -145.682;</ns0:title></ns0:use>
</ns0:a>
<ns0:a id="anchor" ns1:href="mmdb:///A/297" target="_top">  <ns0:use ns1:href="#beta" x="2800" y="1015" id="" transform="rotate(180 2800 1015)"><ns0:title>beta link. Phi: -99.104; Psi: 180.876;</ns0:title></ns0:use>
</ns0:a>
<ns0:a id="anchor" ns1:href="mmdb:///A/297" target="_top">  <ns0:g id="glycan_root" transform="translate(2768 990)">
    <ns0:rect width="160" height="50" rx="10" ry="10" style="stroke:#000000; fill:#ffffff; stroke-width:2.0;" />
    <ns0:line x1="30" y1="0" x2="30" y2="50" style="stroke:#000000; fill:#ffffff; stroke-width:2.0;" />
    <ns0:text x="7" y="32" class="my_blue" font-weight="bold" font-family="Helvetica" font-size="24">N</ns0:text>
    <ns0:text x="92" y="32" fill="black" text-anchor="middle" font-weight="bold" font-family="Helvetica" font-size="24">ASN<ns0:tspan baseline-shift="sub" font-weight="normal" font-size="20">A/297</ns0:tspan></ns0:text>
</ns0:g>
</ns0:a>
<ns0:a id="anchor" ns1:href="mmdb:///A/1445" target="_top">  <ns0:use ns1:href="#glcnac" x="2685" y="990" id=""><ns0:title><ns0:tspan>NAG 1445 in 4c1 conformation. </ns0:tspan><ns0:tspan>Mean B-factor: 27.87. </ns0:tspan><ns0:tspan>Detected type: beta-D-aldopyranose. </ns0:tspan><ns0:tspan>No issues have been detected.</ns0:tspan></ns0:title></ns0:use>
</ns0:a>
<ns0:a id="anchor" ns1:href="mmdb:///A/1447" target="_top">  <ns0:use ns1:href="#glcnac" x="2605" y="990" id=""><ns0:title><ns0:tspan>NAG 1447 in 4c1 conformation. </ns0:tspan><ns0:tspan>Mean B-factor: 33.00. </ns0:tspan><ns0:tspan>Detected type: beta-D-aldopyranose. </ns0:tspan><ns0:tspan>No issues have been detected.</ns0:tspan></ns0:title></ns0:use>
</ns0:a>
<ns0:a id="anchor" ns1:href="mmdb:///A/1448" target="_top">  <ns0:use ns1:href="#man" x="2525" y="990" id=""><ns0:title><ns0:tspan>BMA 1448 in 4c1 conformation. </ns0:tspan><ns0:tspan>Mean B-factor: 39.60. </ns0:tspan><ns0:tspan>Detected type: beta-D-aldopyranose. </ns0:tspan><ns0:tspan>No issues have been detected.</ns0:tspan></ns0:title></ns0:use>
</ns0:a>
<ns0:a id="anchor" ns1:href="mmdb:///A/1451" target="_top">  <ns0:use ns1:href="#man" x="2445" y="1070" id=""><ns0:title><ns0:tspan>MAN 1451 in 4c1 conformation. </ns0:tspan><ns0:tspan>Mean B-factor: 57.81. </ns0:tspan><ns0:tspan>Detected type: alpha-D-aldopyranose. </ns0:tspan><ns0:tspan>No issues have been detected.</ns0:tspan></ns0:title></ns0:use>
</ns0:a>
<ns0:a id="anchor" ns1:href="mmdb:///A/1452" target="_top">  <ns0:use ns1:href="#glcnac" x="2445" y="1150" id=""><ns0:title><ns0:tspan>NAG 1452 in 4c1 conformation. </ns0:tspan><ns0:tspan>Mean B-factor: 68.07. </ns0:tspan><ns0:tspan>Detected type: beta-D-aldopyranose. </ns0:tspan><ns0:tspan>No issues have been detected.</ns0:tspan></ns0:title></ns0:use>
</ns0:a>
<ns0:a id="anchor" ns1:href="mmdb:///A/1454" target="_top">  <ns0:use ns1:href="#glcnac" x="2445" y="990" id=""><ns0:title><ns0:tspan>NAG 1454 in 4c1 conformation. </ns0:tspan><ns0:tspan>Mean B-factor: 57.08. </ns0:tspan><ns0:tspan>Detected type: beta-D-aldopyranose. </ns0:tspan><ns0:tspan>No issues have been detected.</ns0:tspan></ns0:title></ns0:use>
</ns0:a>
<ns0:a id="anchor" ns1:href="mmdb:///A/1450" target="_top">  <ns0:use ns1:href="#man" x="2445" y="910" id=""><ns0:title><ns0:tspan>MAN 1450 in 4c1 conformation. </ns0:tspan><ns0:tspan>Mean B-factor: 42.45. </ns0:tspan><ns0:tspan>Detected type: alpha-D-aldopyranose. </ns0:tspan><ns0:tspan>No issues have been detected.</ns0:tspan></ns0:title></ns0:use>
</ns0:a>
<ns0:a id="anchor" ns1:href="mmdb:///A/1453" target="_top">  <ns0:use ns1:href="#glcnac" x="2445" y="990" id=""><ns0:title><ns0:tspan>NAG 1453 in 4c1 conformation. </ns0:tspan><ns0:tspan>Mean B-factor: 50.14. </ns0:tspan><ns0:tspan>Detected type: beta-D-aldopyranose. </ns0:tspan><ns0:tspan>No issues have been detected.</ns0:tspan></ns0:title></ns0:use>
</ns0:a>
</ns0:svg>    </svg_graphics>
    <sugar id="/A/1445(NAG)">
      <link>
        <anomericity>beta</anomericity>
        <connected_to>0</connected_to>
        <phi>-99.104</phi>
        <psi>180.876</psi>
      </link>
      <detected_type>beta-D-aldopyranose</detected_type>
      <cremer-pople_Q>0.553821</cremer-pople_Q>
      <cremer-pople_Phi>280.607</cremer-pople_Phi>
      <cremer-pople_Theta>27.8707</cremer-pople_Theta>
      <mean_bfactor>27.8707</mean_bfactor>
      <conformation>4c1</conformation>
      <anomer>beta</anomer>
      <hand>D</hand>
      <stacked_against>
      </stacked_against>
      <validation>
        <conformation>yes</conformation>
        <anomer>yes</anomer>
        <hand>yes</hand>
        <puckering>yes</puckering>
      </validation>
    <sugar id="/A/1447(NAG)">
      <link>
        <anomericity>beta</anomericity>
        <connected_to>4</connected_to>
        <phi>-86.5482</phi>
        <psi>-145.682</psi>
      </link>
      <detected_type>beta-D-aldopyranose</detected_type>
      <cremer-pople_Q>0.501911</cremer-pople_Q>
      <cremer-pople_Phi>150.373</cremer-pople_Phi>
      <cremer-pople_Theta>33.0036</cremer-pople_Theta>
      <mean_bfactor>33.0036</mean_bfactor>
      <conformation>4c1</conformation>
      <anomer>beta</anomer>
      <hand>D</hand>
      <stacked_against>
      </stacked_against>
      <validation>
        <conformation>yes</conformation>
        <anomer>yes</anomer>
        <hand>yes</hand>
        <puckering>yes</puckering>
      </validation>
    <sugar id="/A/1448(BMA)">
      <link>
        <anomericity>beta</anomericity>
        <connected_to>4</connected_to>
        <phi>-100.126</phi>
        <psi>-149.494</psi>
      </link>
      <detected_type>beta-D-aldopyranose</detected_type>
      <cremer-pople_Q>0.556266</cremer-pople_Q>
      <cremer-pople_Phi>6.87623</cremer-pople_Phi>
      <cremer-pople_Theta>39.5991</cremer-pople_Theta>
      <mean_bfactor>39.5991</mean_bfactor>
      <conformation>4c1</conformation>
      <anomer>beta</anomer>
      <hand>D</hand>
      <stacked_against>
      </stacked_against>
      <validation>
        <conformation>yes</conformation>
        <anomer>yes</anomer>
        <hand>yes</hand>
        <puckering>yes</puckering>
      </validation>
    <sugar id="/A/1451(MAN)">
      <link>
        <anomericity>alpha</anomericity>
        <connected_to>3</connected_to>
        <phi>87.1017</phi>
        <psi>118.382</psi>
      </link>
      <detected_type>alpha-D-aldopyranose</detected_type>
      <cremer-pople_Q>0.571562</cremer-pople_Q>
      <cremer-pople_Phi>87.9244</cremer-pople_Phi>
      <cremer-pople_Theta>57.8082</cremer-pople_Theta>
      <mean_bfactor>57.8082</mean_bfactor>
      <conformation>4c1</conformation>
      <anomer>alpha</anomer>
      <hand>D</hand>
      <stacked_against>
      </stacked_against>
      <validation>
        <conformation>yes</conformation>
        <anomer>yes</anomer>
        <hand>yes</hand>
        <puckering>yes</puckering>
      </validation>
    <sugar id="/A/1452(NAG)">
      <link>
        <anomericity>beta</anomericity>
        <connected_to>2</connected_to>
        <phi>-91.2525</phi>
        <psi>161.452</psi>
      </link>
      <detected_type>beta-D-aldopyranose</detected_type>
      <cremer-pople_Q>0.590981</cremer-pople_Q>
      <cremer-pople_Phi>133.027</cremer-pople_Phi>
      <cremer-pople_Theta>68.0729</cremer-pople_Theta>
      <mean_bfactor>68.0729</mean_bfactor>
      <conformation>4c1</conformation>
      <anomer>beta</anomer>
      <hand>D</hand>
      <stacked_against>
      </stacked_against>
      <validation>
        <conformation>yes</conformation>
        <anomer>yes</anomer>
        <hand>yes</hand>
        <puckering>yes</puckering>
      </validation>
    </sugar>
    </sugar>
    <sugar id="/A/1454(NAG)">
      <link>
        <anomericity>beta</anomericity>
        <connected_to>4</connected_to>
        <phi>-46.8447</phi>
        <psi>-109.614</psi>
      </link>
      <detected_type>beta-D-aldopyranose</detected_type>
      <cremer-pople_Q>0.549621</cremer-pople_Q>
      <cremer-pople_Phi>263.931</cremer-pople_Phi>
      <cremer-pople_Theta>57.0757</cremer-pople_Theta>
      <mean_bfactor>57.0757</mean_bfactor>
      <conformation>4c1</conformation>
      <anomer>beta</anomer>
      <hand>D</hand>
      <stacked_against>
      </stacked_against>
      <validation>
        <conformation>yes</conformation>
        <anomer>yes</anomer>
        <hand>yes</hand>
        <puckering>yes</puckering>
      </validation>
    </sugar>
    <sugar id="/A/1450(MAN)">
      <link>
        <anomericity>alpha</anomericity>
        <connected_to>6</connected_to>
        <phi>80.244</phi>
        <psi>169.752</psi>
        <omega>0</omega>
      </link>
      <detected_type>alpha-D-aldopyranose</detected_type>
      <cremer-pople_Q>0.527279</cremer-pople_Q>
      <cremer-pople_Phi>30.1638</cremer-pople_Phi>
      <cremer-pople_Theta>42.45</cremer-pople_Theta>
      <mean_bfactor>42.45</mean_bfactor>
      <conformation>4c1</conformation>
      <anomer>alpha</anomer>
      <hand>D</hand>
      <stacked_against>
      </stacked_against>
      <validation>
        <conformation>yes</conformation>
        <anomer>yes</anomer>
        <hand>yes</hand>
        <puckering>yes</puckering>
      </validation>
    <sugar id="/A/1453(NAG)">
      <link>
        <anomericity>beta</anomericity>
        <connected_to>2</connected_to>
        <phi>-93.4282</phi>
        <psi>152.8</psi>
      </link>
      <detected_type>beta-D-aldopyranose</detected_type>
      <cremer-pople_Q>0.562374</cremer-pople_Q>
      <cremer-pople_Phi>292.293</cremer-pople_Phi>
      <cremer-pople_Theta>50.1386</cremer-pople_Theta>
      <mean_bfactor>50.1386</mean_bfactor>
      <conformation>4c1</conformation>
      <anomer>beta</anomer>
      <hand>D</hand>
      <stacked_against>
        <residue id="/A/243(PHE)">
          <angle>2.84233</angle>
        </residue>
      </stacked_against>
      <validation>
        <conformation>yes</conformation>
        <anomer>yes</anomer>
        <hand>yes</hand>
        <puckering>yes</puckering>
      </validation>
    </sugar>
    </sugar>
    </sugar>
    </sugar>
    </sugar>
  </glycan>
  <glycan type="n-glycan" root="/B/297(ASN)" chain="B">
    <svg_graphics>
<ns0:svg version="1.1" width="346" height="217" viewBox="2435 900 495 310 " preserveAspectRatio="xMinYMinXMaxYMax meet">

  <ns0:style>
    .my_blue   { fill:#0090bc; }
    .my_red    { fill:#ed1c24; }
    .my_yellow { fill:#ffd400; }
  </ns0:style>
  <ns0:defs>
      <ns0:filter id="displace">
        <ns0:feTurbulence baseFrequency=".05" numOctaves="3" result="myturbulence" />
        <ns0:feDisplacementMap in="SourceGraphic" in2="myturbulence" scale="10" />
      </ns0:filter>

      <ns0:pattern id="half_yellow" x="0" y="0" width="50" height="50" patternUnits="userSpaceOnUse">
        <ns0:rect width="50" height="50" x="0" y="0" style="stroke:none; fill:#ffd400;" />
        <ns0:polygon points="0 0, 0 50, 50 50" rx="0" ry="0" style="stroke:#000000; stroke-width:1.5; fill:#ffffff;" />
      </ns0:pattern>
      <ns0:pattern id="half_blue" x="0" y="0" width="50" height="50" patternUnits="userSpaceOnUse">
        <ns0:rect width="50" height="50" x="0" y="0" style="stroke:none; fill:#0090bc;" />
        <ns0:polygon points="0 0, 0 50, 50 50" rx="0" ry="0" style="stroke:#000000; stroke-width:1.5; fill:#ffffff;" />
      </ns0:pattern>
      <ns0:pattern id="half_green" x="0" y="0" width="50" height="50" patternUnits="userSpaceOnUse">
        <ns0:rect width="50" height="50" x="0" y="0" style="stroke:none; fill:#00a651;" />
        <ns0:polygon points="0 0, 0 50, 50 50" rx="0" ry="0" style="stroke:#000000; stroke-width:1.5; fill:#ffffff;" />
      </ns0:pattern>
      <ns0:pattern id="yellow_left" x="0" y="0" width="50" height="50" patternUnits="userSpaceOnUse">
        <ns0:polygon points="25 0, 50 25, 25 50, 0 25" style="stroke:none; fill:#ffd400;" />
        <ns0:polygon points="25 0, 25 50, 0 25" rx="0" ry="0" style="stroke:#000000; stroke-width:1.5; fill:#ffffff;" />
      </ns0:pattern>
      <ns0:pattern id="blue_up" x="0" y="0" width="50" height="50" patternUnits="userSpaceOnUse">
        <ns0:polygon points="25 0, 50 25, 25 50, 0 25" style="stroke:none; fill:#0090bc;" />
        <ns0:polygon points="0 25, 50 25, 25 50" rx="0" ry="0" style="stroke:#000000; stroke-width:1.5; fill:#ffffff;" />
      </ns0:pattern>
      <ns0:pattern id="green_right" x="0" y="0" width="50" height="50" patternUnits="userSpaceOnUse">
        <ns0:polygon points="25 0, 50 25, 25 50, 0 25" style="stroke:none; fill:#00a651;" />
        <ns0:polygon points="0 25, 25 50, 25 0" rx="0" ry="0" style="stroke:#000000; stroke-width:1.5; fill:#ffffff;" />
      </ns0:pattern>
      <ns0:pattern id="tan_down" x="0" y="0" width="50" height="50" patternUnits="userSpaceOnUse">
        <ns0:polygon points="25 0, 50 25, 25 50, 0 25" style="stroke:none; fill:#966432;" />
        <ns0:polygon points="0 25, 50 25, 25 0" rx="0" ry="0" style="stroke:#000000; stroke-width:1.5; fill:#ffffff;" />
      </ns0:pattern>
<ns0:circle r="25" cx="25" cy="25" id="glc" style=" stroke:#000000; fill:#0090bc;stroke-width:2.8;" />
<ns0:circle r="25" cx="25" cy="25" id="gal" style=" stroke:#000000; fill:#ffd400;stroke-width:2.8;" />
<ns0:circle r="25" cx="25" cy="25" id="man" style=" stroke:#000000; fill:#00a651;stroke-width:2.8;" />
<ns0:polygon points="0 50, 25 0, 50 50" rx="0" ry="0" id="fuc" style=" stroke:#000000; fill:#ed1c24;stroke-width:2.8;" />
<ns0:polygon points="39.5,50 24.5,37.5 9.5,50 14.5,32.5 0,20 19.5,20 24.5,0 29.5,20 50,20 34.5,32.5" rx="0" ry="0" id="xyl" style=" stroke:#000000; fill:#ff7f00;stroke-width:2.8;" />
<ns0:rect width="50" height="50" id="glcnac" style=" stroke:#000000; fill:#0090bc;stroke-width:2.8;" />
<ns0:rect width="50" height="50" id="galnac" style=" stroke:#000000; fill:#ffd400;stroke-width:2.8;" />
<ns0:rect width="50" height="50" id="mannac" style=" stroke:#000000; fill:#00a651;stroke-width:2.8;" />
<ns0:rect width="50" height="50" id="glcn" style=" stroke:#000000; fill: url(#half_blue);stroke-width:2.8;" />
<ns0:rect width="50" height="50" id="galn" style=" stroke:#000000; fill: url(#half_yellow);stroke-width:2.8;" />
<ns0:rect width="50" height="50" id="mann" style=" stroke:#000000; fill: url(#half_green);stroke-width:2.8;" />
<ns0:polygon points="25 0, 50 25, 25 50, 0 25" rx="0" ry="0" id="neu5ac" style=" stroke:#000000; fill:#a54399;stroke-width:2.8;" />
<ns0:polygon points="25 0, 50 25, 25 50, 0 25" rx="0" ry="0" id="neu5gc" style=" stroke:#000000; fill:#8fcce9;stroke-width:2.8;" />
<ns0:polygon points="25 0, 50 25, 25 50, 0 25" rx="0" ry="0" id="kdn" style=" stroke:#000000; fill:#00a651;stroke-width:2.8;" />
<ns0:polygon points="25 0, 50 25, 25 50, 0 25" rx="0" ry="0" id="glca" style=" stroke:#000000; fill: url(#blue_up);stroke-width:2.8;" />
<ns0:polygon points="25 0, 50 25, 25 50, 0 25" rx="0" ry="0" id="idoa" style=" stroke:#000000; fill: url(#tan_down);stroke-width:2.8;" />
<ns0:polygon points="25 0, 50 25, 25 50, 0 25" rx="0" ry="0" id="gala" style=" stroke:#000000; fill: url(#yellow_left);stroke-width:2.8;" />
<ns0:polygon points="25 0, 50 25, 25 50, 0 25" rx="0" ry="0" id="mana" style=" stroke:#000000; fill: url(#green_right);stroke-width:2.8;" />
<ns0:line x1="0" y1="0" x2="110" y2="0" style="stroke:#000000; stroke-width:2; stroke-linecap:round; stroke-dasharray:9,6;" id="alpha" />
<ns0:line x1="0" y1="0" x2="110" y2="0" style="stroke:#000000; stroke-width:2; stroke-linecap:round;" id="beta" />
<ns0:polygon points="25 0, 50 11, 50 38, 25 50, 0 38, 0 11" rx="0" ry="0" id="unk" style=" stroke:#000000; fill:#ffffff;stroke-width:4.0; " />
  </ns0:defs>

<ns0:a id="anchor" ns1:href="mmdb:///B/1450" target="_top">  <ns0:use ns1:href="#beta" x="2470" y="925" id="" transform="rotate(90 2470 925)"><ns0:title>[ beta 1-2 ] with phi: -81.8541; psi: 160.867;</ns0:title></ns0:use>
</ns0:a>
<ns0:a id="anchor" ns1:href="mmdb:///B/1448" target="_top">  <ns0:use ns1:href="#alpha" x="2550" y="1015" id="" transform="rotate(-135 2550 1015)"><ns0:title>[ alpha 1-6 ] with phi: 53.5074; psi: 173.651; omega: 0;</ns0:title></ns0:use>
</ns0:a>
<ns0:a id="anchor" ns1:href="mmdb:///B/1448" target="_top">  <ns0:use ns1:href="#beta" x="2560" y="1015" id="" transform="rotate(180 2560 1015)"><ns0:title>[ beta 1-4 ] with phi: -123.795; psi: 152.73;</ns0:title></ns0:use>
</ns0:a>
<ns0:a id="anchor" ns1:href="mmdb:///B/1451" target="_top">  <ns0:use ns1:href="#beta" x="2470" y="1085" id="" transform="rotate(90 2470 1085)"><ns0:title>[ beta 1-2 ] with phi: -73.179; psi: 130.224;</ns0:title></ns0:use>
</ns0:a>
<ns0:a id="anchor" ns1:href="mmdb:///B/1448" target="_top">  <ns0:use ns1:href="#beta" x="2550" y="1015" id="" transform="rotate(-225 2550 1015)"><ns0:title>[ beta 1-3 ] with phi: -95.6072; psi: -99.3031;</ns0:title></ns0:use>
</ns0:a>
<ns0:a id="anchor" ns1:href="mmdb:///B/1447" target="_top">  <ns0:use ns1:href="#beta" x="2640" y="1015" id="" transform="rotate(180 2640 1015)"><ns0:title>[ beta 1-4 ] with phi: -93.2155; psi: -160.905;</ns0:title></ns0:use>
</ns0:a>
<ns0:a id="anchor" ns1:href="mmdb:///B/1445" target="_top">  <ns0:use ns1:href="#beta" x="2720" y="1015" id="" transform="rotate(180 2720 1015)"><ns0:title>[ beta 1-4 ] with phi: -91.9868; psi: -138.939;</ns0:title></ns0:use>
</ns0:a>
<ns0:a id="anchor" ns1:href="mmdb:///B/297" target="_top">  <ns0:use ns1:href="#alpha" x="2800" y="1015" id="" transform="rotate(180 2800 1015)"><ns0:title>alpha link. Phi: 112.586; Psi: 1.89666; Warning: n-GlcNAc linkage should be beta! </ns0:title></ns0:use>
</ns0:a>
<ns0:a id="anchor" ns1:href="mmdb:///B/297" target="_top">  <ns0:g id="glycan_root" transform="translate(2768 990)">
    <ns0:rect width="160" height="50" rx="10" ry="10" style="stroke:#000000; fill:#ffffff; stroke-width:2.0;" />
    <ns0:line x1="30" y1="0" x2="30" y2="50" style="stroke:#000000; fill:#ffffff; stroke-width:2.0;" />
    <ns0:text x="7" y="32" class="my_blue" font-weight="bold" font-family="Helvetica" font-size="24">N</ns0:text>
    <ns0:text x="92" y="32" fill="black" text-anchor="middle" font-weight="bold" font-family="Helvetica" font-size="24">ASN<ns0:tspan baseline-shift="sub" font-weight="normal" font-size="20">B/297</ns0:tspan></ns0:text>
</ns0:g>
</ns0:a>
<ns0:a id="anchor" ns1:href="mmdb:///B/1445" target="_top">  <ns0:use ns1:href="#glcnac" x="2685" y="990" id=""><ns0:title><ns0:tspan>NAG 1445 in 4c1 conformation. </ns0:tspan><ns0:tspan>Mean B-factor: 44.28. </ns0:tspan><ns0:tspan>Detected type: alpha-D-aldopyranose. </ns0:tspan>Detected issues: <ns0:tspan>Anomer mismatch; </ns0:tspan></ns0:title></ns0:use>
</ns0:a>
<ns0:a id="anchor" ns1:href="mmdb:///B/1447" target="_top">  <ns0:use ns1:href="#glcnac" x="2605" y="990" id=""><ns0:title><ns0:tspan>NAG 1447 in 4c1 conformation. </ns0:tspan><ns0:tspan>Mean B-factor: 43.90. </ns0:tspan><ns0:tspan>Detected type: beta-D-aldopyranose. </ns0:tspan><ns0:tspan>No issues have been detected.</ns0:tspan></ns0:title></ns0:use>
</ns0:a>
<ns0:a id="anchor" ns1:href="mmdb:///B/1448" target="_top">  <ns0:use ns1:href="#man" x="2525" y="990" id=""><ns0:title><ns0:tspan>BMA 1448 in 4c1 conformation. </ns0:tspan><ns0:tspan>Mean B-factor: 57.39. </ns0:tspan><ns0:tspan>Detected type: beta-D-aldopyranose. </ns0:tspan><ns0:tspan>No issues have been detected.</ns0:tspan></ns0:title></ns0:use>
</ns0:a>
<ns0:a id="anchor" ns1:href="mmdb:///B/1451" target="_top">  <ns0:use ns1:href="#man" x="2445" y="1070" id=""><ns0:title><ns0:tspan>MAN 1451 in 2h1 conformation. </ns0:tspan><ns0:tspan>Mean B-factor: 63.06. </ns0:tspan><ns0:tspan>Detected type: beta-D-aldopyranose. </ns0:tspan>Detected issues: <ns0:tspan>Anomer mismatch; </ns0:tspan><ns0:tspan>The sugar is in a high-energy conformation; </ns0:tspan></ns0:title></ns0:use>
</ns0:a>
<ns0:a id="anchor" ns1:href="mmdb:///B/1452" target="_top">  <ns0:use ns1:href="#glcnac" x="2445" y="1150" id=""><ns0:title><ns0:tspan>NAG 1452 in 4c1 conformation. </ns0:tspan><ns0:tspan>Mean B-factor: 71.29. </ns0:tspan><ns0:tspan>Detected type: beta-D-aldopyranose. </ns0:tspan><ns0:tspan>No issues have been detected.</ns0:tspan></ns0:title></ns0:use>
</ns0:a>
<ns0:a id="anchor" ns1:href="mmdb:///B/1454" target="_top">  <ns0:use ns1:href="#glcnac" x="2445" y="990" id=""><ns0:title><ns0:tspan>NAG 1454 in 4c1 conformation. </ns0:tspan><ns0:tspan>Mean B-factor: 80.29. </ns0:tspan><ns0:tspan>Detected type: beta-D-aldopyranose. </ns0:tspan><ns0:tspan>No issues have been detected.</ns0:tspan></ns0:title></ns0:use>
</ns0:a>
<ns0:a id="anchor" ns1:href="mmdb:///B/1450" target="_top">  <ns0:use ns1:href="#man" x="2445" y="910" id=""><ns0:title><ns0:tspan>MAN 1450 in 4c1 conformation. </ns0:tspan><ns0:tspan>Mean B-factor: 59.86. </ns0:tspan><ns0:tspan>Detected type: alpha-D-aldopyranose. </ns0:tspan><ns0:tspan>No issues have been detected.</ns0:tspan></ns0:title></ns0:use>
</ns0:a>
<ns0:a id="anchor" ns1:href="mmdb:///B/1453" target="_top">  <ns0:use ns1:href="#glcnac" x="2445" y="990" id=""><ns0:title><ns0:tspan>NAG 1453 in 4c1 conformation. </ns0:tspan><ns0:tspan>Mean B-factor: 72.74. </ns0:tspan><ns0:tspan>Detected type: beta-D-aldopyranose. </ns0:tspan><ns0:tspan>No issues have been detected.</ns0:tspan></ns0:title></ns0:use>
</ns0:a>
</ns0:svg>    </svg_graphics>
    <sugar id="/B/1445(NAG)">
      <link>
        <anomericity>alpha</anomericity>
        <connected_to>0</connected_to>
        <phi>112.586</phi>
        <psi>1.89666</psi>
      </link>
      <detected_type>alpha-D-aldopyranose</detected_type>
      <cremer-pople_Q>0.549321</cremer-pople_Q>
      <cremer-pople_Phi>271.896</cremer-pople_Phi>
      <cremer-pople_Theta>44.2843</cremer-pople_Theta>
      <mean_bfactor>44.2843</mean_bfactor>
      <conformation>4c1</conformation>
      <anomer>alpha</anomer>
      <hand>D</hand>
      <stacked_against>
      </stacked_against>
      <validation>
        <conformation>yes</conformation>
        <anomer>no</anomer>
        <hand>yes</hand>
        <puckering>yes</puckering>
      </validation>
    <sugar id="/B/1447(NAG)">
      <link>
        <anomericity>beta</anomericity>
        <connected_to>4</connected_to>
        <phi>-91.9868</phi>
        <psi>-138.939</psi>
      </link>
      <detected_type>beta-D-aldopyranose</detected_type>
      <cremer-pople_Q>0.549797</cremer-pople_Q>
      <cremer-pople_Phi>288.98</cremer-pople_Phi>
      <cremer-pople_Theta>43.9043</cremer-pople_Theta>
      <mean_bfactor>43.9043</mean_bfactor>
      <conformation>4c1</conformation>
      <anomer>beta</anomer>
      <hand>D</hand>
      <stacked_against>
      </stacked_against>
      <validation>
        <conformation>yes</conformation>
        <anomer>yes</anomer>
        <hand>yes</hand>
        <puckering>yes</puckering>
      </validation>
    <sugar id="/B/1448(BMA)">
      <link>
        <anomericity>beta</anomericity>
        <connected_to>4</connected_to>
        <phi>-93.2155</phi>
        <psi>-160.905</psi>
      </link>
      <detected_type>beta-D-aldopyranose</detected_type>
      <cremer-pople_Q>0.617247</cremer-pople_Q>
      <cremer-pople_Phi>223.215</cremer-pople_Phi>
      <cremer-pople_Theta>57.3945</cremer-pople_Theta>
      <mean_bfactor>57.3945</mean_bfactor>
      <conformation>4c1</conformation>
      <anomer>beta</anomer>
      <hand>D</hand>
      <stacked_against>
      </stacked_against>
      <validation>
        <conformation>yes</conformation>
        <anomer>yes</anomer>
        <hand>yes</hand>
        <puckering>yes</puckering>
      </validation>
    <sugar id="/B/1451(MAN)">
      <link>
        <anomericity>beta</anomericity>
        <connected_to>3</connected_to>
        <phi>-95.6072</phi>
        <psi>-99.3031</psi>
      </link>
      <detected_type>beta-D-aldopyranose</detected_type>
      <cremer-pople_Q>0.580194</cremer-pople_Q>
      <cremer-pople_Phi>75.422</cremer-pople_Phi>
      <cremer-pople_Theta>63.0618</cremer-pople_Theta>
      <mean_bfactor>63.0618</mean_bfactor>
      <conformation>2h1</conformation>
      <anomer>beta</anomer>
      <hand>D</hand>
      <stacked_against>
      </stacked_against>
      <validation>
        <conformation>no</conformation>
        <anomer>no</anomer>
        <hand>yes</hand>
        <puckering>yes</puckering>
      </validation>
    <sugar id="/B/1452(NAG)">
      <link>
        <anomericity>beta</anomericity>
        <connected_to>2</connected_to>
        <phi>-73.179</phi>
        <psi>130.224</psi>
      </link>
      <detected_type>beta-D-aldopyranose</detected_type>
      <cremer-pople_Q>0.562136</cremer-pople_Q>
      <cremer-pople_Phi>21.182</cremer-pople_Phi>
      <cremer-pople_Theta>71.2886</cremer-pople_Theta>
      <mean_bfactor>71.2886</mean_bfactor>
      <conformation>4c1</conformation>
      <anomer>beta</anomer>
      <hand>D</hand>
      <stacked_against>
      </stacked_against>
      <validation>
        <conformation>yes</conformation>
        <anomer>yes</anomer>
        <hand>yes</hand>
        <puckering>yes</puckering>
      </validation>
    </sugar>
    </sugar>
    <sugar id="/B/1454(NAG)">
      <link>
        <anomericity>beta</anomericity>
        <connected_to>4</connected_to>
        <phi>-123.795</phi>
        <psi>152.73</psi>
      </link>
      <detected_type>beta-D-aldopyranose</detected_type>
      <cremer-pople_Q>0.508193</cremer-pople_Q>
      <cremer-pople_Phi>272.162</cremer-pople_Phi>
      <cremer-pople_Theta>80.2914</cremer-pople_Theta>
      <mean_bfactor>80.2914</mean_bfactor>
      <conformation>4c1</conformation>
      <anomer>beta</anomer>
      <hand>D</hand>
      <stacked_against>
      </stacked_against>
      <validation>
        <conformation>yes</conformation>
        <anomer>yes</anomer>
        <hand>yes</hand>
        <puckering>yes</puckering>
      </validation>
    </sugar>
    <sugar id="/B/1450(MAN)">
      <link>
        <anomericity>alpha</anomericity>
        <connected_to>6</connected_to>
        <phi>53.5074</phi>
        <psi>173.651</psi>
        <omega>0</omega>
      </link>
      <detected_type>alpha-D-aldopyranose</detected_type>
      <cremer-pople_Q>0.546067</cremer-pople_Q>
      <cremer-pople_Phi>25.9614</cremer-pople_Phi>
      <cremer-pople_Theta>59.8573</cremer-pople_Theta>
      <mean_bfactor>59.8573</mean_bfactor>
      <conformation>4c1</conformation>
      <anomer>alpha</anomer>
      <hand>D</hand>
      <stacked_against>
      </stacked_against>
      <validation>
        <conformation>yes</conformation>
        <anomer>yes</anomer>
        <hand>yes</hand>
        <puckering>yes</puckering>
      </validation>
    <sugar id="/B/1453(NAG)">
      <link>
        <anomericity>beta</anomericity>
        <connected_to>2</connected_to>
        <phi>-81.8541</phi>
        <psi>160.867</psi>
      </link>
      <detected_type>beta-D-aldopyranose</detected_type>
      <cremer-pople_Q>0.543121</cremer-pople_Q>
      <cremer-pople_Phi>106.085</cremer-pople_Phi>
      <cremer-pople_Theta>72.7371</cremer-pople_Theta>
      <mean_bfactor>72.7371</mean_bfactor>
      <conformation>4c1</conformation>
      <anomer>beta</anomer>
      <hand>D</hand>
      <stacked_against>
      </stacked_against>
      <validation>
        <conformation>yes</conformation>
        <anomer>yes</anomer>
        <hand>yes</hand>
        <puckering>yes</puckering>
      </validation>
    </sugar>
    </sugar>
    </sugar>
    </sugar>
    </sugar>
  </glycan>
  <glycan type="n-glycan" root="/C/45(ASN)" chain="C">
    <svg_graphics>
<ns0:svg version="1.1" width="234" height="66" viewBox="2595 980 335 95 " preserveAspectRatio="xMinYMinXMaxYMax meet">

  <ns0:style>
    .my_blue   { fill:#0090bc; }
    .my_red    { fill:#ed1c24; }
    .my_yellow { fill:#ffd400; }
  </ns0:style>
  <ns0:defs>
      <ns0:filter id="displace">
        <ns0:feTurbulence baseFrequency=".05" numOctaves="3" result="myturbulence" />
        <ns0:feDisplacementMap in="SourceGraphic" in2="myturbulence" scale="10" />
      </ns0:filter>

      <ns0:pattern id="half_yellow" x="0" y="0" width="50" height="50" patternUnits="userSpaceOnUse">
        <ns0:rect width="50" height="50" x="0" y="0" style="stroke:none; fill:#ffd400;" />
        <ns0:polygon points="0 0, 0 50, 50 50" rx="0" ry="0" style="stroke:#000000; stroke-width:1.5; fill:#ffffff;" />
      </ns0:pattern>
      <ns0:pattern id="half_blue" x="0" y="0" width="50" height="50" patternUnits="userSpaceOnUse">
        <ns0:rect width="50" height="50" x="0" y="0" style="stroke:none; fill:#0090bc;" />
        <ns0:polygon points="0 0, 0 50, 50 50" rx="0" ry="0" style="stroke:#000000; stroke-width:1.5; fill:#ffffff;" />
      </ns0:pattern>
      <ns0:pattern id="half_green" x="0" y="0" width="50" height="50" patternUnits="userSpaceOnUse">
        <ns0:rect width="50" height="50" x="0" y="0" style="stroke:none; fill:#00a651;" />
        <ns0:polygon points="0 0, 0 50, 50 50" rx="0" ry="0" style="stroke:#000000; stroke-width:1.5; fill:#ffffff;" />
      </ns0:pattern>
      <ns0:pattern id="yellow_left" x="0" y="0" width="50" height="50" patternUnits="userSpaceOnUse">
        <ns0:polygon points="25 0, 50 25, 25 50, 0 25" style="stroke:none; fill:#ffd400;" />
        <ns0:polygon points="25 0, 25 50, 0 25" rx="0" ry="0" style="stroke:#000000; stroke-width:1.5; fill:#ffffff;" />
      </ns0:pattern>
      <ns0:pattern id="blue_up" x="0" y="0" width="50" height="50" patternUnits="userSpaceOnUse">
        <ns0:polygon points="25 0, 50 25, 25 50, 0 25" style="stroke:none; fill:#0090bc;" />
        <ns0:polygon points="0 25, 50 25, 25 50" rx="0" ry="0" style="stroke:#000000; stroke-width:1.5; fill:#ffffff;" />
      </ns0:pattern>
      <ns0:pattern id="green_right" x="0" y="0" width="50" height="50" patternUnits="userSpaceOnUse">
        <ns0:polygon points="25 0, 50 25, 25 50, 0 25" style="stroke:none; fill:#00a651;" />
        <ns0:polygon points="0 25, 25 50, 25 0" rx="0" ry="0" style="stroke:#000000; stroke-width:1.5; fill:#ffffff;" />
      </ns0:pattern>
      <ns0:pattern id="tan_down" x="0" y="0" width="50" height="50" patternUnits="userSpaceOnUse">
        <ns0:polygon points="25 0, 50 25, 25 50, 0 25" style="stroke:none; fill:#966432;" />
        <ns0:polygon points="0 25, 50 25, 25 0" rx="0" ry="0" style="stroke:#000000; stroke-width:1.5; fill:#ffffff;" />
      </ns0:pattern>
<ns0:circle r="25" cx="25" cy="25" id="glc" style=" stroke:#000000; fill:#0090bc;stroke-width:2.8;" />
<ns0:circle r="25" cx="25" cy="25" id="gal" style=" stroke:#000000; fill:#ffd400;stroke-width:2.8;" />
<ns0:circle r="25" cx="25" cy="25" id="man" style=" stroke:#000000; fill:#00a651;stroke-width:2.8;" />
<ns0:polygon points="0 50, 25 0, 50 50" rx="0" ry="0" id="fuc" style=" stroke:#000000; fill:#ed1c24;stroke-width:2.8;" />
<ns0:polygon points="39.5,50 24.5,37.5 9.5,50 14.5,32.5 0,20 19.5,20 24.5,0 29.5,20 50,20 34.5,32.5" rx="0" ry="0" id="xyl" style=" stroke:#000000; fill:#ff7f00;stroke-width:2.8;" />
<ns0:rect width="50" height="50" id="glcnac" style=" stroke:#000000; fill:#0090bc;stroke-width:2.8;" />
<ns0:rect width="50" height="50" id="galnac" style=" stroke:#000000; fill:#ffd400;stroke-width:2.8;" />
<ns0:rect width="50" height="50" id="mannac" style=" stroke:#000000; fill:#00a651;stroke-width:2.8;" />
<ns0:rect width="50" height="50" id="glcn" style=" stroke:#000000; fill: url(#half_blue);stroke-width:2.8;" />
<ns0:rect width="50" height="50" id="galn" style=" stroke:#000000; fill: url(#half_yellow);stroke-width:2.8;" />
<ns0:rect width="50" height="50" id="mann" style=" stroke:#000000; fill: url(#half_green);stroke-width:2.8;" />
<ns0:polygon points="25 0, 50 25, 25 50, 0 25" rx="0" ry="0" id="neu5ac" style=" stroke:#000000; fill:#a54399;stroke-width:2.8;" />
<ns0:polygon points="25 0, 50 25, 25 50, 0 25" rx="0" ry="0" id="neu5gc" style=" stroke:#000000; fill:#8fcce9;stroke-width:2.8;" />
<ns0:polygon points="25 0, 50 25, 25 50, 0 25" rx="0" ry="0" id="kdn" style=" stroke:#000000; fill:#00a651;stroke-width:2.8;" />
<ns0:polygon points="25 0, 50 25, 25 50, 0 25" rx="0" ry="0" id="glca" style=" stroke:#000000; fill: url(#blue_up);stroke-width:2.8;" />
<ns0:polygon points="25 0, 50 25, 25 50, 0 25" rx="0" ry="0" id="idoa" style=" stroke:#000000; fill: url(#tan_down);stroke-width:2.8;" />
<ns0:polygon points="25 0, 50 25, 25 50, 0 25" rx="0" ry="0" id="gala" style=" stroke:#000000; fill: url(#yellow_left);stroke-width:2.8;" />
<ns0:polygon points="25 0, 50 25, 25 50, 0 25" rx="0" ry="0" id="mana" style=" stroke:#000000; fill: url(#green_right);stroke-width:2.8;" />
<ns0:line x1="0" y1="0" x2="110" y2="0" style="stroke:#000000; stroke-width:2; stroke-linecap:round; stroke-dasharray:9,6;" id="alpha" />
<ns0:line x1="0" y1="0" x2="110" y2="0" style="stroke:#000000; stroke-width:2; stroke-linecap:round;" id="beta" />
<ns0:polygon points="25 0, 50 11, 50 38, 25 50, 0 38, 0 11" rx="0" ry="0" id="unk" style=" stroke:#000000; fill:#ffffff;stroke-width:4.0; " />
  </ns0:defs>

<ns0:a id="anchor" ns1:href="mmdb:///C/1460" target="_top">  <ns0:use ns1:href="#beta" x="2720" y="1015" id="" transform="rotate(180 2720 1015)"><ns0:title>[ beta 1-4 ] with phi: -75.6913; psi: -136.404;</ns0:title></ns0:use>
</ns0:a>
<ns0:a id="anchor" ns1:href="mmdb:///C/45" target="_top">  <ns0:use ns1:href="#beta" x="2800" y="1015" id="" transform="rotate(180 2800 1015)"><ns0:title>beta link. Phi: -81.5071; Psi: 178.498;</ns0:title></ns0:use>
</ns0:a>
<ns0:a id="anchor" ns1:href="mmdb:///C/45" target="_top">  <ns0:g id="glycan_root" transform="translate(2768 990)">
    <ns0:rect width="160" height="50" rx="10" ry="10" style="stroke:#000000; fill:#ffffff; stroke-width:2.0;" />
    <ns0:line x1="30" y1="0" x2="30" y2="50" style="stroke:#000000; fill:#ffffff; stroke-width:2.0;" />
    <ns0:text x="7" y="32" class="my_blue" font-weight="bold" font-family="Helvetica" font-size="24">N</ns0:text>
    <ns0:text x="92" y="32" fill="black" text-anchor="middle" font-weight="bold" font-family="Helvetica" font-size="24">ASN<ns0:tspan baseline-shift="sub" font-weight="normal" font-size="20">C/45</ns0:tspan></ns0:text>
</ns0:g>
</ns0:a>
<ns0:a id="anchor" ns1:href="mmdb:///C/1460" target="_top">  <ns0:use ns1:href="#glcnac" x="2685" y="990" id=""><ns0:title><ns0:tspan>NAG 1460 in 4c1 conformation. </ns0:tspan><ns0:tspan>Mean B-factor: 39.05. </ns0:tspan><ns0:tspan>Detected type: beta-D-aldopyranose. </ns0:tspan><ns0:tspan>No issues have been detected.</ns0:tspan></ns0:title></ns0:use>
</ns0:a>
<ns0:a id="anchor" ns1:href="mmdb:///C/1461" target="_top">  <ns0:use ns1:href="#glcnac" x="2605" y="990" id=""><ns0:title><ns0:tspan>NAG 1461 in 4c1 conformation. </ns0:tspan><ns0:tspan>Mean B-factor: 56.21. </ns0:tspan><ns0:tspan>Detected type: beta-D-aldopyranose. </ns0:tspan><ns0:tspan>No issues have been detected.</ns0:tspan></ns0:title></ns0:use>
</ns0:a>
</ns0:svg>    </svg_graphics>
    <sugar id="/C/1460(NAG)">
      <link>
        <anomericity>beta</anomericity>
        <connected_to>0</connected_to>
        <phi>-81.5071</phi>
        <psi>178.498</psi>
      </link>
      <detected_type>beta-D-aldopyranose</detected_type>
      <cremer-pople_Q>0.533513</cremer-pople_Q>
      <cremer-pople_Phi>105.477</cremer-pople_Phi>
      <cremer-pople_Theta>39.0514</cremer-pople_Theta>
      <mean_bfactor>39.0514</mean_bfactor>
      <conformation>4c1</conformation>
      <anomer>beta</anomer>
      <hand>D</hand>
      <stacked_against>
      </stacked_against>
      <validation>
        <conformation>yes</conformation>
        <anomer>yes</anomer>
        <hand>yes</hand>
        <puckering>yes</puckering>
      </validation>
    <sugar id="/C/1461(NAG)">
      <link>
        <anomericity>beta</anomericity>
        <connected_to>4</connected_to>
        <phi>-75.6913</phi>
        <psi>-136.404</psi>
      </link>
      <detected_type>beta-D-aldopyranose</detected_type>
      <cremer-pople_Q>0.536107</cremer-pople_Q>
      <cremer-pople_Phi>64.3766</cremer-pople_Phi>
      <cremer-pople_Theta>56.2136</cremer-pople_Theta>
      <mean_bfactor>56.2136</mean_bfactor>
      <conformation>4c1</conformation>
      <anomer>beta</anomer>
      <hand>D</hand>
      <stacked_against>
      </stacked_against>
      <validation>
        <conformation>yes</conformation>
        <anomer>yes</anomer>
        <hand>yes</hand>
        <puckering>yes</puckering>
      </validation>
    </sugar>
    </sugar>
  </glycan>
  <glycan type="n-glycan" root="/C/162(ASN)" chain="C">
    <svg_graphics>
<ns0:svg version="1.1" width="402" height="273" viewBox="2355 820 575 390 " preserveAspectRatio="xMinYMinXMaxYMax meet">

  <ns0:style>
    .my_blue   { fill:#0090bc; }
    .my_red    { fill:#ed1c24; }
    .my_yellow { fill:#ffd400; }
  </ns0:style>
  <ns0:defs>
      <ns0:filter id="displace">
        <ns0:feTurbulence baseFrequency=".05" numOctaves="3" result="myturbulence" />
        <ns0:feDisplacementMap in="SourceGraphic" in2="myturbulence" scale="10" />
      </ns0:filter>

      <ns0:pattern id="half_yellow" x="0" y="0" width="50" height="50" patternUnits="userSpaceOnUse">
        <ns0:rect width="50" height="50" x="0" y="0" style="stroke:none; fill:#ffd400;" />
        <ns0:polygon points="0 0, 0 50, 50 50" rx="0" ry="0" style="stroke:#000000; stroke-width:1.5; fill:#ffffff;" />
      </ns0:pattern>
      <ns0:pattern id="half_blue" x="0" y="0" width="50" height="50" patternUnits="userSpaceOnUse">
        <ns0:rect width="50" height="50" x="0" y="0" style="stroke:none; fill:#0090bc;" />
        <ns0:polygon points="0 0, 0 50, 50 50" rx="0" ry="0" style="stroke:#000000; stroke-width:1.5; fill:#ffffff;" />
      </ns0:pattern>
      <ns0:pattern id="half_green" x="0" y="0" width="50" height="50" patternUnits="userSpaceOnUse">
        <ns0:rect width="50" height="50" x="0" y="0" style="stroke:none; fill:#00a651;" />
        <ns0:polygon points="0 0, 0 50, 50 50" rx="0" ry="0" style="stroke:#000000; stroke-width:1.5; fill:#ffffff;" />
      </ns0:pattern>
      <ns0:pattern id="yellow_left" x="0" y="0" width="50" height="50" patternUnits="userSpaceOnUse">
        <ns0:polygon points="25 0, 50 25, 25 50, 0 25" style="stroke:none; fill:#ffd400;" />
        <ns0:polygon points="25 0, 25 50, 0 25" rx="0" ry="0" style="stroke:#000000; stroke-width:1.5; fill:#ffffff;" />
      </ns0:pattern>
      <ns0:pattern id="blue_up" x="0" y="0" width="50" height="50" patternUnits="userSpaceOnUse">
        <ns0:polygon points="25 0, 50 25, 25 50, 0 25" style="stroke:none; fill:#0090bc;" />
        <ns0:polygon points="0 25, 50 25, 25 50" rx="0" ry="0" style="stroke:#000000; stroke-width:1.5; fill:#ffffff;" />
      </ns0:pattern>
      <ns0:pattern id="green_right" x="0" y="0" width="50" height="50" patternUnits="userSpaceOnUse">
        <ns0:polygon points="25 0, 50 25, 25 50, 0 25" style="stroke:none; fill:#00a651;" />
        <ns0:polygon points="0 25, 25 50, 25 0" rx="0" ry="0" style="stroke:#000000; stroke-width:1.5; fill:#ffffff;" />
      </ns0:pattern>
      <ns0:pattern id="tan_down" x="0" y="0" width="50" height="50" patternUnits="userSpaceOnUse">
        <ns0:polygon points="25 0, 50 25, 25 50, 0 25" style="stroke:none; fill:#966432;" />
        <ns0:polygon points="0 25, 50 25, 25 0" rx="0" ry="0" style="stroke:#000000; stroke-width:1.5; fill:#ffffff;" />
      </ns0:pattern>
<ns0:circle r="25" cx="25" cy="25" id="glc" style=" stroke:#000000; fill:#0090bc;stroke-width:2.8;" />
<ns0:circle r="25" cx="25" cy="25" id="gal" style=" stroke:#000000; fill:#ffd400;stroke-width:2.8;" />
<ns0:circle r="25" cx="25" cy="25" id="man" style=" stroke:#000000; fill:#00a651;stroke-width:2.8;" />
<ns0:polygon points="0 50, 25 0, 50 50" rx="0" ry="0" id="fuc" style=" stroke:#000000; fill:#ed1c24;stroke-width:2.8;" />
<ns0:polygon points="39.5,50 24.5,37.5 9.5,50 14.5,32.5 0,20 19.5,20 24.5,0 29.5,20 50,20 34.5,32.5" rx="0" ry="0" id="xyl" style=" stroke:#000000; fill:#ff7f00;stroke-width:2.8;" />
<ns0:rect width="50" height="50" id="glcnac" style=" stroke:#000000; fill:#0090bc;stroke-width:2.8;" />
<ns0:rect width="50" height="50" id="galnac" style=" stroke:#000000; fill:#ffd400;stroke-width:2.8;" />
<ns0:rect width="50" height="50" id="mannac" style=" stroke:#000000; fill:#00a651;stroke-width:2.8;" />
<ns0:rect width="50" height="50" id="glcn" style=" stroke:#000000; fill: url(#half_blue);stroke-width:2.8;" />
<ns0:rect width="50" height="50" id="galn" style=" stroke:#000000; fill: url(#half_yellow);stroke-width:2.8;" />
<ns0:rect width="50" height="50" id="mann" style=" stroke:#000000; fill: url(#half_green);stroke-width:2.8;" />
<ns0:polygon points="25 0, 50 25, 25 50, 0 25" rx="0" ry="0" id="neu5ac" style=" stroke:#000000; fill:#a54399;stroke-width:2.8;" />
<ns0:polygon points="25 0, 50 25, 25 50, 0 25" rx="0" ry="0" id="neu5gc" style=" stroke:#000000; fill:#8fcce9;stroke-width:2.8;" />
<ns0:polygon points="25 0, 50 25, 25 50, 0 25" rx="0" ry="0" id="kdn" style=" stroke:#000000; fill:#00a651;stroke-width:2.8;" />
<ns0:polygon points="25 0, 50 25, 25 50, 0 25" rx="0" ry="0" id="glca" style=" stroke:#000000; fill: url(#blue_up);stroke-width:2.8;" />
<ns0:polygon points="25 0, 50 25, 25 50, 0 25" rx="0" ry="0" id="idoa" style=" stroke:#000000; fill: url(#tan_down);stroke-width:2.8;" />
<ns0:polygon points="25 0, 50 25, 25 50, 0 25" rx="0" ry="0" id="gala" style=" stroke:#000000; fill: url(#yellow_left);stroke-width:2.8;" />
<ns0:polygon points="25 0, 50 25, 25 50, 0 25" rx="0" ry="0" id="mana" style=" stroke:#000000; fill: url(#green_right);stroke-width:2.8;" />
<ns0:line x1="0" y1="0" x2="110" y2="0" style="stroke:#000000; stroke-width:2; stroke-linecap:round; stroke-dasharray:9,6;" id="alpha" />
<ns0:line x1="0" y1="0" x2="110" y2="0" style="stroke:#000000; stroke-width:2; stroke-linecap:round;" id="beta" />
<ns0:polygon points="25 0, 50 11, 50 38, 25 50, 0 38, 0 11" rx="0" ry="0" id="unk" style=" stroke:#000000; fill:#ffffff;stroke-width:4.0; " />
  </ns0:defs>

<ns0:a id="anchor" ns1:href="mmdb:///C/1475" target="_top">  <ns0:use ns1:href="#beta" x="2470" y="935" id="" transform="rotate(-135 2470 935)"><ns0:title>[ beta 1-6 ] with phi: -23.4245; psi: -125.251; omega: -0;</ns0:title></ns0:use>
</ns0:a>
<ns0:a id="anchor" ns1:href="mmdb:///C/1475" target="_top">  <ns0:use ns1:href="#beta" x="2470" y="935" id="" transform="rotate(-225 2470 935)"><ns0:title>[ beta 1-3 ] with phi: -110.479; psi: 138.531;</ns0:title></ns0:use>
</ns0:a>
<ns0:a id="anchor" ns1:href="mmdb:///C/1470" target="_top">  <ns0:use ns1:href="#beta" x="2550" y="1015" id="" transform="rotate(-135 2550 1015)"><ns0:title>[ beta 1-6 ] with phi: -175.481; psi: 103.532; omega: 0;</ns0:title></ns0:use>
</ns0:a>
<ns0:a id="anchor" ns1:href="mmdb:///C/1471" target="_top">  <ns0:use ns1:href="#alpha" x="2470" y="1085" id="" transform="rotate(90 2470 1085)"><ns0:title>[ alpha 1-2 ] with phi: 114.599; psi: 132.447;</ns0:title></ns0:use>
</ns0:a>
<ns0:a id="anchor" ns1:href="mmdb:///C/1470" target="_top">  <ns0:use ns1:href="#beta" x="2550" y="1015" id="" transform="rotate(-225 2550 1015)"><ns0:title>[ beta 1-3 ] with phi: -33.3336; psi: -157.444;</ns0:title></ns0:use>
</ns0:a>
<ns0:a id="anchor" ns1:href="mmdb:///C/1447" target="_top">  <ns0:use ns1:href="#beta" x="2640" y="1015" id="" transform="rotate(180 2640 1015)"><ns0:title>[ beta 1-4 ] with phi: -67.1185; psi: -126.692;</ns0:title></ns0:use>
</ns0:a>
<ns0:a id="anchor" ns1:href="mmdb:///C/1445" target="_top">  <ns0:use ns1:href="#beta" x="2720" y="1015" id="" transform="rotate(180 2720 1015)"><ns0:title>[ beta 1-4 ] with phi: -74.7469; psi: -131.05;</ns0:title></ns0:use>
</ns0:a>
<ns0:a id="anchor" ns1:href="mmdb:///C/162" target="_top">  <ns0:use ns1:href="#beta" x="2800" y="1015" id="" transform="rotate(180 2800 1015)"><ns0:title>beta link. Phi: -85.4246; Psi: 177.792;</ns0:title></ns0:use>
</ns0:a>
<ns0:a id="anchor" ns1:href="mmdb:///C/162" target="_top">  <ns0:g id="glycan_root" transform="translate(2768 990)">
    <ns0:rect width="160" height="50" rx="10" ry="10" style="stroke:#000000; fill:#ffffff; stroke-width:2.0;" />
    <ns0:line x1="30" y1="0" x2="30" y2="50" style="stroke:#000000; fill:#ffffff; stroke-width:2.0;" />
    <ns0:text x="7" y="32" class="my_blue" font-weight="bold" font-family="Helvetica" font-size="24">N</ns0:text>
    <ns0:text x="92" y="32" fill="black" text-anchor="middle" font-weight="bold" font-family="Helvetica" font-size="24">ASN<ns0:tspan baseline-shift="sub" font-weight="normal" font-size="20">C/162</ns0:tspan></ns0:text>
</ns0:g>
</ns0:a>
<ns0:a id="anchor" ns1:href="mmdb:///C/1445" target="_top">  <ns0:use ns1:href="#glcnac" x="2685" y="990" id=""><ns0:title><ns0:tspan>NAG 1445 in ev5 conformation. </ns0:tspan><ns0:tspan>Mean B-factor: 31.88. </ns0:tspan><ns0:tspan>Detected type: beta-D-aldopyranose. </ns0:tspan>Detected issues: <ns0:tspan>The sugar is in a high-energy conformation; </ns0:tspan></ns0:title></ns0:use>
</ns0:a>
<ns0:a id="anchor" ns1:href="mmdb:///C/1447" target="_top">  <ns0:use ns1:href="#glcnac" x="2605" y="990" id=""><ns0:title><ns0:tspan>NAG 1447 in 4c1 conformation. </ns0:tspan><ns0:tspan>Mean B-factor: 32.71. </ns0:tspan><ns0:tspan>Detected type: beta-D-aldopyranose. </ns0:tspan><ns0:tspan>No issues have been detected.</ns0:tspan></ns0:title></ns0:use>
</ns0:a>
<ns0:a id="anchor" ns1:href="mmdb:///C/1470" target="_top">  <ns0:use ns1:href="#man" x="2525" y="990" id=""><ns0:title><ns0:tspan>BMA 1470 in 4c1 conformation. </ns0:tspan><ns0:tspan>Mean B-factor: 45.47. </ns0:tspan><ns0:tspan>Detected type: beta-D-aldopyranose. </ns0:tspan><ns0:tspan>No issues have been detected.</ns0:tspan></ns0:title></ns0:use>
</ns0:a>
<ns0:a id="anchor" ns1:href="mmdb:///C/1471" target="_top">  <ns0:use ns1:href="#man" x="2445" y="1070" id=""><ns0:title><ns0:tspan>MAN 1471 in ev1 conformation. </ns0:tspan><ns0:tspan>Mean B-factor: 50.64. </ns0:tspan><ns0:tspan>Detected type: beta-D-aldopyranose. </ns0:tspan>Detected issues: <ns0:tspan>Anomer mismatch; </ns0:tspan><ns0:tspan>The sugar is in a high-energy conformation; </ns0:tspan></ns0:title></ns0:use>
</ns0:a>
<ns0:a id="anchor" ns1:href="mmdb:///C/1472" target="_top">  <ns0:use ns1:href="#man" x="2445" y="1150" id=""><ns0:title><ns0:tspan>MAN 1472 in 4c1 conformation. </ns0:tspan><ns0:tspan>Mean B-factor: 54.66. </ns0:tspan><ns0:tspan>Detected type: alpha-D-aldopyranose. </ns0:tspan><ns0:tspan>No issues have been detected.</ns0:tspan></ns0:title></ns0:use>
</ns0:a>
<ns0:a id="anchor" ns1:href="mmdb:///C/1475" target="_top">  <ns0:use ns1:href="#man" x="2445" y="910" id=""><ns0:title><ns0:tspan>MAN 1475 in 4c1 conformation. </ns0:tspan><ns0:tspan>Mean B-factor: 73.39. </ns0:tspan><ns0:tspan>Detected type: beta-D-aldopyranose. </ns0:tspan>Detected issues: <ns0:tspan>Anomer mismatch; </ns0:tspan></ns0:title></ns0:use>
</ns0:a>
<ns0:a id="anchor" ns1:href="mmdb:///C/1476" target="_top">  <ns0:use ns1:href="#man" x="2365" y="990" id=""><ns0:title><ns0:tspan>MAN 1476 in 1s3 conformation. </ns0:tspan><ns0:tspan>Mean B-factor: 79.64. </ns0:tspan><ns0:tspan>Detected type: beta-D-aldopyranose. </ns0:tspan>Detected issues: <ns0:tspan>Anomer mismatch; </ns0:tspan><ns0:tspan>The sugar is in a high-energy conformation; </ns0:tspan></ns0:title></ns0:use>
</ns0:a>
<ns0:a id="anchor" ns1:href="mmdb:///C/1477" target="_top">  <ns0:use ns1:href="#man" x="2365" y="830" id=""><ns0:title><ns0:tspan>MAN 1477 in 4c1 conformation. </ns0:tspan><ns0:tspan>Mean B-factor: 88.10. </ns0:tspan><ns0:tspan>Detected type: beta-D-aldopyranose. </ns0:tspan>Detected issues: <ns0:tspan>Anomer mismatch; </ns0:tspan></ns0:title></ns0:use>
</ns0:a>
</ns0:svg>    </svg_graphics>
    <sugar id="/C/1445(NAG)">
      <link>
        <anomericity>beta</anomericity>
        <connected_to>0</connected_to>
        <phi>-85.4246</phi>
        <psi>177.792</psi>
      </link>
      <detected_type>beta-D-aldopyranose</detected_type>
      <cremer-pople_Q>0.545656</cremer-pople_Q>
      <cremer-pople_Phi>285.702</cremer-pople_Phi>
      <cremer-pople_Theta>31.8779</cremer-pople_Theta>
      <mean_bfactor>31.8779</mean_bfactor>
      <conformation>ev5</conformation>
      <anomer>beta</anomer>
      <hand>D</hand>
      <stacked_against>
      </stacked_against>
      <validation>
        <conformation>no</conformation>
        <anomer>yes</anomer>
        <hand>yes</hand>
        <puckering>yes</puckering>
      </validation>
    <sugar id="/C/1447(NAG)">
      <link>
        <anomericity>beta</anomericity>
        <connected_to>4</connected_to>
        <phi>-74.7469</phi>
        <psi>-131.05</psi>
      </link>
      <detected_type>beta-D-aldopyranose</detected_type>
      <cremer-pople_Q>0.555679</cremer-pople_Q>
      <cremer-pople_Phi>339.245</cremer-pople_Phi>
      <cremer-pople_Theta>32.71</cremer-pople_Theta>
      <mean_bfactor>32.71</mean_bfactor>
      <conformation>4c1</conformation>
      <anomer>beta</anomer>
      <hand>D</hand>
      <stacked_against>
      </stacked_against>
      <validation>
        <conformation>yes</conformation>
        <anomer>yes</anomer>
        <hand>yes</hand>
        <puckering>yes</puckering>
      </validation>
    <sugar id="/C/1470(BMA)">
      <link>
        <anomericity>beta</anomericity>
        <connected_to>4</connected_to>
        <phi>-67.1185</phi>
        <psi>-126.692</psi>
      </link>
      <detected_type>beta-D-aldopyranose</detected_type>
      <cremer-pople_Q>0.530763</cremer-pople_Q>
      <cremer-pople_Phi>102.051</cremer-pople_Phi>
      <cremer-pople_Theta>45.4736</cremer-pople_Theta>
      <mean_bfactor>45.4736</mean_bfactor>
      <conformation>4c1</conformation>
      <anomer>beta</anomer>
      <hand>D</hand>
      <stacked_against>
      </stacked_against>
      <validation>
        <conformation>yes</conformation>
        <anomer>yes</anomer>
        <hand>yes</hand>
        <puckering>yes</puckering>
      </validation>
    <sugar id="/C/1471(MAN)">
      <link>
        <anomericity>beta</anomericity>
        <connected_to>3</connected_to>
        <phi>-33.3336</phi>
        <psi>-157.444</psi>
      </link>
      <detected_type>beta-D-aldopyranose</detected_type>
      <cremer-pople_Q>0.661121</cremer-pople_Q>
      <cremer-pople_Phi>67.7796</cremer-pople_Phi>
      <cremer-pople_Theta>50.6391</cremer-pople_Theta>
      <mean_bfactor>50.6391</mean_bfactor>
      <conformation>ev1</conformation>
      <anomer>beta</anomer>
      <hand>D</hand>
      <stacked_against>
      </stacked_against>
      <validation>
        <conformation>no</conformation>
        <anomer>no</anomer>
        <hand>yes</hand>
        <puckering>yes</puckering>
      </validation>
    <sugar id="/C/1472(MAN)">
      <link>
        <anomericity>alpha</anomericity>
        <connected_to>2</connected_to>
        <phi>114.599</phi>
        <psi>132.447</psi>
      </link>
      <detected_type>alpha-D-aldopyranose</detected_type>
      <cremer-pople_Q>0.541291</cremer-pople_Q>
      <cremer-pople_Phi>76.9548</cremer-pople_Phi>
      <cremer-pople_Theta>54.6555</cremer-pople_Theta>
      <mean_bfactor>54.6555</mean_bfactor>
      <conformation>4c1</conformation>
      <anomer>alpha</anomer>
      <hand>D</hand>
      <stacked_against>
      </stacked_against>
      <validation>
        <conformation>yes</conformation>
        <anomer>yes</anomer>
        <hand>yes</hand>
        <puckering>yes</puckering>
      </validation>
    </sugar>
    </sugar>
    <sugar id="/C/1475(MAN)">
      <link>
        <anomericity>beta</anomericity>
        <connected_to>6</connected_to>
        <phi>-175.481</phi>
        <psi>103.532</psi>
        <omega>0</omega>
      </link>
      <detected_type>beta-D-aldopyranose</detected_type>
      <cremer-pople_Q>0.618547</cremer-pople_Q>
      <cremer-pople_Phi>336.226</cremer-pople_Phi>
      <cremer-pople_Theta>73.3909</cremer-pople_Theta>
      <mean_bfactor>73.3909</mean_bfactor>
      <conformation>4c1</conformation>
      <anomer>beta</anomer>
      <hand>D</hand>
      <stacked_against>
      </stacked_against>
      <validation>
        <conformation>yes</conformation>
        <anomer>no</anomer>
        <hand>yes</hand>
        <puckering>yes</puckering>
      </validation>
    <sugar id="/C/1476(MAN)">
      <link>
        <anomericity>beta</anomericity>
        <connected_to>3</connected_to>
        <phi>-110.479</phi>
        <psi>138.531</psi>
      </link>
      <detected_type>beta-D-aldopyranose</detected_type>
      <cremer-pople_Q>0.682445</cremer-pople_Q>
      <cremer-pople_Phi>224.304</cremer-pople_Phi>
      <cremer-pople_Theta>79.6427</cremer-pople_Theta>
      <mean_bfactor>79.6427</mean_bfactor>
      <conformation>1s3</conformation>
      <anomer>beta</anomer>
      <hand>D</hand>
      <stacked_against>
      </stacked_against>
      <validation>
        <conformation>no</conformation>
        <anomer>no</anomer>
        <hand>yes</hand>
        <puckering>yes</puckering>
      </validation>
    </sugar>
    <sugar id="/C/1477(MAN)">
      <link>
        <anomericity>beta</anomericity>
        <connected_to>6</connected_to>
        <phi>-23.4245</phi>
        <psi>-125.251</psi>
        <omega>-0</omega>
      </link>
      <detected_type>beta-D-aldopyranose</detected_type>
      <cremer-pople_Q>0.535771</cremer-pople_Q>
      <cremer-pople_Phi>10.6282</cremer-pople_Phi>
      <cremer-pople_Theta>88.1</cremer-pople_Theta>
      <mean_bfactor>88.1</mean_bfactor>
      <conformation>4c1</conformation>
      <anomer>beta</anomer>
      <hand>D</hand>
      <stacked_against>
      </stacked_against>
      <validation>
        <conformation>yes</conformation>
        <anomer>no</anomer>
        <hand>yes</hand>
        <puckering>yes</puckering>
      </validation>
    </sugar>
    </sugar>
    </sugar>
    </sugar>
    </sugar>
  </glycan>
</privateer>