<privateer xmlns:ns0="http://www.w3.org/2000/svg" xmlns:ns1="http://www.w3.org/1999/xlink">
  <glycan type="n-glycan" root="/A/297(ASN)" chain="A">
    <svg_graphics>
<ns0:svg version="1.1" width="458" height="217" viewBox="2275 900 655 310 " preserveAspectRatio="xMinYMinXMaxYMax meet">

  <ns0:style>
    .my_blue   { fill:#0090bc; }
    .my_red    { fill:#ed1c24; }
    .my_yellow { fill:#ffd400; }
  </ns0:style>
  <ns0:defs>
      <ns0:filter id="displace">
        <ns0:feTurbulence baseFrequency=".05" numOctaves="3" result="myturbulence" />
        <ns0:feDisplacementMap in="SourceGraphic" in2="myturbulence" scale="10" />
      </ns0:filter>

      <ns0:pattern id="half_yellow" x="0" y="0" width="50" height="50" patternUnits="userSpaceOnUse">
        <ns0:rect width="50" height="50" x="0" y="0" style="stroke:none; fill:#ffd400;" />
        <ns0:polygon points="0 0, 0 50, 50 50" rx="0" ry="0" style="stroke:#000000; stroke-width:1.5; fill:#ffffff;" />
      </ns0:pattern>
      <ns0:pattern id="half_blue" x="0" y="0" width="50" height="50" patternUnits="userSpaceOnUse">
        <ns0:rect width="50" height="50" x="0" y="0" style="stroke:none; fill:#0090bc;" />
        <ns0:polygon points="0 0, 0 50, 50 50" rx="0" ry="0" style="stroke:#000000; stroke-width:1.5; fill:#ffffff;" />
      </ns0:pattern>
      <ns0:pattern id="half_green" x="0" y="0" width="50" height="50" patternUnits="userSpaceOnUse">
        <ns0:rect width="50" height="50" x="0" y="0" style="stroke:none; fill:#00a651;" />
        <ns0:polygon points="0 0, 0 50, 50 50" rx="0" ry="0" style="stroke:#000000; stroke-width:1.5; fill:#ffffff;" />
      </ns0:pattern>
      <ns0:pattern id="yellow_left" x="0" y="0" width="50" height="50" patternUnits="userSpaceOnUse">
        <ns0:polygon points="25 0, 50 25, 25 50, 0 25" style="stroke:none; fill:#ffd400;" />
        <ns0:polygon points="25 0, 25 50, 0 25" rx="0" ry="0" style="stroke:#000000; stroke-width:1.5; fill:#ffffff;" />
      </ns0:pattern>
      <ns0:pattern id="blue_up" x="0" y="0" width="50" height="50" patternUnits="userSpaceOnUse">
        <ns0:polygon points="25 0, 50 25, 25 50, 0 25" style="stroke:none; fill:#0090bc;" />
        <ns0:polygon points="0 25, 50 25, 25 50" rx="0" ry="0" style="stroke:#000000; stroke-width:1.5; fill:#ffffff;" />
      </ns0:pattern>
      <ns0:pattern id="green_right" x="0" y="0" width="50" height="50" patternUnits="userSpaceOnUse">
        <ns0:polygon points="25 0, 50 25, 25 50, 0 25" style="stroke:none; fill:#00a651;" />
        <ns0:polygon points="0 25, 25 50, 25 0" rx="0" ry="0" style="stroke:#000000; stroke-width:1.5; fill:#ffffff;" />
      </ns0:pattern>
      <ns0:pattern id="tan_down" x="0" y="0" width="50" height="50" patternUnits="userSpaceOnUse">
        <ns0:polygon points="25 0, 50 25, 25 50, 0 25" style="stroke:none; fill:#966432;" />
        <ns0:polygon points="0 25, 50 25, 25 0" rx="0" ry="0" style="stroke:#000000; stroke-width:1.5; fill:#ffffff;" />
      </ns0:pattern>
<ns0:circle r="25" cx="25" cy="25" id="glc" style=" stroke:#000000; fill:#0090bc;stroke-width:2.8;" />
<ns0:circle r="25" cx="25" cy="25" id="gal" style=" stroke:#000000; fill:#ffd400;stroke-width:2.8;" />
<ns0:circle r="25" cx="25" cy="25" id="man" style=" stroke:#000000; fill:#00a651;stroke-width:2.8;" />
<ns0:polygon points="0 50, 25 0, 50 50" rx="0" ry="0" id="fuc" style=" stroke:#000000; fill:#ed1c24;stroke-width:2.8;" />
<ns0:polygon points="39.5,50 24.5,37.5 9.5,50 14.5,32.5 0,20 19.5,20 24.5,0 29.5,20 50,20 34.5,32.5" rx="0" ry="0" id="xyl" style=" stroke:#000000; fill:#ff7f00;stroke-width:2.8;" />
<ns0:rect width="50" height="50" id="glcnac" style=" stroke:#000000; fill:#0090bc;stroke-width:2.8;" />
<ns0:rect width="50" height="50" id="galnac" style=" stroke:#000000; fill:#ffd400;stroke-width:2.8;" />
<ns0:rect width="50" height="50" id="mannac" style=" stroke:#000000; fill:#00a651;stroke-width:2.8;" />
<ns0:rect width="50" height="50" id="glcn" style=" stroke:#000000; fill: url(#half_blue);stroke-width:2.8;" />
<ns0:rect width="50" height="50" id="galn" style=" stroke:#000000; fill: url(#half_yellow);stroke-width:2.8;" />
<ns0:rect width="50" height="50" id="mann" style=" stroke:#000000; fill: url(#half_green);stroke-width:2.8;" />
<ns0:polygon points="25 0, 50 25, 25 50, 0 25" rx="0" ry="0" id="neu5ac" style=" stroke:#000000; fill:#a54399;stroke-width:2.8;" />
<ns0:polygon points="25 0, 50 25, 25 50, 0 25" rx="0" ry="0" id="neu5gc" style=" stroke:#000000; fill:#8fcce9;stroke-width:2.8;" />
<ns0:polygon points="25 0, 50 25, 25 50, 0 25" rx="0" ry="0" id="kdn" style=" stroke:#000000; fill:#00a651;stroke-width:2.8;" />
<ns0:polygon points="25 0, 50 25, 25 50, 0 25" rx="0" ry="0" id="glca" style=" stroke:#000000; fill: url(#blue_up);stroke-width:2.8;" />
<ns0:polygon points="25 0, 50 25, 25 50, 0 25" rx="0" ry="0" id="idoa" style=" stroke:#000000; fill: url(#tan_down);stroke-width:2.8;" />
<ns0:polygon points="25 0, 50 25, 25 50, 0 25" rx="0" ry="0" id="gala" style=" stroke:#000000; fill: url(#yellow_left);stroke-width:2.8;" />
<ns0:polygon points="25 0, 50 25, 25 50, 0 25" rx="0" ry="0" id="mana" style=" stroke:#000000; fill: url(#green_right);stroke-width:2.8;" />
<ns0:line x1="0" y1="0" x2="110" y2="0" style="stroke:#000000; stroke-width:2; stroke-linecap:round; stroke-dasharray:9,6;" id="alpha" />
<ns0:line x1="0" y1="0" x2="110" y2="0" style="stroke:#000000; stroke-width:2; stroke-linecap:round;" id="beta" />
<ns0:polygon points="25 0, 50 11, 50 38, 25 50, 0 38, 0 11" rx="0" ry="0" id="unk" style=" stroke:#000000; fill:#ffffff;stroke-width:4.0; " />
  </ns0:defs>

<ns0:a id="anchor" ns1:href="mmdb:///A/1445" target="_top">  <ns0:use ns1:href="#alpha" x="2710" y="1015" id="" transform="rotate(-135 2710 1015)"><ns0:title>[ alpha 1-6 ] with phi: -91.9277; psi: 179.826; omega: 0;</ns0:title></ns0:use>
</ns0:a>
<ns0:a id="anchor" ns1:href="mmdb:///A/1452" target="_top">  <ns0:use ns1:href="#alpha" x="2390" y="1015" id="" transform="rotate(-135 2390 1015)"><ns0:title>[ alpha 2-6 ] with phi: 68.9767; psi: -161.887; omega: 180;</ns0:title></ns0:use>
</ns0:a>
<ns0:a id="anchor" ns1:href="mmdb:///A/1451" target="_top">  <ns0:use ns1:href="#beta" x="2480" y="1015" id="" transform="rotate(180 2480 1015)"><ns0:title>[ beta 1-4 ] with phi: -48.8881; psi: -118.14;</ns0:title></ns0:use>
</ns0:a>
<ns0:a id="anchor" ns1:href="mmdb:///A/1450" target="_top">  <ns0:use ns1:href="#beta" x="2470" y="925" id="" transform="rotate(90 2470 925)"><ns0:title>[ beta 1-2 ] with phi: -85.86; psi: 148.875;</ns0:title></ns0:use>
</ns0:a>
<ns0:a id="anchor" ns1:href="mmdb:///A/1447" target="_top">  <ns0:use ns1:href="#alpha" x="2550" y="1015" id="" transform="rotate(-135 2550 1015)"><ns0:title>[ alpha 1-6 ] with phi: 99.7943; psi: 155.495; omega: 180;</ns0:title></ns0:use>
</ns0:a>
<ns0:a id="anchor" ns1:href="mmdb:///A/1448" target="_top">  <ns0:use ns1:href="#beta" x="2470" y="1085" id="" transform="rotate(90 2470 1085)"><ns0:title>[ beta 1-2 ] with phi: -85.4336; psi: 154.767;</ns0:title></ns0:use>
</ns0:a>
<ns0:a id="anchor" ns1:href="mmdb:///A/1447" target="_top">  <ns0:use ns1:href="#alpha" x="2550" y="1015" id="" transform="rotate(-225 2550 1015)"><ns0:title>[ alpha 1-3 ] with phi: 72.5046; psi: 111.617;</ns0:title></ns0:use>
</ns0:a>
<ns0:a id="anchor" ns1:href="mmdb:///A/1446" target="_top">  <ns0:use ns1:href="#beta" x="2640" y="1015" id="" transform="rotate(180 2640 1015)"><ns0:title>[ beta 1-4 ] with phi: -74.2549; psi: -162.866;</ns0:title></ns0:use>
</ns0:a>
<ns0:a id="anchor" ns1:href="mmdb:///A/1445" target="_top">  <ns0:use ns1:href="#beta" x="2720" y="1015" id="" transform="rotate(180 2720 1015)"><ns0:title>[ beta 1-4 ] with phi: -88.3235; psi: -161.58;</ns0:title></ns0:use>
</ns0:a>
<ns0:a id="anchor" ns1:href="mmdb:///A/297" target="_top">  <ns0:use ns1:href="#beta" x="2800" y="1015" id="" transform="rotate(180 2800 1015)"><ns0:title>beta link. Phi: -105.905; Psi: 177.404;</ns0:title></ns0:use>
</ns0:a>
<ns0:a id="anchor" ns1:href="mmdb:///A/297" target="_top">  <ns0:g id="glycan_root" transform="translate(2768 990)">
    <ns0:rect width="160" height="50" rx="10" ry="10" style="stroke:#000000; fill:#ffffff; stroke-width:2.0;" />
    <ns0:line x1="30" y1="0" x2="30" y2="50" style="stroke:#000000; fill:#ffffff; stroke-width:2.0;" />
    <ns0:text x="7" y="32" class="my_blue" font-weight="bold" font-family="Helvetica" font-size="24">N</ns0:text>
    <ns0:text x="92" y="32" fill="black" text-anchor="middle" font-weight="bold" font-family="Helvetica" font-size="24">ASN<ns0:tspan baseline-shift="sub" font-weight="normal" font-size="20">A/297</ns0:tspan></ns0:text>
</ns0:g>
</ns0:a>
<ns0:a id="anchor" ns1:href="mmdb:///A/1445" target="_top">  <ns0:use ns1:href="#glcnac" x="2685" y="990" id=""><ns0:title><ns0:tspan>NAG 1445 in 4c1 conformation. </ns0:tspan><ns0:tspan>Mean B-factor: 92.21. </ns0:tspan><ns0:tspan>Detected type: beta-D-aldopyranose. </ns0:tspan><ns0:tspan>No issues have been detected.</ns0:tspan></ns0:title></ns0:use>
</ns0:a>
<ns0:a id="anchor" ns1:href="mmdb:///A/1446" target="_top">  <ns0:use ns1:href="#glcnac" x="2605" y="990" id=""><ns0:title><ns0:tspan>NAG 1446 in 4c1 conformation. </ns0:tspan><ns0:tspan>Mean B-factor: 81.59. </ns0:tspan><ns0:tspan>Detected type: beta-D-aldopyranose. </ns0:tspan><ns0:tspan>No issues have been detected.</ns0:tspan></ns0:title></ns0:use>
</ns0:a>
<ns0:a id="anchor" ns1:href="mmdb:///A/1447" target="_top">  <ns0:use ns1:href="#man" x="2525" y="990" id=""><ns0:title><ns0:tspan>BMA 1447 in 4c1 conformation. </ns0:tspan><ns0:tspan>Mean B-factor: 70.25. </ns0:tspan><ns0:tspan>Detected type: beta-D-aldopyranose. </ns0:tspan><ns0:tspan>No issues have been detected.</ns0:tspan></ns0:title></ns0:use>
</ns0:a>
<ns0:a id="anchor" ns1:href="mmdb:///A/1448" target="_top">  <ns0:use ns1:href="#man" x="2445" y="1070" id=""><ns0:title><ns0:tspan>MAN 1448 in 4c1 conformation. </ns0:tspan><ns0:tspan>Mean B-factor: 90.67. </ns0:tspan><ns0:tspan>Detected type: alpha-D-aldopyranose. </ns0:tspan><ns0:tspan>No issues have been detected.</ns0:tspan></ns0:title></ns0:use>
</ns0:a>
<ns0:a id="anchor" ns1:href="mmdb:///A/1449" target="_top">  <ns0:use ns1:href="#glcnac" x="2445" y="1150" id=""><ns0:title><ns0:tspan>NAG 1449 in 4c1 conformation. </ns0:tspan><ns0:tspan>Mean B-factor: 128.77. </ns0:tspan><ns0:tspan>Detected type: beta-D-aldopyranose. </ns0:tspan><ns0:tspan>No issues have been detected.</ns0:tspan></ns0:title></ns0:use>
</ns0:a>
<ns0:a id="anchor" ns1:href="mmdb:///A/1450" target="_top">  <ns0:use ns1:href="#man" x="2445" y="910" id=""><ns0:title><ns0:tspan>MAN 1450 in 4c1 conformation. </ns0:tspan><ns0:tspan>Mean B-factor: 79.81. </ns0:tspan><ns0:tspan>Detected type: alpha-D-aldopyranose. </ns0:tspan><ns0:tspan>No issues have been detected.</ns0:tspan></ns0:title></ns0:use>
</ns0:a>
<ns0:a id="anchor" ns1:href="mmdb:///A/1451" target="_top">  <ns0:use ns1:href="#glcnac" x="2445" y="990" id=""><ns0:title><ns0:tspan>NAG 1451 in 4c1 conformation. </ns0:tspan><ns0:tspan>Mean B-factor: 70.66. </ns0:tspan><ns0:tspan>Detected type: beta-D-aldopyranose. </ns0:tspan><ns0:tspan>No issues have been detected.</ns0:tspan></ns0:title></ns0:use>
</ns0:a>
<ns0:a id="anchor" ns1:href="mmdb:///A/1452" target="_top">  <ns0:use ns1:href="#gal" x="2365" y="990" id=""><ns0:title><ns0:tspan>GAL 1452 in 4c1 conformation. </ns0:tspan><ns0:tspan>Mean B-factor: 66.65. </ns0:tspan><ns0:tspan>Detected type: beta-D-aldopyranose. </ns0:tspan><ns0:tspan>No issues have been detected.</ns0:tspan></ns0:title></ns0:use>
</ns0:a>
<ns0:a id="anchor" ns1:href="mmdb:///A/1453" target="_top">  <ns0:use ns1:href="#neu5ac" x="2285" y="910" id=""><ns0:title><ns0:tspan>SIA 1453 in 1ev conformation. </ns0:tspan><ns0:tspan>Mean B-factor: 131.50. </ns0:tspan><ns0:tspan>Detected type: alpha-L-ketopyranose. </ns0:tspan>Detected issues: <ns0:tspan>The sugar is in a high-energy conformation; </ns0:tspan></ns0:title></ns0:use>
</ns0:a>
<ns0:a id="anchor" ns1:href="mmdb:///A/1454" target="_top">  <ns0:use ns1:href="#fuc" x="2605" y="910" id=""><ns0:title><ns0:tspan>FUC 1454 in 1c4 conformation. </ns0:tspan><ns0:tspan>Mean B-factor: 103.34. </ns0:tspan><ns0:tspan>Detected type: alpha-L-aldopyranose. </ns0:tspan><ns0:tspan>No issues have been detected.</ns0:tspan></ns0:title></ns0:use>
</ns0:a>
</ns0:svg>    </svg_graphics>
    <sugar id="/A/1445(NAG)">
      <link>
        <anomericity>beta</anomericity>
        <connected_to>0</connected_to>
        <phi>-105.905</phi>
        <psi>177.404</psi>
      </link>
      <detected_type>beta-D-aldopyranose</detected_type>
      <cremer-pople_Q>0.573018</cremer-pople_Q>
      <cremer-pople_Phi>245.211</cremer-pople_Phi>
      <cremer-pople_Theta>92.2121</cremer-pople_Theta>
      <mean_bfactor>92.2121</mean_bfactor>
      <conformation>4c1</conformation>
      <anomer>beta</anomer>
      <hand>D</hand>
      <stacked_against>
      </stacked_against>
      <validation>
        <conformation>yes</conformation>
        <anomer>yes</anomer>
        <hand>yes</hand>
        <puckering>yes</puckering>
      </validation>
    <sugar id="/A/1446(NAG)">
      <link>
        <anomericity>beta</anomericity>
        <connected_to>4</connected_to>
        <phi>-88.3235</phi>
        <psi>-161.58</psi>
      </link>
      <detected_type>beta-D-aldopyranose</detected_type>
      <cremer-pople_Q>0.555178</cremer-pople_Q>
      <cremer-pople_Phi>353.144</cremer-pople_Phi>
      <cremer-pople_Theta>81.5886</cremer-pople_Theta>
      <mean_bfactor>81.5886</mean_bfactor>
      <conformation>4c1</conformation>
      <anomer>beta</anomer>
      <hand>D</hand>
      <stacked_against>
      </stacked_against>
      <validation>
        <conformation>yes</conformation>
        <anomer>yes</anomer>
        <hand>yes</hand>
        <puckering>yes</puckering>
      </validation>
    <sugar id="/A/1447(BMA)">
      <link>
        <anomericity>beta</anomericity>
        <connected_to>4</connected_to>
        <phi>-74.2549</phi>
        <psi>-162.866</psi>
      </link>
      <detected_type>beta-D-aldopyranose</detected_type>
      <cremer-pople_Q>0.532414</cremer-pople_Q>
      <cremer-pople_Phi>100.88</cremer-pople_Phi>
      <cremer-pople_Theta>70.2482</cremer-pople_Theta>
      <mean_bfactor>70.2482</mean_bfactor>
      <conformation>4c1</conformation>
      <anomer>beta</anomer>
      <hand>D</hand>
      <stacked_against>
      </stacked_against>
      <validation>
        <conformation>yes</conformation>
        <anomer>yes</anomer>
        <hand>yes</hand>
        <puckering>yes</puckering>
      </validation>
    <sugar id="/A/1448(MAN)">
      <link>
        <anomericity>alpha</anomericity>
        <connected_to>3</connected_to>
        <phi>72.5046</phi>
        <psi>111.617</psi>
      </link>
      <detected_type>alpha-D-aldopyranose</detected_type>
      <cremer-pople_Q>0.58476</cremer-pople_Q>
      <cremer-pople_Phi>113.26</cremer-pople_Phi>
      <cremer-pople_Theta>90.6664</cremer-pople_Theta>
      <mean_bfactor>90.6664</mean_bfactor>
      <conformation>4c1</conformation>
      <anomer>alpha</anomer>
      <hand>D</hand>
      <stacked_against>
      </stacked_against>
      <validation>
        <conformation>yes</conformation>
        <anomer>yes</anomer>
        <hand>yes</hand>
        <puckering>yes</puckering>
      </validation>
    <sugar id="/A/1449(NAG)">
      <link>
        <anomericity>beta</anomericity>
        <connected_to>2</connected_to>
        <phi>-85.4336</phi>
        <psi>154.767</psi>
      </link>
      <detected_type>beta-D-aldopyranose</detected_type>
      <cremer-pople_Q>0.589609</cremer-pople_Q>
      <cremer-pople_Phi>102.21</cremer-pople_Phi>
      <cremer-pople_Theta>128.774</cremer-pople_Theta>
      <mean_bfactor>128.774</mean_bfactor>
      <conformation>4c1</conformation>
      <anomer>beta</anomer>
      <hand>D</hand>
      <stacked_against>
      </stacked_against>
      <validation>
        <conformation>yes</conformation>
        <anomer>yes</anomer>
        <hand>yes</hand>
        <puckering>yes</puckering>
      </validation>
    </sugar>
    </sugar>
    <sugar id="/A/1450(MAN)">
      <link>
        <anomericity>alpha</anomericity>
        <connected_to>6</connected_to>
        <phi>99.7943</phi>
        <psi>155.495</psi>
        <omega>180</omega>
      </link>
      <detected_type>alpha-D-aldopyranose</detected_type>
      <cremer-pople_Q>0.598956</cremer-pople_Q>
      <cremer-pople_Phi>171.148</cremer-pople_Phi>
      <cremer-pople_Theta>79.8073</cremer-pople_Theta>
      <mean_bfactor>79.8073</mean_bfactor>
      <conformation>4c1</conformation>
      <anomer>alpha</anomer>
      <hand>D</hand>
      <stacked_against>
      </stacked_against>
      <validation>
        <conformation>yes</conformation>
        <anomer>yes</anomer>
        <hand>yes</hand>
        <puckering>yes</puckering>
      </validation>
    <sugar id="/A/1451(NAG)">
      <link>
        <anomericity>beta</anomericity>
        <connected_to>2</connected_to>
        <phi>-85.86</phi>
        <psi>148.875</psi>
      </link>
      <detected_type>beta-D-aldopyranose</detected_type>
      <cremer-pople_Q>0.541495</cremer-pople_Q>
      <cremer-pople_Phi>21.8738</cremer-pople_Phi>
      <cremer-pople_Theta>70.6643</cremer-pople_Theta>
      <mean_bfactor>70.6643</mean_bfactor>
      <conformation>4c1</conformation>
      <anomer>beta</anomer>
      <hand>D</hand>
      <stacked_against>
      </stacked_against>
      <validation>
        <conformation>yes</conformation>
        <anomer>yes</anomer>
        <hand>yes</hand>
        <puckering>yes</puckering>
      </validation>
    <sugar id="/A/1452(GAL)">
      <link>
        <anomericity>beta</anomericity>
        <connected_to>4</connected_to>
        <phi>-48.8881</phi>
        <psi>-118.14</psi>
      </link>
      <detected_type>beta-D-aldopyranose</detected_type>
      <cremer-pople_Q>0.553059</cremer-pople_Q>
      <cremer-pople_Phi>4.07985</cremer-pople_Phi>
      <cremer-pople_Theta>66.6482</cremer-pople_Theta>
      <mean_bfactor>66.6482</mean_bfactor>
      <conformation>4c1</conformation>
      <anomer>beta</anomer>
      <hand>D</hand>
      <stacked_against>
      </stacked_against>
      <validation>
        <conformation>yes</conformation>
        <anomer>yes</anomer>
        <hand>yes</hand>
        <puckering>yes</puckering>
      </validation>
    <sugar id="/A/1453(SIA)">
      <link>
        <anomericity>alpha</anomericity>
        <connected_to>6</connected_to>
        <phi>68.9767</phi>
        <psi>-161.887</psi>
        <omega>180</omega>
      </link>
      <detected_type>alpha-L-ketopyranose</detected_type>
      <cremer-pople_Q>0.484994</cremer-pople_Q>
      <cremer-pople_Phi>238.725</cremer-pople_Phi>
      <cremer-pople_Theta>131.5</cremer-pople_Theta>
      <mean_bfactor>131.5</mean_bfactor>
      <conformation>1ev</conformation>
      <anomer>alpha</anomer>
      <hand>L</hand>
      <stacked_against>
      </stacked_against>
      <validation>
        <conformation>no</conformation>
        <anomer>yes</anomer>
        <hand>yes</hand>
        <puckering>yes</puckering>
      </validation>
    </sugar>
    </sugar>
    </sugar>
    </sugar>
    </sugar>
    </sugar>
    <sugar id="/A/1454(FUC)">
      <link>
        <anomericity>alpha</anomericity>
        <connected_to>6</connected_to>
        <phi>-91.9277</phi>
        <psi>179.826</psi>
        <omega>0</omega>
      </link>
      <detected_type>alpha-L-aldopyranose</detected_type>
      <cremer-pople_Q>0.554526</cremer-pople_Q>
      <cremer-pople_Phi>132.682</cremer-pople_Phi>
      <cremer-pople_Theta>103.342</cremer-pople_Theta>
      <mean_bfactor>103.342</mean_bfactor>
      <conformation>1c4</conformation>
      <anomer>alpha</anomer>
      <hand>L</hand>
      <stacked_against>
      </stacked_against>
      <validation>
        <conformation>yes</conformation>
        <anomer>yes</anomer>
        <hand>yes</hand>
        <puckering>yes</puckering>
      </validation>
    </sugar>
    </sugar>
  </glycan>
  <glycan type="n-glycan" root="/B/297(ASN)" chain="B">
    <svg_graphics>
<ns0:svg version="1.1" width="402" height="234" viewBox="2355 900 575 335 " preserveAspectRatio="xMinYMinXMaxYMax meet">

  <ns0:style>
    .my_blue   { fill:#0090bc; }
    .my_red    { fill:#ed1c24; }
    .my_yellow { fill:#ffd400; }
  </ns0:style>
  <ns0:defs>
      <ns0:filter id="displace">
        <ns0:feTurbulence baseFrequency=".05" numOctaves="3" result="myturbulence" />
        <ns0:feDisplacementMap in="SourceGraphic" in2="myturbulence" scale="10" />
      </ns0:filter>

      <ns0:pattern id="half_yellow" x="0" y="0" width="50" height="50" patternUnits="userSpaceOnUse">
        <ns0:rect width="50" height="50" x="0" y="0" style="stroke:none; fill:#ffd400;" />
        <ns0:polygon points="0 0, 0 50, 50 50" rx="0" ry="0" style="stroke:#000000; stroke-width:1.5; fill:#ffffff;" />
      </ns0:pattern>
      <ns0:pattern id="half_blue" x="0" y="0" width="50" height="50" patternUnits="userSpaceOnUse">
        <ns0:rect width="50" height="50" x="0" y="0" style="stroke:none; fill:#0090bc;" />
        <ns0:polygon points="0 0, 0 50, 50 50" rx="0" ry="0" style="stroke:#000000; stroke-width:1.5; fill:#ffffff;" />
      </ns0:pattern>
      <ns0:pattern id="half_green" x="0" y="0" width="50" height="50" patternUnits="userSpaceOnUse">
        <ns0:rect width="50" height="50" x="0" y="0" style="stroke:none; fill:#00a651;" />
        <ns0:polygon points="0 0, 0 50, 50 50" rx="0" ry="0" style="stroke:#000000; stroke-width:1.5; fill:#ffffff;" />
      </ns0:pattern>
      <ns0:pattern id="yellow_left" x="0" y="0" width="50" height="50" patternUnits="userSpaceOnUse">
        <ns0:polygon points="25 0, 50 25, 25 50, 0 25" style="stroke:none; fill:#ffd400;" />
        <ns0:polygon points="25 0, 25 50, 0 25" rx="0" ry="0" style="stroke:#000000; stroke-width:1.5; fill:#ffffff;" />
      </ns0:pattern>
      <ns0:pattern id="blue_up" x="0" y="0" width="50" height="50" patternUnits="userSpaceOnUse">
        <ns0:polygon points="25 0, 50 25, 25 50, 0 25" style="stroke:none; fill:#0090bc;" />
        <ns0:polygon points="0 25, 50 25, 25 50" rx="0" ry="0" style="stroke:#000000; stroke-width:1.5; fill:#ffffff;" />
      </ns0:pattern>
      <ns0:pattern id="green_right" x="0" y="0" width="50" height="50" patternUnits="userSpaceOnUse">
        <ns0:polygon points="25 0, 50 25, 25 50, 0 25" style="stroke:none; fill:#00a651;" />
        <ns0:polygon points="0 25, 25 50, 25 0" rx="0" ry="0" style="stroke:#000000; stroke-width:1.5; fill:#ffffff;" />
      </ns0:pattern>
      <ns0:pattern id="tan_down" x="0" y="0" width="50" height="50" patternUnits="userSpaceOnUse">
        <ns0:polygon points="25 0, 50 25, 25 50, 0 25" style="stroke:none; fill:#966432;" />
        <ns0:polygon points="0 25, 50 25, 25 0" rx="0" ry="0" style="stroke:#000000; stroke-width:1.5; fill:#ffffff;" />
      </ns0:pattern>
<ns0:circle r="25" cx="25" cy="25" id="glc" style=" stroke:#000000; fill:#0090bc;stroke-width:2.8;" />
<ns0:circle r="25" cx="25" cy="25" id="gal" style=" stroke:#000000; fill:#ffd400;stroke-width:2.8;" />
<ns0:circle r="25" cx="25" cy="25" id="man" style=" stroke:#000000; fill:#00a651;stroke-width:2.8;" />
<ns0:polygon points="0 50, 25 0, 50 50" rx="0" ry="0" id="fuc" style=" stroke:#000000; fill:#ed1c24;stroke-width:2.8;" />
<ns0:polygon points="39.5,50 24.5,37.5 9.5,50 14.5,32.5 0,20 19.5,20 24.5,0 29.5,20 50,20 34.5,32.5" rx="0" ry="0" id="xyl" style=" stroke:#000000; fill:#ff7f00;stroke-width:2.8;" />
<ns0:rect width="50" height="50" id="glcnac" style=" stroke:#000000; fill:#0090bc;stroke-width:2.8;" />
<ns0:rect width="50" height="50" id="galnac" style=" stroke:#000000; fill:#ffd400;stroke-width:2.8;" />
<ns0:rect width="50" height="50" id="mannac" style=" stroke:#000000; fill:#00a651;stroke-width:2.8;" />
<ns0:rect width="50" height="50" id="glcn" style=" stroke:#000000; fill: url(#half_blue);stroke-width:2.8;" />
<ns0:rect width="50" height="50" id="galn" style=" stroke:#000000; fill: url(#half_yellow);stroke-width:2.8;" />
<ns0:rect width="50" height="50" id="mann" style=" stroke:#000000; fill: url(#half_green);stroke-width:2.8;" />
<ns0:polygon points="25 0, 50 25, 25 50, 0 25" rx="0" ry="0" id="neu5ac" style=" stroke:#000000; fill:#a54399;stroke-width:2.8;" />
<ns0:polygon points="25 0, 50 25, 25 50, 0 25" rx="0" ry="0" id="neu5gc" style=" stroke:#000000; fill:#8fcce9;stroke-width:2.8;" />
<ns0:polygon points="25 0, 50 25, 25 50, 0 25" rx="0" ry="0" id="kdn" style=" stroke:#000000; fill:#00a651;stroke-width:2.8;" />
<ns0:polygon points="25 0, 50 25, 25 50, 0 25" rx="0" ry="0" id="glca" style=" stroke:#000000; fill: url(#blue_up);stroke-width:2.8;" />
<ns0:polygon points="25 0, 50 25, 25 50, 0 25" rx="0" ry="0" id="idoa" style=" stroke:#000000; fill: url(#tan_down);stroke-width:2.8;" />
<ns0:polygon points="25 0, 50 25, 25 50, 0 25" rx="0" ry="0" id="gala" style=" stroke:#000000; fill: url(#yellow_left);stroke-width:2.8;" />
<ns0:polygon points="25 0, 50 25, 25 50, 0 25" rx="0" ry="0" id="mana" style=" stroke:#000000; fill: url(#green_right);stroke-width:2.8;" />
<ns0:line x1="0" y1="0" x2="110" y2="0" style="stroke:#000000; stroke-width:2; stroke-linecap:round; stroke-dasharray:9,6;" id="alpha" />
<ns0:line x1="0" y1="0" x2="110" y2="0" style="stroke:#000000; stroke-width:2; stroke-linecap:round;" id="beta" />
<ns0:polygon points="25 0, 50 11, 50 38, 25 50, 0 38, 0 11" rx="0" ry="0" id="unk" style=" stroke:#000000; fill:#ffffff;stroke-width:4.0; " />
  </ns0:defs>

<ns0:a id="anchor" ns1:href="mmdb:///B/1445" target="_top">  <ns0:use ns1:href="#alpha" x="2710" y="1015" id="" transform="rotate(-135 2710 1015)"><ns0:title>[ alpha 1-6 ] with phi: -56.445; psi: 131.351; omega: 0;</ns0:title></ns0:use>
</ns0:a>
<ns0:a id="anchor" ns1:href="mmdb:///B/1452" target="_top">  <ns0:use ns1:href="#beta" x="2480" y="1015" id="" transform="rotate(180 2480 1015)"><ns0:title>[ beta 1-4 ] with phi: -55.1964; psi: -108.508;</ns0:title></ns0:use>
</ns0:a>
<ns0:a id="anchor" ns1:href="mmdb:///B/1451" target="_top">  <ns0:use ns1:href="#beta" x="2470" y="925" id="" transform="rotate(90 2470 925)"><ns0:title>[ beta 1-2 ] with phi: -83.4389; psi: 150.772;</ns0:title></ns0:use>
</ns0:a>
<ns0:a id="anchor" ns1:href="mmdb:///B/1447" target="_top">  <ns0:use ns1:href="#alpha" x="2550" y="1015" id="" transform="rotate(-135 2550 1015)"><ns0:title>[ alpha 1-6 ] with phi: 65.8673; psi: 170.14; omega: 0;</ns0:title></ns0:use>
</ns0:a>
<ns0:a id="anchor" ns1:href="mmdb:///B/1449" target="_top">  <ns0:use ns1:href="#beta" x="2480" y="1175" id="" transform="rotate(180 2480 1175)"><ns0:title>[ beta 1-4 ] with phi: -92.6773; psi: -120.519;</ns0:title></ns0:use>
</ns0:a>
<ns0:a id="anchor" ns1:href="mmdb:///B/1448" target="_top">  <ns0:use ns1:href="#beta" x="2470" y="1085" id="" transform="rotate(90 2470 1085)"><ns0:title>[ beta 1-2 ] with phi: -89.5687; psi: 163.871;</ns0:title></ns0:use>
</ns0:a>
<ns0:a id="anchor" ns1:href="mmdb:///B/1447" target="_top">  <ns0:use ns1:href="#alpha" x="2550" y="1015" id="" transform="rotate(-225 2550 1015)"><ns0:title>[ alpha 1-3 ] with phi: 70.7648; psi: 128.654;</ns0:title></ns0:use>
</ns0:a>
<ns0:a id="anchor" ns1:href="mmdb:///B/1446" target="_top">  <ns0:use ns1:href="#beta" x="2640" y="1015" id="" transform="rotate(180 2640 1015)"><ns0:title>[ beta 1-4 ] with phi: -95.0667; psi: -155.683;</ns0:title></ns0:use>
</ns0:a>
<ns0:a id="anchor" ns1:href="mmdb:///B/1445" target="_top">  <ns0:use ns1:href="#beta" x="2720" y="1015" id="" transform="rotate(180 2720 1015)"><ns0:title>[ beta 1-4 ] with phi: -89.216; psi: -156.308;</ns0:title></ns0:use>
</ns0:a>
<ns0:a id="anchor" ns1:href="mmdb:///B/297" target="_top">  <ns0:use ns1:href="#beta" x="2800" y="1015" id="" transform="rotate(180 2800 1015)"><ns0:title>beta link. Phi: -99.7065; Psi: 178.98;</ns0:title></ns0:use>
</ns0:a>
<ns0:a id="anchor" ns1:href="mmdb:///B/297" target="_top">  <ns0:g id="glycan_root" transform="translate(2768 990)">
    <ns0:rect width="160" height="50" rx="10" ry="10" style="stroke:#000000; fill:#ffffff; stroke-width:2.0;" />
    <ns0:line x1="30" y1="0" x2="30" y2="50" style="stroke:#000000; fill:#ffffff; stroke-width:2.0;" />
    <ns0:text x="7" y="32" class="my_blue" font-weight="bold" font-family="Helvetica" font-size="24">N</ns0:text>
    <ns0:text x="92" y="32" fill="black" text-anchor="middle" font-weight="bold" font-family="Helvetica" font-size="24">ASN<ns0:tspan baseline-shift="sub" font-weight="normal" font-size="20">B/297</ns0:tspan></ns0:text>
</ns0:g>
</ns0:a>
<ns0:a id="anchor" ns1:href="mmdb:///B/1445" target="_top">  <ns0:use ns1:href="#glcnac" x="2685" y="990" id=""><ns0:title><ns0:tspan>NAG 1445 in 4c1 conformation. </ns0:tspan><ns0:tspan>Mean B-factor: 37.92. </ns0:tspan><ns0:tspan>Detected type: beta-D-aldopyranose. </ns0:tspan><ns0:tspan>No issues have been detected.</ns0:tspan></ns0:title></ns0:use>
</ns0:a>
<ns0:a id="anchor" ns1:href="mmdb:///B/1446" target="_top">  <ns0:use ns1:href="#glcnac" x="2605" y="990" id=""><ns0:title><ns0:tspan>NAG 1446 in 4c1 conformation. </ns0:tspan><ns0:tspan>Mean B-factor: 36.47. </ns0:tspan><ns0:tspan>Detected type: beta-D-aldopyranose. </ns0:tspan><ns0:tspan>No issues have been detected.</ns0:tspan></ns0:title></ns0:use>
</ns0:a>
<ns0:a id="anchor" ns1:href="mmdb:///B/1447" target="_top">  <ns0:use ns1:href="#man" x="2525" y="990" id=""><ns0:title><ns0:tspan>BMA 1447 in 4c1 conformation. </ns0:tspan><ns0:tspan>Mean B-factor: 46.53. </ns0:tspan><ns0:tspan>Detected type: beta-D-aldopyranose. </ns0:tspan><ns0:tspan>No issues have been detected.</ns0:tspan></ns0:title></ns0:use>
</ns0:a>
<ns0:a id="anchor" ns1:href="mmdb:///B/1448" target="_top">  <ns0:use ns1:href="#man" x="2445" y="1070" id=""><ns0:title><ns0:tspan>MAN 1448 in 4c1 conformation. </ns0:tspan><ns0:tspan>Mean B-factor: 74.68. </ns0:tspan><ns0:tspan>Detected type: alpha-D-aldopyranose. </ns0:tspan><ns0:tspan>No issues have been detected.</ns0:tspan></ns0:title></ns0:use>
</ns0:a>
<ns0:a id="anchor" ns1:href="mmdb:///B/1449" target="_top">  <ns0:use ns1:href="#glcnac" x="2445" y="1150" id=""><ns0:title><ns0:tspan>NAG 1449 in 4c1 conformation. </ns0:tspan><ns0:tspan>Mean B-factor: 107.05. </ns0:tspan><ns0:tspan>Detected type: beta-D-aldopyranose. </ns0:tspan><ns0:tspan>No issues have been detected.</ns0:tspan></ns0:title></ns0:use>
</ns0:a>
<ns0:a id="anchor" ns1:href="mmdb:///B/1450" target="_top">  <ns0:use ns1:href="#gal" x="2365" y="1150" id=""><ns0:title><ns0:tspan>GAL 1450 in 4c1 conformation. </ns0:tspan><ns0:tspan>Mean B-factor: 123.19. </ns0:tspan><ns0:tspan>Detected type: beta-D-aldopyranose. </ns0:tspan><ns0:tspan>No issues have been detected.</ns0:tspan></ns0:title></ns0:use>
</ns0:a>
<ns0:a id="anchor" ns1:href="mmdb:///B/1451" target="_top">  <ns0:use ns1:href="#man" x="2445" y="910" id=""><ns0:title><ns0:tspan>MAN 1451 in 4c1 conformation. </ns0:tspan><ns0:tspan>Mean B-factor: 50.31. </ns0:tspan><ns0:tspan>Detected type: alpha-D-aldopyranose. </ns0:tspan><ns0:tspan>No issues have been detected.</ns0:tspan></ns0:title></ns0:use>
</ns0:a>
<ns0:a id="anchor" ns1:href="mmdb:///B/1452" target="_top">  <ns0:use ns1:href="#glcnac" x="2445" y="990" id=""><ns0:title><ns0:tspan>NAG 1452 in 4c1 conformation. </ns0:tspan><ns0:tspan>Mean B-factor: 49.06. </ns0:tspan><ns0:tspan>Detected type: beta-D-aldopyranose. </ns0:tspan><ns0:tspan>No issues have been detected.</ns0:tspan></ns0:title></ns0:use>
</ns0:a>
<ns0:a id="anchor" ns1:href="mmdb:///B/1453" target="_top">  <ns0:use ns1:href="#gal" x="2365" y="990" id=""><ns0:title><ns0:tspan>GAL 1453 in 4c1 conformation. </ns0:tspan><ns0:tspan>Mean B-factor: 50.74. </ns0:tspan><ns0:tspan>Detected type: beta-D-aldopyranose. </ns0:tspan><ns0:tspan>No issues have been detected.</ns0:tspan></ns0:title></ns0:use>
</ns0:a>
<ns0:a id="anchor" ns1:href="mmdb:///B/1454" target="_top">  <ns0:use ns1:href="#fuc" x="2605" y="910" id=""><ns0:title><ns0:tspan>FUC 1454 in 1c4 conformation. </ns0:tspan><ns0:tspan>Mean B-factor: 46.53. </ns0:tspan><ns0:tspan>Detected type: alpha-L-aldopyranose. </ns0:tspan><ns0:tspan>No issues have been detected.</ns0:tspan></ns0:title></ns0:use>
</ns0:a>
</ns0:svg>    </svg_graphics>
    <sugar id="/B/1445(NAG)">
      <link>
        <anomericity>beta</anomericity>
        <connected_to>0</connected_to>
        <phi>-99.7065</phi>
        <psi>178.98</psi>
      </link>
      <detected_type>beta-D-aldopyranose</detected_type>
      <cremer-pople_Q>0.567455</cremer-pople_Q>
      <cremer-pople_Phi>268.991</cremer-pople_Phi>
      <cremer-pople_Theta>37.9171</cremer-pople_Theta>
      <mean_bfactor>37.9171</mean_bfactor>
      <conformation>4c1</conformation>
      <anomer>beta</anomer>
      <hand>D</hand>
      <stacked_against>
      </stacked_against>
      <validation>
        <conformation>yes</conformation>
        <anomer>yes</anomer>
        <hand>yes</hand>
        <puckering>yes</puckering>
      </validation>
    <sugar id="/B/1446(NAG)">
      <link>
        <anomericity>beta</anomericity>
        <connected_to>4</connected_to>
        <phi>-89.216</phi>
        <psi>-156.308</psi>
      </link>
      <detected_type>beta-D-aldopyranose</detected_type>
      <cremer-pople_Q>0.581954</cremer-pople_Q>
      <cremer-pople_Phi>347.347</cremer-pople_Phi>
      <cremer-pople_Theta>36.4693</cremer-pople_Theta>
      <mean_bfactor>36.4693</mean_bfactor>
      <conformation>4c1</conformation>
      <anomer>beta</anomer>
      <hand>D</hand>
      <stacked_against>
      </stacked_against>
      <validation>
        <conformation>yes</conformation>
        <anomer>yes</anomer>
        <hand>yes</hand>
        <puckering>yes</puckering>
      </validation>
    <sugar id="/B/1447(BMA)">
      <link>
        <anomericity>beta</anomericity>
        <connected_to>4</connected_to>
        <phi>-95.0667</phi>
        <psi>-155.683</psi>
      </link>
      <detected_type>beta-D-aldopyranose</detected_type>
      <cremer-pople_Q>0.557518</cremer-pople_Q>
      <cremer-pople_Phi>298.248</cremer-pople_Phi>
      <cremer-pople_Theta>46.5345</cremer-pople_Theta>
      <mean_bfactor>46.5345</mean_bfactor>
      <conformation>4c1</conformation>
      <anomer>beta</anomer>
      <hand>D</hand>
      <stacked_against>
      </stacked_against>
      <validation>
        <conformation>yes</conformation>
        <anomer>yes</anomer>
        <hand>yes</hand>
        <puckering>yes</puckering>
      </validation>
    <sugar id="/B/1448(MAN)">
      <link>
        <anomericity>alpha</anomericity>
        <connected_to>3</connected_to>
        <phi>70.7648</phi>
        <psi>128.654</psi>
      </link>
      <detected_type>alpha-D-aldopyranose</detected_type>
      <cremer-pople_Q>0.578686</cremer-pople_Q>
      <cremer-pople_Phi>157.26</cremer-pople_Phi>
      <cremer-pople_Theta>74.6773</cremer-pople_Theta>
      <mean_bfactor>74.6773</mean_bfactor>
      <conformation>4c1</conformation>
      <anomer>alpha</anomer>
      <hand>D</hand>
      <stacked_against>
      </stacked_against>
      <validation>
        <conformation>yes</conformation>
        <anomer>yes</anomer>
        <hand>yes</hand>
        <puckering>yes</puckering>
      </validation>
    <sugar id="/B/1449(NAG)">
      <link>
        <anomericity>beta</anomericity>
        <connected_to>2</connected_to>
        <phi>-89.5687</phi>
        <psi>163.871</psi>
      </link>
      <detected_type>beta-D-aldopyranose</detected_type>
      <cremer-pople_Q>0.529983</cremer-pople_Q>
      <cremer-pople_Phi>351.122</cremer-pople_Phi>
      <cremer-pople_Theta>107.053</cremer-pople_Theta>
      <mean_bfactor>107.053</mean_bfactor>
      <conformation>4c1</conformation>
      <anomer>beta</anomer>
      <hand>D</hand>
      <stacked_against>
      </stacked_against>
      <validation>
        <conformation>yes</conformation>
        <anomer>yes</anomer>
        <hand>yes</hand>
        <puckering>yes</puckering>
      </validation>
    <sugar id="/B/1450(GAL)">
      <link>
        <anomericity>beta</anomericity>
        <connected_to>4</connected_to>
        <phi>-92.6773</phi>
        <psi>-120.519</psi>
      </link>
      <detected_type>beta-D-aldopyranose</detected_type>
      <cremer-pople_Q>0.588594</cremer-pople_Q>
      <cremer-pople_Phi>178.858</cremer-pople_Phi>
      <cremer-pople_Theta>123.194</cremer-pople_Theta>
      <mean_bfactor>123.194</mean_bfactor>
      <conformation>4c1</conformation>
      <anomer>beta</anomer>
      <hand>D</hand>
      <stacked_against>
      </stacked_against>
      <validation>
        <conformation>yes</conformation>
        <anomer>yes</anomer>
        <hand>yes</hand>
        <puckering>yes</puckering>
      </validation>
    </sugar>
    </sugar>
    </sugar>
    <sugar id="/B/1451(MAN)">
      <link>
        <anomericity>alpha</anomericity>
        <connected_to>6</connected_to>
        <phi>65.8673</phi>
        <psi>170.14</psi>
        <omega>0</omega>
      </link>
      <detected_type>alpha-D-aldopyranose</detected_type>
      <cremer-pople_Q>0.543886</cremer-pople_Q>
      <cremer-pople_Phi>299.08</cremer-pople_Phi>
      <cremer-pople_Theta>50.3109</cremer-pople_Theta>
      <mean_bfactor>50.3109</mean_bfactor>
      <conformation>4c1</conformation>
      <anomer>alpha</anomer>
      <hand>D</hand>
      <stacked_against>
      </stacked_against>
      <validation>
        <conformation>yes</conformation>
        <anomer>yes</anomer>
        <hand>yes</hand>
        <puckering>yes</puckering>
      </validation>
    <sugar id="/B/1452(NAG)">
      <link>
        <anomericity>beta</anomericity>
        <connected_to>2</connected_to>
        <phi>-83.4389</phi>
        <psi>150.772</psi>
      </link>
      <detected_type>beta-D-aldopyranose</detected_type>
      <cremer-pople_Q>0.530424</cremer-pople_Q>
      <cremer-pople_Phi>44.9702</cremer-pople_Phi>
      <cremer-pople_Theta>49.0607</cremer-pople_Theta>
      <mean_bfactor>49.0607</mean_bfactor>
      <conformation>4c1</conformation>
      <anomer>beta</anomer>
      <hand>D</hand>
      <stacked_against>
      </stacked_against>
      <validation>
        <conformation>yes</conformation>
        <anomer>yes</anomer>
        <hand>yes</hand>
        <puckering>yes</puckering>
      </validation>
    <sugar id="/B/1453(GAL)">
      <link>
        <anomericity>beta</anomericity>
        <connected_to>4</connected_to>
        <phi>-55.1964</phi>
        <psi>-108.508</psi>
      </link>
      <detected_type>beta-D-aldopyranose</detected_type>
      <cremer-pople_Q>0.513534</cremer-pople_Q>
      <cremer-pople_Phi>2.32357</cremer-pople_Phi>
      <cremer-pople_Theta>50.7445</cremer-pople_Theta>
      <mean_bfactor>50.7445</mean_bfactor>
      <conformation>4c1</conformation>
      <anomer>beta</anomer>
      <hand>D</hand>
      <stacked_against>
      </stacked_against>
      <validation>
        <conformation>yes</conformation>
        <anomer>yes</anomer>
        <hand>yes</hand>
        <puckering>yes</puckering>
      </validation>
    </sugar>
    </sugar>
    </sugar>
    </sugar>
    </sugar>
    <sugar id="/B/1454(FUC)">
      <link>
        <anomericity>alpha</anomericity>
        <connected_to>6</connected_to>
        <phi>-56.445</phi>
        <psi>131.351</psi>
        <omega>0</omega>
      </link>
      <detected_type>alpha-L-aldopyranose</detected_type>
      <cremer-pople_Q>0.67387</cremer-pople_Q>
      <cremer-pople_Phi>231.145</cremer-pople_Phi>
      <cremer-pople_Theta>46.526</cremer-pople_Theta>
      <mean_bfactor>46.526</mean_bfactor>
      <conformation>1c4</conformation>
      <anomer>alpha</anomer>
      <hand>L</hand>
      <stacked_against>
      </stacked_against>
      <validation>
        <conformation>yes</conformation>
        <anomer>yes</anomer>
        <hand>yes</hand>
        <puckering>yes</puckering>
      </validation>
    </sugar>
    </sugar>
  </glycan>
</privateer>